{"type":"operationStart","subtype":"profile","data":{"_id":"OWqEnteRdWoKuhRg","timestamp":"2024-01-18T13:26:49.204Z","state":"queued","mode":"standard","creationDate":"2024-01-18T13:26:49.207Z","modificationDate":"2024-01-18T13:26:49.207Z","shortid":"ucGUsQI","inheritedReadPermissions":[],"inheritedEditPermissions":[],"$entitySet":"profiles"},"doDiffs":false,"timestamp":1705584409206,"id":"7qala0gvauqed9p","previousOperationId":null,"operationId":"86frklo77q0yjup"}
{"type":"log","level":"info","message":"Render request 3 queued for execution and waiting for available worker","previousOperationId":"86frklo77q0yjup","timestamp":1705584409206,"id":"pup09kuq6gqhvsy"}
{"type":"operationStart","subtype":"render","name":"sales-main","previousOperationId":"86frklo77q0yjup","timestamp":1705584409232,"id":"uj32m4jnhkg3ee8","previousEventId":"7qala0gvauqed9p","operationId":"i8cwtzbfe7l5e2d"}
{"type":"log","timestamp":1705584409233,"level":"info","message":"Starting rendering request 3 (user: admin)","meta":{"rootId":"5126k03u5ae0b0o","id":"5126k03u5ae0b0o"},"id":"nurtq2uznst6gpo","previousOperationId":"i8cwtzbfe7l5e2d"}
{"type":"log","timestamp":1705584409234,"level":"info","message":"Rendering template { name: sales-main, recipe: html-to-xlsx, engine: handlebars, preview: true }","meta":{"rootId":"5126k03u5ae0b0o","id":"5126k03u5ae0b0o"},"id":"sy70kn505txp7al","previousOperationId":"i8cwtzbfe7l5e2d"}
{"type":"log","timestamp":1705584409237,"level":"debug","message":"Inline data specified.","meta":{"rootId":"5126k03u5ae0b0o","id":"5126k03u5ae0b0o"},"id":"16kbsc30d0u363o","previousOperationId":"i8cwtzbfe7l5e2d"}
{"type":"log","timestamp":1705584409239,"level":"debug","message":"Base url not specified, skipping its injection.","meta":{"rootId":"5126k03u5ae0b0o","id":"5126k03u5ae0b0o"},"id":"v8g751hh2zz6k5g","previousOperationId":"i8cwtzbfe7l5e2d"}
{"type":"operationStart","subtype":"engine","name":"handlebars","timestamp":1705584409242,"id":"jx9kcxrmh1rvep0","previousEventId":"uj32m4jnhkg3ee8","operationId":"qn2oqchvlhxlyfo","previousOperationId":"i8cwtzbfe7l5e2d"}
{"type":"log","timestamp":1705584409242,"level":"debug","message":"Rendering engine handlebars","meta":{"rootId":"5126k03u5ae0b0o","id":"5126k03u5ae0b0o"},"id":"pju5gw87fg376lg","previousOperationId":"qn2oqchvlhxlyfo"}
{"type":"operationEnd","operationId":"qn2oqchvlhxlyfo","timestamp":1705584409324,"id":"zy9phhqcyuy42ta","previousEventId":"jx9kcxrmh1rvep0","previousOperationId":"qn2oqchvlhxlyfo"}
{"type":"operationStart","subtype":"recipe","name":"html-to-xlsx","timestamp":1705584409324,"id":"lbwvfykf7lfhesg","previousEventId":"zy9phhqcyuy42ta","operationId":"52rnibya43dnsmf","previousOperationId":"qn2oqchvlhxlyfo"}
{"type":"log","timestamp":1705584409324,"level":"debug","message":"Executing recipe html-to-xlsx","meta":{"rootId":"5126k03u5ae0b0o","id":"5126k03u5ae0b0o"},"id":"aiv7lfsrkydp7ta","previousOperationId":"52rnibya43dnsmf"}
{"type":"log","timestamp":1705584409988,"level":"info","message":"html-to-xlsx generation is starting","meta":{"rootId":"5126k03u5ae0b0o","id":"5126k03u5ae0b0o"},"id":"aqclrt2hws674ag","previousOperationId":"52rnibya43dnsmf"}
{"type":"log","timestamp":1705584410632,"level":"info","message":"html-to-xlsx generation was finished","meta":{"rootId":"5126k03u5ae0b0o","id":"5126k03u5ae0b0o"},"id":"rwo5e5lpf4xs4zu","previousOperationId":"52rnibya43dnsmf"}
{"type":"log","timestamp":1705584410678,"level":"debug","message":"preparing office preview","meta":{"rootId":"5126k03u5ae0b0o","id":"5126k03u5ae0b0o"},"id":"axxoukyzfvo6mc2","previousOperationId":"52rnibya43dnsmf"}
{"type":"operationEnd","operationId":"52rnibya43dnsmf","timestamp":1705584410855,"id":"4zvcv6w5adfg024","previousEventId":"lbwvfykf7lfhesg","previousOperationId":"52rnibya43dnsmf"}
{"type":"log","timestamp":1705584410855,"level":"debug","message":"Skipping storing report.","meta":{"rootId":"5126k03u5ae0b0o","id":"5126k03u5ae0b0o"},"id":"0vp42gvbf6chynp","previousOperationId":"52rnibya43dnsmf"}
{"type":"log","timestamp":1705584410855,"level":"info","message":"Rendering request 3 finished in 1652 ms","meta":{"rootId":"5126k03u5ae0b0o","id":"5126k03u5ae0b0o"},"id":"7q84thsvvr8duxi","previousOperationId":"52rnibya43dnsmf"}
{"type":"operationEnd","subtype":"render","operationId":"i8cwtzbfe7l5e2d","timestamp":1705584410855,"id":"0omjiezekoji8mv","previousEventId":"4zvcv6w5adfg024","previousOperationId":"52rnibya43dnsmf"}
{"type":"operationEnd","doDiffs":false,"previousEventId":"7qala0gvauqed9p","previousOperationId":"86frklo77q0yjup","operationId":"86frklo77q0yjup","timestamp":1705584410858,"id":"rt4o9q3300wdilb"}
