{"type":"operationStart","subtype":"profile","data":{"_id":"MUFvs2aP71AYMI6Q","timestamp":"2024-01-22T09:24:04.669Z","state":"queued","mode":"standard","creationDate":"2024-01-22T09:24:04.675Z","modificationDate":"2024-01-22T09:24:04.675Z","shortid":"rZ7HGNA","$entitySet":"profiles"},"doDiffs":false,"timestamp":1705915444671,"id":"g2ryryjw4hqy0hr","previousOperationId":null,"operationId":"0ztjaawhvvs5l5b"}
{"type":"log","level":"info","message":"Render request 1 queued for execution and waiting for available worker","previousOperationId":"0ztjaawhvvs5l5b","timestamp":1705915444672,"id":"oz158z1ozgf4uil"}
{"type":"operationStart","subtype":"render","name":"sales-main","previousOperationId":"0ztjaawhvvs5l5b","timestamp":1705915444725,"id":"axnu4lfqvrx54vl","previousEventId":"g2ryryjw4hqy0hr","operationId":"cr91zb4tpmb06sv"}
{"type":"log","timestamp":1705915444725,"level":"info","message":"Starting rendering request 1","meta":{"rootId":"fq8h2so338e4dcx","id":"fq8h2so338e4dcx"},"id":"g2bnhez4jcnxn6b","previousOperationId":"cr91zb4tpmb06sv"}
{"type":"log","timestamp":1705915444727,"level":"info","message":"Rendering template { name: sales-main, recipe: html-to-xlsx, engine: handlebars, preview: true }","meta":{"rootId":"fq8h2so338e4dcx","id":"fq8h2so338e4dcx"},"id":"iop5qgt9c42z6oz","previousOperationId":"cr91zb4tpmb06sv"}
{"type":"log","timestamp":1705915444736,"level":"debug","message":"Adding sample data B1lSTrt6NB","meta":{"rootId":"fq8h2so338e4dcx","id":"fq8h2so338e4dcx"},"id":"gwd7cy8nv6hi17f","previousOperationId":"cr91zb4tpmb06sv"}
{"type":"log","timestamp":1705915444740,"level":"debug","message":"Base url not specified, skipping its injection.","meta":{"rootId":"fq8h2so338e4dcx","id":"fq8h2so338e4dcx"},"id":"pu707rjjolhjjzk","previousOperationId":"cr91zb4tpmb06sv"}
{"type":"operationStart","subtype":"engine","name":"handlebars","timestamp":1705915444741,"id":"ng1rj8sba3n9vgr","previousEventId":"axnu4lfqvrx54vl","operationId":"xzl5e2gbicefxvq","previousOperationId":"cr91zb4tpmb06sv"}
{"type":"log","timestamp":1705915444741,"level":"debug","message":"Rendering engine handlebars","meta":{"rootId":"fq8h2so338e4dcx","id":"fq8h2so338e4dcx"},"id":"6th02xy1mkbu9tb","previousOperationId":"xzl5e2gbicefxvq"}
{"type":"operationEnd","operationId":"xzl5e2gbicefxvq","timestamp":1705915445507,"id":"94yli7gnpm0rnwn","previousEventId":"ng1rj8sba3n9vgr","previousOperationId":"xzl5e2gbicefxvq"}
{"type":"operationStart","subtype":"recipe","name":"html-to-xlsx","timestamp":1705915445507,"id":"txh3fy93u4xxv6y","previousEventId":"94yli7gnpm0rnwn","operationId":"733zj91xqx95l01","previousOperationId":"xzl5e2gbicefxvq"}
{"type":"log","timestamp":1705915445507,"level":"debug","message":"Executing recipe html-to-xlsx","meta":{"rootId":"fq8h2so338e4dcx","id":"fq8h2so338e4dcx"},"id":"wb985vz23ju4qxp","previousOperationId":"733zj91xqx95l01"}
{"type":"log","timestamp":1705915446585,"level":"info","message":"html-to-xlsx generation is starting","meta":{"rootId":"fq8h2so338e4dcx","id":"fq8h2so338e4dcx"},"id":"ii8il3474irhaf4","previousOperationId":"733zj91xqx95l01"}
{"type":"log","timestamp":1705915448900,"level":"info","message":"html-to-xlsx generation was finished","meta":{"rootId":"fq8h2so338e4dcx","id":"fq8h2so338e4dcx"},"id":"7fhukk6jhch096m","previousOperationId":"733zj91xqx95l01"}
{"type":"log","timestamp":1705915448945,"level":"debug","message":"preparing office preview","meta":{"rootId":"fq8h2so338e4dcx","id":"fq8h2so338e4dcx"},"id":"y6ix20tvhw1nqtj","previousOperationId":"733zj91xqx95l01"}
{"type":"operationEnd","operationId":"733zj91xqx95l01","timestamp":1705915449186,"id":"1f65bar3a0aq3d3","previousEventId":"txh3fy93u4xxv6y","previousOperationId":"733zj91xqx95l01"}
{"type":"log","timestamp":1705915449187,"level":"debug","message":"Skipping storing report.","meta":{"rootId":"fq8h2so338e4dcx","id":"fq8h2so338e4dcx"},"id":"n0g8dv16nsnuwa2","previousOperationId":"733zj91xqx95l01"}
{"type":"log","timestamp":1705915449187,"level":"info","message":"Rendering request 1 finished in 4518 ms","meta":{"rootId":"fq8h2so338e4dcx","id":"fq8h2so338e4dcx"},"id":"n27gezk5jns8afq","previousOperationId":"733zj91xqx95l01"}
{"type":"operationEnd","subtype":"render","operationId":"cr91zb4tpmb06sv","timestamp":1705915449187,"id":"ve5yknbycifeqck","previousEventId":"1f65bar3a0aq3d3","previousOperationId":"733zj91xqx95l01"}
{"type":"operationEnd","doDiffs":false,"previousEventId":"g2ryryjw4hqy0hr","previousOperationId":"0ztjaawhvvs5l5b","operationId":"0ztjaawhvvs5l5b","timestamp":1705915449193,"id":"a2nxlbbqcuuwd9a"}
