{"type":"operationStart","subtype":"profile","data":{"_id":"lCKL6cNVXuTq4vmv","timestamp":"2024-01-22T10:04:31.814Z","state":"queued","mode":"standard","creationDate":"2024-01-22T10:04:31.819Z","modificationDate":"2024-01-22T10:04:31.819Z","shortid":"loMUxbm","$entitySet":"profiles"},"doDiffs":false,"timestamp":1705917871816,"id":"rzl29umd7x86cdv","previousOperationId":null,"operationId":"61vq81oy0ea7xk5"}
{"type":"log","level":"info","message":"Render request 23 queued for execution and waiting for available worker","previousOperationId":"61vq81oy0ea7xk5","timestamp":1705917871816,"id":"da999wxr7wcqo95"}
{"type":"operationStart","subtype":"render","name":"sales-main","previousOperationId":"61vq81oy0ea7xk5","timestamp":1705917871834,"id":"ycwcl7mlf0qda8s","previousEventId":"rzl29umd7x86cdv","operationId":"pqng0e29tns5u38"}
{"type":"log","timestamp":1705917871835,"level":"info","message":"Starting rendering request 23","meta":{"rootId":"untppjdss7hk82r","id":"untppjdss7hk82r"},"id":"vxxj0y0fcvj2e1o","previousOperationId":"pqng0e29tns5u38"}
{"type":"log","timestamp":1705917871835,"level":"info","message":"Rendering template { name: sales-main, recipe: html-to-xlsx, engine: handlebars, preview: true }","meta":{"rootId":"untppjdss7hk82r","id":"untppjdss7hk82r"},"id":"jrkf6w54htvdrr2","previousOperationId":"pqng0e29tns5u38"}
{"type":"log","timestamp":1705917871837,"level":"debug","message":"Adding sample data B1lSTrt6NB","meta":{"rootId":"untppjdss7hk82r","id":"untppjdss7hk82r"},"id":"304etrfqa4y5e6d","previousOperationId":"pqng0e29tns5u38"}
{"type":"log","timestamp":1705917871844,"level":"debug","message":"Base url not specified, skipping its injection.","meta":{"rootId":"untppjdss7hk82r","id":"untppjdss7hk82r"},"id":"2vuvc6f9h7y7e2e","previousOperationId":"pqng0e29tns5u38"}
{"type":"operationStart","subtype":"engine","name":"handlebars","timestamp":1705917871844,"id":"bfyjbp6m3hbfaiw","previousEventId":"ycwcl7mlf0qda8s","operationId":"kh0bo731nl51kzi","previousOperationId":"pqng0e29tns5u38"}
{"type":"log","timestamp":1705917871844,"level":"debug","message":"Rendering engine handlebars","meta":{"rootId":"untppjdss7hk82r","id":"untppjdss7hk82r"},"id":"gc1b1g4074hd36f","previousOperationId":"kh0bo731nl51kzi"}
{"type":"operationEnd","operationId":"kh0bo731nl51kzi","timestamp":1705917871868,"id":"aueqfhryzsl1nx7","previousEventId":"bfyjbp6m3hbfaiw","previousOperationId":"kh0bo731nl51kzi"}
{"type":"operationStart","subtype":"recipe","name":"html-to-xlsx","timestamp":1705917871868,"id":"y5u9yc3efipazsv","previousEventId":"aueqfhryzsl1nx7","operationId":"umr60chjr9qtm75","previousOperationId":"kh0bo731nl51kzi"}
{"type":"log","timestamp":1705917871868,"level":"debug","message":"Executing recipe html-to-xlsx","meta":{"rootId":"untppjdss7hk82r","id":"untppjdss7hk82r"},"id":"di4iod5us8wckww","previousOperationId":"umr60chjr9qtm75"}
{"type":"log","timestamp":1705917871868,"level":"info","message":"html-to-xlsx generation is starting","meta":{"rootId":"untppjdss7hk82r","id":"untppjdss7hk82r"},"id":"ku4kvbe0oreyh6d","previousOperationId":"umr60chjr9qtm75"}
{"type":"log","timestamp":1705917872390,"level":"info","message":"html-to-xlsx generation was finished","meta":{"rootId":"untppjdss7hk82r","id":"untppjdss7hk82r"},"id":"mhnzjlr5wg74r0x","previousOperationId":"umr60chjr9qtm75"}
{"type":"log","timestamp":1705917872391,"level":"debug","message":"preparing office preview","meta":{"rootId":"untppjdss7hk82r","id":"untppjdss7hk82r"},"id":"f558irkj5khpsod","previousOperationId":"umr60chjr9qtm75"}
{"type":"operationEnd","operationId":"umr60chjr9qtm75","timestamp":1705917872604,"id":"ffgw1b5cfupw1mu","previousEventId":"y5u9yc3efipazsv","previousOperationId":"umr60chjr9qtm75"}
{"type":"log","timestamp":1705917872604,"level":"debug","message":"Skipping storing report.","meta":{"rootId":"untppjdss7hk82r","id":"untppjdss7hk82r"},"id":"vm68f5dw1zf3su6","previousOperationId":"umr60chjr9qtm75"}
{"type":"log","timestamp":1705917872604,"level":"info","message":"Rendering request 23 finished in 790 ms","meta":{"rootId":"untppjdss7hk82r","id":"untppjdss7hk82r"},"id":"y19v6kdmu6a6nce","previousOperationId":"umr60chjr9qtm75"}
{"type":"operationEnd","subtype":"render","operationId":"pqng0e29tns5u38","timestamp":1705917872604,"id":"bbefgx87icfbv05","previousEventId":"ffgw1b5cfupw1mu","previousOperationId":"umr60chjr9qtm75"}
{"type":"operationEnd","doDiffs":false,"previousEventId":"rzl29umd7x86cdv","previousOperationId":"61vq81oy0ea7xk5","operationId":"61vq81oy0ea7xk5","timestamp":1705917872609,"id":"42nkm3vpayq1fgw"}
