{"type":"operationStart","subtype":"profile","data":{"_id":"zu3hFW5ZP06g13Aa","timestamp":"2024-01-22T13:04:04.976Z","state":"queued","mode":"standard","creationDate":"2024-01-22T13:04:04.979Z","modificationDate":"2024-01-22T13:04:04.979Z","shortid":"R_leMiK","$entitySet":"profiles"},"doDiffs":false,"timestamp":1705928644978,"id":"5pug6qy5dsleuc2","previousOperationId":null,"operationId":"e97y4ifxj0xouvd"}
{"type":"log","level":"info","message":"Render request 4 queued for execution and waiting for available worker","previousOperationId":"e97y4ifxj0xouvd","timestamp":1705928644978,"id":"iruyxuhshohs0jo"}
{"type":"operationStart","subtype":"render","name":"orders-main","previousOperationId":"e97y4ifxj0xouvd","timestamp":1705928645003,"id":"v92ct07k4o3aeoc","previousEventId":"5pug6qy5dsleuc2","operationId":"1j7mezlhhuy8fyg"}
{"type":"log","timestamp":1705928645003,"level":"info","message":"Starting rendering request 4","meta":{"rootId":"1w158hkqcnf1ybx","id":"1w158hkqcnf1ybx"},"id":"2exxyxpnehsrhwy","previousOperationId":"1j7mezlhhuy8fyg"}
{"type":"log","timestamp":1705928645005,"level":"info","message":"Rendering template { name: orders-main, recipe: chrome-pdf, engine: handlebars, preview: false }","meta":{"rootId":"1w158hkqcnf1ybx","id":"1w158hkqcnf1ybx"},"id":"rb8xbmq8q7nu0r3","previousOperationId":"1j7mezlhhuy8fyg"}
{"type":"log","timestamp":1705928645015,"level":"debug","message":"Inline data specified.","meta":{"rootId":"1w158hkqcnf1ybx","id":"1w158hkqcnf1ybx"},"id":"eoma1kvjapcqecj","previousOperationId":"1j7mezlhhuy8fyg"}
{"type":"log","timestamp":1705928645027,"level":"debug","message":"Executing script orders-script (beforeRender)","meta":{"rootId":"1w158hkqcnf1ybx","id":"1w158hkqcnf1ybx"},"id":"z8e808e0n9mxl2w","previousOperationId":"1j7mezlhhuy8fyg"}
{"type":"operationStart","subtype":"scriptsBeforeRender","name":"scripts beforeRender","timestamp":1705928645096,"id":"nbucgc0rkhodwdm","previousEventId":"v92ct07k4o3aeoc","operationId":"f6t30t722jt1fjl","previousOperationId":"1j7mezlhhuy8fyg"}
{"type":"operationStart","subtype":"script","name":"scripts orders-script","previousOperationId":"f6t30t722jt1fjl","timestamp":1705928645096,"id":"bzcavo6r92zffnh","previousEventId":"nbucgc0rkhodwdm","operationId":"kw1d8gkxteduxlb"}
{"type":"operationEnd","operationId":"kw1d8gkxteduxlb","timestamp":1705928647009,"id":"c7sysxp7qsw3xg8","previousEventId":"v92ct07k4o3aeoc","previousOperationId":"1j7mezlhhuy8fyg"}
{"type":"operationEnd","operationId":"f6t30t722jt1fjl","timestamp":1705928647009,"id":"ae8bbvd0rgf5bpo","previousEventId":"c7sysxp7qsw3xg8","previousOperationId":"1j7mezlhhuy8fyg"}
{"type":"log","timestamp":1705928647010,"level":"debug","message":"Base url not specified, skipping its injection.","meta":{"rootId":"1w158hkqcnf1ybx","id":"1w158hkqcnf1ybx"},"id":"yx6ruisn8y4f8kz","previousOperationId":"f6t30t722jt1fjl"}
{"type":"operationStart","subtype":"engine","name":"handlebars","timestamp":1705928647012,"id":"vrbitj38pwt69g6","previousEventId":"ae8bbvd0rgf5bpo","operationId":"lzjr91hai9tw6t0","previousOperationId":"f6t30t722jt1fjl"}
{"type":"log","timestamp":1705928647012,"level":"debug","message":"Rendering engine handlebars","meta":{"rootId":"1w158hkqcnf1ybx","id":"1w158hkqcnf1ybx"},"id":"9l0lnbn6a0ausa8","previousOperationId":"lzjr91hai9tw6t0"}
{"type":"log","timestamp":1705928647126,"level":"debug","message":"(console:log) Pdf utils adding group field, value: \"France\"","meta":{"userLevel":true,"rootId":"1w158hkqcnf1ybx","id":"1w158hkqcnf1ybx"},"id":"kh28xsuuihitwne","previousOperationId":"lzjr91hai9tw6t0"}
{"type":"log","timestamp":1705928647131,"level":"debug","message":"(console:log) Pdf utils adding group field, value: \"Germany\"","meta":{"userLevel":true,"rootId":"1w158hkqcnf1ybx","id":"1w158hkqcnf1ybx"},"id":"x9z1nrs75g5kxgu","previousOperationId":"lzjr91hai9tw6t0"}
{"type":"operationEnd","operationId":"lzjr91hai9tw6t0","timestamp":1705928647133,"id":"9ytj5iog3ipuwkg","previousEventId":"vrbitj38pwt69g6","previousOperationId":"lzjr91hai9tw6t0"}
{"type":"operationStart","subtype":"recipe","name":"chrome-pdf","timestamp":1705928647136,"id":"3b7kma6frr22bni","previousEventId":"9ytj5iog3ipuwkg","operationId":"vmg9yfk8b1cfxx8","previousOperationId":"lzjr91hai9tw6t0"}
{"type":"log","timestamp":1705928647136,"level":"debug","message":"Executing recipe chrome-pdf","meta":{"rootId":"1w158hkqcnf1ybx","id":"1w158hkqcnf1ybx"},"id":"47hnthr7nhj16qq","previousOperationId":"vmg9yfk8b1cfxx8"}
{"type":"log","timestamp":1705928647143,"level":"debug","message":"Converting with chrome HeadlessChrome/117.0.5938.149 using chrome-pool strategy","meta":{"rootId":"1w158hkqcnf1ybx","id":"1w158hkqcnf1ybx"},"id":"67y1g1fscvkyyxi","previousOperationId":"vmg9yfk8b1cfxx8"}
{"type":"log","timestamp":1705928647377,"level":"debug","message":"Page request: GET (document) file:///C:/Users/franc/AppData/Local/Temp/jsreport/autocleanup/cbdef362-a408-4f2d-b362-d37f047ab4a6-chrome-pdf.html","meta":{"rootId":"1w158hkqcnf1ybx","id":"1w158hkqcnf1ybx"},"id":"pamttpkvqk3tmch","previousOperationId":"vmg9yfk8b1cfxx8"}
{"type":"log","timestamp":1705928647594,"level":"debug","message":"Page request: GET (stylesheet) https://cdnjs.cloudflare.com/ajax/libs/metro/4.1.5/css/metro.min.css","meta":{"rootId":"1w158hkqcnf1ybx","id":"1w158hkqcnf1ybx"},"id":"14lp7nd84x907iw","previousOperationId":"vmg9yfk8b1cfxx8"}
{"type":"log","timestamp":1705928647596,"level":"debug","message":"Page request: GET (script) https://cdnjs.cloudflare.com/ajax/libs/Chart.js/2.7.2/Chart.min.js","meta":{"rootId":"1w158hkqcnf1ybx","id":"1w158hkqcnf1ybx"},"id":"gyjlhqk7g2g9gpm","previousOperationId":"vmg9yfk8b1cfxx8"}
{"type":"log","timestamp":1705928647597,"level":"debug","message":"Page request finished: GET (document) 200 file:///C:/Users/franc/AppData/Local/Temp/jsreport/autocleanup/cbdef362-a408-4f2d-b362-d37f047ab4a6-chrome-pdf.html","meta":{"rootId":"1w158hkqcnf1ybx","id":"1w158hkqcnf1ybx"},"id":"2c047x0s0he47mi","previousOperationId":"vmg9yfk8b1cfxx8"}
{"type":"log","timestamp":1705928650354,"level":"debug","message":"Page request finished: GET (stylesheet) 200 https://cdnjs.cloudflare.com/ajax/libs/metro/4.1.5/css/metro.min.css","meta":{"rootId":"1w158hkqcnf1ybx","id":"1w158hkqcnf1ybx"},"id":"1jj4hejy6j1u5md","previousOperationId":"vmg9yfk8b1cfxx8"}
{"type":"log","timestamp":1705928650432,"level":"debug","message":"Page request finished: GET (script) 200 https://cdnjs.cloudflare.com/ajax/libs/Chart.js/2.7.2/Chart.min.js","meta":{"rootId":"1w158hkqcnf1ybx","id":"1w158hkqcnf1ybx"},"id":"s8xjfhjky38b34v","previousOperationId":"vmg9yfk8b1cfxx8"}
{"type":"log","timestamp":1705928650843,"level":"debug","message":"Running chrome with params {\"printBackground\":true,\"marginTop\":\"4cm\",\"marginRight\":\"1.5cm\",\"marginBottom\":\"1.5cm\",\"marginLeft\":\"1.5cm\",\"waitForJS\":false,\"timeout\":57835,\"margin\":{\"top\":\"4cm\",\"right\":\"1.5cm\",\"bottom\":\"1.5cm\",\"left\":\"1.5cm\"}}","meta":{"rootId":"1w158hkqcnf1ybx","id":"1w158hkqcnf1ybx"},"id":"xqo1s4ouxmf1a52","previousOperationId":"vmg9yfk8b1cfxx8"}
{"type":"operationEnd","operationId":"vmg9yfk8b1cfxx8","timestamp":1705928651357,"id":"q9ahfaalb67r95o","previousEventId":"3b7kma6frr22bni","previousOperationId":"vmg9yfk8b1cfxx8"}
{"type":"log","timestamp":1705928651357,"level":"info","message":"pdf-utils is starting pdf processing","meta":{"rootId":"1w158hkqcnf1ybx","id":"1w158hkqcnf1ybx"},"id":"4umvurpiuhcxg2k","previousOperationId":"vmg9yfk8b1cfxx8"}
{"type":"operationStart","subtype":"pdfUtils","name":"pdf utils","timestamp":1705928652532,"id":"mwfx44tzn1byrgq","previousEventId":"q9ahfaalb67r95o","operationId":"bo2mt11bqx2d507","previousOperationId":"vmg9yfk8b1cfxx8"}
{"type":"log","timestamp":1705928652534,"level":"debug","message":"pdf-utils detected 1 pdf operation(s) to process","meta":{"rootId":"1w158hkqcnf1ybx","id":"1w158hkqcnf1ybx"},"id":"9x3c9d93qifeheg","previousOperationId":"bo2mt11bqx2d507"}
{"type":"log","timestamp":1705928653871,"level":"debug","message":"pdf-utils running pdf operation merge","meta":{"rootId":"1w158hkqcnf1ybx","id":"1w158hkqcnf1ybx"},"id":"r8iqtx97ru4iu6e","previousOperationId":"bo2mt11bqx2d507"}
{"type":"operationStart","subtype":"pdfUtilsMerge","name":"pdf utils merge","previousOperationId":"bo2mt11bqx2d507","timestamp":1705928653872,"id":"14covqkithglzsy","previousEventId":"mwfx44tzn1byrgq","operationId":"s0g7n3o5yzcu3sq"}
{"type":"operationStart","subtype":"render","name":"orders-header","previousOperationId":"s0g7n3o5yzcu3sq","timestamp":1705928653875,"id":"rgkjcu86tys5er5","previousEventId":"14covqkithglzsy","operationId":"ke1l7rfnpb26uv1"}
{"type":"log","timestamp":1705928653876,"level":"info","message":"Starting rendering (child) request","meta":{"rootId":"1w158hkqcnf1ybx","id":"rl96by1gp0vdeea"},"id":"hkyltszc45uyb7l","previousOperationId":"ke1l7rfnpb26uv1"}
{"type":"log","timestamp":1705928653876,"level":"info","message":"Rendering template { name: orders-header, recipe: chrome-pdf, engine: handlebars, preview: false }","meta":{"rootId":"1w158hkqcnf1ybx","id":"rl96by1gp0vdeea"},"id":"h36i3bzh2f13pb7","previousOperationId":"ke1l7rfnpb26uv1"}
{"type":"log","timestamp":1705928653886,"level":"debug","message":"Inline data specified.","meta":{"rootId":"1w158hkqcnf1ybx","id":"rl96by1gp0vdeea"},"id":"g9nj3bonm6h88c8","previousOperationId":"ke1l7rfnpb26uv1"}
{"type":"log","timestamp":1705928653936,"level":"debug","message":"Base url not specified, skipping its injection.","meta":{"rootId":"1w158hkqcnf1ybx","id":"rl96by1gp0vdeea"},"id":"8pb8vrw0kfsns0y","previousOperationId":"ke1l7rfnpb26uv1"}
{"type":"operationStart","subtype":"engine","name":"handlebars","timestamp":1705928653944,"id":"inxkit1xeqql5p4","previousEventId":"rgkjcu86tys5er5","operationId":"wt9933s86idk3r5","previousOperationId":"ke1l7rfnpb26uv1"}
{"type":"log","timestamp":1705928653945,"level":"debug","message":"Rendering engine handlebars","meta":{"rootId":"1w158hkqcnf1ybx","id":"rl96by1gp0vdeea"},"id":"my2sgfzcbi4swea","previousOperationId":"wt9933s86idk3r5"}
{"type":"operationEnd","operationId":"wt9933s86idk3r5","timestamp":1705928654097,"id":"yr3u2wux4ncs4c6","previousEventId":"inxkit1xeqql5p4","previousOperationId":"wt9933s86idk3r5"}
{"type":"operationStart","subtype":"recipe","name":"chrome-pdf","timestamp":1705928654098,"id":"0i94umvc93mbiqh","previousEventId":"yr3u2wux4ncs4c6","operationId":"x8jxl4lygay9ynf","previousOperationId":"wt9933s86idk3r5"}
{"type":"log","timestamp":1705928654098,"level":"debug","message":"Executing recipe chrome-pdf","meta":{"rootId":"1w158hkqcnf1ybx","id":"rl96by1gp0vdeea"},"id":"wtctanmyt0x9g8h","previousOperationId":"x8jxl4lygay9ynf"}
{"type":"log","timestamp":1705928654105,"level":"debug","message":"Converting with chrome HeadlessChrome/117.0.5938.149 using chrome-pool strategy","meta":{"rootId":"1w158hkqcnf1ybx","id":"rl96by1gp0vdeea"},"id":"vri9rrka6yxur5c","previousOperationId":"x8jxl4lygay9ynf"}
{"type":"log","timestamp":1705928654363,"level":"debug","message":"Page request: GET (document) file:///C:/Users/franc/AppData/Local/Temp/jsreport/autocleanup/20a33885-3146-4dd5-9186-dc8e376d44e6-chrome-pdf.html","meta":{"rootId":"1w158hkqcnf1ybx","id":"rl96by1gp0vdeea"},"id":"i1ixo95hu1qrr8y","previousOperationId":"x8jxl4lygay9ynf"}
{"type":"log","timestamp":1705928654387,"level":"debug","message":"Page request: GET (stylesheet) https://cdnjs.cloudflare.com/ajax/libs/metro/4.1.5/css/metro.min.css","meta":{"rootId":"1w158hkqcnf1ybx","id":"rl96by1gp0vdeea"},"id":"0wxf1h5qzh2kuev","previousOperationId":"x8jxl4lygay9ynf"}
{"type":"log","timestamp":1705928654387,"level":"debug","message":"Page request finished: GET (document) 200 file:///C:/Users/franc/AppData/Local/Temp/jsreport/autocleanup/20a33885-3146-4dd5-9186-dc8e376d44e6-chrome-pdf.html","meta":{"rootId":"1w158hkqcnf1ybx","id":"rl96by1gp0vdeea"},"id":"nme3n3her5d1rb0","previousOperationId":"x8jxl4lygay9ynf"}
{"type":"log","timestamp":1705928654440,"level":"debug","message":"Page request finished: GET (stylesheet) 200 https://cdnjs.cloudflare.com/ajax/libs/metro/4.1.5/css/metro.min.css","meta":{"rootId":"1w158hkqcnf1ybx","id":"rl96by1gp0vdeea"},"id":"99hcci6iacnmxlb","previousOperationId":"x8jxl4lygay9ynf"}
{"type":"log","timestamp":1705928654518,"level":"debug","message":"Running chrome with params {\"printBackground\":true,\"marginTop\":\"1.5cm\",\"marginRight\":\"1.5cm\",\"marginLeft\":\"1.cm\",\"timeout\":50873,\"margin\":{\"top\":\"1.5cm\",\"right\":\"1.5cm\",\"left\":\"1.cm\"}}","meta":{"rootId":"1w158hkqcnf1ybx","id":"rl96by1gp0vdeea"},"id":"g6372ncpmxib75q","previousOperationId":"x8jxl4lygay9ynf"}
{"type":"operationEnd","operationId":"x8jxl4lygay9ynf","timestamp":1705928654635,"id":"guu0fk2ht6htea5","previousEventId":"0i94umvc93mbiqh","previousOperationId":"x8jxl4lygay9ynf"}
{"type":"log","timestamp":1705928654635,"level":"debug","message":"Skipping storing report.","meta":{"rootId":"1w158hkqcnf1ybx","id":"rl96by1gp0vdeea"},"id":"o0ji40ujgk930ov","previousOperationId":"x8jxl4lygay9ynf"}
{"type":"log","timestamp":1705928654635,"level":"info","message":"Rendering (child) request finished in 9659 ms","meta":{"rootId":"1w158hkqcnf1ybx","id":"rl96by1gp0vdeea"},"id":"0jx9phsot30emb9","previousOperationId":"x8jxl4lygay9ynf"}
{"type":"operationEnd","subtype":"render","operationId":"ke1l7rfnpb26uv1","timestamp":1705928654635,"id":"jm13t4lz3r6k47d","previousEventId":"guu0fk2ht6htea5","previousOperationId":"x8jxl4lygay9ynf"}
{"type":"operationEnd","operationId":"s0g7n3o5yzcu3sq","timestamp":1705928654775,"id":"frjor04cyggcn3s","previousEventId":"14covqkithglzsy","previousOperationId":"s0g7n3o5yzcu3sq"}
{"type":"log","timestamp":1705928654775,"level":"debug","message":"pdf-utils postproces start","meta":{"rootId":"1w158hkqcnf1ybx","id":"1w158hkqcnf1ybx"},"id":"qz3657ljxcat72t","previousOperationId":"s0g7n3o5yzcu3sq"}
{"type":"log","timestamp":1705928654854,"level":"debug","message":"pdf-utils postproces end","meta":{"rootId":"1w158hkqcnf1ybx","id":"1w158hkqcnf1ybx"},"id":"8594geinwikir1h","previousOperationId":"s0g7n3o5yzcu3sq"}
{"type":"operationEnd","operationId":"bo2mt11bqx2d507","timestamp":1705928654854,"id":"k7f15p2fqtc2zj0","previousEventId":"frjor04cyggcn3s","previousOperationId":"s0g7n3o5yzcu3sq"}
{"type":"log","timestamp":1705928654854,"level":"info","message":"pdf-utils pdf processing was finished","meta":{"rootId":"1w158hkqcnf1ybx","id":"1w158hkqcnf1ybx"},"id":"qtmkmle71mgwv29","previousOperationId":"bo2mt11bqx2d507"}
{"type":"log","timestamp":1705928654855,"level":"debug","message":"Skipping storing report.","meta":{"rootId":"1w158hkqcnf1ybx","id":"1w158hkqcnf1ybx"},"id":"bc94zaxstna651t","previousOperationId":"bo2mt11bqx2d507"}
{"type":"log","timestamp":1705928654855,"level":"info","message":"Rendering request 4 finished in 9879 ms","meta":{"rootId":"1w158hkqcnf1ybx","id":"1w158hkqcnf1ybx"},"id":"v12oy8rlkbsqs5e","previousOperationId":"bo2mt11bqx2d507"}
{"type":"operationEnd","subtype":"render","operationId":"1j7mezlhhuy8fyg","timestamp":1705928654855,"id":"tdi5jz67akj8hzn","previousEventId":"k7f15p2fqtc2zj0","previousOperationId":"bo2mt11bqx2d507"}
{"type":"operationEnd","doDiffs":false,"previousEventId":"5pug6qy5dsleuc2","previousOperationId":"e97y4ifxj0xouvd","operationId":"e97y4ifxj0xouvd","timestamp":1705928654880,"id":"5smm9sds1y70e2m"}
