{"type":"operationStart","subtype":"profile","data":{"_id":"ULbgBexyGOcpFhht","timestamp":"2024-01-22T10:04:24.517Z","state":"queued","mode":"standard","creationDate":"2024-01-22T10:04:24.520Z","modificationDate":"2024-01-22T10:04:24.520Z","shortid":"fVAb8ti","$entitySet":"profiles"},"doDiffs":false,"timestamp":1705917864518,"id":"lq4qndwj6mfnynp","previousOperationId":null,"operationId":"9htb7l1zspyzd2u"}
{"type":"log","level":"info","message":"Render request 22 queued for execution and waiting for available worker","previousOperationId":"9htb7l1zspyzd2u","timestamp":1705917864519,"id":"v90a81qo76rvlca"}
{"type":"operationStart","subtype":"render","name":"orders-main","previousOperationId":"9htb7l1zspyzd2u","timestamp":1705917864539,"id":"y5z7fqn8osn7gml","previousEventId":"lq4qndwj6mfnynp","operationId":"6paf220z5e7pov3"}
{"type":"log","timestamp":1705917864539,"level":"info","message":"Starting rendering request 22","meta":{"rootId":"2esj7inc8qto1li","id":"2esj7inc8qto1li"},"id":"zywq2fksdphr393","previousOperationId":"6paf220z5e7pov3"}
{"type":"log","timestamp":1705917864539,"level":"info","message":"Rendering template { name: orders-main, recipe: chrome-pdf, engine: handlebars, preview: true }","meta":{"rootId":"2esj7inc8qto1li","id":"2esj7inc8qto1li"},"id":"98i4vbxwxqrej45","previousOperationId":"6paf220z5e7pov3"}
{"type":"log","timestamp":1705917864540,"level":"debug","message":"Data item not defined for this template.","meta":{"rootId":"2esj7inc8qto1li","id":"2esj7inc8qto1li"},"id":"pg5sswgrgya3ptc","previousOperationId":"6paf220z5e7pov3"}
{"type":"log","timestamp":1705917864551,"level":"debug","message":"Executing script orders-script (beforeRender)","meta":{"rootId":"2esj7inc8qto1li","id":"2esj7inc8qto1li"},"id":"qjj7i1e0xtuq0ey","previousOperationId":"6paf220z5e7pov3"}
{"type":"operationStart","subtype":"scriptsBeforeRender","name":"scripts beforeRender","timestamp":1705917864562,"id":"d9xhsh0ixruu4a8","previousEventId":"y5z7fqn8osn7gml","operationId":"e0ivhwloz2f07qd","previousOperationId":"6paf220z5e7pov3"}
{"type":"operationStart","subtype":"script","name":"scripts orders-script","previousOperationId":"e0ivhwloz2f07qd","timestamp":1705917864562,"id":"hukebijchtg2h0q","previousEventId":"d9xhsh0ixruu4a8","operationId":"fb73zs1mrwuoud9"}
{"type":"operationEnd","operationId":"fb73zs1mrwuoud9","timestamp":1705917865933,"id":"e3v565wdoaf53gf","previousEventId":"y5z7fqn8osn7gml","previousOperationId":"6paf220z5e7pov3"}
{"type":"operationEnd","operationId":"e0ivhwloz2f07qd","timestamp":1705917865933,"id":"33x1nozpnaqi87b","previousEventId":"e3v565wdoaf53gf","previousOperationId":"6paf220z5e7pov3"}
{"type":"log","timestamp":1705917865933,"level":"debug","message":"Base url not specified, skipping its injection.","meta":{"rootId":"2esj7inc8qto1li","id":"2esj7inc8qto1li"},"id":"n1t6rzud4bmnw8g","previousOperationId":"e0ivhwloz2f07qd"}
{"type":"operationStart","subtype":"engine","name":"handlebars","timestamp":1705917865933,"id":"lr4u3m7afr7re4k","previousEventId":"33x1nozpnaqi87b","operationId":"ewfagrxlek8leva","previousOperationId":"e0ivhwloz2f07qd"}
{"type":"log","timestamp":1705917865933,"level":"debug","message":"Rendering engine handlebars","meta":{"rootId":"2esj7inc8qto1li","id":"2esj7inc8qto1li"},"id":"5kue5zcpq46cfax","previousOperationId":"ewfagrxlek8leva"}
{"type":"log","timestamp":1705917865956,"level":"debug","message":"(console:log) Pdf utils adding group field, value: \"France\"","meta":{"userLevel":true,"rootId":"2esj7inc8qto1li","id":"2esj7inc8qto1li"},"id":"akqyvldevp5nxaw","previousOperationId":"ewfagrxlek8leva"}
{"type":"log","timestamp":1705917865957,"level":"debug","message":"(console:log) Pdf utils adding group field, value: \"Germany\"","meta":{"userLevel":true,"rootId":"2esj7inc8qto1li","id":"2esj7inc8qto1li"},"id":"pznwighlofcm2ri","previousOperationId":"ewfagrxlek8leva"}
{"type":"operationEnd","operationId":"ewfagrxlek8leva","timestamp":1705917865957,"id":"wctjrksonmumv16","previousEventId":"lr4u3m7afr7re4k","previousOperationId":"ewfagrxlek8leva"}
{"type":"operationStart","subtype":"recipe","name":"chrome-pdf","timestamp":1705917865959,"id":"5uc31hesfhvp3ie","previousEventId":"wctjrksonmumv16","operationId":"nceyvx4c1a5p886","previousOperationId":"ewfagrxlek8leva"}
{"type":"log","timestamp":1705917865959,"level":"debug","message":"Executing recipe chrome-pdf","meta":{"rootId":"2esj7inc8qto1li","id":"2esj7inc8qto1li"},"id":"osmyxbvzk4lykyo","previousOperationId":"nceyvx4c1a5p886"}
{"type":"log","timestamp":1705917865962,"level":"debug","message":"Converting with chrome HeadlessChrome/117.0.5938.149 using chrome-pool strategy","meta":{"rootId":"2esj7inc8qto1li","id":"2esj7inc8qto1li"},"id":"piqdwj8aayvteh5","previousOperationId":"nceyvx4c1a5p886"}
{"type":"log","timestamp":1705917866073,"level":"debug","message":"Page request: GET (document) file:///C:/Users/franc/AppData/Local/Temp/jsreport/autocleanup/d309975d-1adf-4817-ac2e-2c335a6d33d9-chrome-pdf.html","meta":{"rootId":"2esj7inc8qto1li","id":"2esj7inc8qto1li"},"id":"53n36ow1ptlkynl","previousOperationId":"nceyvx4c1a5p886"}
{"type":"log","timestamp":1705917866127,"level":"debug","message":"Page request: GET (stylesheet) https://cdnjs.cloudflare.com/ajax/libs/metro/4.1.5/css/metro.min.css","meta":{"rootId":"2esj7inc8qto1li","id":"2esj7inc8qto1li"},"id":"byyuk86ys0tproq","previousOperationId":"nceyvx4c1a5p886"}
{"type":"log","timestamp":1705917866127,"level":"debug","message":"Page request: GET (script) https://cdnjs.cloudflare.com/ajax/libs/Chart.js/2.7.2/Chart.min.js","meta":{"rootId":"2esj7inc8qto1li","id":"2esj7inc8qto1li"},"id":"7f6wgit701rkdhz","previousOperationId":"nceyvx4c1a5p886"}
{"type":"log","timestamp":1705917866127,"level":"debug","message":"Page request finished: GET (document) 200 file:///C:/Users/franc/AppData/Local/Temp/jsreport/autocleanup/d309975d-1adf-4817-ac2e-2c335a6d33d9-chrome-pdf.html","meta":{"rootId":"2esj7inc8qto1li","id":"2esj7inc8qto1li"},"id":"f73wnqikmhj2sbe","previousOperationId":"nceyvx4c1a5p886"}
{"type":"log","timestamp":1705917866148,"level":"debug","message":"Page request finished: GET (stylesheet) 200 https://cdnjs.cloudflare.com/ajax/libs/metro/4.1.5/css/metro.min.css","meta":{"rootId":"2esj7inc8qto1li","id":"2esj7inc8qto1li"},"id":"8nna4y1ydjyeh44","previousOperationId":"nceyvx4c1a5p886"}
{"type":"log","timestamp":1705917866149,"level":"debug","message":"Page request finished: GET (script) 200 https://cdnjs.cloudflare.com/ajax/libs/Chart.js/2.7.2/Chart.min.js","meta":{"rootId":"2esj7inc8qto1li","id":"2esj7inc8qto1li"},"id":"rtd4pusezgc5e1s","previousOperationId":"nceyvx4c1a5p886"}
{"type":"log","timestamp":1705917866256,"level":"debug","message":"Running chrome with params {\"printBackground\":true,\"marginTop\":\"4cm\",\"marginRight\":\"1.5cm\",\"marginBottom\":\"1.5cm\",\"marginLeft\":\"1.5cm\",\"waitForJS\":false,\"timeout\":58556,\"margin\":{\"top\":\"4cm\",\"right\":\"1.5cm\",\"bottom\":\"1.5cm\",\"left\":\"1.5cm\"}}","meta":{"rootId":"2esj7inc8qto1li","id":"2esj7inc8qto1li"},"id":"q78ceq0c1ns5u5q","previousOperationId":"nceyvx4c1a5p886"}
{"type":"operationEnd","operationId":"nceyvx4c1a5p886","timestamp":1705917866422,"id":"i35azqb43qizbmi","previousEventId":"5uc31hesfhvp3ie","previousOperationId":"nceyvx4c1a5p886"}
{"type":"log","timestamp":1705917866422,"level":"info","message":"pdf-utils is starting pdf processing","meta":{"rootId":"2esj7inc8qto1li","id":"2esj7inc8qto1li"},"id":"mzz72ra6j2g3dnh","previousOperationId":"nceyvx4c1a5p886"}
{"type":"operationStart","subtype":"pdfUtils","name":"pdf utils","timestamp":1705917866422,"id":"0c64leg8jd78swi","previousEventId":"i35azqb43qizbmi","operationId":"jei9y71j7sf5k6s","previousOperationId":"nceyvx4c1a5p886"}
{"type":"log","timestamp":1705917866422,"level":"debug","message":"pdf-utils detected 1 pdf operation(s) to process","meta":{"rootId":"2esj7inc8qto1li","id":"2esj7inc8qto1li"},"id":"ss3ikev5g0im7e5","previousOperationId":"jei9y71j7sf5k6s"}
{"type":"log","timestamp":1705917866490,"level":"debug","message":"pdf-utils running pdf operation merge","meta":{"rootId":"2esj7inc8qto1li","id":"2esj7inc8qto1li"},"id":"tdvpc1tvtmostx5","previousOperationId":"jei9y71j7sf5k6s"}
{"type":"operationStart","subtype":"pdfUtilsMerge","name":"pdf utils merge","previousOperationId":"jei9y71j7sf5k6s","timestamp":1705917866490,"id":"9haxrbue4eqn022","previousEventId":"0c64leg8jd78swi","operationId":"qzn9lnfy6x7lh1l"}
{"type":"operationStart","subtype":"render","name":"orders-header","previousOperationId":"qzn9lnfy6x7lh1l","timestamp":1705917866491,"id":"y9ga9l7tohy0oqz","previousEventId":"9haxrbue4eqn022","operationId":"9knno64n2so42u4"}
{"type":"log","timestamp":1705917866491,"level":"info","message":"Starting rendering (child) request","meta":{"rootId":"2esj7inc8qto1li","id":"ahzi5aoyfabk1k8"},"id":"176rho6k1r584dg","previousOperationId":"9knno64n2so42u4"}
{"type":"log","timestamp":1705917866491,"level":"info","message":"Rendering template { name: orders-header, recipe: chrome-pdf, engine: handlebars, preview: true }","meta":{"rootId":"2esj7inc8qto1li","id":"ahzi5aoyfabk1k8"},"id":"ag20o3rh9h8j48o","previousOperationId":"9knno64n2so42u4"}
{"type":"log","timestamp":1705917866497,"level":"debug","message":"Inline data specified.","meta":{"rootId":"2esj7inc8qto1li","id":"ahzi5aoyfabk1k8"},"id":"7ybawimd4ayl0xw","previousOperationId":"9knno64n2so42u4"}
{"type":"log","timestamp":1705917866500,"level":"debug","message":"Base url not specified, skipping its injection.","meta":{"rootId":"2esj7inc8qto1li","id":"ahzi5aoyfabk1k8"},"id":"30zxn73w3qp00jp","previousOperationId":"9knno64n2so42u4"}
{"type":"operationStart","subtype":"engine","name":"handlebars","timestamp":1705917866501,"id":"etnjier91gd2kfk","previousEventId":"y9ga9l7tohy0oqz","operationId":"yeu9ojcsrbonpmx","previousOperationId":"9knno64n2so42u4"}
{"type":"log","timestamp":1705917866501,"level":"debug","message":"Rendering engine handlebars","meta":{"rootId":"2esj7inc8qto1li","id":"ahzi5aoyfabk1k8"},"id":"rf1c1zknslsvfks","previousOperationId":"yeu9ojcsrbonpmx"}
{"type":"operationEnd","operationId":"yeu9ojcsrbonpmx","timestamp":1705917866523,"id":"bic0my6ap9eet4v","previousEventId":"etnjier91gd2kfk","previousOperationId":"yeu9ojcsrbonpmx"}
{"type":"operationStart","subtype":"recipe","name":"chrome-pdf","timestamp":1705917866523,"id":"t6ukgnxyybvsll8","previousEventId":"bic0my6ap9eet4v","operationId":"7thuup12t0i2g35","previousOperationId":"yeu9ojcsrbonpmx"}
{"type":"log","timestamp":1705917866523,"level":"debug","message":"Executing recipe chrome-pdf","meta":{"rootId":"2esj7inc8qto1li","id":"ahzi5aoyfabk1k8"},"id":"nd2my15i0ghj30a","previousOperationId":"7thuup12t0i2g35"}
{"type":"log","timestamp":1705917866526,"level":"debug","message":"Converting with chrome HeadlessChrome/117.0.5938.149 using chrome-pool strategy","meta":{"rootId":"2esj7inc8qto1li","id":"ahzi5aoyfabk1k8"},"id":"jclhdozwye0qwzo","previousOperationId":"7thuup12t0i2g35"}
{"type":"log","timestamp":1705917866633,"level":"debug","message":"Page request: GET (document) file:///C:/Users/franc/AppData/Local/Temp/jsreport/autocleanup/756a62f1-fb66-4ab8-a5b8-422eb726f199-chrome-pdf.html","meta":{"rootId":"2esj7inc8qto1li","id":"ahzi5aoyfabk1k8"},"id":"c2h4tfhfgcg778f","previousOperationId":"7thuup12t0i2g35"}
{"type":"log","timestamp":1705917866647,"level":"debug","message":"Page request: GET (stylesheet) https://cdnjs.cloudflare.com/ajax/libs/metro/4.1.5/css/metro.min.css","meta":{"rootId":"2esj7inc8qto1li","id":"ahzi5aoyfabk1k8"},"id":"oofe3cb35showas","previousOperationId":"7thuup12t0i2g35"}
{"type":"log","timestamp":1705917866647,"level":"debug","message":"Page request finished: GET (document) 200 file:///C:/Users/franc/AppData/Local/Temp/jsreport/autocleanup/756a62f1-fb66-4ab8-a5b8-422eb726f199-chrome-pdf.html","meta":{"rootId":"2esj7inc8qto1li","id":"ahzi5aoyfabk1k8"},"id":"ocn8hcobquzixlz","previousOperationId":"7thuup12t0i2g35"}
{"type":"log","timestamp":1705917866666,"level":"debug","message":"Page request finished: GET (stylesheet) 200 https://cdnjs.cloudflare.com/ajax/libs/metro/4.1.5/css/metro.min.css","meta":{"rootId":"2esj7inc8qto1li","id":"ahzi5aoyfabk1k8"},"id":"bgtlu55m5eu17ov","previousOperationId":"7thuup12t0i2g35"}
{"type":"log","timestamp":1705917866689,"level":"debug","message":"Running chrome with params {\"printBackground\":true,\"marginTop\":\"1.5cm\",\"marginRight\":\"1.5cm\",\"marginLeft\":\"1.cm\",\"timeout\":57992,\"margin\":{\"top\":\"1.5cm\",\"right\":\"1.5cm\",\"left\":\"1.cm\"}}","meta":{"rootId":"2esj7inc8qto1li","id":"ahzi5aoyfabk1k8"},"id":"2bdhimld87rld8v","previousOperationId":"7thuup12t0i2g35"}
{"type":"operationEnd","operationId":"7thuup12t0i2g35","timestamp":1705917866739,"id":"yfzv3d6hgr6etd0","previousEventId":"t6ukgnxyybvsll8","previousOperationId":"7thuup12t0i2g35"}
{"type":"log","timestamp":1705917866739,"level":"debug","message":"Skipping storing report.","meta":{"rootId":"2esj7inc8qto1li","id":"ahzi5aoyfabk1k8"},"id":"9jezv2k4pyg80jj","previousOperationId":"7thuup12t0i2g35"}
{"type":"log","timestamp":1705917866739,"level":"info","message":"Rendering (child) request finished in 2222 ms","meta":{"rootId":"2esj7inc8qto1li","id":"ahzi5aoyfabk1k8"},"id":"4t8m2odgvbyaip6","previousOperationId":"7thuup12t0i2g35"}
{"type":"operationEnd","subtype":"render","operationId":"9knno64n2so42u4","timestamp":1705917866740,"id":"b19zsebu8sh8frj","previousEventId":"yfzv3d6hgr6etd0","previousOperationId":"7thuup12t0i2g35"}
{"type":"operationEnd","operationId":"qzn9lnfy6x7lh1l","timestamp":1705917866766,"id":"w3tck97r6oi4kqh","previousEventId":"9haxrbue4eqn022","previousOperationId":"qzn9lnfy6x7lh1l"}
{"type":"log","timestamp":1705917866766,"level":"debug","message":"pdf-utils postproces start","meta":{"rootId":"2esj7inc8qto1li","id":"2esj7inc8qto1li"},"id":"9kucmwtd2bab4ae","previousOperationId":"qzn9lnfy6x7lh1l"}
{"type":"log","timestamp":1705917866792,"level":"debug","message":"pdf-utils postproces end","meta":{"rootId":"2esj7inc8qto1li","id":"2esj7inc8qto1li"},"id":"manuse3jthf98xg","previousOperationId":"qzn9lnfy6x7lh1l"}
{"type":"operationEnd","operationId":"jei9y71j7sf5k6s","timestamp":1705917866792,"id":"i3mdeo30d1opkeb","previousEventId":"w3tck97r6oi4kqh","previousOperationId":"qzn9lnfy6x7lh1l"}
{"type":"log","timestamp":1705917866792,"level":"info","message":"pdf-utils pdf processing was finished","meta":{"rootId":"2esj7inc8qto1li","id":"2esj7inc8qto1li"},"id":"5ecxugi5kvi2jfh","previousOperationId":"jei9y71j7sf5k6s"}
{"type":"log","timestamp":1705917866792,"level":"debug","message":"Skipping storing report.","meta":{"rootId":"2esj7inc8qto1li","id":"2esj7inc8qto1li"},"id":"3348c2phetomtaq","previousOperationId":"jei9y71j7sf5k6s"}
{"type":"log","timestamp":1705917866792,"level":"info","message":"Rendering request 22 finished in 2275 ms","meta":{"rootId":"2esj7inc8qto1li","id":"2esj7inc8qto1li"},"id":"lrgezaajbirkbzn","previousOperationId":"jei9y71j7sf5k6s"}
{"type":"operationEnd","subtype":"render","operationId":"6paf220z5e7pov3","timestamp":1705917866792,"id":"60lzk6ite36nr12","previousEventId":"i3mdeo30d1opkeb","previousOperationId":"jei9y71j7sf5k6s"}
{"type":"operationEnd","doDiffs":false,"previousEventId":"lq4qndwj6mfnynp","previousOperationId":"9htb7l1zspyzd2u","operationId":"9htb7l1zspyzd2u","timestamp":1705917866810,"id":"x4uv8hgxgedmmtx"}
