{"type":"operationStart","subtype":"profile","data":{"_id":"nSui7DZy3MkrPw59","timestamp":"2024-01-24T08:23:36.996Z","state":"queued","mode":"standard","creationDate":"2024-01-24T08:23:36.998Z","modificationDate":"2024-01-24T08:23:36.998Z","shortid":"_vZUyuL","$entitySet":"profiles"},"doDiffs":false,"timestamp":1706084616997,"id":"1t8tkjhddmv6yn0","previousOperationId":null,"operationId":"w95fb85jjvm3w2z"}
{"type":"log","level":"info","message":"Render request 81 queued for execution and waiting for available worker","previousOperationId":"w95fb85jjvm3w2z","timestamp":1706084616997,"id":"g4xrko44r1sot42"}
{"type":"operationStart","subtype":"render","name":"orders-main","previousOperationId":"w95fb85jjvm3w2z","timestamp":1706084617022,"id":"6myyvq0z6q8tj0l","previousEventId":"1t8tkjhddmv6yn0","operationId":"hugkev2trm5ugct"}
{"type":"log","timestamp":1706084617025,"level":"info","message":"Starting rendering request 81","meta":{"rootId":"5bg6gvdtzn3ci0t","id":"5bg6gvdtzn3ci0t"},"id":"dhxgi9zc38bka0q","previousOperationId":"hugkev2trm5ugct"}
{"type":"log","timestamp":1706084617027,"level":"info","message":"Rendering template { name: orders-main, recipe: chrome-pdf, engine: handlebars, preview: false }","meta":{"rootId":"5bg6gvdtzn3ci0t","id":"5bg6gvdtzn3ci0t"},"id":"we1qzaq81usyyun","previousOperationId":"hugkev2trm5ugct"}
{"type":"log","timestamp":1706084617032,"level":"debug","message":"Inline data specified.","meta":{"rootId":"5bg6gvdtzn3ci0t","id":"5bg6gvdtzn3ci0t"},"id":"1hzovourjpqo2ob","previousOperationId":"hugkev2trm5ugct"}
{"type":"log","timestamp":1706084617040,"level":"debug","message":"Executing script orders-script (beforeRender)","meta":{"rootId":"5bg6gvdtzn3ci0t","id":"5bg6gvdtzn3ci0t"},"id":"45vxf6m2md0lkp9","previousOperationId":"hugkev2trm5ugct"}
{"type":"operationStart","subtype":"scriptsBeforeRender","name":"scripts beforeRender","timestamp":1706084617635,"id":"fql8pkbuu18yj6e","previousEventId":"6myyvq0z6q8tj0l","operationId":"ip7l9yincstexp3","previousOperationId":"hugkev2trm5ugct"}
{"type":"operationStart","subtype":"script","name":"scripts orders-script","previousOperationId":"ip7l9yincstexp3","timestamp":1706084617635,"id":"gay2ghc0m6j5yc5","previousEventId":"fql8pkbuu18yj6e","operationId":"dznarba6gh9hin5"}
{"type":"operationEnd","operationId":"dznarba6gh9hin5","timestamp":1706084619364,"id":"3sbjdjqapnouibi","previousEventId":"6myyvq0z6q8tj0l","previousOperationId":"hugkev2trm5ugct"}
{"type":"operationEnd","operationId":"ip7l9yincstexp3","timestamp":1706084619364,"id":"gncb6u6c8fr6e28","previousEventId":"3sbjdjqapnouibi","previousOperationId":"hugkev2trm5ugct"}
{"type":"log","timestamp":1706084619365,"level":"debug","message":"Base url not specified, skipping its injection.","meta":{"rootId":"5bg6gvdtzn3ci0t","id":"5bg6gvdtzn3ci0t"},"id":"a99qo8tjsqyzpqt","previousOperationId":"ip7l9yincstexp3"}
{"type":"operationStart","subtype":"engine","name":"handlebars","timestamp":1706084619367,"id":"s1f76m5rbpqe7nn","previousEventId":"gncb6u6c8fr6e28","operationId":"2pweoii2lp1nm1n","previousOperationId":"ip7l9yincstexp3"}
{"type":"log","timestamp":1706084619367,"level":"debug","message":"Rendering engine handlebars","meta":{"rootId":"5bg6gvdtzn3ci0t","id":"5bg6gvdtzn3ci0t"},"id":"q77eo870kvq031l","previousOperationId":"2pweoii2lp1nm1n"}
{"type":"log","timestamp":1706084620206,"level":"debug","message":"(console:log) Pdf utils adding group field, value: \"France\"","meta":{"userLevel":true,"rootId":"5bg6gvdtzn3ci0t","id":"5bg6gvdtzn3ci0t"},"id":"ka3a3nq1tgmzaki","previousOperationId":"2pweoii2lp1nm1n"}
{"type":"log","timestamp":1706084620208,"level":"debug","message":"(console:log) Pdf utils adding group field, value: \"Germany\"","meta":{"userLevel":true,"rootId":"5bg6gvdtzn3ci0t","id":"5bg6gvdtzn3ci0t"},"id":"se5bmb5qudl83x9","previousOperationId":"2pweoii2lp1nm1n"}
{"type":"operationEnd","operationId":"2pweoii2lp1nm1n","timestamp":1706084620209,"id":"d6bd0v9tup7cw29","previousEventId":"s1f76m5rbpqe7nn","previousOperationId":"2pweoii2lp1nm1n"}
{"type":"operationStart","subtype":"recipe","name":"chrome-pdf","timestamp":1706084620212,"id":"630lydtfbrz5gko","previousEventId":"d6bd0v9tup7cw29","operationId":"a06wiv5qwf0ggzg","previousOperationId":"2pweoii2lp1nm1n"}
{"type":"log","timestamp":1706084620212,"level":"debug","message":"Executing recipe chrome-pdf","meta":{"rootId":"5bg6gvdtzn3ci0t","id":"5bg6gvdtzn3ci0t"},"id":"ixzii06grjzek1s","previousOperationId":"a06wiv5qwf0ggzg"}
{"type":"log","timestamp":1706084621826,"level":"debug","message":"Converting with chrome HeadlessChrome/117.0.5938.149 using chrome-pool strategy","meta":{"rootId":"5bg6gvdtzn3ci0t","id":"5bg6gvdtzn3ci0t"},"id":"h5v5zvu94xiyjam","previousOperationId":"a06wiv5qwf0ggzg"}
{"type":"log","timestamp":1706084622461,"level":"debug","message":"Page request: GET (document) file:///C:/Users/franc/AppData/Local/Temp/jsreport/autocleanup/472e3367-ce79-478c-a6d3-d364c7af9247-chrome-pdf.html","meta":{"rootId":"5bg6gvdtzn3ci0t","id":"5bg6gvdtzn3ci0t"},"id":"lcfzgz07xi80h0i","previousOperationId":"a06wiv5qwf0ggzg"}
{"type":"log","timestamp":1706084622520,"level":"debug","message":"Page request: GET (stylesheet) https://cdnjs.cloudflare.com/ajax/libs/metro/4.1.5/css/metro.min.css","meta":{"rootId":"5bg6gvdtzn3ci0t","id":"5bg6gvdtzn3ci0t"},"id":"j59koroo1pfqfa9","previousOperationId":"a06wiv5qwf0ggzg"}
{"type":"log","timestamp":1706084622521,"level":"debug","message":"Page request: GET (script) https://cdnjs.cloudflare.com/ajax/libs/Chart.js/2.7.2/Chart.min.js","meta":{"rootId":"5bg6gvdtzn3ci0t","id":"5bg6gvdtzn3ci0t"},"id":"s2h5nmmwhphuyts","previousOperationId":"a06wiv5qwf0ggzg"}
{"type":"log","timestamp":1706084622522,"level":"debug","message":"Page request finished: GET (document) 200 file:///C:/Users/franc/AppData/Local/Temp/jsreport/autocleanup/472e3367-ce79-478c-a6d3-d364c7af9247-chrome-pdf.html","meta":{"rootId":"5bg6gvdtzn3ci0t","id":"5bg6gvdtzn3ci0t"},"id":"ydxevpya52oezzo","previousOperationId":"a06wiv5qwf0ggzg"}
{"type":"log","timestamp":1706084622821,"level":"debug","message":"Page request finished: GET (script) 200 https://cdnjs.cloudflare.com/ajax/libs/Chart.js/2.7.2/Chart.min.js","meta":{"rootId":"5bg6gvdtzn3ci0t","id":"5bg6gvdtzn3ci0t"},"id":"lbxxljmxvypjvsq","previousOperationId":"a06wiv5qwf0ggzg"}
{"type":"log","timestamp":1706084622887,"level":"debug","message":"Page request finished: GET (stylesheet) 200 https://cdnjs.cloudflare.com/ajax/libs/metro/4.1.5/css/metro.min.css","meta":{"rootId":"5bg6gvdtzn3ci0t","id":"5bg6gvdtzn3ci0t"},"id":"6zg97ro7q4azyv2","previousOperationId":"a06wiv5qwf0ggzg"}
{"type":"log","timestamp":1706084623033,"level":"debug","message":"Running chrome with params {\"printBackground\":true,\"marginTop\":\"4cm\",\"marginRight\":\"1.5cm\",\"marginBottom\":\"1.5cm\",\"marginLeft\":\"1.5cm\",\"waitForJS\":false,\"timeout\":55539,\"margin\":{\"top\":\"4cm\",\"right\":\"1.5cm\",\"bottom\":\"1.5cm\",\"left\":\"1.5cm\"}}","meta":{"rootId":"5bg6gvdtzn3ci0t","id":"5bg6gvdtzn3ci0t"},"id":"feogosy2kgzdxl8","previousOperationId":"a06wiv5qwf0ggzg"}
{"type":"operationEnd","operationId":"a06wiv5qwf0ggzg","timestamp":1706084623280,"id":"ql7930bij374q4g","previousEventId":"630lydtfbrz5gko","previousOperationId":"a06wiv5qwf0ggzg"}
{"type":"log","timestamp":1706084623281,"level":"info","message":"pdf-utils is starting pdf processing","meta":{"rootId":"5bg6gvdtzn3ci0t","id":"5bg6gvdtzn3ci0t"},"id":"t740yw62iqb64c6","previousOperationId":"a06wiv5qwf0ggzg"}
{"type":"operationStart","subtype":"pdfUtils","name":"pdf utils","timestamp":1706084624222,"id":"dzlr244veirtzui","previousEventId":"ql7930bij374q4g","operationId":"bixu2sc824osgtj","previousOperationId":"a06wiv5qwf0ggzg"}
{"type":"log","timestamp":1706084624224,"level":"debug","message":"pdf-utils detected 1 pdf operation(s) to process","meta":{"rootId":"5bg6gvdtzn3ci0t","id":"5bg6gvdtzn3ci0t"},"id":"7i57rqg6j9hnd25","previousOperationId":"bixu2sc824osgtj"}
{"type":"log","timestamp":1706084625243,"level":"debug","message":"pdf-utils running pdf operation merge","meta":{"rootId":"5bg6gvdtzn3ci0t","id":"5bg6gvdtzn3ci0t"},"id":"ixwk5g5t3z1l95y","previousOperationId":"bixu2sc824osgtj"}
{"type":"operationStart","subtype":"pdfUtilsMerge","name":"pdf utils merge","previousOperationId":"bixu2sc824osgtj","timestamp":1706084625244,"id":"vswignkyu3yrtt0","previousEventId":"dzlr244veirtzui","operationId":"oyflfy7hx4tefn4"}
{"type":"operationStart","subtype":"render","name":"orders-header","previousOperationId":"oyflfy7hx4tefn4","timestamp":1706084625251,"id":"owq7mnt6blpeix0","previousEventId":"vswignkyu3yrtt0","operationId":"zoj645f0417kl8y"}
{"type":"log","timestamp":1706084625251,"level":"info","message":"Starting rendering (child) request","meta":{"rootId":"5bg6gvdtzn3ci0t","id":"48dzwp9kl3tocmq"},"id":"so41n7q8uqaap65","previousOperationId":"zoj645f0417kl8y"}
{"type":"log","timestamp":1706084625251,"level":"info","message":"Rendering template { name: orders-header, recipe: chrome-pdf, engine: handlebars, preview: false }","meta":{"rootId":"5bg6gvdtzn3ci0t","id":"48dzwp9kl3tocmq"},"id":"kkz95515ntjz2v6","previousOperationId":"zoj645f0417kl8y"}
{"type":"log","timestamp":1706084625259,"level":"debug","message":"Inline data specified.","meta":{"rootId":"5bg6gvdtzn3ci0t","id":"48dzwp9kl3tocmq"},"id":"8enlxxvmu9di02w","previousOperationId":"zoj645f0417kl8y"}
{"type":"log","timestamp":1706084625266,"level":"debug","message":"Base url not specified, skipping its injection.","meta":{"rootId":"5bg6gvdtzn3ci0t","id":"48dzwp9kl3tocmq"},"id":"wrsgo6hxn7psy3d","previousOperationId":"zoj645f0417kl8y"}
{"type":"operationStart","subtype":"engine","name":"handlebars","timestamp":1706084625266,"id":"wzs34e23695u2ry","previousEventId":"owq7mnt6blpeix0","operationId":"szekyrkgzkbc7pr","previousOperationId":"zoj645f0417kl8y"}
{"type":"log","timestamp":1706084625266,"level":"debug","message":"Rendering engine handlebars","meta":{"rootId":"5bg6gvdtzn3ci0t","id":"48dzwp9kl3tocmq"},"id":"33kdhzc04fb39p3","previousOperationId":"szekyrkgzkbc7pr"}
{"type":"operationEnd","operationId":"szekyrkgzkbc7pr","timestamp":1706084625337,"id":"jb9h3zdmhqr2xk1","previousEventId":"wzs34e23695u2ry","previousOperationId":"szekyrkgzkbc7pr"}
{"type":"operationStart","subtype":"recipe","name":"chrome-pdf","timestamp":1706084625338,"id":"0wn7spox7hdnmfe","previousEventId":"jb9h3zdmhqr2xk1","operationId":"f6fb187nqms8qv4","previousOperationId":"szekyrkgzkbc7pr"}
{"type":"log","timestamp":1706084625338,"level":"debug","message":"Executing recipe chrome-pdf","meta":{"rootId":"5bg6gvdtzn3ci0t","id":"48dzwp9kl3tocmq"},"id":"4vn9tnrgfcmfewl","previousOperationId":"f6fb187nqms8qv4"}
{"type":"log","timestamp":1706084625343,"level":"debug","message":"Converting with chrome HeadlessChrome/117.0.5938.149 using chrome-pool strategy","meta":{"rootId":"5bg6gvdtzn3ci0t","id":"48dzwp9kl3tocmq"},"id":"44nei3nxsyk67a5","previousOperationId":"f6fb187nqms8qv4"}
{"type":"log","timestamp":1706084625559,"level":"debug","message":"Page request: GET (document) file:///C:/Users/franc/AppData/Local/Temp/jsreport/autocleanup/abc0d593-6a3c-4a57-8b57-254045134ef5-chrome-pdf.html","meta":{"rootId":"5bg6gvdtzn3ci0t","id":"48dzwp9kl3tocmq"},"id":"ncl4nvnyje0h1fu","previousOperationId":"f6fb187nqms8qv4"}
{"type":"log","timestamp":1706084625607,"level":"debug","message":"Page request: GET (stylesheet) https://cdnjs.cloudflare.com/ajax/libs/metro/4.1.5/css/metro.min.css","meta":{"rootId":"5bg6gvdtzn3ci0t","id":"48dzwp9kl3tocmq"},"id":"zuwa0idw1a0mbim","previousOperationId":"f6fb187nqms8qv4"}
{"type":"log","timestamp":1706084625608,"level":"debug","message":"Page request finished: GET (document) 200 file:///C:/Users/franc/AppData/Local/Temp/jsreport/autocleanup/abc0d593-6a3c-4a57-8b57-254045134ef5-chrome-pdf.html","meta":{"rootId":"5bg6gvdtzn3ci0t","id":"48dzwp9kl3tocmq"},"id":"3w2c5a2uaaspoml","previousOperationId":"f6fb187nqms8qv4"}
{"type":"log","timestamp":1706084625653,"level":"debug","message":"Page request finished: GET (stylesheet) 200 https://cdnjs.cloudflare.com/ajax/libs/metro/4.1.5/css/metro.min.css","meta":{"rootId":"5bg6gvdtzn3ci0t","id":"48dzwp9kl3tocmq"},"id":"cckjf4zxm1b3yi9","previousOperationId":"f6fb187nqms8qv4"}
{"type":"log","timestamp":1706084625696,"level":"debug","message":"Running chrome with params {\"printBackground\":true,\"marginTop\":\"1.5cm\",\"marginRight\":\"1.5cm\",\"marginLeft\":\"1.cm\",\"timeout\":51654,\"margin\":{\"top\":\"1.5cm\",\"right\":\"1.5cm\",\"left\":\"1.cm\"}}","meta":{"rootId":"5bg6gvdtzn3ci0t","id":"48dzwp9kl3tocmq"},"id":"jjwbor2wf8s4xb5","previousOperationId":"f6fb187nqms8qv4"}
{"type":"operationEnd","operationId":"f6fb187nqms8qv4","timestamp":1706084625786,"id":"jersutflqz5241m","previousEventId":"0wn7spox7hdnmfe","previousOperationId":"f6fb187nqms8qv4"}
{"type":"log","timestamp":1706084625787,"level":"debug","message":"Skipping storing report.","meta":{"rootId":"5bg6gvdtzn3ci0t","id":"48dzwp9kl3tocmq"},"id":"s450rrjw6y0f3y9","previousOperationId":"f6fb187nqms8qv4"}
{"type":"log","timestamp":1706084625787,"level":"info","message":"Rendering (child) request finished in 8792 ms","meta":{"rootId":"5bg6gvdtzn3ci0t","id":"48dzwp9kl3tocmq"},"id":"p1khzcpvzhzf5wg","previousOperationId":"f6fb187nqms8qv4"}
{"type":"operationEnd","subtype":"render","operationId":"zoj645f0417kl8y","timestamp":1706084625787,"id":"h9djwc469m2wc8x","previousEventId":"jersutflqz5241m","previousOperationId":"f6fb187nqms8qv4"}
{"type":"operationEnd","operationId":"oyflfy7hx4tefn4","timestamp":1706084625858,"id":"80tb6h4g1ts8g7p","previousEventId":"vswignkyu3yrtt0","previousOperationId":"oyflfy7hx4tefn4"}
{"type":"log","timestamp":1706084625858,"level":"debug","message":"pdf-utils postproces start","meta":{"rootId":"5bg6gvdtzn3ci0t","id":"5bg6gvdtzn3ci0t"},"id":"pwovi90mbbjwxlq","previousOperationId":"oyflfy7hx4tefn4"}
{"type":"log","timestamp":1706084625944,"level":"debug","message":"pdf-utils postproces end","meta":{"rootId":"5bg6gvdtzn3ci0t","id":"5bg6gvdtzn3ci0t"},"id":"1gygu3q28n4iu0g","previousOperationId":"oyflfy7hx4tefn4"}
{"type":"operationEnd","operationId":"bixu2sc824osgtj","timestamp":1706084625944,"id":"5ykjzocilyq0tlm","previousEventId":"80tb6h4g1ts8g7p","previousOperationId":"oyflfy7hx4tefn4"}
{"type":"log","timestamp":1706084625944,"level":"info","message":"pdf-utils pdf processing was finished","meta":{"rootId":"5bg6gvdtzn3ci0t","id":"5bg6gvdtzn3ci0t"},"id":"a5vlhsbx4z5clho","previousOperationId":"bixu2sc824osgtj"}
{"type":"log","timestamp":1706084625944,"level":"debug","message":"Skipping storing report.","meta":{"rootId":"5bg6gvdtzn3ci0t","id":"5bg6gvdtzn3ci0t"},"id":"fkf5y1o2ubt0ly8","previousOperationId":"bixu2sc824osgtj"}
{"type":"log","timestamp":1706084625944,"level":"info","message":"Rendering request 81 finished in 8949 ms","meta":{"rootId":"5bg6gvdtzn3ci0t","id":"5bg6gvdtzn3ci0t"},"id":"oer5kc578oaru5v","previousOperationId":"bixu2sc824osgtj"}
{"type":"operationEnd","subtype":"render","operationId":"hugkev2trm5ugct","timestamp":1706084625945,"id":"rdpg3ak0kv1o2dv","previousEventId":"5ykjzocilyq0tlm","previousOperationId":"bixu2sc824osgtj"}
{"type":"operationEnd","doDiffs":false,"previousEventId":"1t8tkjhddmv6yn0","previousOperationId":"w95fb85jjvm3w2z","operationId":"w95fb85jjvm3w2z","timestamp":1706084625953,"id":"q84x4adgv87szf0"}
