{"type":"operationStart","subtype":"profile","data":{"_id":"tcw5BcMNoTQxrDbC","timestamp":"2024-01-23T11:02:06.673Z","state":"queued","mode":"standard","creationDate":"2024-01-23T11:02:06.676Z","modificationDate":"2024-01-23T11:02:06.676Z","shortid":"0MneFHB","$entitySet":"profiles"},"doDiffs":false,"timestamp":1706007726675,"id":"v4ira1vqs62bzmu","previousOperationId":null,"operationId":"u7wcuehyidzaxmp"}
{"type":"log","level":"info","message":"Render request 55 queued for execution and waiting for available worker","previousOperationId":"u7wcuehyidzaxmp","timestamp":1706007726675,"id":"qb3ti4uakxyaths"}
{"type":"operationStart","subtype":"render","name":"orders-main","previousOperationId":"u7wcuehyidzaxmp","timestamp":1706007726689,"id":"jchqhbi9j9fo89a","previousEventId":"v4ira1vqs62bzmu","operationId":"3184byaw56ui6k2"}
{"type":"log","timestamp":1706007726689,"level":"info","message":"Starting rendering request 55","meta":{"rootId":"71eaebxbuorepon","id":"71eaebxbuorepon"},"id":"tdq0kfm78nmocrf","previousOperationId":"3184byaw56ui6k2"}
{"type":"log","timestamp":1706007726689,"level":"info","message":"Rendering template { name: orders-main, recipe: chrome-pdf, engine: handlebars, preview: false }","meta":{"rootId":"71eaebxbuorepon","id":"71eaebxbuorepon"},"id":"1jmdkuqx2ek8kqo","previousOperationId":"3184byaw56ui6k2"}
{"type":"log","timestamp":1706007726692,"level":"debug","message":"Inline data specified.","meta":{"rootId":"71eaebxbuorepon","id":"71eaebxbuorepon"},"id":"46v0ze09la9j3sf","previousOperationId":"3184byaw56ui6k2"}
{"type":"log","timestamp":1706007726702,"level":"debug","message":"Executing script orders-script (beforeRender)","meta":{"rootId":"71eaebxbuorepon","id":"71eaebxbuorepon"},"id":"8j6cn9q7gkf4kys","previousOperationId":"3184byaw56ui6k2"}
{"type":"operationStart","subtype":"scriptsBeforeRender","name":"scripts beforeRender","timestamp":1706007726725,"id":"sywyec2jep8igyq","previousEventId":"jchqhbi9j9fo89a","operationId":"4su71murv5ub080","previousOperationId":"3184byaw56ui6k2"}
{"type":"operationStart","subtype":"script","name":"scripts orders-script","previousOperationId":"4su71murv5ub080","timestamp":1706007726725,"id":"lubgc5hsck67rlm","previousEventId":"sywyec2jep8igyq","operationId":"xej1e4vvc59loo1"}
{"type":"operationEnd","operationId":"xej1e4vvc59loo1","timestamp":1706007728595,"id":"bk6003ebryjnspn","previousEventId":"jchqhbi9j9fo89a","previousOperationId":"3184byaw56ui6k2"}
{"type":"operationEnd","operationId":"4su71murv5ub080","timestamp":1706007728595,"id":"hgq8igilezjhyz4","previousEventId":"bk6003ebryjnspn","previousOperationId":"3184byaw56ui6k2"}
{"type":"log","timestamp":1706007728595,"level":"debug","message":"Base url not specified, skipping its injection.","meta":{"rootId":"71eaebxbuorepon","id":"71eaebxbuorepon"},"id":"3hzmf0tj4wypnbt","previousOperationId":"4su71murv5ub080"}
{"type":"operationStart","subtype":"engine","name":"handlebars","timestamp":1706007728596,"id":"2b0nfq68851tq1k","previousEventId":"hgq8igilezjhyz4","operationId":"84rta5acrpw00pm","previousOperationId":"4su71murv5ub080"}
{"type":"log","timestamp":1706007728596,"level":"debug","message":"Rendering engine handlebars","meta":{"rootId":"71eaebxbuorepon","id":"71eaebxbuorepon"},"id":"weq0pcu023z8c71","previousOperationId":"84rta5acrpw00pm"}
{"type":"log","timestamp":1706007728628,"level":"debug","message":"(console:log) Pdf utils adding group field, value: \"France\"","meta":{"userLevel":true,"rootId":"71eaebxbuorepon","id":"71eaebxbuorepon"},"id":"ltckw42y85hg4jn","previousOperationId":"84rta5acrpw00pm"}
{"type":"log","timestamp":1706007728630,"level":"debug","message":"(console:log) Pdf utils adding group field, value: \"Germany\"","meta":{"userLevel":true,"rootId":"71eaebxbuorepon","id":"71eaebxbuorepon"},"id":"svxvlztcgdio2gs","previousOperationId":"84rta5acrpw00pm"}
{"type":"operationEnd","operationId":"84rta5acrpw00pm","timestamp":1706007728631,"id":"xn7u6w4ryat110p","previousEventId":"2b0nfq68851tq1k","previousOperationId":"84rta5acrpw00pm"}
{"type":"operationStart","subtype":"recipe","name":"chrome-pdf","timestamp":1706007728635,"id":"39yhv2wfbbfxq4h","previousEventId":"xn7u6w4ryat110p","operationId":"wn3s3c55x2o2e70","previousOperationId":"84rta5acrpw00pm"}
{"type":"log","timestamp":1706007728635,"level":"debug","message":"Executing recipe chrome-pdf","meta":{"rootId":"71eaebxbuorepon","id":"71eaebxbuorepon"},"id":"qksak24x7tze8wq","previousOperationId":"wn3s3c55x2o2e70"}
{"type":"log","timestamp":1706007728644,"level":"debug","message":"Converting with chrome HeadlessChrome/117.0.5938.149 using chrome-pool strategy","meta":{"rootId":"71eaebxbuorepon","id":"71eaebxbuorepon"},"id":"rqbh2m2bo1dd0um","previousOperationId":"wn3s3c55x2o2e70"}
{"type":"log","timestamp":1706007728885,"level":"debug","message":"Page request: GET (document) file:///C:/Users/franc/AppData/Local/Temp/jsreport/autocleanup/d446257f-28df-454f-8488-f9b4943d445c-chrome-pdf.html","meta":{"rootId":"71eaebxbuorepon","id":"71eaebxbuorepon"},"id":"s6wd862mh5cv51f","previousOperationId":"wn3s3c55x2o2e70"}
{"type":"log","timestamp":1706007728990,"level":"debug","message":"Page request: GET (stylesheet) https://cdnjs.cloudflare.com/ajax/libs/metro/4.1.5/css/metro.min.css","meta":{"rootId":"71eaebxbuorepon","id":"71eaebxbuorepon"},"id":"3cd87prb74gbvw9","previousOperationId":"wn3s3c55x2o2e70"}
{"type":"log","timestamp":1706007728990,"level":"debug","message":"Page request: GET (script) https://cdnjs.cloudflare.com/ajax/libs/Chart.js/2.7.2/Chart.min.js","meta":{"rootId":"71eaebxbuorepon","id":"71eaebxbuorepon"},"id":"9l0ty5t6vwpx4l7","previousOperationId":"wn3s3c55x2o2e70"}
{"type":"log","timestamp":1706007728991,"level":"debug","message":"Page request finished: GET (document) 200 file:///C:/Users/franc/AppData/Local/Temp/jsreport/autocleanup/d446257f-28df-454f-8488-f9b4943d445c-chrome-pdf.html","meta":{"rootId":"71eaebxbuorepon","id":"71eaebxbuorepon"},"id":"wcmdp0img02xqfl","previousOperationId":"wn3s3c55x2o2e70"}
{"type":"log","timestamp":1706007729023,"level":"debug","message":"Page request finished: GET (stylesheet) 200 https://cdnjs.cloudflare.com/ajax/libs/metro/4.1.5/css/metro.min.css","meta":{"rootId":"71eaebxbuorepon","id":"71eaebxbuorepon"},"id":"y0gvrxl0zzov4xw","previousOperationId":"wn3s3c55x2o2e70"}
{"type":"log","timestamp":1706007729023,"level":"debug","message":"Page request finished: GET (script) 200 https://cdnjs.cloudflare.com/ajax/libs/Chart.js/2.7.2/Chart.min.js","meta":{"rootId":"71eaebxbuorepon","id":"71eaebxbuorepon"},"id":"r871bwxdavxqsdd","previousOperationId":"wn3s3c55x2o2e70"}
{"type":"log","timestamp":1706007729156,"level":"debug","message":"Running chrome with params {\"printBackground\":true,\"marginTop\":\"4cm\",\"marginRight\":\"1.5cm\",\"marginBottom\":\"1.5cm\",\"marginLeft\":\"1.5cm\",\"waitForJS\":false,\"timeout\":58031,\"margin\":{\"top\":\"4cm\",\"right\":\"1.5cm\",\"bottom\":\"1.5cm\",\"left\":\"1.5cm\"}}","meta":{"rootId":"71eaebxbuorepon","id":"71eaebxbuorepon"},"id":"sivbrssuil7f59z","previousOperationId":"wn3s3c55x2o2e70"}
{"type":"operationEnd","operationId":"wn3s3c55x2o2e70","timestamp":1706007729365,"id":"26w49kapd2zg8z1","previousEventId":"39yhv2wfbbfxq4h","previousOperationId":"wn3s3c55x2o2e70"}
{"type":"log","timestamp":1706007729365,"level":"info","message":"pdf-utils is starting pdf processing","meta":{"rootId":"71eaebxbuorepon","id":"71eaebxbuorepon"},"id":"04okuzb15bh0da9","previousOperationId":"wn3s3c55x2o2e70"}
{"type":"operationStart","subtype":"pdfUtils","name":"pdf utils","timestamp":1706007729365,"id":"ia6h2rdv7jcfp46","previousEventId":"26w49kapd2zg8z1","operationId":"l532l4kvsn1pvll","previousOperationId":"wn3s3c55x2o2e70"}
{"type":"log","timestamp":1706007729374,"level":"debug","message":"pdf-utils detected 1 pdf operation(s) to process","meta":{"rootId":"71eaebxbuorepon","id":"71eaebxbuorepon"},"id":"o5xmvx8t5x0oop1","previousOperationId":"l532l4kvsn1pvll"}
{"type":"log","timestamp":1706007729569,"level":"debug","message":"pdf-utils running pdf operation merge","meta":{"rootId":"71eaebxbuorepon","id":"71eaebxbuorepon"},"id":"ekm958thhdd3qee","previousOperationId":"l532l4kvsn1pvll"}
{"type":"operationStart","subtype":"pdfUtilsMerge","name":"pdf utils merge","previousOperationId":"l532l4kvsn1pvll","timestamp":1706007729569,"id":"22m9nnzgyto9aa9","previousEventId":"ia6h2rdv7jcfp46","operationId":"vjr0ky4gn64v5jw"}
{"type":"operationStart","subtype":"render","name":"orders-header","previousOperationId":"vjr0ky4gn64v5jw","timestamp":1706007729574,"id":"b5stx9muofdldv5","previousEventId":"22m9nnzgyto9aa9","operationId":"44187ihawyj1o06"}
{"type":"log","timestamp":1706007729574,"level":"info","message":"Starting rendering (child) request","meta":{"rootId":"71eaebxbuorepon","id":"1nzeelgxv39mlxi"},"id":"m537kytiiv9ikyw","previousOperationId":"44187ihawyj1o06"}
{"type":"log","timestamp":1706007729575,"level":"info","message":"Rendering template { name: orders-header, recipe: chrome-pdf, engine: handlebars, preview: false }","meta":{"rootId":"71eaebxbuorepon","id":"1nzeelgxv39mlxi"},"id":"vogaw2vf1smplif","previousOperationId":"44187ihawyj1o06"}
{"type":"log","timestamp":1706007729581,"level":"debug","message":"Inline data specified.","meta":{"rootId":"71eaebxbuorepon","id":"1nzeelgxv39mlxi"},"id":"uvhq32dacnh35hy","previousOperationId":"44187ihawyj1o06"}
{"type":"log","timestamp":1706007729585,"level":"debug","message":"Base url not specified, skipping its injection.","meta":{"rootId":"71eaebxbuorepon","id":"1nzeelgxv39mlxi"},"id":"mmhazf0w68ynsie","previousOperationId":"44187ihawyj1o06"}
{"type":"operationStart","subtype":"engine","name":"handlebars","timestamp":1706007729585,"id":"vj3nijzl34g9aat","previousEventId":"b5stx9muofdldv5","operationId":"0k8ox3qfmjy8fat","previousOperationId":"44187ihawyj1o06"}
{"type":"log","timestamp":1706007729585,"level":"debug","message":"Rendering engine handlebars","meta":{"rootId":"71eaebxbuorepon","id":"1nzeelgxv39mlxi"},"id":"3mpdazngv2ghdr1","previousOperationId":"0k8ox3qfmjy8fat"}
{"type":"operationEnd","operationId":"0k8ox3qfmjy8fat","timestamp":1706007729613,"id":"erlel2gwfjbz0ep","previousEventId":"vj3nijzl34g9aat","previousOperationId":"0k8ox3qfmjy8fat"}
{"type":"operationStart","subtype":"recipe","name":"chrome-pdf","timestamp":1706007729614,"id":"6od0t82xtzftp7r","previousEventId":"erlel2gwfjbz0ep","operationId":"xa00noy4fdx4xji","previousOperationId":"0k8ox3qfmjy8fat"}
{"type":"log","timestamp":1706007729614,"level":"debug","message":"Executing recipe chrome-pdf","meta":{"rootId":"71eaebxbuorepon","id":"1nzeelgxv39mlxi"},"id":"vae7c49wnz0l3im","previousOperationId":"xa00noy4fdx4xji"}
{"type":"log","timestamp":1706007729625,"level":"debug","message":"Converting with chrome HeadlessChrome/117.0.5938.149 using chrome-pool strategy","meta":{"rootId":"71eaebxbuorepon","id":"1nzeelgxv39mlxi"},"id":"p7075l42qw95g86","previousOperationId":"xa00noy4fdx4xji"}
{"type":"log","timestamp":1706007729767,"level":"debug","message":"Page request: GET (document) file:///C:/Users/franc/AppData/Local/Temp/jsreport/autocleanup/19a0505f-9155-4eed-867c-423220fc2028-chrome-pdf.html","meta":{"rootId":"71eaebxbuorepon","id":"1nzeelgxv39mlxi"},"id":"exbvd38kkonqxas","previousOperationId":"xa00noy4fdx4xji"}
{"type":"log","timestamp":1706007729787,"level":"debug","message":"Page request: GET (stylesheet) https://cdnjs.cloudflare.com/ajax/libs/metro/4.1.5/css/metro.min.css","meta":{"rootId":"71eaebxbuorepon","id":"1nzeelgxv39mlxi"},"id":"e5dly39nvajoxop","previousOperationId":"xa00noy4fdx4xji"}
{"type":"log","timestamp":1706007729787,"level":"debug","message":"Page request finished: GET (document) 200 file:///C:/Users/franc/AppData/Local/Temp/jsreport/autocleanup/19a0505f-9155-4eed-867c-423220fc2028-chrome-pdf.html","meta":{"rootId":"71eaebxbuorepon","id":"1nzeelgxv39mlxi"},"id":"dgrhl2urdi8pnl9","previousOperationId":"xa00noy4fdx4xji"}
{"type":"log","timestamp":1706007729832,"level":"debug","message":"Page request finished: GET (stylesheet) 200 https://cdnjs.cloudflare.com/ajax/libs/metro/4.1.5/css/metro.min.css","meta":{"rootId":"71eaebxbuorepon","id":"1nzeelgxv39mlxi"},"id":"9qxvz8r8xszmddd","previousOperationId":"xa00noy4fdx4xji"}
{"type":"log","timestamp":1706007729876,"level":"debug","message":"Running chrome with params {\"printBackground\":true,\"marginTop\":\"1.5cm\",\"marginRight\":\"1.5cm\",\"marginLeft\":\"1.cm\",\"timeout\":57057,\"margin\":{\"top\":\"1.5cm\",\"right\":\"1.5cm\",\"left\":\"1.cm\"}}","meta":{"rootId":"71eaebxbuorepon","id":"1nzeelgxv39mlxi"},"id":"oyi3hbyl2lhqccm","previousOperationId":"xa00noy4fdx4xji"}
{"type":"operationEnd","operationId":"xa00noy4fdx4xji","timestamp":1706007729964,"id":"hx4e90i6p95zgz9","previousEventId":"6od0t82xtzftp7r","previousOperationId":"xa00noy4fdx4xji"}
{"type":"log","timestamp":1706007729964,"level":"debug","message":"Skipping storing report.","meta":{"rootId":"71eaebxbuorepon","id":"1nzeelgxv39mlxi"},"id":"coo58g5c4el6yra","previousOperationId":"xa00noy4fdx4xji"}
{"type":"log","timestamp":1706007729964,"level":"info","message":"Rendering (child) request finished in 3291 ms","meta":{"rootId":"71eaebxbuorepon","id":"1nzeelgxv39mlxi"},"id":"8h6hj6uw4aq9rlr","previousOperationId":"xa00noy4fdx4xji"}
{"type":"operationEnd","subtype":"render","operationId":"44187ihawyj1o06","timestamp":1706007729965,"id":"6d387p8wl5ylw9w","previousEventId":"hx4e90i6p95zgz9","previousOperationId":"xa00noy4fdx4xji"}
{"type":"operationEnd","operationId":"vjr0ky4gn64v5jw","timestamp":1706007730028,"id":"3kkk0f0uq28h8nl","previousEventId":"22m9nnzgyto9aa9","previousOperationId":"vjr0ky4gn64v5jw"}
{"type":"log","timestamp":1706007730028,"level":"debug","message":"pdf-utils postproces start","meta":{"rootId":"71eaebxbuorepon","id":"71eaebxbuorepon"},"id":"bix4iyjt39zv3v9","previousOperationId":"vjr0ky4gn64v5jw"}
{"type":"log","timestamp":1706007730094,"level":"debug","message":"pdf-utils postproces end","meta":{"rootId":"71eaebxbuorepon","id":"71eaebxbuorepon"},"id":"7uyoa2kjmwxxqst","previousOperationId":"vjr0ky4gn64v5jw"}
{"type":"operationEnd","operationId":"l532l4kvsn1pvll","timestamp":1706007730094,"id":"kx22hh85ocb2vgh","previousEventId":"3kkk0f0uq28h8nl","previousOperationId":"vjr0ky4gn64v5jw"}
{"type":"log","timestamp":1706007730094,"level":"info","message":"pdf-utils pdf processing was finished","meta":{"rootId":"71eaebxbuorepon","id":"71eaebxbuorepon"},"id":"soprmusuln176lj","previousOperationId":"l532l4kvsn1pvll"}
{"type":"log","timestamp":1706007730094,"level":"debug","message":"Skipping storing report.","meta":{"rootId":"71eaebxbuorepon","id":"71eaebxbuorepon"},"id":"2btw5bam83gttji","previousOperationId":"l532l4kvsn1pvll"}
{"type":"log","timestamp":1706007730094,"level":"info","message":"Rendering request 55 finished in 3421 ms","meta":{"rootId":"71eaebxbuorepon","id":"71eaebxbuorepon"},"id":"99gs6d478doitzm","previousOperationId":"l532l4kvsn1pvll"}
{"type":"operationEnd","subtype":"render","operationId":"3184byaw56ui6k2","timestamp":1706007730095,"id":"eizu462tcr2swk4","previousEventId":"kx22hh85ocb2vgh","previousOperationId":"l532l4kvsn1pvll"}
{"type":"operationEnd","doDiffs":false,"previousEventId":"v4ira1vqs62bzmu","previousOperationId":"u7wcuehyidzaxmp","operationId":"u7wcuehyidzaxmp","timestamp":1706007730106,"id":"5w81si640lw3ngp"}
