{"type":"operationStart","subtype":"profile","data":{"_id":"H7mKwV3OSjV6mXnh","timestamp":"2024-03-01T09:31:43.032Z","state":"queued","mode":"standard","creationDate":"2024-03-01T09:31:43.036Z","modificationDate":"2024-03-01T09:31:43.036Z","shortid":"eerAoX6","$entitySet":"profiles"},"doDiffs":false,"timestamp":1709285503033,"id":"t3dy2fzzxec50as","previousOperationId":null,"operationId":"h3kuqkbp0v6p575"}
{"type":"log","level":"info","message":"Render request 1 queued for execution and waiting for available worker","previousOperationId":"h3kuqkbp0v6p575","timestamp":1709285503034,"id":"pkowbnmhxkhylha"}
{"type":"operationStart","subtype":"render","name":"orders-main","previousOperationId":"h3kuqkbp0v6p575","timestamp":1709285503077,"id":"h2pdh7gi4uqqeuw","previousEventId":"t3dy2fzzxec50as","operationId":"s9mleqtmczegaq2"}
{"type":"log","timestamp":1709285503077,"level":"info","message":"Starting rendering request 1","meta":{"rootId":"bqu4ieulf0fyme7","id":"bqu4ieulf0fyme7"},"id":"qfaqpjutuph2nzy","previousOperationId":"s9mleqtmczegaq2"}
{"type":"log","timestamp":1709285503079,"level":"info","message":"Rendering template { name: orders-main, recipe: chrome-pdf, engine: handlebars, preview: true }","meta":{"rootId":"bqu4ieulf0fyme7","id":"bqu4ieulf0fyme7"},"id":"fyw1qzsvezhhste","previousOperationId":"s9mleqtmczegaq2"}
{"type":"log","timestamp":1709285503083,"level":"debug","message":"Data item not defined for this template.","meta":{"rootId":"bqu4ieulf0fyme7","id":"bqu4ieulf0fyme7"},"id":"xkfefre7ttkkiom","previousOperationId":"s9mleqtmczegaq2"}
{"type":"log","timestamp":1709285503102,"level":"debug","message":"Executing script orders-script (beforeRender)","meta":{"rootId":"bqu4ieulf0fyme7","id":"bqu4ieulf0fyme7"},"id":"zh4r8kxhf2zlr9l","previousOperationId":"s9mleqtmczegaq2"}
{"type":"operationStart","subtype":"scriptsBeforeRender","name":"scripts beforeRender","timestamp":1709285503447,"id":"tihti81lddajhy3","previousEventId":"h2pdh7gi4uqqeuw","operationId":"dwatfdhqijfvff4","previousOperationId":"s9mleqtmczegaq2"}
{"type":"operationStart","subtype":"script","name":"scripts orders-script","previousOperationId":"dwatfdhqijfvff4","timestamp":1709285503447,"id":"c8xotdq9e32t5l4","previousEventId":"tihti81lddajhy3","operationId":"jmr06l7t3iwnpfs"}
{"type":"operationEnd","operationId":"jmr06l7t3iwnpfs","timestamp":1709285505025,"id":"4w6n4xqrhckmn5v","previousEventId":"h2pdh7gi4uqqeuw","previousOperationId":"s9mleqtmczegaq2"}
{"type":"operationEnd","operationId":"dwatfdhqijfvff4","timestamp":1709285505025,"id":"90x9hnzr6qh5a2e","previousEventId":"4w6n4xqrhckmn5v","previousOperationId":"s9mleqtmczegaq2"}
{"type":"log","timestamp":1709285505025,"level":"debug","message":"Base url not specified, skipping its injection.","meta":{"rootId":"bqu4ieulf0fyme7","id":"bqu4ieulf0fyme7"},"id":"4443g3zjqzc58n2","previousOperationId":"dwatfdhqijfvff4"}
{"type":"operationStart","subtype":"engine","name":"handlebars","timestamp":1709285505027,"id":"goek1kugflshg31","previousEventId":"90x9hnzr6qh5a2e","operationId":"ic2n1iyb1iyvzia","previousOperationId":"dwatfdhqijfvff4"}
{"type":"log","timestamp":1709285505027,"level":"debug","message":"Rendering engine handlebars","meta":{"rootId":"bqu4ieulf0fyme7","id":"bqu4ieulf0fyme7"},"id":"b6srd2yax3ao50f","previousOperationId":"ic2n1iyb1iyvzia"}
{"type":"log","timestamp":1709285505387,"level":"debug","message":"(console:log) Pdf utils adding group field, value: \"France\"","meta":{"userLevel":true,"rootId":"bqu4ieulf0fyme7","id":"bqu4ieulf0fyme7"},"id":"6qfm0sfvxlngtr0","previousOperationId":"ic2n1iyb1iyvzia"}
{"type":"log","timestamp":1709285505388,"level":"debug","message":"(console:log) Pdf utils adding group field, value: \"Germany\"","meta":{"userLevel":true,"rootId":"bqu4ieulf0fyme7","id":"bqu4ieulf0fyme7"},"id":"0x6kotehqrjalmc","previousOperationId":"ic2n1iyb1iyvzia"}
{"type":"operationEnd","operationId":"ic2n1iyb1iyvzia","timestamp":1709285505389,"id":"if98evlotmrrhmh","previousEventId":"goek1kugflshg31","previousOperationId":"ic2n1iyb1iyvzia"}
{"type":"operationStart","subtype":"recipe","name":"chrome-pdf","timestamp":1709285505390,"id":"rco2clm1zxk1dkj","previousEventId":"if98evlotmrrhmh","operationId":"6oqkgy5khynm9bc","previousOperationId":"ic2n1iyb1iyvzia"}
{"type":"log","timestamp":1709285505390,"level":"debug","message":"Executing recipe chrome-pdf","meta":{"rootId":"bqu4ieulf0fyme7","id":"bqu4ieulf0fyme7"},"id":"9x2wvtsdk5ors2k","previousOperationId":"6oqkgy5khynm9bc"}
{"type":"log","timestamp":1709285506096,"level":"debug","message":"Converting with chrome HeadlessChrome/117.0.5938.149 using chrome-pool strategy","meta":{"rootId":"bqu4ieulf0fyme7","id":"bqu4ieulf0fyme7"},"id":"14r5eghy41n34ff","previousOperationId":"6oqkgy5khynm9bc"}
{"type":"log","timestamp":1709285506283,"level":"debug","message":"Page request: GET (document) file:///C:/Users/franc/AppData/Local/Temp/jsreport/autocleanup/34438e01-c4e6-40db-b749-a3a7e2e77c1a-chrome-pdf.html","meta":{"rootId":"bqu4ieulf0fyme7","id":"bqu4ieulf0fyme7"},"id":"mz38nwamd13bkym","previousOperationId":"6oqkgy5khynm9bc"}
{"type":"log","timestamp":1709285506342,"level":"debug","message":"Page request: GET (stylesheet) https://cdnjs.cloudflare.com/ajax/libs/metro/4.1.5/css/metro.min.css","meta":{"rootId":"bqu4ieulf0fyme7","id":"bqu4ieulf0fyme7"},"id":"q3wfq6otrprhnl6","previousOperationId":"6oqkgy5khynm9bc"}
{"type":"log","timestamp":1709285506342,"level":"debug","message":"Page request: GET (script) https://cdnjs.cloudflare.com/ajax/libs/Chart.js/2.7.2/Chart.min.js","meta":{"rootId":"bqu4ieulf0fyme7","id":"bqu4ieulf0fyme7"},"id":"4v9nt7yqv6q81vx","previousOperationId":"6oqkgy5khynm9bc"}
{"type":"log","timestamp":1709285506343,"level":"debug","message":"Page request finished: GET (document) 200 file:///C:/Users/franc/AppData/Local/Temp/jsreport/autocleanup/34438e01-c4e6-40db-b749-a3a7e2e77c1a-chrome-pdf.html","meta":{"rootId":"bqu4ieulf0fyme7","id":"bqu4ieulf0fyme7"},"id":"jl3nsrtrtwaehto","previousOperationId":"6oqkgy5khynm9bc"}
{"type":"log","timestamp":1709285508972,"level":"debug","message":"Page request finished: GET (stylesheet) 200 https://cdnjs.cloudflare.com/ajax/libs/metro/4.1.5/css/metro.min.css","meta":{"rootId":"bqu4ieulf0fyme7","id":"bqu4ieulf0fyme7"},"id":"5v5iwulfwew8bfa","previousOperationId":"6oqkgy5khynm9bc"}
{"type":"log","timestamp":1709285508981,"level":"debug","message":"Page request finished: GET (script) 200 https://cdnjs.cloudflare.com/ajax/libs/Chart.js/2.7.2/Chart.min.js","meta":{"rootId":"bqu4ieulf0fyme7","id":"bqu4ieulf0fyme7"},"id":"g522ppyng35zrmt","previousOperationId":"6oqkgy5khynm9bc"}
{"type":"log","timestamp":1709285509076,"level":"debug","message":"Running chrome with params {\"printBackground\":true,\"marginTop\":\"4cm\",\"marginRight\":\"1.5cm\",\"marginBottom\":\"1.5cm\",\"marginLeft\":\"1.5cm\",\"waitForJS\":false,\"timeout\":57170,\"margin\":{\"top\":\"4cm\",\"right\":\"1.5cm\",\"bottom\":\"1.5cm\",\"left\":\"1.5cm\"}}","meta":{"rootId":"bqu4ieulf0fyme7","id":"bqu4ieulf0fyme7"},"id":"g3usw3q1l0e5w2c","previousOperationId":"6oqkgy5khynm9bc"}
{"type":"operationEnd","operationId":"6oqkgy5khynm9bc","timestamp":1709285509243,"id":"ieykjce08fa8mhg","previousEventId":"rco2clm1zxk1dkj","previousOperationId":"6oqkgy5khynm9bc"}
{"type":"log","timestamp":1709285509243,"level":"info","message":"pdf-utils is starting pdf processing","meta":{"rootId":"bqu4ieulf0fyme7","id":"bqu4ieulf0fyme7"},"id":"un7pavfv5h14k1r","previousOperationId":"6oqkgy5khynm9bc"}
{"type":"operationStart","subtype":"pdfUtils","name":"pdf utils","timestamp":1709285509515,"id":"a62qfe0qnyhg8ev","previousEventId":"ieykjce08fa8mhg","operationId":"zjmwo6lmcduucdx","previousOperationId":"6oqkgy5khynm9bc"}
{"type":"log","timestamp":1709285509515,"level":"debug","message":"pdf-utils detected 1 pdf operation(s) to process","meta":{"rootId":"bqu4ieulf0fyme7","id":"bqu4ieulf0fyme7"},"id":"h97pzuu7gltspiq","previousOperationId":"zjmwo6lmcduucdx"}
{"type":"log","timestamp":1709285509792,"level":"debug","message":"pdf-utils running pdf operation merge","meta":{"rootId":"bqu4ieulf0fyme7","id":"bqu4ieulf0fyme7"},"id":"lqzhaoxg3o7110h","previousOperationId":"zjmwo6lmcduucdx"}
{"type":"operationStart","subtype":"pdfUtilsMerge","name":"pdf utils merge","previousOperationId":"zjmwo6lmcduucdx","timestamp":1709285509792,"id":"xew2uncnhzk809w","previousEventId":"a62qfe0qnyhg8ev","operationId":"f2dg2lapra588r1"}
{"type":"operationStart","subtype":"render","name":"orders-header","previousOperationId":"f2dg2lapra588r1","timestamp":1709285509794,"id":"04u0l9fggwsg11j","previousEventId":"xew2uncnhzk809w","operationId":"c5mm5krd2woovvb"}
{"type":"log","timestamp":1709285509794,"level":"info","message":"Starting rendering (child) request","meta":{"rootId":"bqu4ieulf0fyme7","id":"c3k14whvxeutj89"},"id":"sq8jy69x0h53wbp","previousOperationId":"c5mm5krd2woovvb"}
{"type":"log","timestamp":1709285509794,"level":"info","message":"Rendering template { name: orders-header, recipe: chrome-pdf, engine: handlebars, preview: true }","meta":{"rootId":"bqu4ieulf0fyme7","id":"c3k14whvxeutj89"},"id":"8huh7021x9p023q","previousOperationId":"c5mm5krd2woovvb"}
{"type":"log","timestamp":1709285509800,"level":"debug","message":"Inline data specified.","meta":{"rootId":"bqu4ieulf0fyme7","id":"c3k14whvxeutj89"},"id":"7wouyfi1sqhxjcb","previousOperationId":"c5mm5krd2woovvb"}
{"type":"log","timestamp":1709285509802,"level":"debug","message":"Base url not specified, skipping its injection.","meta":{"rootId":"bqu4ieulf0fyme7","id":"c3k14whvxeutj89"},"id":"kd9y6zg0ld7ghba","previousOperationId":"c5mm5krd2woovvb"}
{"type":"operationStart","subtype":"engine","name":"handlebars","timestamp":1709285509802,"id":"ktt7fmlyivtph52","previousEventId":"04u0l9fggwsg11j","operationId":"p2ibd7vov5bqmdg","previousOperationId":"c5mm5krd2woovvb"}
{"type":"log","timestamp":1709285509802,"level":"debug","message":"Rendering engine handlebars","meta":{"rootId":"bqu4ieulf0fyme7","id":"c3k14whvxeutj89"},"id":"drxlqgcmj3y42vp","previousOperationId":"p2ibd7vov5bqmdg"}
{"type":"operationEnd","operationId":"p2ibd7vov5bqmdg","timestamp":1709285509849,"id":"36klzdiqkngsbg0","previousEventId":"ktt7fmlyivtph52","previousOperationId":"p2ibd7vov5bqmdg"}
{"type":"operationStart","subtype":"recipe","name":"chrome-pdf","timestamp":1709285509849,"id":"7as5n7ufypb3pqz","previousEventId":"36klzdiqkngsbg0","operationId":"dyqrar292z4imjl","previousOperationId":"p2ibd7vov5bqmdg"}
{"type":"log","timestamp":1709285509849,"level":"debug","message":"Executing recipe chrome-pdf","meta":{"rootId":"bqu4ieulf0fyme7","id":"c3k14whvxeutj89"},"id":"5kuzksd3ccyj0ln","previousOperationId":"dyqrar292z4imjl"}
{"type":"log","timestamp":1709285509852,"level":"debug","message":"Converting with chrome HeadlessChrome/117.0.5938.149 using chrome-pool strategy","meta":{"rootId":"bqu4ieulf0fyme7","id":"c3k14whvxeutj89"},"id":"lqd1fcyhhhwevkc","previousOperationId":"dyqrar292z4imjl"}
{"type":"log","timestamp":1709285509960,"level":"debug","message":"Page request: GET (document) file:///C:/Users/franc/AppData/Local/Temp/jsreport/autocleanup/80d51b8d-0c59-4bd6-a056-82c693d10187-chrome-pdf.html","meta":{"rootId":"bqu4ieulf0fyme7","id":"c3k14whvxeutj89"},"id":"ukyfsa0tvswd5wf","previousOperationId":"dyqrar292z4imjl"}
{"type":"log","timestamp":1709285509979,"level":"debug","message":"Page request: GET (stylesheet) https://cdnjs.cloudflare.com/ajax/libs/metro/4.1.5/css/metro.min.css","meta":{"rootId":"bqu4ieulf0fyme7","id":"c3k14whvxeutj89"},"id":"c1ojiygqd5amgrf","previousOperationId":"dyqrar292z4imjl"}
{"type":"log","timestamp":1709285509979,"level":"debug","message":"Page request finished: GET (document) 200 file:///C:/Users/franc/AppData/Local/Temp/jsreport/autocleanup/80d51b8d-0c59-4bd6-a056-82c693d10187-chrome-pdf.html","meta":{"rootId":"bqu4ieulf0fyme7","id":"c3k14whvxeutj89"},"id":"bdk8hyz5k591ntq","previousOperationId":"dyqrar292z4imjl"}
{"type":"log","timestamp":1709285509996,"level":"debug","message":"Page request finished: GET (stylesheet) 200 https://cdnjs.cloudflare.com/ajax/libs/metro/4.1.5/css/metro.min.css","meta":{"rootId":"bqu4ieulf0fyme7","id":"c3k14whvxeutj89"},"id":"aju9hccbozk05jy","previousOperationId":"dyqrar292z4imjl"}
{"type":"log","timestamp":1709285510023,"level":"debug","message":"Running chrome with params {\"printBackground\":true,\"marginTop\":\"1.5cm\",\"marginRight\":\"1.5cm\",\"marginLeft\":\"1.cm\",\"timeout\":53180,\"margin\":{\"top\":\"1.5cm\",\"right\":\"1.5cm\",\"left\":\"1.cm\"}}","meta":{"rootId":"bqu4ieulf0fyme7","id":"c3k14whvxeutj89"},"id":"8u1dx85515q8r0b","previousOperationId":"dyqrar292z4imjl"}
{"type":"operationEnd","operationId":"dyqrar292z4imjl","timestamp":1709285510072,"id":"a1mqczakun1xjrt","previousEventId":"7as5n7ufypb3pqz","previousOperationId":"dyqrar292z4imjl"}
{"type":"log","timestamp":1709285510073,"level":"debug","message":"Skipping storing report.","meta":{"rootId":"bqu4ieulf0fyme7","id":"c3k14whvxeutj89"},"id":"gssgfix4lloesey","previousOperationId":"dyqrar292z4imjl"}
{"type":"log","timestamp":1709285510073,"level":"info","message":"Rendering (child) request finished in 7042 ms","meta":{"rootId":"bqu4ieulf0fyme7","id":"c3k14whvxeutj89"},"id":"1biqwtltiseuodh","previousOperationId":"dyqrar292z4imjl"}
{"type":"operationEnd","subtype":"render","operationId":"c5mm5krd2woovvb","timestamp":1709285510074,"id":"m53pk1t1woqz8c8","previousEventId":"a1mqczakun1xjrt","previousOperationId":"dyqrar292z4imjl"}
{"type":"operationEnd","operationId":"f2dg2lapra588r1","timestamp":1709285510110,"id":"rbbxu50h4tlik8q","previousEventId":"xew2uncnhzk809w","previousOperationId":"f2dg2lapra588r1"}
{"type":"log","timestamp":1709285510110,"level":"debug","message":"pdf-utils postproces start","meta":{"rootId":"bqu4ieulf0fyme7","id":"bqu4ieulf0fyme7"},"id":"807k7ecbdwgfei1","previousOperationId":"f2dg2lapra588r1"}
{"type":"log","timestamp":1709285510134,"level":"debug","message":"pdf-utils postproces end","meta":{"rootId":"bqu4ieulf0fyme7","id":"bqu4ieulf0fyme7"},"id":"2e6rnv7sjv4ztnu","previousOperationId":"f2dg2lapra588r1"}
{"type":"operationEnd","operationId":"zjmwo6lmcduucdx","timestamp":1709285510134,"id":"1b7njdceycnkdof","previousEventId":"rbbxu50h4tlik8q","previousOperationId":"f2dg2lapra588r1"}
{"type":"log","timestamp":1709285510134,"level":"info","message":"pdf-utils pdf processing was finished","meta":{"rootId":"bqu4ieulf0fyme7","id":"bqu4ieulf0fyme7"},"id":"xbiu0iswhzhqrpq","previousOperationId":"zjmwo6lmcduucdx"}
{"type":"log","timestamp":1709285510134,"level":"debug","message":"Skipping storing report.","meta":{"rootId":"bqu4ieulf0fyme7","id":"bqu4ieulf0fyme7"},"id":"yofsvn6o2v1jgcz","previousOperationId":"zjmwo6lmcduucdx"}
{"type":"log","timestamp":1709285510134,"level":"info","message":"Rendering request 1 finished in 7103 ms","meta":{"rootId":"bqu4ieulf0fyme7","id":"bqu4ieulf0fyme7"},"id":"t69boljfnmd70c2","previousOperationId":"zjmwo6lmcduucdx"}
{"type":"operationEnd","subtype":"render","operationId":"s9mleqtmczegaq2","timestamp":1709285510134,"id":"4etr6qh1vqjfawi","previousEventId":"1b7njdceycnkdof","previousOperationId":"zjmwo6lmcduucdx"}
{"type":"operationEnd","doDiffs":false,"previousEventId":"t3dy2fzzxec50as","previousOperationId":"h3kuqkbp0v6p575","operationId":"h3kuqkbp0v6p575","timestamp":1709285510153,"id":"35uidkk9yvynwum"}
