{"type":"operationStart","subtype":"profile","data":{"_id":"W95YbP175Fq0IBu6","timestamp":"2024-01-22T09:47:32.834Z","state":"queued","mode":"standard","creationDate":"2024-01-22T09:47:32.836Z","modificationDate":"2024-01-22T09:47:32.836Z","shortid":"NTbIva9","$entitySet":"profiles"},"doDiffs":false,"timestamp":1705916852835,"id":"w7e12b4j6avpj9w","previousOperationId":null,"operationId":"2ip9fiblbubrtno"}
{"type":"log","level":"info","message":"Render request 15 queued for execution and waiting for available worker","previousOperationId":"2ip9fiblbubrtno","timestamp":1705916852835,"id":"vcgtgaxbo1g3ugv"}
{"type":"operationStart","subtype":"render","name":"orders-main","previousOperationId":"2ip9fiblbubrtno","timestamp":1705916852847,"id":"1qnqc51dwo52zmz","previousEventId":"w7e12b4j6avpj9w","operationId":"uipv0pw4p7qnmbe"}
{"type":"log","timestamp":1705916852847,"level":"info","message":"Starting rendering request 15","meta":{"rootId":"c5flwyxvs3kfam4","id":"c5flwyxvs3kfam4"},"id":"ntxvytqvv2ffdal","previousOperationId":"uipv0pw4p7qnmbe"}
{"type":"log","timestamp":1705916852847,"level":"info","message":"Rendering template { name: orders-main, recipe: chrome-pdf, engine: handlebars, preview: false }","meta":{"rootId":"c5flwyxvs3kfam4","id":"c5flwyxvs3kfam4"},"id":"ngr0cvdwb6ax4sg","previousOperationId":"uipv0pw4p7qnmbe"}
{"type":"log","timestamp":1705916852849,"level":"debug","message":"Inline data specified.","meta":{"rootId":"c5flwyxvs3kfam4","id":"c5flwyxvs3kfam4"},"id":"ae3g5ptciqzkj0e","previousOperationId":"uipv0pw4p7qnmbe"}
{"type":"log","timestamp":1705916852855,"level":"debug","message":"Executing script orders-script (beforeRender)","meta":{"rootId":"c5flwyxvs3kfam4","id":"c5flwyxvs3kfam4"},"id":"ly9nydh3ji4nxyq","previousOperationId":"uipv0pw4p7qnmbe"}
{"type":"operationStart","subtype":"scriptsBeforeRender","name":"scripts beforeRender","timestamp":1705916852863,"id":"92xyqkqd2fh1hs1","previousEventId":"1qnqc51dwo52zmz","operationId":"yy680m8kk2sjcfh","previousOperationId":"uipv0pw4p7qnmbe"}
{"type":"operationStart","subtype":"script","name":"scripts orders-script","previousOperationId":"yy680m8kk2sjcfh","timestamp":1705916852863,"id":"ttpp44gtofln7lr","previousEventId":"92xyqkqd2fh1hs1","operationId":"9dbcxt6npfwhrf9"}
{"type":"operationEnd","operationId":"9dbcxt6npfwhrf9","timestamp":1705916854036,"id":"uomvoyd56w5xbp1","previousEventId":"1qnqc51dwo52zmz","previousOperationId":"uipv0pw4p7qnmbe"}
{"type":"operationEnd","operationId":"yy680m8kk2sjcfh","timestamp":1705916854036,"id":"eurkv7u8oob1cf1","previousEventId":"uomvoyd56w5xbp1","previousOperationId":"uipv0pw4p7qnmbe"}
{"type":"log","timestamp":1705916854036,"level":"debug","message":"Base url not specified, skipping its injection.","meta":{"rootId":"c5flwyxvs3kfam4","id":"c5flwyxvs3kfam4"},"id":"vox1f5ly3k91088","previousOperationId":"yy680m8kk2sjcfh"}
{"type":"operationStart","subtype":"engine","name":"handlebars","timestamp":1705916854036,"id":"52s5l4oqswe5wom","previousEventId":"eurkv7u8oob1cf1","operationId":"1cgonlex0d6c6dh","previousOperationId":"yy680m8kk2sjcfh"}
{"type":"log","timestamp":1705916854036,"level":"debug","message":"Rendering engine handlebars","meta":{"rootId":"c5flwyxvs3kfam4","id":"c5flwyxvs3kfam4"},"id":"zqpxyf6z25gm036","previousOperationId":"1cgonlex0d6c6dh"}
{"type":"log","timestamp":1705916854045,"level":"debug","message":"(console:log) Pdf utils adding group field, value: \"France\"","meta":{"userLevel":true,"rootId":"c5flwyxvs3kfam4","id":"c5flwyxvs3kfam4"},"id":"v1tiq08b5voagpu","previousOperationId":"1cgonlex0d6c6dh"}
{"type":"log","timestamp":1705916854045,"level":"debug","message":"(console:log) Pdf utils adding group field, value: \"Germany\"","meta":{"userLevel":true,"rootId":"c5flwyxvs3kfam4","id":"c5flwyxvs3kfam4"},"id":"hc3ggvf1k3m5j4v","previousOperationId":"1cgonlex0d6c6dh"}
{"type":"operationEnd","operationId":"1cgonlex0d6c6dh","timestamp":1705916854046,"id":"v24zknbhokzw98k","previousEventId":"52s5l4oqswe5wom","previousOperationId":"1cgonlex0d6c6dh"}
{"type":"operationStart","subtype":"recipe","name":"chrome-pdf","timestamp":1705916854046,"id":"8oboxvuhwevgpel","previousEventId":"v24zknbhokzw98k","operationId":"71um3s0gucvqlhi","previousOperationId":"1cgonlex0d6c6dh"}
{"type":"log","timestamp":1705916854046,"level":"debug","message":"Executing recipe chrome-pdf","meta":{"rootId":"c5flwyxvs3kfam4","id":"c5flwyxvs3kfam4"},"id":"odcf4ifx2255vjt","previousOperationId":"71um3s0gucvqlhi"}
{"type":"log","timestamp":1705916854049,"level":"debug","message":"Converting with chrome HeadlessChrome/117.0.5938.149 using chrome-pool strategy","meta":{"rootId":"c5flwyxvs3kfam4","id":"c5flwyxvs3kfam4"},"id":"7oh61g5d43jdqae","previousOperationId":"71um3s0gucvqlhi"}
{"type":"log","timestamp":1705916854149,"level":"debug","message":"Page request: GET (document) file:///C:/Users/franc/AppData/Local/Temp/jsreport/autocleanup/761466c0-10c7-4603-9d8e-d95dcee1e49a-chrome-pdf.html","meta":{"rootId":"c5flwyxvs3kfam4","id":"c5flwyxvs3kfam4"},"id":"jycovqx9eiz07nf","previousOperationId":"71um3s0gucvqlhi"}
{"type":"log","timestamp":1705916854204,"level":"debug","message":"Page request: GET (stylesheet) https://cdnjs.cloudflare.com/ajax/libs/metro/4.1.5/css/metro.min.css","meta":{"rootId":"c5flwyxvs3kfam4","id":"c5flwyxvs3kfam4"},"id":"yvlyt20io1san8r","previousOperationId":"71um3s0gucvqlhi"}
{"type":"log","timestamp":1705916854205,"level":"debug","message":"Page request: GET (script) https://cdnjs.cloudflare.com/ajax/libs/Chart.js/2.7.2/Chart.min.js","meta":{"rootId":"c5flwyxvs3kfam4","id":"c5flwyxvs3kfam4"},"id":"hiysqt2ohjludjp","previousOperationId":"71um3s0gucvqlhi"}
{"type":"log","timestamp":1705916854205,"level":"debug","message":"Page request finished: GET (document) 200 file:///C:/Users/franc/AppData/Local/Temp/jsreport/autocleanup/761466c0-10c7-4603-9d8e-d95dcee1e49a-chrome-pdf.html","meta":{"rootId":"c5flwyxvs3kfam4","id":"c5flwyxvs3kfam4"},"id":"vl4hdp3iy5exw2g","previousOperationId":"71um3s0gucvqlhi"}
{"type":"log","timestamp":1705916854224,"level":"debug","message":"Page request finished: GET (stylesheet) 200 https://cdnjs.cloudflare.com/ajax/libs/metro/4.1.5/css/metro.min.css","meta":{"rootId":"c5flwyxvs3kfam4","id":"c5flwyxvs3kfam4"},"id":"u40f71a568yhjvu","previousOperationId":"71um3s0gucvqlhi"}
{"type":"log","timestamp":1705916854225,"level":"debug","message":"Page request finished: GET (script) 200 https://cdnjs.cloudflare.com/ajax/libs/Chart.js/2.7.2/Chart.min.js","meta":{"rootId":"c5flwyxvs3kfam4","id":"c5flwyxvs3kfam4"},"id":"p9d4ytsei8umamg","previousOperationId":"71um3s0gucvqlhi"}
{"type":"log","timestamp":1705916854295,"level":"debug","message":"Running chrome with params {\"printBackground\":true,\"marginTop\":\"4cm\",\"marginRight\":\"1.5cm\",\"marginBottom\":\"1.5cm\",\"marginLeft\":\"1.5cm\",\"waitForJS\":false,\"timeout\":58785,\"margin\":{\"top\":\"4cm\",\"right\":\"1.5cm\",\"bottom\":\"1.5cm\",\"left\":\"1.5cm\"}}","meta":{"rootId":"c5flwyxvs3kfam4","id":"c5flwyxvs3kfam4"},"id":"0r7bylcnychg9lw","previousOperationId":"71um3s0gucvqlhi"}
{"type":"operationEnd","operationId":"71um3s0gucvqlhi","timestamp":1705916854450,"id":"pqmdrrr6p1w6cqj","previousEventId":"8oboxvuhwevgpel","previousOperationId":"71um3s0gucvqlhi"}
{"type":"log","timestamp":1705916854451,"level":"info","message":"pdf-utils is starting pdf processing","meta":{"rootId":"c5flwyxvs3kfam4","id":"c5flwyxvs3kfam4"},"id":"1jzckhofdcynugb","previousOperationId":"71um3s0gucvqlhi"}
{"type":"operationStart","subtype":"pdfUtils","name":"pdf utils","timestamp":1705916854451,"id":"fdt7rrhp969aa5c","previousEventId":"pqmdrrr6p1w6cqj","operationId":"r80n1q1r8v5785p","previousOperationId":"71um3s0gucvqlhi"}
{"type":"log","timestamp":1705916854451,"level":"debug","message":"pdf-utils detected 1 pdf operation(s) to process","meta":{"rootId":"c5flwyxvs3kfam4","id":"c5flwyxvs3kfam4"},"id":"yoif88m46tvyvag","previousOperationId":"r80n1q1r8v5785p"}
{"type":"log","timestamp":1705916854493,"level":"debug","message":"pdf-utils running pdf operation merge","meta":{"rootId":"c5flwyxvs3kfam4","id":"c5flwyxvs3kfam4"},"id":"h1oqaljx6hf8gq1","previousOperationId":"r80n1q1r8v5785p"}
{"type":"operationStart","subtype":"pdfUtilsMerge","name":"pdf utils merge","previousOperationId":"r80n1q1r8v5785p","timestamp":1705916854493,"id":"6dn7wf46mxkrn2o","previousEventId":"fdt7rrhp969aa5c","operationId":"1e2p9ev966yxa9w"}
{"type":"operationStart","subtype":"render","name":"orders-header","previousOperationId":"1e2p9ev966yxa9w","timestamp":1705916854496,"id":"kc8wr50cb65srpq","previousEventId":"6dn7wf46mxkrn2o","operationId":"ps3f2hppqy0fj0j"}
{"type":"log","timestamp":1705916854496,"level":"info","message":"Starting rendering (child) request","meta":{"rootId":"c5flwyxvs3kfam4","id":"c65usxu9e4awrom"},"id":"bn3nrvbkbpvi1xz","previousOperationId":"ps3f2hppqy0fj0j"}
{"type":"log","timestamp":1705916854496,"level":"info","message":"Rendering template { name: orders-header, recipe: chrome-pdf, engine: handlebars, preview: false }","meta":{"rootId":"c5flwyxvs3kfam4","id":"c65usxu9e4awrom"},"id":"mm2km5x5hml3jxo","previousOperationId":"ps3f2hppqy0fj0j"}
{"type":"log","timestamp":1705916854497,"level":"debug","message":"Inline data specified.","meta":{"rootId":"c5flwyxvs3kfam4","id":"c65usxu9e4awrom"},"id":"ermx6koxhprb1g5","previousOperationId":"ps3f2hppqy0fj0j"}
{"type":"log","timestamp":1705916854499,"level":"debug","message":"Base url not specified, skipping its injection.","meta":{"rootId":"c5flwyxvs3kfam4","id":"c65usxu9e4awrom"},"id":"5ncsvube4k8qe31","previousOperationId":"ps3f2hppqy0fj0j"}
{"type":"operationStart","subtype":"engine","name":"handlebars","timestamp":1705916854500,"id":"gf93efkn948wksq","previousEventId":"kc8wr50cb65srpq","operationId":"57ohsxsse0vmhvr","previousOperationId":"ps3f2hppqy0fj0j"}
{"type":"log","timestamp":1705916854500,"level":"debug","message":"Rendering engine handlebars","meta":{"rootId":"c5flwyxvs3kfam4","id":"c65usxu9e4awrom"},"id":"ex458fb81khd916","previousOperationId":"57ohsxsse0vmhvr"}
{"type":"operationEnd","operationId":"57ohsxsse0vmhvr","timestamp":1705916854518,"id":"r4ek82dk0yohtqq","previousEventId":"gf93efkn948wksq","previousOperationId":"57ohsxsse0vmhvr"}
{"type":"operationStart","subtype":"recipe","name":"chrome-pdf","timestamp":1705916854518,"id":"ere5lxrqxtkxbjr","previousEventId":"r4ek82dk0yohtqq","operationId":"ecerma068u1hnpf","previousOperationId":"57ohsxsse0vmhvr"}
{"type":"log","timestamp":1705916854518,"level":"debug","message":"Executing recipe chrome-pdf","meta":{"rootId":"c5flwyxvs3kfam4","id":"c65usxu9e4awrom"},"id":"897uzgfeomokq1b","previousOperationId":"ecerma068u1hnpf"}
{"type":"log","timestamp":1705916854520,"level":"debug","message":"Converting with chrome HeadlessChrome/117.0.5938.149 using chrome-pool strategy","meta":{"rootId":"c5flwyxvs3kfam4","id":"c65usxu9e4awrom"},"id":"s75v17rnsl2ze23","previousOperationId":"ecerma068u1hnpf"}
{"type":"log","timestamp":1705916854622,"level":"debug","message":"Page request: GET (document) file:///C:/Users/franc/AppData/Local/Temp/jsreport/autocleanup/cfb4da90-b9dc-4d2a-b885-f24f1c4abdc3-chrome-pdf.html","meta":{"rootId":"c5flwyxvs3kfam4","id":"c65usxu9e4awrom"},"id":"ryetnwwbxb3asn1","previousOperationId":"ecerma068u1hnpf"}
{"type":"log","timestamp":1705916854632,"level":"debug","message":"Page request: GET (stylesheet) https://cdnjs.cloudflare.com/ajax/libs/metro/4.1.5/css/metro.min.css","meta":{"rootId":"c5flwyxvs3kfam4","id":"c65usxu9e4awrom"},"id":"qmmuxa17ir17lgg","previousOperationId":"ecerma068u1hnpf"}
{"type":"log","timestamp":1705916854632,"level":"debug","message":"Page request finished: GET (document) 200 file:///C:/Users/franc/AppData/Local/Temp/jsreport/autocleanup/cfb4da90-b9dc-4d2a-b885-f24f1c4abdc3-chrome-pdf.html","meta":{"rootId":"c5flwyxvs3kfam4","id":"c65usxu9e4awrom"},"id":"l003znmj0zs8dzj","previousOperationId":"ecerma068u1hnpf"}
{"type":"log","timestamp":1705916854649,"level":"debug","message":"Page request finished: GET (stylesheet) 200 https://cdnjs.cloudflare.com/ajax/libs/metro/4.1.5/css/metro.min.css","meta":{"rootId":"c5flwyxvs3kfam4","id":"c65usxu9e4awrom"},"id":"jom7kf8pcy3uk8l","previousOperationId":"ecerma068u1hnpf"}
{"type":"log","timestamp":1705916854668,"level":"debug","message":"Running chrome with params {\"printBackground\":true,\"marginTop\":\"1.5cm\",\"marginRight\":\"1.5cm\",\"marginLeft\":\"1.cm\",\"timeout\":58314,\"margin\":{\"top\":\"1.5cm\",\"right\":\"1.5cm\",\"left\":\"1.cm\"}}","meta":{"rootId":"c5flwyxvs3kfam4","id":"c65usxu9e4awrom"},"id":"jjrd2tpavpbpgdk","previousOperationId":"ecerma068u1hnpf"}
{"type":"operationEnd","operationId":"ecerma068u1hnpf","timestamp":1705916854711,"id":"iqrr8cuvexkedry","previousEventId":"ere5lxrqxtkxbjr","previousOperationId":"ecerma068u1hnpf"}
{"type":"log","timestamp":1705916854711,"level":"debug","message":"Skipping storing report.","meta":{"rootId":"c5flwyxvs3kfam4","id":"c65usxu9e4awrom"},"id":"j3sefrosvgu34gr","previousOperationId":"ecerma068u1hnpf"}
{"type":"log","timestamp":1705916854711,"level":"info","message":"Rendering (child) request finished in 1878 ms","meta":{"rootId":"c5flwyxvs3kfam4","id":"c65usxu9e4awrom"},"id":"1iymyvm82sib6hv","previousOperationId":"ecerma068u1hnpf"}
{"type":"operationEnd","subtype":"render","operationId":"ps3f2hppqy0fj0j","timestamp":1705916854711,"id":"mozv89tyxtxk0i0","previousEventId":"iqrr8cuvexkedry","previousOperationId":"ecerma068u1hnpf"}
{"type":"operationEnd","operationId":"1e2p9ev966yxa9w","timestamp":1705916854725,"id":"feo6gcljrqe3bra","previousEventId":"6dn7wf46mxkrn2o","previousOperationId":"1e2p9ev966yxa9w"}
{"type":"log","timestamp":1705916854725,"level":"debug","message":"pdf-utils postproces start","meta":{"rootId":"c5flwyxvs3kfam4","id":"c5flwyxvs3kfam4"},"id":"ocjelhza1z96u6i","previousOperationId":"1e2p9ev966yxa9w"}
{"type":"log","timestamp":1705916854743,"level":"debug","message":"pdf-utils postproces end","meta":{"rootId":"c5flwyxvs3kfam4","id":"c5flwyxvs3kfam4"},"id":"cvlvquyo6vsc5mg","previousOperationId":"1e2p9ev966yxa9w"}
{"type":"operationEnd","operationId":"r80n1q1r8v5785p","timestamp":1705916854743,"id":"xtt7s1chwj6or41","previousEventId":"feo6gcljrqe3bra","previousOperationId":"1e2p9ev966yxa9w"}
{"type":"log","timestamp":1705916854743,"level":"info","message":"pdf-utils pdf processing was finished","meta":{"rootId":"c5flwyxvs3kfam4","id":"c5flwyxvs3kfam4"},"id":"rwjefcr722se14k","previousOperationId":"r80n1q1r8v5785p"}
{"type":"log","timestamp":1705916854743,"level":"debug","message":"Skipping storing report.","meta":{"rootId":"c5flwyxvs3kfam4","id":"c5flwyxvs3kfam4"},"id":"7gajy1es871y942","previousOperationId":"r80n1q1r8v5785p"}
{"type":"log","timestamp":1705916854743,"level":"info","message":"Rendering request 15 finished in 1910 ms","meta":{"rootId":"c5flwyxvs3kfam4","id":"c5flwyxvs3kfam4"},"id":"h8y7x88d9vivu91","previousOperationId":"r80n1q1r8v5785p"}
{"type":"operationEnd","subtype":"render","operationId":"uipv0pw4p7qnmbe","timestamp":1705916854743,"id":"cydj3g1s0g7vmg7","previousEventId":"xtt7s1chwj6or41","previousOperationId":"r80n1q1r8v5785p"}
{"type":"operationEnd","doDiffs":false,"previousEventId":"w7e12b4j6avpj9w","previousOperationId":"2ip9fiblbubrtno","operationId":"2ip9fiblbubrtno","timestamp":1705916854755,"id":"7mhh0jptlmo022n"}
