{"type":"operationStart","subtype":"profile","data":{"_id":"2KneBInWNXKYV3yN","timestamp":"2024-01-24T08:58:31.922Z","state":"queued","mode":"standard","creationDate":"2024-01-24T08:58:31.925Z","modificationDate":"2024-01-24T08:58:31.925Z","shortid":"BfiKbZQ","$entitySet":"profiles"},"doDiffs":false,"timestamp":1706086711924,"id":"dimhiduy9j618jw","previousOperationId":null,"operationId":"yxvit7l9bkjfsl0"}
{"type":"log","level":"info","message":"Render request 107 queued for execution and waiting for available worker","previousOperationId":"yxvit7l9bkjfsl0","timestamp":1706086711925,"id":"mwqdbzmoxb6l5h6"}
{"type":"operationStart","subtype":"render","name":"orders-main","previousOperationId":"yxvit7l9bkjfsl0","timestamp":1706086711935,"id":"h2b45rzbj2ue4qa","previousEventId":"dimhiduy9j618jw","operationId":"gdf485yvnnu3h3r"}
{"type":"log","timestamp":1706086711935,"level":"info","message":"Starting rendering request 107","meta":{"rootId":"cfu1fwqqx5zzjgh","id":"cfu1fwqqx5zzjgh"},"id":"lv93eop2wsf4pqy","previousOperationId":"gdf485yvnnu3h3r"}
{"type":"log","timestamp":1706086711936,"level":"info","message":"Rendering template { name: orders-main, recipe: chrome-pdf, engine: handlebars, preview: false }","meta":{"rootId":"cfu1fwqqx5zzjgh","id":"cfu1fwqqx5zzjgh"},"id":"auoewvi4zjmaibs","previousOperationId":"gdf485yvnnu3h3r"}
{"type":"log","timestamp":1706086711938,"level":"debug","message":"Inline data specified.","meta":{"rootId":"cfu1fwqqx5zzjgh","id":"cfu1fwqqx5zzjgh"},"id":"9vno3a5symtw74p","previousOperationId":"gdf485yvnnu3h3r"}
{"type":"log","timestamp":1706086711944,"level":"debug","message":"Executing script orders-script (beforeRender)","meta":{"rootId":"cfu1fwqqx5zzjgh","id":"cfu1fwqqx5zzjgh"},"id":"ntlrbnfc6lshzf4","previousOperationId":"gdf485yvnnu3h3r"}
{"type":"operationStart","subtype":"scriptsBeforeRender","name":"scripts beforeRender","timestamp":1706086711956,"id":"u9kcsfdrz4hig4w","previousEventId":"h2b45rzbj2ue4qa","operationId":"609byexxsvp542s","previousOperationId":"gdf485yvnnu3h3r"}
{"type":"operationStart","subtype":"script","name":"scripts orders-script","previousOperationId":"609byexxsvp542s","timestamp":1706086711956,"id":"e03lo2jnkmbzivj","previousEventId":"u9kcsfdrz4hig4w","operationId":"c1bwh8ardh8xqm1"}
{"type":"operationEnd","operationId":"c1bwh8ardh8xqm1","timestamp":1706086714258,"id":"01csaptxzsbdfau","previousEventId":"h2b45rzbj2ue4qa","previousOperationId":"gdf485yvnnu3h3r"}
{"type":"operationEnd","operationId":"609byexxsvp542s","timestamp":1706086714259,"id":"ptspoyyxvv4qo48","previousEventId":"01csaptxzsbdfau","previousOperationId":"gdf485yvnnu3h3r"}
{"type":"log","timestamp":1706086714259,"level":"debug","message":"Base url not specified, skipping its injection.","meta":{"rootId":"cfu1fwqqx5zzjgh","id":"cfu1fwqqx5zzjgh"},"id":"492s047qgwudnpq","previousOperationId":"609byexxsvp542s"}
{"type":"operationStart","subtype":"engine","name":"handlebars","timestamp":1706086714259,"id":"ht8lqzbvzm44uk7","previousEventId":"ptspoyyxvv4qo48","operationId":"60c57hi4nae5r75","previousOperationId":"609byexxsvp542s"}
{"type":"log","timestamp":1706086714259,"level":"debug","message":"Rendering engine handlebars","meta":{"rootId":"cfu1fwqqx5zzjgh","id":"cfu1fwqqx5zzjgh"},"id":"tthdykcdw8rjzc8","previousOperationId":"60c57hi4nae5r75"}
{"type":"log","timestamp":1706086714288,"level":"debug","message":"(console:log) Pdf utils adding group field, value: \"France\"","meta":{"userLevel":true,"rootId":"cfu1fwqqx5zzjgh","id":"cfu1fwqqx5zzjgh"},"id":"sqht6trokrpemg5","previousOperationId":"60c57hi4nae5r75"}
{"type":"log","timestamp":1706086714289,"level":"debug","message":"(console:log) Pdf utils adding group field, value: \"Germany\"","meta":{"userLevel":true,"rootId":"cfu1fwqqx5zzjgh","id":"cfu1fwqqx5zzjgh"},"id":"j66y1j3qlxj6r0k","previousOperationId":"60c57hi4nae5r75"}
{"type":"operationEnd","operationId":"60c57hi4nae5r75","timestamp":1706086714291,"id":"ibqi482kquibsav","previousEventId":"ht8lqzbvzm44uk7","previousOperationId":"60c57hi4nae5r75"}
{"type":"operationStart","subtype":"recipe","name":"chrome-pdf","timestamp":1706086714296,"id":"hs6s79tgj20xoad","previousEventId":"ibqi482kquibsav","operationId":"llxqvt0hy3n3syk","previousOperationId":"60c57hi4nae5r75"}
{"type":"log","timestamp":1706086714296,"level":"debug","message":"Executing recipe chrome-pdf","meta":{"rootId":"cfu1fwqqx5zzjgh","id":"cfu1fwqqx5zzjgh"},"id":"88u7416aq5j4yd4","previousOperationId":"llxqvt0hy3n3syk"}
{"type":"log","timestamp":1706086714303,"level":"debug","message":"Converting with chrome HeadlessChrome/117.0.5938.149 using chrome-pool strategy","meta":{"rootId":"cfu1fwqqx5zzjgh","id":"cfu1fwqqx5zzjgh"},"id":"bwd2m0zm7qlbj6z","previousOperationId":"llxqvt0hy3n3syk"}
{"type":"log","timestamp":1706086714601,"level":"debug","message":"Page request: GET (document) file:///C:/Users/franc/AppData/Local/Temp/jsreport/autocleanup/4342c03c-ea06-4456-a527-517b85d813e5-chrome-pdf.html","meta":{"rootId":"cfu1fwqqx5zzjgh","id":"cfu1fwqqx5zzjgh"},"id":"oy187grxwzlq2mj","previousOperationId":"llxqvt0hy3n3syk"}
{"type":"log","timestamp":1706086715116,"level":"debug","message":"Page request finished: GET (document) 200 file:///C:/Users/franc/AppData/Local/Temp/jsreport/autocleanup/4342c03c-ea06-4456-a527-517b85d813e5-chrome-pdf.html","meta":{"rootId":"cfu1fwqqx5zzjgh","id":"cfu1fwqqx5zzjgh"},"id":"1h72qhnvda8ln9i","previousOperationId":"llxqvt0hy3n3syk"}
{"type":"log","timestamp":1706086715117,"level":"debug","message":"Page request: GET (stylesheet) https://cdnjs.cloudflare.com/ajax/libs/metro/4.1.5/css/metro.min.css","meta":{"rootId":"cfu1fwqqx5zzjgh","id":"cfu1fwqqx5zzjgh"},"id":"6ieasiyar2hh0dt","previousOperationId":"llxqvt0hy3n3syk"}
{"type":"log","timestamp":1706086715118,"level":"debug","message":"Page request: GET (script) https://cdnjs.cloudflare.com/ajax/libs/Chart.js/2.7.2/Chart.min.js","meta":{"rootId":"cfu1fwqqx5zzjgh","id":"cfu1fwqqx5zzjgh"},"id":"4nxqlg2jd8xanl0","previousOperationId":"llxqvt0hy3n3syk"}
{"type":"log","timestamp":1706086715129,"level":"debug","message":"Page request finished: GET (script) 200 https://cdnjs.cloudflare.com/ajax/libs/Chart.js/2.7.2/Chart.min.js","meta":{"rootId":"cfu1fwqqx5zzjgh","id":"cfu1fwqqx5zzjgh"},"id":"an3m7vgmuzdpc60","previousOperationId":"llxqvt0hy3n3syk"}
{"type":"log","timestamp":1706086715146,"level":"debug","message":"Page request finished: GET (stylesheet) 200 https://cdnjs.cloudflare.com/ajax/libs/metro/4.1.5/css/metro.min.css","meta":{"rootId":"cfu1fwqqx5zzjgh","id":"cfu1fwqqx5zzjgh"},"id":"b0mhy4rsv035fmr","previousOperationId":"llxqvt0hy3n3syk"}
{"type":"log","timestamp":1706086715250,"level":"debug","message":"Running chrome with params {\"printBackground\":true,\"marginTop\":\"4cm\",\"marginRight\":\"1.5cm\",\"marginBottom\":\"1.5cm\",\"marginLeft\":\"1.5cm\",\"waitForJS\":false,\"timeout\":57621,\"margin\":{\"top\":\"4cm\",\"right\":\"1.5cm\",\"bottom\":\"1.5cm\",\"left\":\"1.5cm\"}}","meta":{"rootId":"cfu1fwqqx5zzjgh","id":"cfu1fwqqx5zzjgh"},"id":"gxnbbbwqwn450g0","previousOperationId":"llxqvt0hy3n3syk"}
{"type":"operationEnd","operationId":"llxqvt0hy3n3syk","timestamp":1706086715475,"id":"v0fcz1hbq5269hr","previousEventId":"hs6s79tgj20xoad","previousOperationId":"llxqvt0hy3n3syk"}
{"type":"log","timestamp":1706086715475,"level":"info","message":"pdf-utils is starting pdf processing","meta":{"rootId":"cfu1fwqqx5zzjgh","id":"cfu1fwqqx5zzjgh"},"id":"qmrslmfm5lnb322","previousOperationId":"llxqvt0hy3n3syk"}
{"type":"operationStart","subtype":"pdfUtils","name":"pdf utils","timestamp":1706086715476,"id":"6axbmtyyq46z6re","previousEventId":"v0fcz1hbq5269hr","operationId":"xubs0kdymkqm8sf","previousOperationId":"llxqvt0hy3n3syk"}
{"type":"log","timestamp":1706086715476,"level":"debug","message":"pdf-utils detected 1 pdf operation(s) to process","meta":{"rootId":"cfu1fwqqx5zzjgh","id":"cfu1fwqqx5zzjgh"},"id":"9u53lmcvbhygt0f","previousOperationId":"xubs0kdymkqm8sf"}
{"type":"log","timestamp":1706086715590,"level":"debug","message":"pdf-utils running pdf operation merge","meta":{"rootId":"cfu1fwqqx5zzjgh","id":"cfu1fwqqx5zzjgh"},"id":"xdndjlpgpbbe2vg","previousOperationId":"xubs0kdymkqm8sf"}
{"type":"operationStart","subtype":"pdfUtilsMerge","name":"pdf utils merge","previousOperationId":"xubs0kdymkqm8sf","timestamp":1706086715590,"id":"azzhmzoagkzcj3y","previousEventId":"6axbmtyyq46z6re","operationId":"aw0wvwiqj77vsa1"}
{"type":"operationStart","subtype":"render","name":"orders-header","previousOperationId":"aw0wvwiqj77vsa1","timestamp":1706086715592,"id":"bbsulb2v1ui9wyp","previousEventId":"azzhmzoagkzcj3y","operationId":"b84n41x6ywx0the"}
{"type":"log","timestamp":1706086715592,"level":"info","message":"Starting rendering (child) request","meta":{"rootId":"cfu1fwqqx5zzjgh","id":"re5wucierble6rs"},"id":"6w8ami8fmhowscj","previousOperationId":"b84n41x6ywx0the"}
{"type":"log","timestamp":1706086715592,"level":"info","message":"Rendering template { name: orders-header, recipe: chrome-pdf, engine: handlebars, preview: false }","meta":{"rootId":"cfu1fwqqx5zzjgh","id":"re5wucierble6rs"},"id":"v1t7jeaf3fnclb4","previousOperationId":"b84n41x6ywx0the"}
{"type":"log","timestamp":1706086715597,"level":"debug","message":"Inline data specified.","meta":{"rootId":"cfu1fwqqx5zzjgh","id":"re5wucierble6rs"},"id":"ja4lue22yujgdia","previousOperationId":"b84n41x6ywx0the"}
{"type":"log","timestamp":1706086715600,"level":"debug","message":"Base url not specified, skipping its injection.","meta":{"rootId":"cfu1fwqqx5zzjgh","id":"re5wucierble6rs"},"id":"504j13dcgzbu297","previousOperationId":"b84n41x6ywx0the"}
{"type":"operationStart","subtype":"engine","name":"handlebars","timestamp":1706086715601,"id":"z8a6yy4ztrddmxf","previousEventId":"bbsulb2v1ui9wyp","operationId":"oaivxq4gw8a8jvq","previousOperationId":"b84n41x6ywx0the"}
{"type":"log","timestamp":1706086715601,"level":"debug","message":"Rendering engine handlebars","meta":{"rootId":"cfu1fwqqx5zzjgh","id":"re5wucierble6rs"},"id":"xjp3shp1sfu7mjc","previousOperationId":"oaivxq4gw8a8jvq"}
{"type":"operationEnd","operationId":"oaivxq4gw8a8jvq","timestamp":1706086715622,"id":"vzo9l94g6tepldx","previousEventId":"z8a6yy4ztrddmxf","previousOperationId":"oaivxq4gw8a8jvq"}
{"type":"operationStart","subtype":"recipe","name":"chrome-pdf","timestamp":1706086715622,"id":"7xis2emj3a5shhr","previousEventId":"vzo9l94g6tepldx","operationId":"w3zup7tx2r01yoh","previousOperationId":"oaivxq4gw8a8jvq"}
{"type":"log","timestamp":1706086715622,"level":"debug","message":"Executing recipe chrome-pdf","meta":{"rootId":"cfu1fwqqx5zzjgh","id":"re5wucierble6rs"},"id":"m126pypikphz22y","previousOperationId":"w3zup7tx2r01yoh"}
{"type":"log","timestamp":1706086715624,"level":"debug","message":"Converting with chrome HeadlessChrome/117.0.5938.149 using chrome-pool strategy","meta":{"rootId":"cfu1fwqqx5zzjgh","id":"re5wucierble6rs"},"id":"abzki3hxyyws90e","previousOperationId":"w3zup7tx2r01yoh"}
{"type":"log","timestamp":1706086715788,"level":"debug","message":"Page request: GET (document) file:///C:/Users/franc/AppData/Local/Temp/jsreport/autocleanup/79dc13c1-28dc-4044-8b93-2cee63e35623-chrome-pdf.html","meta":{"rootId":"cfu1fwqqx5zzjgh","id":"re5wucierble6rs"},"id":"sre8vmpcjemg0mj","previousOperationId":"w3zup7tx2r01yoh"}
{"type":"log","timestamp":1706086715812,"level":"debug","message":"Page request: GET (stylesheet) https://cdnjs.cloudflare.com/ajax/libs/metro/4.1.5/css/metro.min.css","meta":{"rootId":"cfu1fwqqx5zzjgh","id":"re5wucierble6rs"},"id":"3co2wzhh1fb435m","previousOperationId":"w3zup7tx2r01yoh"}
{"type":"log","timestamp":1706086715814,"level":"debug","message":"Page request finished: GET (document) 200 file:///C:/Users/franc/AppData/Local/Temp/jsreport/autocleanup/79dc13c1-28dc-4044-8b93-2cee63e35623-chrome-pdf.html","meta":{"rootId":"cfu1fwqqx5zzjgh","id":"re5wucierble6rs"},"id":"z18t5av8szioh6x","previousOperationId":"w3zup7tx2r01yoh"}
{"type":"log","timestamp":1706086715850,"level":"debug","message":"Page request finished: GET (stylesheet) 200 https://cdnjs.cloudflare.com/ajax/libs/metro/4.1.5/css/metro.min.css","meta":{"rootId":"cfu1fwqqx5zzjgh","id":"re5wucierble6rs"},"id":"634nds6smaokp3u","previousOperationId":"w3zup7tx2r01yoh"}
{"type":"log","timestamp":1706086717114,"level":"debug","message":"Running chrome with params {\"printBackground\":true,\"marginTop\":\"1.5cm\",\"marginRight\":\"1.5cm\",\"marginLeft\":\"1.cm\",\"timeout\":56299,\"margin\":{\"top\":\"1.5cm\",\"right\":\"1.5cm\",\"left\":\"1.cm\"}}","meta":{"rootId":"cfu1fwqqx5zzjgh","id":"re5wucierble6rs"},"id":"cmi95t1t1j05001","previousOperationId":"w3zup7tx2r01yoh"}
{"type":"operationEnd","operationId":"w3zup7tx2r01yoh","timestamp":1706086717236,"id":"nlr4y60lvmiohz3","previousEventId":"7xis2emj3a5shhr","previousOperationId":"w3zup7tx2r01yoh"}
{"type":"log","timestamp":1706086717236,"level":"debug","message":"Skipping storing report.","meta":{"rootId":"cfu1fwqqx5zzjgh","id":"re5wucierble6rs"},"id":"smrn4y8pjoz151m","previousOperationId":"w3zup7tx2r01yoh"}
{"type":"log","timestamp":1706086717236,"level":"info","message":"Rendering (child) request finished in 5314 ms","meta":{"rootId":"cfu1fwqqx5zzjgh","id":"re5wucierble6rs"},"id":"mvmmqeacrpuxrxe","previousOperationId":"w3zup7tx2r01yoh"}
{"type":"operationEnd","subtype":"render","operationId":"b84n41x6ywx0the","timestamp":1706086717236,"id":"bjjixjq190n59lm","previousEventId":"nlr4y60lvmiohz3","previousOperationId":"w3zup7tx2r01yoh"}
{"type":"operationEnd","operationId":"aw0wvwiqj77vsa1","timestamp":1706086717334,"id":"ufijnev6mcirs0j","previousEventId":"azzhmzoagkzcj3y","previousOperationId":"aw0wvwiqj77vsa1"}
{"type":"log","timestamp":1706086717334,"level":"debug","message":"pdf-utils postproces start","meta":{"rootId":"cfu1fwqqx5zzjgh","id":"cfu1fwqqx5zzjgh"},"id":"9tlqxs3khi41lj4","previousOperationId":"aw0wvwiqj77vsa1"}
{"type":"log","timestamp":1706086717384,"level":"debug","message":"pdf-utils postproces end","meta":{"rootId":"cfu1fwqqx5zzjgh","id":"cfu1fwqqx5zzjgh"},"id":"bse21yi0rxwpmpn","previousOperationId":"aw0wvwiqj77vsa1"}
{"type":"operationEnd","operationId":"xubs0kdymkqm8sf","timestamp":1706086717384,"id":"urp6zzw34v5avfk","previousEventId":"ufijnev6mcirs0j","previousOperationId":"aw0wvwiqj77vsa1"}
{"type":"log","timestamp":1706086717384,"level":"info","message":"pdf-utils pdf processing was finished","meta":{"rootId":"cfu1fwqqx5zzjgh","id":"cfu1fwqqx5zzjgh"},"id":"veofxygxnm70p13","previousOperationId":"xubs0kdymkqm8sf"}
{"type":"log","timestamp":1706086717384,"level":"debug","message":"Skipping storing report.","meta":{"rootId":"cfu1fwqqx5zzjgh","id":"cfu1fwqqx5zzjgh"},"id":"sxzily1lb4gna5v","previousOperationId":"xubs0kdymkqm8sf"}
{"type":"log","timestamp":1706086717384,"level":"info","message":"Rendering request 107 finished in 5462 ms","meta":{"rootId":"cfu1fwqqx5zzjgh","id":"cfu1fwqqx5zzjgh"},"id":"svg6i0kln9cml0w","previousOperationId":"xubs0kdymkqm8sf"}
{"type":"operationEnd","subtype":"render","operationId":"gdf485yvnnu3h3r","timestamp":1706086717384,"id":"sp6mxg74vj0ne0l","previousEventId":"urp6zzw34v5avfk","previousOperationId":"xubs0kdymkqm8sf"}
{"type":"operationEnd","doDiffs":false,"previousEventId":"dimhiduy9j618jw","previousOperationId":"yxvit7l9bkjfsl0","operationId":"yxvit7l9bkjfsl0","timestamp":1706086717395,"id":"kf3igs6z24k5zdq"}
