{"type":"operationStart","subtype":"profile","data":{"_id":"CHCu4uci5cBeiQxJ","timestamp":"2024-01-24T09:00:23.802Z","state":"queued","mode":"standard","creationDate":"2024-01-24T09:00:23.805Z","modificationDate":"2024-01-24T09:00:23.805Z","shortid":"ydRhcaa","$entitySet":"profiles"},"doDiffs":false,"timestamp":1706086823804,"id":"2e7s67al3c6y1g1","previousOperationId":null,"operationId":"ouyxr1n5o7vbnao"}
{"type":"log","level":"info","message":"Render request 112 queued for execution and waiting for available worker","previousOperationId":"ouyxr1n5o7vbnao","timestamp":1706086823804,"id":"w101wzmgr8msaey"}
{"type":"operationStart","subtype":"render","name":"orders-main","previousOperationId":"ouyxr1n5o7vbnao","timestamp":1706086823817,"id":"eo6xrwo1qs8u2qt","previousEventId":"2e7s67al3c6y1g1","operationId":"rme7p95vbj3enzk"}
{"type":"log","timestamp":1706086823817,"level":"info","message":"Starting rendering request 112","meta":{"rootId":"dem8va50z93rswr","id":"dem8va50z93rswr"},"id":"cbefnxfmwv0yw31","previousOperationId":"rme7p95vbj3enzk"}
{"type":"log","timestamp":1706086823818,"level":"info","message":"Rendering template { name: orders-main, recipe: chrome-pdf, engine: handlebars, preview: false }","meta":{"rootId":"dem8va50z93rswr","id":"dem8va50z93rswr"},"id":"nhkw7f2y3pjiusw","previousOperationId":"rme7p95vbj3enzk"}
{"type":"log","timestamp":1706086823820,"level":"debug","message":"Inline data specified.","meta":{"rootId":"dem8va50z93rswr","id":"dem8va50z93rswr"},"id":"krdt6szjwy5id51","previousOperationId":"rme7p95vbj3enzk"}
{"type":"log","timestamp":1706086823828,"level":"debug","message":"Executing script orders-script (beforeRender)","meta":{"rootId":"dem8va50z93rswr","id":"dem8va50z93rswr"},"id":"81dc7zly6tp0mnz","previousOperationId":"rme7p95vbj3enzk"}
{"type":"operationStart","subtype":"scriptsBeforeRender","name":"scripts beforeRender","timestamp":1706086823856,"id":"3sn2b8hxrcwveiw","previousEventId":"eo6xrwo1qs8u2qt","operationId":"rn63e8ht5bujrf6","previousOperationId":"rme7p95vbj3enzk"}
{"type":"operationStart","subtype":"script","name":"scripts orders-script","previousOperationId":"rn63e8ht5bujrf6","timestamp":1706086823856,"id":"wb5zcgakoo61f48","previousEventId":"3sn2b8hxrcwveiw","operationId":"33q7gcxoi42wtq4"}
{"type":"operationEnd","operationId":"33q7gcxoi42wtq4","timestamp":1706086826218,"id":"y9qjo1wr4tpei2h","previousEventId":"eo6xrwo1qs8u2qt","previousOperationId":"rme7p95vbj3enzk"}
{"type":"operationEnd","operationId":"rn63e8ht5bujrf6","timestamp":1706086826218,"id":"8740ry3d6jla4sq","previousEventId":"y9qjo1wr4tpei2h","previousOperationId":"rme7p95vbj3enzk"}
{"type":"log","timestamp":1706086826218,"level":"debug","message":"Base url not specified, skipping its injection.","meta":{"rootId":"dem8va50z93rswr","id":"dem8va50z93rswr"},"id":"scmucxlir1seaj6","previousOperationId":"rn63e8ht5bujrf6"}
{"type":"operationStart","subtype":"engine","name":"handlebars","timestamp":1706086826218,"id":"jwo6v264vcxspf8","previousEventId":"8740ry3d6jla4sq","operationId":"txeh8ijijy7pae3","previousOperationId":"rn63e8ht5bujrf6"}
{"type":"log","timestamp":1706086826218,"level":"debug","message":"Rendering engine handlebars","meta":{"rootId":"dem8va50z93rswr","id":"dem8va50z93rswr"},"id":"yy85ns66ag14o0h","previousOperationId":"txeh8ijijy7pae3"}
{"type":"log","timestamp":1706086826249,"level":"debug","message":"(console:log) Pdf utils adding group field, value: \"France\"","meta":{"userLevel":true,"rootId":"dem8va50z93rswr","id":"dem8va50z93rswr"},"id":"ga9dmkntv6off5y","previousOperationId":"txeh8ijijy7pae3"}
{"type":"log","timestamp":1706086826250,"level":"debug","message":"(console:log) Pdf utils adding group field, value: \"Germany\"","meta":{"userLevel":true,"rootId":"dem8va50z93rswr","id":"dem8va50z93rswr"},"id":"mw5l0l3ltxwpcld","previousOperationId":"txeh8ijijy7pae3"}
{"type":"operationEnd","operationId":"txeh8ijijy7pae3","timestamp":1706086826251,"id":"qd4ygvpom7s7zyr","previousEventId":"jwo6v264vcxspf8","previousOperationId":"txeh8ijijy7pae3"}
{"type":"operationStart","subtype":"recipe","name":"chrome-pdf","timestamp":1706086826255,"id":"dvqyoqwfwb1cyuy","previousEventId":"qd4ygvpom7s7zyr","operationId":"ia848yj0z0djsua","previousOperationId":"txeh8ijijy7pae3"}
{"type":"log","timestamp":1706086826255,"level":"debug","message":"Executing recipe chrome-pdf","meta":{"rootId":"dem8va50z93rswr","id":"dem8va50z93rswr"},"id":"h12ymjhnd4075fn","previousOperationId":"ia848yj0z0djsua"}
{"type":"log","timestamp":1706086826261,"level":"debug","message":"Converting with chrome HeadlessChrome/117.0.5938.149 using chrome-pool strategy","meta":{"rootId":"dem8va50z93rswr","id":"dem8va50z93rswr"},"id":"5khncnj85xknn9g","previousOperationId":"ia848yj0z0djsua"}
{"type":"log","timestamp":1706086826587,"level":"debug","message":"Page request: GET (document) file:///C:/Users/franc/AppData/Local/Temp/jsreport/autocleanup/bb77f1c5-0192-447f-b550-9bdbb93bbf97-chrome-pdf.html","meta":{"rootId":"dem8va50z93rswr","id":"dem8va50z93rswr"},"id":"xwdkeuvvjo4lbh5","previousOperationId":"ia848yj0z0djsua"}
{"type":"log","timestamp":1706086826979,"level":"debug","message":"Page request: GET (stylesheet) https://cdnjs.cloudflare.com/ajax/libs/metro/4.1.5/css/metro.min.css","meta":{"rootId":"dem8va50z93rswr","id":"dem8va50z93rswr"},"id":"341bjtvihg4o5lz","previousOperationId":"ia848yj0z0djsua"}
{"type":"log","timestamp":1706086826981,"level":"debug","message":"Page request finished: GET (document) 200 file:///C:/Users/franc/AppData/Local/Temp/jsreport/autocleanup/bb77f1c5-0192-447f-b550-9bdbb93bbf97-chrome-pdf.html","meta":{"rootId":"dem8va50z93rswr","id":"dem8va50z93rswr"},"id":"r48en6je4alh4oq","previousOperationId":"ia848yj0z0djsua"}
{"type":"log","timestamp":1706086826981,"level":"debug","message":"Page request: GET (script) https://cdnjs.cloudflare.com/ajax/libs/Chart.js/2.7.2/Chart.min.js","meta":{"rootId":"dem8va50z93rswr","id":"dem8va50z93rswr"},"id":"qjcy26iklw69y32","previousOperationId":"ia848yj0z0djsua"}
{"type":"log","timestamp":1706086827006,"level":"debug","message":"Page request finished: GET (script) 200 https://cdnjs.cloudflare.com/ajax/libs/Chart.js/2.7.2/Chart.min.js","meta":{"rootId":"dem8va50z93rswr","id":"dem8va50z93rswr"},"id":"20q83u9ey9vs6bl","previousOperationId":"ia848yj0z0djsua"}
{"type":"log","timestamp":1706086827050,"level":"debug","message":"Page request finished: GET (stylesheet) 200 https://cdnjs.cloudflare.com/ajax/libs/metro/4.1.5/css/metro.min.css","meta":{"rootId":"dem8va50z93rswr","id":"dem8va50z93rswr"},"id":"m0t7y50ohus97cv","previousOperationId":"ia848yj0z0djsua"}
{"type":"log","timestamp":1706086827332,"level":"debug","message":"Running chrome with params {\"printBackground\":true,\"marginTop\":\"4cm\",\"marginRight\":\"1.5cm\",\"marginBottom\":\"1.5cm\",\"marginLeft\":\"1.5cm\",\"waitForJS\":false,\"timeout\":57543,\"margin\":{\"top\":\"4cm\",\"right\":\"1.5cm\",\"bottom\":\"1.5cm\",\"left\":\"1.5cm\"}}","meta":{"rootId":"dem8va50z93rswr","id":"dem8va50z93rswr"},"id":"jkf1wckidrmaa2r","previousOperationId":"ia848yj0z0djsua"}
{"type":"operationEnd","operationId":"ia848yj0z0djsua","timestamp":1706086827661,"id":"hhut5emn74jneu9","previousEventId":"dvqyoqwfwb1cyuy","previousOperationId":"ia848yj0z0djsua"}
{"type":"log","timestamp":1706086827661,"level":"info","message":"pdf-utils is starting pdf processing","meta":{"rootId":"dem8va50z93rswr","id":"dem8va50z93rswr"},"id":"x0nw7ge28t1r3nn","previousOperationId":"ia848yj0z0djsua"}
{"type":"operationStart","subtype":"pdfUtils","name":"pdf utils","timestamp":1706086827661,"id":"cmcxvu7pypx44pv","previousEventId":"hhut5emn74jneu9","operationId":"xbsfd7zqjwpl7sl","previousOperationId":"ia848yj0z0djsua"}
{"type":"log","timestamp":1706086827662,"level":"debug","message":"pdf-utils detected 1 pdf operation(s) to process","meta":{"rootId":"dem8va50z93rswr","id":"dem8va50z93rswr"},"id":"s84mwg3wjpuvpq3","previousOperationId":"xbsfd7zqjwpl7sl"}
{"type":"log","timestamp":1706086827868,"level":"debug","message":"pdf-utils running pdf operation merge","meta":{"rootId":"dem8va50z93rswr","id":"dem8va50z93rswr"},"id":"9ilrfowbrhji6au","previousOperationId":"xbsfd7zqjwpl7sl"}
{"type":"operationStart","subtype":"pdfUtilsMerge","name":"pdf utils merge","previousOperationId":"xbsfd7zqjwpl7sl","timestamp":1706086827869,"id":"aw5oz0tmly5tgv1","previousEventId":"cmcxvu7pypx44pv","operationId":"2qpsltqgn7eb4sb"}
{"type":"operationStart","subtype":"render","name":"orders-header","previousOperationId":"2qpsltqgn7eb4sb","timestamp":1706086827877,"id":"x07es5fkezc7rl8","previousEventId":"aw5oz0tmly5tgv1","operationId":"lebzu2gx4neebv3"}
{"type":"log","timestamp":1706086827877,"level":"info","message":"Starting rendering (child) request","meta":{"rootId":"dem8va50z93rswr","id":"8m79qdi2q8l29lm"},"id":"muudzrucbtle0cu","previousOperationId":"lebzu2gx4neebv3"}
{"type":"log","timestamp":1706086827878,"level":"info","message":"Rendering template { name: orders-header, recipe: chrome-pdf, engine: handlebars, preview: false }","meta":{"rootId":"dem8va50z93rswr","id":"8m79qdi2q8l29lm"},"id":"kaot1y1hsqgbuai","previousOperationId":"lebzu2gx4neebv3"}
{"type":"log","timestamp":1706086827904,"level":"debug","message":"Inline data specified.","meta":{"rootId":"dem8va50z93rswr","id":"8m79qdi2q8l29lm"},"id":"810ihmkj56kl0vv","previousOperationId":"lebzu2gx4neebv3"}
{"type":"log","timestamp":1706086827915,"level":"debug","message":"Base url not specified, skipping its injection.","meta":{"rootId":"dem8va50z93rswr","id":"8m79qdi2q8l29lm"},"id":"59tiupojzz89ki8","previousOperationId":"lebzu2gx4neebv3"}
{"type":"operationStart","subtype":"engine","name":"handlebars","timestamp":1706086827915,"id":"bvwv9c4y1kp4wmm","previousEventId":"x07es5fkezc7rl8","operationId":"ywkejhb8ayv6e56","previousOperationId":"lebzu2gx4neebv3"}
{"type":"log","timestamp":1706086827916,"level":"debug","message":"Rendering engine handlebars","meta":{"rootId":"dem8va50z93rswr","id":"8m79qdi2q8l29lm"},"id":"07g73i3m034ymiv","previousOperationId":"ywkejhb8ayv6e56"}
{"type":"operationEnd","operationId":"ywkejhb8ayv6e56","timestamp":1706086828000,"id":"zg7tyet2ygh9c4m","previousEventId":"bvwv9c4y1kp4wmm","previousOperationId":"ywkejhb8ayv6e56"}
{"type":"operationStart","subtype":"recipe","name":"chrome-pdf","timestamp":1706086828001,"id":"dx9kvlxatcnyxwb","previousEventId":"zg7tyet2ygh9c4m","operationId":"8ilv8h2iwuq3fbn","previousOperationId":"ywkejhb8ayv6e56"}
{"type":"log","timestamp":1706086828001,"level":"debug","message":"Executing recipe chrome-pdf","meta":{"rootId":"dem8va50z93rswr","id":"8m79qdi2q8l29lm"},"id":"x6zygn3nmwcb9xh","previousOperationId":"8ilv8h2iwuq3fbn"}
{"type":"log","timestamp":1706086828006,"level":"debug","message":"Converting with chrome HeadlessChrome/117.0.5938.149 using chrome-pool strategy","meta":{"rootId":"dem8va50z93rswr","id":"8m79qdi2q8l29lm"},"id":"4pduqh3z73dcm5y","previousOperationId":"8ilv8h2iwuq3fbn"}
{"type":"log","timestamp":1706086828352,"level":"debug","message":"Page request: GET (document) file:///C:/Users/franc/AppData/Local/Temp/jsreport/autocleanup/ff2fd987-c41c-45b9-8467-5ab62abf9c18-chrome-pdf.html","meta":{"rootId":"dem8va50z93rswr","id":"8m79qdi2q8l29lm"},"id":"b24trnf4b03ws4x","previousOperationId":"8ilv8h2iwuq3fbn"}
{"type":"log","timestamp":1706086828390,"level":"debug","message":"Page request: GET (stylesheet) https://cdnjs.cloudflare.com/ajax/libs/metro/4.1.5/css/metro.min.css","meta":{"rootId":"dem8va50z93rswr","id":"8m79qdi2q8l29lm"},"id":"hj7fcb4tti73lvp","previousOperationId":"8ilv8h2iwuq3fbn"}
{"type":"log","timestamp":1706086828391,"level":"debug","message":"Page request finished: GET (document) 200 file:///C:/Users/franc/AppData/Local/Temp/jsreport/autocleanup/ff2fd987-c41c-45b9-8467-5ab62abf9c18-chrome-pdf.html","meta":{"rootId":"dem8va50z93rswr","id":"8m79qdi2q8l29lm"},"id":"aqicivbkscslago","previousOperationId":"8ilv8h2iwuq3fbn"}
{"type":"log","timestamp":1706086828456,"level":"debug","message":"Page request finished: GET (stylesheet) 200 https://cdnjs.cloudflare.com/ajax/libs/metro/4.1.5/css/metro.min.css","meta":{"rootId":"dem8va50z93rswr","id":"8m79qdi2q8l29lm"},"id":"gz0zgoggbz4q2z2","previousOperationId":"8ilv8h2iwuq3fbn"}
{"type":"log","timestamp":1706086828549,"level":"debug","message":"Running chrome with params {\"printBackground\":true,\"marginTop\":\"1.5cm\",\"marginRight\":\"1.5cm\",\"marginLeft\":\"1.cm\",\"timeout\":55798,\"margin\":{\"top\":\"1.5cm\",\"right\":\"1.5cm\",\"left\":\"1.cm\"}}","meta":{"rootId":"dem8va50z93rswr","id":"8m79qdi2q8l29lm"},"id":"y644jhx1irxw0el","previousOperationId":"8ilv8h2iwuq3fbn"}
{"type":"operationEnd","operationId":"8ilv8h2iwuq3fbn","timestamp":1706086828712,"id":"pmgk0ceutp7rhil","previousEventId":"dx9kvlxatcnyxwb","previousOperationId":"8ilv8h2iwuq3fbn"}
{"type":"log","timestamp":1706086828712,"level":"debug","message":"Skipping storing report.","meta":{"rootId":"dem8va50z93rswr","id":"8m79qdi2q8l29lm"},"id":"t8trsm9x29lvssv","previousOperationId":"8ilv8h2iwuq3fbn"}
{"type":"log","timestamp":1706086828712,"level":"info","message":"Rendering (child) request finished in 4910 ms","meta":{"rootId":"dem8va50z93rswr","id":"8m79qdi2q8l29lm"},"id":"4ufbivcluk08e6m","previousOperationId":"8ilv8h2iwuq3fbn"}
{"type":"operationEnd","subtype":"render","operationId":"lebzu2gx4neebv3","timestamp":1706086828712,"id":"8lk0mhbujgb95en","previousEventId":"pmgk0ceutp7rhil","previousOperationId":"8ilv8h2iwuq3fbn"}
{"type":"operationEnd","operationId":"2qpsltqgn7eb4sb","timestamp":1706086828812,"id":"zihite6wyo4qwst","previousEventId":"aw5oz0tmly5tgv1","previousOperationId":"2qpsltqgn7eb4sb"}
{"type":"log","timestamp":1706086828812,"level":"debug","message":"pdf-utils postproces start","meta":{"rootId":"dem8va50z93rswr","id":"dem8va50z93rswr"},"id":"a41c5vzs39ezlgq","previousOperationId":"2qpsltqgn7eb4sb"}
{"type":"log","timestamp":1706086828888,"level":"debug","message":"pdf-utils postproces end","meta":{"rootId":"dem8va50z93rswr","id":"dem8va50z93rswr"},"id":"lqbklkb9wrc69hh","previousOperationId":"2qpsltqgn7eb4sb"}
{"type":"operationEnd","operationId":"xbsfd7zqjwpl7sl","timestamp":1706086828888,"id":"d58jb7qxlmyphlb","previousEventId":"zihite6wyo4qwst","previousOperationId":"2qpsltqgn7eb4sb"}
{"type":"log","timestamp":1706086828888,"level":"info","message":"pdf-utils pdf processing was finished","meta":{"rootId":"dem8va50z93rswr","id":"dem8va50z93rswr"},"id":"hbtm79wmdtbavj0","previousOperationId":"xbsfd7zqjwpl7sl"}
{"type":"log","timestamp":1706086828889,"level":"debug","message":"Skipping storing report.","meta":{"rootId":"dem8va50z93rswr","id":"dem8va50z93rswr"},"id":"cr527du6mz5z2bj","previousOperationId":"xbsfd7zqjwpl7sl"}
{"type":"log","timestamp":1706086828889,"level":"info","message":"Rendering request 112 finished in 5087 ms","meta":{"rootId":"dem8va50z93rswr","id":"dem8va50z93rswr"},"id":"pzlcklm73ar7afc","previousOperationId":"xbsfd7zqjwpl7sl"}
{"type":"operationEnd","subtype":"render","operationId":"rme7p95vbj3enzk","timestamp":1706086828889,"id":"3kgp6umqddwduf8","previousEventId":"d58jb7qxlmyphlb","previousOperationId":"xbsfd7zqjwpl7sl"}
{"type":"operationEnd","doDiffs":false,"previousEventId":"2e7s67al3c6y1g1","previousOperationId":"ouyxr1n5o7vbnao","operationId":"ouyxr1n5o7vbnao","timestamp":1706086828901,"id":"m5d5xju8ew6c1yj"}
