{"type":"operationStart","subtype":"profile","data":{"_id":"Alp3BOD0D6TCtr05","timestamp":"2024-01-22T09:59:39.812Z","state":"queued","mode":"standard","creationDate":"2024-01-22T09:59:39.814Z","modificationDate":"2024-01-22T09:59:39.814Z","shortid":"e6GPwOt","$entitySet":"profiles"},"doDiffs":false,"timestamp":1705917579813,"id":"75hnlunyhlcytu0","previousOperationId":null,"operationId":"c3syaurduw8ah55"}
{"type":"log","level":"info","message":"Render request 19 queued for execution and waiting for available worker","previousOperationId":"c3syaurduw8ah55","timestamp":1705917579813,"id":"tfyodat24d85yjp"}
{"type":"operationStart","subtype":"render","name":"orders-main","previousOperationId":"c3syaurduw8ah55","timestamp":1705917579823,"id":"oace3850xzv67pr","previousEventId":"75hnlunyhlcytu0","operationId":"dt6b09qveoqaovs"}
{"type":"log","timestamp":1705917579824,"level":"info","message":"Starting rendering request 19","meta":{"rootId":"doo8xoeju992od3","id":"doo8xoeju992od3"},"id":"u0ld3f2swnq1gs7","previousOperationId":"dt6b09qveoqaovs"}
{"type":"log","timestamp":1705917579824,"level":"info","message":"Rendering template { name: orders-main, recipe: chrome-pdf, engine: handlebars, preview: false }","meta":{"rootId":"doo8xoeju992od3","id":"doo8xoeju992od3"},"id":"vo71bejt8yr37h5","previousOperationId":"dt6b09qveoqaovs"}
{"type":"log","timestamp":1705917579825,"level":"debug","message":"Inline data specified.","meta":{"rootId":"doo8xoeju992od3","id":"doo8xoeju992od3"},"id":"dcl5993dg7zugkz","previousOperationId":"dt6b09qveoqaovs"}
{"type":"log","timestamp":1705917579828,"level":"debug","message":"Executing script orders-script (beforeRender)","meta":{"rootId":"doo8xoeju992od3","id":"doo8xoeju992od3"},"id":"q6kuauc6rdtboti","previousOperationId":"dt6b09qveoqaovs"}
{"type":"operationStart","subtype":"scriptsBeforeRender","name":"scripts beforeRender","timestamp":1705917579841,"id":"n3y46b629jhbnv8","previousEventId":"oace3850xzv67pr","operationId":"51m5qukqgnitjws","previousOperationId":"dt6b09qveoqaovs"}
{"type":"operationStart","subtype":"script","name":"scripts orders-script","previousOperationId":"51m5qukqgnitjws","timestamp":1705917579841,"id":"7pyva2k5h5zfvvj","previousEventId":"n3y46b629jhbnv8","operationId":"zdc222df9b84af4"}
{"type":"operationEnd","operationId":"zdc222df9b84af4","timestamp":1705917581399,"id":"ml88os27zdrxjzr","previousEventId":"oace3850xzv67pr","previousOperationId":"dt6b09qveoqaovs"}
{"type":"operationEnd","operationId":"51m5qukqgnitjws","timestamp":1705917581399,"id":"rroct2b9wbof8iv","previousEventId":"ml88os27zdrxjzr","previousOperationId":"dt6b09qveoqaovs"}
{"type":"log","timestamp":1705917581399,"level":"debug","message":"Base url not specified, skipping its injection.","meta":{"rootId":"doo8xoeju992od3","id":"doo8xoeju992od3"},"id":"upj0knh8hzkwlnf","previousOperationId":"51m5qukqgnitjws"}
{"type":"operationStart","subtype":"engine","name":"handlebars","timestamp":1705917581399,"id":"4pq03cfrhm0ioli","previousEventId":"rroct2b9wbof8iv","operationId":"rpg064moe6bw5zc","previousOperationId":"51m5qukqgnitjws"}
{"type":"log","timestamp":1705917581399,"level":"debug","message":"Rendering engine handlebars","meta":{"rootId":"doo8xoeju992od3","id":"doo8xoeju992od3"},"id":"ctnfimcauna0njb","previousOperationId":"rpg064moe6bw5zc"}
{"type":"log","timestamp":1705917581407,"level":"debug","message":"(console:log) Pdf utils adding group field, value: \"France\"","meta":{"userLevel":true,"rootId":"doo8xoeju992od3","id":"doo8xoeju992od3"},"id":"7kq8b4qz8kpysmp","previousOperationId":"rpg064moe6bw5zc"}
{"type":"log","timestamp":1705917581407,"level":"debug","message":"(console:log) Pdf utils adding group field, value: \"Germany\"","meta":{"userLevel":true,"rootId":"doo8xoeju992od3","id":"doo8xoeju992od3"},"id":"nj5vu49a6ge3suh","previousOperationId":"rpg064moe6bw5zc"}
{"type":"operationEnd","operationId":"rpg064moe6bw5zc","timestamp":1705917581408,"id":"2t2sky7pow02iko","previousEventId":"4pq03cfrhm0ioli","previousOperationId":"rpg064moe6bw5zc"}
{"type":"operationStart","subtype":"recipe","name":"chrome-pdf","timestamp":1705917581408,"id":"lsee9k1pk0qcwpf","previousEventId":"2t2sky7pow02iko","operationId":"4kjxmtjls7fsh1w","previousOperationId":"rpg064moe6bw5zc"}
{"type":"log","timestamp":1705917581408,"level":"debug","message":"Executing recipe chrome-pdf","meta":{"rootId":"doo8xoeju992od3","id":"doo8xoeju992od3"},"id":"4h3xg1gq714u6a0","previousOperationId":"4kjxmtjls7fsh1w"}
{"type":"log","timestamp":1705917581411,"level":"debug","message":"Converting with chrome HeadlessChrome/117.0.5938.149 using chrome-pool strategy","meta":{"rootId":"doo8xoeju992od3","id":"doo8xoeju992od3"},"id":"o5n2yjxz42et2m1","previousOperationId":"4kjxmtjls7fsh1w"}
{"type":"log","timestamp":1705917581516,"level":"debug","message":"Page request: GET (document) file:///C:/Users/franc/AppData/Local/Temp/jsreport/autocleanup/a64dc570-41d6-4771-97f0-5c24ba5513f6-chrome-pdf.html","meta":{"rootId":"doo8xoeju992od3","id":"doo8xoeju992od3"},"id":"gwdcra6btgyy9fl","previousOperationId":"4kjxmtjls7fsh1w"}
{"type":"log","timestamp":1705917581561,"level":"debug","message":"Page request: GET (stylesheet) https://cdnjs.cloudflare.com/ajax/libs/metro/4.1.5/css/metro.min.css","meta":{"rootId":"doo8xoeju992od3","id":"doo8xoeju992od3"},"id":"5if8optq1p1bntk","previousOperationId":"4kjxmtjls7fsh1w"}
{"type":"log","timestamp":1705917581561,"level":"debug","message":"Page request: GET (script) https://cdnjs.cloudflare.com/ajax/libs/Chart.js/2.7.2/Chart.min.js","meta":{"rootId":"doo8xoeju992od3","id":"doo8xoeju992od3"},"id":"yucrgm2370kg7rm","previousOperationId":"4kjxmtjls7fsh1w"}
{"type":"log","timestamp":1705917581562,"level":"debug","message":"Page request finished: GET (document) 200 file:///C:/Users/franc/AppData/Local/Temp/jsreport/autocleanup/a64dc570-41d6-4771-97f0-5c24ba5513f6-chrome-pdf.html","meta":{"rootId":"doo8xoeju992od3","id":"doo8xoeju992od3"},"id":"vpkd98x2mbdzmbw","previousOperationId":"4kjxmtjls7fsh1w"}
{"type":"log","timestamp":1705917581581,"level":"debug","message":"Page request finished: GET (stylesheet) 200 https://cdnjs.cloudflare.com/ajax/libs/metro/4.1.5/css/metro.min.css","meta":{"rootId":"doo8xoeju992od3","id":"doo8xoeju992od3"},"id":"r8g96voz6pnd52l","previousOperationId":"4kjxmtjls7fsh1w"}
{"type":"log","timestamp":1705917581581,"level":"debug","message":"Page request finished: GET (script) 200 https://cdnjs.cloudflare.com/ajax/libs/Chart.js/2.7.2/Chart.min.js","meta":{"rootId":"doo8xoeju992od3","id":"doo8xoeju992od3"},"id":"2spx2u9j3a2ko49","previousOperationId":"4kjxmtjls7fsh1w"}
{"type":"log","timestamp":1705917581656,"level":"debug","message":"Running chrome with params {\"printBackground\":true,\"marginTop\":\"4cm\",\"marginRight\":\"1.5cm\",\"marginBottom\":\"1.5cm\",\"marginLeft\":\"1.5cm\",\"waitForJS\":false,\"timeout\":58402,\"margin\":{\"top\":\"4cm\",\"right\":\"1.5cm\",\"bottom\":\"1.5cm\",\"left\":\"1.5cm\"}}","meta":{"rootId":"doo8xoeju992od3","id":"doo8xoeju992od3"},"id":"g5yakrq7p2ulwqt","previousOperationId":"4kjxmtjls7fsh1w"}
{"type":"operationEnd","operationId":"4kjxmtjls7fsh1w","timestamp":1705917581811,"id":"omo34gybhr9q07u","previousEventId":"lsee9k1pk0qcwpf","previousOperationId":"4kjxmtjls7fsh1w"}
{"type":"log","timestamp":1705917581811,"level":"info","message":"pdf-utils is starting pdf processing","meta":{"rootId":"doo8xoeju992od3","id":"doo8xoeju992od3"},"id":"0cmaikpmsrinrhn","previousOperationId":"4kjxmtjls7fsh1w"}
{"type":"operationStart","subtype":"pdfUtils","name":"pdf utils","timestamp":1705917581811,"id":"0svaxolip637dbe","previousEventId":"omo34gybhr9q07u","operationId":"l26a20yfcgmavpl","previousOperationId":"4kjxmtjls7fsh1w"}
{"type":"log","timestamp":1705917581811,"level":"debug","message":"pdf-utils detected 1 pdf operation(s) to process","meta":{"rootId":"doo8xoeju992od3","id":"doo8xoeju992od3"},"id":"bkgm8ft0pamnylu","previousOperationId":"l26a20yfcgmavpl"}
{"type":"log","timestamp":1705917581844,"level":"debug","message":"pdf-utils running pdf operation merge","meta":{"rootId":"doo8xoeju992od3","id":"doo8xoeju992od3"},"id":"j2txehyc359c1ba","previousOperationId":"l26a20yfcgmavpl"}
{"type":"operationStart","subtype":"pdfUtilsMerge","name":"pdf utils merge","previousOperationId":"l26a20yfcgmavpl","timestamp":1705917581844,"id":"o3xev541nd289iz","previousEventId":"0svaxolip637dbe","operationId":"cauke4y6almld2k"}
{"type":"operationStart","subtype":"render","name":"orders-header","previousOperationId":"cauke4y6almld2k","timestamp":1705917581845,"id":"bnfogtwxago58xt","previousEventId":"o3xev541nd289iz","operationId":"i3xt9g2qq4frltq"}
{"type":"log","timestamp":1705917581846,"level":"info","message":"Starting rendering (child) request","meta":{"rootId":"doo8xoeju992od3","id":"8rng27io2mui6wt"},"id":"0hen1kc1iq9c5r3","previousOperationId":"i3xt9g2qq4frltq"}
{"type":"log","timestamp":1705917581846,"level":"info","message":"Rendering template { name: orders-header, recipe: chrome-pdf, engine: handlebars, preview: false }","meta":{"rootId":"doo8xoeju992od3","id":"8rng27io2mui6wt"},"id":"6zbjunr0xqi3o2f","previousOperationId":"i3xt9g2qq4frltq"}
{"type":"log","timestamp":1705917581847,"level":"debug","message":"Inline data specified.","meta":{"rootId":"doo8xoeju992od3","id":"8rng27io2mui6wt"},"id":"9lvmq414auz71nf","previousOperationId":"i3xt9g2qq4frltq"}
{"type":"log","timestamp":1705917581850,"level":"debug","message":"Base url not specified, skipping its injection.","meta":{"rootId":"doo8xoeju992od3","id":"8rng27io2mui6wt"},"id":"xwsg6nexd9eqcla","previousOperationId":"i3xt9g2qq4frltq"}
{"type":"operationStart","subtype":"engine","name":"handlebars","timestamp":1705917581850,"id":"2uca51kj0sgsagg","previousEventId":"bnfogtwxago58xt","operationId":"a9p6pk1tbxclq83","previousOperationId":"i3xt9g2qq4frltq"}
{"type":"log","timestamp":1705917581850,"level":"debug","message":"Rendering engine handlebars","meta":{"rootId":"doo8xoeju992od3","id":"8rng27io2mui6wt"},"id":"veue6z00zbhj0e0","previousOperationId":"a9p6pk1tbxclq83"}
{"type":"operationEnd","operationId":"a9p6pk1tbxclq83","timestamp":1705917581869,"id":"n8w0tarjhxu8ae7","previousEventId":"2uca51kj0sgsagg","previousOperationId":"a9p6pk1tbxclq83"}
{"type":"operationStart","subtype":"recipe","name":"chrome-pdf","timestamp":1705917581869,"id":"5wm1h1lt1pdfav4","previousEventId":"n8w0tarjhxu8ae7","operationId":"a9ai0et1m0b3k1j","previousOperationId":"a9p6pk1tbxclq83"}
{"type":"log","timestamp":1705917581869,"level":"debug","message":"Executing recipe chrome-pdf","meta":{"rootId":"doo8xoeju992od3","id":"8rng27io2mui6wt"},"id":"40310ubhuecmvpp","previousOperationId":"a9ai0et1m0b3k1j"}
{"type":"log","timestamp":1705917581872,"level":"debug","message":"Converting with chrome HeadlessChrome/117.0.5938.149 using chrome-pool strategy","meta":{"rootId":"doo8xoeju992od3","id":"8rng27io2mui6wt"},"id":"mjoh5ykmamf1yz7","previousOperationId":"a9ai0et1m0b3k1j"}
{"type":"log","timestamp":1705917581963,"level":"debug","message":"Page request: GET (document) file:///C:/Users/franc/AppData/Local/Temp/jsreport/autocleanup/fe75c7e7-d86c-4830-8190-c2de62b96c2c-chrome-pdf.html","meta":{"rootId":"doo8xoeju992od3","id":"8rng27io2mui6wt"},"id":"73c7qqje21wn1b4","previousOperationId":"a9ai0et1m0b3k1j"}
{"type":"log","timestamp":1705917581974,"level":"debug","message":"Page request: GET (stylesheet) https://cdnjs.cloudflare.com/ajax/libs/metro/4.1.5/css/metro.min.css","meta":{"rootId":"doo8xoeju992od3","id":"8rng27io2mui6wt"},"id":"r7xy9kyv42rmk8m","previousOperationId":"a9ai0et1m0b3k1j"}
{"type":"log","timestamp":1705917581974,"level":"debug","message":"Page request finished: GET (document) 200 file:///C:/Users/franc/AppData/Local/Temp/jsreport/autocleanup/fe75c7e7-d86c-4830-8190-c2de62b96c2c-chrome-pdf.html","meta":{"rootId":"doo8xoeju992od3","id":"8rng27io2mui6wt"},"id":"0dj81j1f96o0ed8","previousOperationId":"a9ai0et1m0b3k1j"}
{"type":"log","timestamp":1705917581991,"level":"debug","message":"Page request finished: GET (stylesheet) 200 https://cdnjs.cloudflare.com/ajax/libs/metro/4.1.5/css/metro.min.css","meta":{"rootId":"doo8xoeju992od3","id":"8rng27io2mui6wt"},"id":"ppdkxr2z57andsl","previousOperationId":"a9ai0et1m0b3k1j"}
{"type":"log","timestamp":1705917582009,"level":"debug","message":"Running chrome with params {\"printBackground\":true,\"marginTop\":\"1.5cm\",\"marginRight\":\"1.5cm\",\"marginLeft\":\"1.cm\",\"timeout\":57941,\"margin\":{\"top\":\"1.5cm\",\"right\":\"1.5cm\",\"left\":\"1.cm\"}}","meta":{"rootId":"doo8xoeju992od3","id":"8rng27io2mui6wt"},"id":"y4qt94ttqjowzy0","previousOperationId":"a9ai0et1m0b3k1j"}
{"type":"operationEnd","operationId":"a9ai0et1m0b3k1j","timestamp":1705917582052,"id":"b331c6nonhf0eow","previousEventId":"5wm1h1lt1pdfav4","previousOperationId":"a9ai0et1m0b3k1j"}
{"type":"log","timestamp":1705917582053,"level":"debug","message":"Skipping storing report.","meta":{"rootId":"doo8xoeju992od3","id":"8rng27io2mui6wt"},"id":"h3qo48e75au5k8q","previousOperationId":"a9ai0et1m0b3k1j"}
{"type":"log","timestamp":1705917582053,"level":"info","message":"Rendering (child) request finished in 2241 ms","meta":{"rootId":"doo8xoeju992od3","id":"8rng27io2mui6wt"},"id":"fpscd94k0l7xboq","previousOperationId":"a9ai0et1m0b3k1j"}
{"type":"operationEnd","subtype":"render","operationId":"i3xt9g2qq4frltq","timestamp":1705917582053,"id":"0lokbmo332t20ex","previousEventId":"b331c6nonhf0eow","previousOperationId":"a9ai0et1m0b3k1j"}
{"type":"operationEnd","operationId":"cauke4y6almld2k","timestamp":1705917582068,"id":"dgyezfdfb8slhgn","previousEventId":"o3xev541nd289iz","previousOperationId":"cauke4y6almld2k"}
{"type":"log","timestamp":1705917582068,"level":"debug","message":"pdf-utils postproces start","meta":{"rootId":"doo8xoeju992od3","id":"doo8xoeju992od3"},"id":"uywaonfdt1i6oq1","previousOperationId":"cauke4y6almld2k"}
{"type":"log","timestamp":1705917582086,"level":"debug","message":"pdf-utils postproces end","meta":{"rootId":"doo8xoeju992od3","id":"doo8xoeju992od3"},"id":"e1y7006v42y39bz","previousOperationId":"cauke4y6almld2k"}
{"type":"operationEnd","operationId":"l26a20yfcgmavpl","timestamp":1705917582086,"id":"o5a8cv9a37hlnj1","previousEventId":"dgyezfdfb8slhgn","previousOperationId":"cauke4y6almld2k"}
{"type":"log","timestamp":1705917582086,"level":"info","message":"pdf-utils pdf processing was finished","meta":{"rootId":"doo8xoeju992od3","id":"doo8xoeju992od3"},"id":"s6bkze6pf2ckvjq","previousOperationId":"l26a20yfcgmavpl"}
{"type":"log","timestamp":1705917582086,"level":"debug","message":"Skipping storing report.","meta":{"rootId":"doo8xoeju992od3","id":"doo8xoeju992od3"},"id":"q369plm7k27i98c","previousOperationId":"l26a20yfcgmavpl"}
{"type":"log","timestamp":1705917582086,"level":"info","message":"Rendering request 19 finished in 2274 ms","meta":{"rootId":"doo8xoeju992od3","id":"doo8xoeju992od3"},"id":"x3iaxlacphmovlo","previousOperationId":"l26a20yfcgmavpl"}
{"type":"operationEnd","subtype":"render","operationId":"dt6b09qveoqaovs","timestamp":1705917582086,"id":"a7z50wns7c1ds7h","previousEventId":"o5a8cv9a37hlnj1","previousOperationId":"l26a20yfcgmavpl"}
{"type":"operationEnd","doDiffs":false,"previousEventId":"75hnlunyhlcytu0","previousOperationId":"c3syaurduw8ah55","operationId":"c3syaurduw8ah55","timestamp":1705917582098,"id":"zb25dzj9772x5pk"}
