{"type":"operationStart","subtype":"profile","data":{"_id":"SzryUPVYy0AukRnQ","timestamp":"2024-01-23T13:38:46.823Z","state":"queued","mode":"standard","creationDate":"2024-01-23T13:38:46.825Z","modificationDate":"2024-01-23T13:38:46.825Z","shortid":"YmUPL5q","$entitySet":"profiles"},"doDiffs":false,"timestamp":1706017126824,"id":"o6o382iwrigfgsc","previousOperationId":null,"operationId":"8jsz4k3je0673iq"}
{"type":"log","level":"info","message":"Render request 57 queued for execution and waiting for available worker","previousOperationId":"8jsz4k3je0673iq","timestamp":1706017126824,"id":"k72jt3efkei3ivd"}
{"type":"operationStart","subtype":"render","name":"orders-main","previousOperationId":"8jsz4k3je0673iq","timestamp":1706017126854,"id":"id4rw8vb2a2mxbd","previousEventId":"o6o382iwrigfgsc","operationId":"g1qoom4bhrfeaqr"}
{"type":"log","timestamp":1706017126857,"level":"info","message":"Starting rendering request 57","meta":{"rootId":"drn3eu3xpddak8v","id":"drn3eu3xpddak8v"},"id":"608xedfphmal8hi","previousOperationId":"g1qoom4bhrfeaqr"}
{"type":"log","timestamp":1706017126859,"level":"info","message":"Rendering template { name: orders-main, recipe: chrome-pdf, engine: handlebars, preview: false }","meta":{"rootId":"drn3eu3xpddak8v","id":"drn3eu3xpddak8v"},"id":"ojiwi6yq0jfg8zo","previousOperationId":"g1qoom4bhrfeaqr"}
{"type":"log","timestamp":1706017126863,"level":"debug","message":"Inline data specified.","meta":{"rootId":"drn3eu3xpddak8v","id":"drn3eu3xpddak8v"},"id":"hhp1xdy4a21kgzd","previousOperationId":"g1qoom4bhrfeaqr"}
{"type":"log","timestamp":1706017126867,"level":"debug","message":"Executing script orders-script (beforeRender)","meta":{"rootId":"drn3eu3xpddak8v","id":"drn3eu3xpddak8v"},"id":"n7r3s0p6xo4n929","previousOperationId":"g1qoom4bhrfeaqr"}
{"type":"operationStart","subtype":"scriptsBeforeRender","name":"scripts beforeRender","timestamp":1706017126903,"id":"2wbiuvnauurrpd7","previousEventId":"id4rw8vb2a2mxbd","operationId":"0pngj8j7ehgulz5","previousOperationId":"g1qoom4bhrfeaqr"}
{"type":"operationStart","subtype":"script","name":"scripts orders-script","previousOperationId":"0pngj8j7ehgulz5","timestamp":1706017126903,"id":"du8o1as1duz25u0","previousEventId":"2wbiuvnauurrpd7","operationId":"mquc6y6piiufnmn"}
{"type":"operationEnd","operationId":"mquc6y6piiufnmn","timestamp":1706017128318,"id":"kz3iuzoedbpxf8d","previousEventId":"id4rw8vb2a2mxbd","previousOperationId":"g1qoom4bhrfeaqr"}
{"type":"operationEnd","operationId":"0pngj8j7ehgulz5","timestamp":1706017128319,"id":"d6bgf49wxu5rlli","previousEventId":"kz3iuzoedbpxf8d","previousOperationId":"g1qoom4bhrfeaqr"}
{"type":"log","timestamp":1706017128319,"level":"debug","message":"Base url not specified, skipping its injection.","meta":{"rootId":"drn3eu3xpddak8v","id":"drn3eu3xpddak8v"},"id":"mz1c1g95598vl80","previousOperationId":"0pngj8j7ehgulz5"}
{"type":"operationStart","subtype":"engine","name":"handlebars","timestamp":1706017128320,"id":"i9sgub5mxf7e4eh","previousEventId":"d6bgf49wxu5rlli","operationId":"wrmgygxcqqz9m3k","previousOperationId":"0pngj8j7ehgulz5"}
{"type":"log","timestamp":1706017128320,"level":"debug","message":"Rendering engine handlebars","meta":{"rootId":"drn3eu3xpddak8v","id":"drn3eu3xpddak8v"},"id":"vzc3jfsa9gy4xhl","previousOperationId":"wrmgygxcqqz9m3k"}
{"type":"log","timestamp":1706017128343,"level":"debug","message":"(console:log) Pdf utils adding group field, value: \"France\"","meta":{"userLevel":true,"rootId":"drn3eu3xpddak8v","id":"drn3eu3xpddak8v"},"id":"jqp6ankgcdmmffe","previousOperationId":"wrmgygxcqqz9m3k"}
{"type":"log","timestamp":1706017128343,"level":"debug","message":"(console:log) Pdf utils adding group field, value: \"Germany\"","meta":{"userLevel":true,"rootId":"drn3eu3xpddak8v","id":"drn3eu3xpddak8v"},"id":"q2ankcm52jfy41m","previousOperationId":"wrmgygxcqqz9m3k"}
{"type":"operationEnd","operationId":"wrmgygxcqqz9m3k","timestamp":1706017128345,"id":"vppjy5k1yf4ze99","previousEventId":"i9sgub5mxf7e4eh","previousOperationId":"wrmgygxcqqz9m3k"}
{"type":"operationStart","subtype":"recipe","name":"chrome-pdf","timestamp":1706017128346,"id":"eoq9timxoz4oezm","previousEventId":"vppjy5k1yf4ze99","operationId":"zs3hlrivaqg9z1s","previousOperationId":"wrmgygxcqqz9m3k"}
{"type":"log","timestamp":1706017128346,"level":"debug","message":"Executing recipe chrome-pdf","meta":{"rootId":"drn3eu3xpddak8v","id":"drn3eu3xpddak8v"},"id":"lq6hpbej5jjzzwi","previousOperationId":"zs3hlrivaqg9z1s"}
{"type":"log","timestamp":1706017128536,"level":"debug","message":"Converting with chrome HeadlessChrome/117.0.5938.149 using chrome-pool strategy","meta":{"rootId":"drn3eu3xpddak8v","id":"drn3eu3xpddak8v"},"id":"vbzo8jck80u140b","previousOperationId":"zs3hlrivaqg9z1s"}
{"type":"log","timestamp":1706017128972,"level":"debug","message":"Page request: GET (document) file:///C:/Users/franc/AppData/Local/Temp/jsreport/autocleanup/f45805b5-e9be-4bad-b179-977a872fe8f0-chrome-pdf.html","meta":{"rootId":"drn3eu3xpddak8v","id":"drn3eu3xpddak8v"},"id":"hm7ziam6de8p95l","previousOperationId":"zs3hlrivaqg9z1s"}
{"type":"log","timestamp":1706017129032,"level":"debug","message":"Page request: GET (stylesheet) https://cdnjs.cloudflare.com/ajax/libs/metro/4.1.5/css/metro.min.css","meta":{"rootId":"drn3eu3xpddak8v","id":"drn3eu3xpddak8v"},"id":"flx6bt9qc81opkb","previousOperationId":"zs3hlrivaqg9z1s"}
{"type":"log","timestamp":1706017129032,"level":"debug","message":"Page request: GET (script) https://cdnjs.cloudflare.com/ajax/libs/Chart.js/2.7.2/Chart.min.js","meta":{"rootId":"drn3eu3xpddak8v","id":"drn3eu3xpddak8v"},"id":"z42ihtsefe7gzh4","previousOperationId":"zs3hlrivaqg9z1s"}
{"type":"log","timestamp":1706017129033,"level":"debug","message":"Page request finished: GET (document) 200 file:///C:/Users/franc/AppData/Local/Temp/jsreport/autocleanup/f45805b5-e9be-4bad-b179-977a872fe8f0-chrome-pdf.html","meta":{"rootId":"drn3eu3xpddak8v","id":"drn3eu3xpddak8v"},"id":"3x6o5pel7yx6ks6","previousOperationId":"zs3hlrivaqg9z1s"}
{"type":"log","timestamp":1706017131457,"level":"debug","message":"Page request finished: GET (script) 200 https://cdnjs.cloudflare.com/ajax/libs/Chart.js/2.7.2/Chart.min.js","meta":{"rootId":"drn3eu3xpddak8v","id":"drn3eu3xpddak8v"},"id":"zq8kd28ht7dt7cp","previousOperationId":"zs3hlrivaqg9z1s"}
{"type":"log","timestamp":1706017131592,"level":"debug","message":"Page request finished: GET (stylesheet) 200 https://cdnjs.cloudflare.com/ajax/libs/metro/4.1.5/css/metro.min.css","meta":{"rootId":"drn3eu3xpddak8v","id":"drn3eu3xpddak8v"},"id":"o9k98mem0v94d2i","previousOperationId":"zs3hlrivaqg9z1s"}
{"type":"log","timestamp":1706017131667,"level":"debug","message":"Running chrome with params {\"printBackground\":true,\"marginTop\":\"4cm\",\"marginRight\":\"1.5cm\",\"marginBottom\":\"1.5cm\",\"marginLeft\":\"1.5cm\",\"waitForJS\":false,\"timeout\":58475,\"margin\":{\"top\":\"4cm\",\"right\":\"1.5cm\",\"bottom\":\"1.5cm\",\"left\":\"1.5cm\"}}","meta":{"rootId":"drn3eu3xpddak8v","id":"drn3eu3xpddak8v"},"id":"4ydj3h904kx7998","previousOperationId":"zs3hlrivaqg9z1s"}
{"type":"operationEnd","operationId":"zs3hlrivaqg9z1s","timestamp":1706017131819,"id":"hxa2l563n48b1tf","previousEventId":"eoq9timxoz4oezm","previousOperationId":"zs3hlrivaqg9z1s"}
{"type":"log","timestamp":1706017131819,"level":"info","message":"pdf-utils is starting pdf processing","meta":{"rootId":"drn3eu3xpddak8v","id":"drn3eu3xpddak8v"},"id":"8lxe46n5bc55bbw","previousOperationId":"zs3hlrivaqg9z1s"}
{"type":"operationStart","subtype":"pdfUtils","name":"pdf utils","timestamp":1706017131819,"id":"4a8uu03p1gmnfyt","previousEventId":"hxa2l563n48b1tf","operationId":"0t9vfnskgwuf233","previousOperationId":"zs3hlrivaqg9z1s"}
{"type":"log","timestamp":1706017131819,"level":"debug","message":"pdf-utils detected 1 pdf operation(s) to process","meta":{"rootId":"drn3eu3xpddak8v","id":"drn3eu3xpddak8v"},"id":"h26b5200n0ekp1c","previousOperationId":"0t9vfnskgwuf233"}
{"type":"log","timestamp":1706017131867,"level":"debug","message":"pdf-utils running pdf operation merge","meta":{"rootId":"drn3eu3xpddak8v","id":"drn3eu3xpddak8v"},"id":"9yrqu93n85tfl39","previousOperationId":"0t9vfnskgwuf233"}
{"type":"operationStart","subtype":"pdfUtilsMerge","name":"pdf utils merge","previousOperationId":"0t9vfnskgwuf233","timestamp":1706017131867,"id":"13s8cahihi3tkjf","previousEventId":"4a8uu03p1gmnfyt","operationId":"y07cw2dw7v4xqmm"}
{"type":"operationStart","subtype":"render","name":"orders-header","previousOperationId":"y07cw2dw7v4xqmm","timestamp":1706017131873,"id":"l2kzsji66nhfmc1","previousEventId":"13s8cahihi3tkjf","operationId":"rqqfef3r33lclew"}
{"type":"log","timestamp":1706017131873,"level":"info","message":"Starting rendering (child) request","meta":{"rootId":"drn3eu3xpddak8v","id":"1hk7mnzj6q21z54"},"id":"cbn8oxpt0t26h2r","previousOperationId":"rqqfef3r33lclew"}
{"type":"log","timestamp":1706017131873,"level":"info","message":"Rendering template { name: orders-header, recipe: chrome-pdf, engine: handlebars, preview: false }","meta":{"rootId":"drn3eu3xpddak8v","id":"1hk7mnzj6q21z54"},"id":"s5wtzph79orhx89","previousOperationId":"rqqfef3r33lclew"}
{"type":"log","timestamp":1706017131882,"level":"debug","message":"Inline data specified.","meta":{"rootId":"drn3eu3xpddak8v","id":"1hk7mnzj6q21z54"},"id":"dlowon4wa7t06q3","previousOperationId":"rqqfef3r33lclew"}
{"type":"log","timestamp":1706017131893,"level":"debug","message":"Base url not specified, skipping its injection.","meta":{"rootId":"drn3eu3xpddak8v","id":"1hk7mnzj6q21z54"},"id":"mipy817nz58x9tf","previousOperationId":"rqqfef3r33lclew"}
{"type":"operationStart","subtype":"engine","name":"handlebars","timestamp":1706017131893,"id":"vk4u29bn705f40a","previousEventId":"l2kzsji66nhfmc1","operationId":"re2iz7irgpood3b","previousOperationId":"rqqfef3r33lclew"}
{"type":"log","timestamp":1706017131893,"level":"debug","message":"Rendering engine handlebars","meta":{"rootId":"drn3eu3xpddak8v","id":"1hk7mnzj6q21z54"},"id":"4cmc7vfxsp2xxsd","previousOperationId":"re2iz7irgpood3b"}
{"type":"operationEnd","operationId":"re2iz7irgpood3b","timestamp":1706017131919,"id":"1nfqhfh7l3skkrz","previousEventId":"vk4u29bn705f40a","previousOperationId":"re2iz7irgpood3b"}
{"type":"operationStart","subtype":"recipe","name":"chrome-pdf","timestamp":1706017131919,"id":"ehuz90prix9586i","previousEventId":"1nfqhfh7l3skkrz","operationId":"jo8eoazfwiho0cd","previousOperationId":"re2iz7irgpood3b"}
{"type":"log","timestamp":1706017131919,"level":"debug","message":"Executing recipe chrome-pdf","meta":{"rootId":"drn3eu3xpddak8v","id":"1hk7mnzj6q21z54"},"id":"zxwdoopyfiiwbck","previousOperationId":"jo8eoazfwiho0cd"}
{"type":"log","timestamp":1706017131924,"level":"debug","message":"Converting with chrome HeadlessChrome/117.0.5938.149 using chrome-pool strategy","meta":{"rootId":"drn3eu3xpddak8v","id":"1hk7mnzj6q21z54"},"id":"8jxwnwegfp6isf3","previousOperationId":"jo8eoazfwiho0cd"}
{"type":"log","timestamp":1706017132022,"level":"debug","message":"Page request: GET (document) file:///C:/Users/franc/AppData/Local/Temp/jsreport/autocleanup/a7a199c9-2d6f-4279-b70c-e2d295ff8c75-chrome-pdf.html","meta":{"rootId":"drn3eu3xpddak8v","id":"1hk7mnzj6q21z54"},"id":"0g2x1wcl0ckwfia","previousOperationId":"jo8eoazfwiho0cd"}
{"type":"log","timestamp":1706017132034,"level":"debug","message":"Page request: GET (stylesheet) https://cdnjs.cloudflare.com/ajax/libs/metro/4.1.5/css/metro.min.css","meta":{"rootId":"drn3eu3xpddak8v","id":"1hk7mnzj6q21z54"},"id":"3069s67gupc0ejk","previousOperationId":"jo8eoazfwiho0cd"}
{"type":"log","timestamp":1706017132034,"level":"debug","message":"Page request finished: GET (document) 200 file:///C:/Users/franc/AppData/Local/Temp/jsreport/autocleanup/a7a199c9-2d6f-4279-b70c-e2d295ff8c75-chrome-pdf.html","meta":{"rootId":"drn3eu3xpddak8v","id":"1hk7mnzj6q21z54"},"id":"1o1lorfcv33mvqr","previousOperationId":"jo8eoazfwiho0cd"}
{"type":"log","timestamp":1706017132050,"level":"debug","message":"Page request finished: GET (stylesheet) 200 https://cdnjs.cloudflare.com/ajax/libs/metro/4.1.5/css/metro.min.css","meta":{"rootId":"drn3eu3xpddak8v","id":"1hk7mnzj6q21z54"},"id":"r5ewtwblzhbhcog","previousOperationId":"jo8eoazfwiho0cd"}
{"type":"log","timestamp":1706017132072,"level":"debug","message":"Running chrome with params {\"printBackground\":true,\"marginTop\":\"1.5cm\",\"marginRight\":\"1.5cm\",\"marginLeft\":\"1.cm\",\"timeout\":54900,\"margin\":{\"top\":\"1.5cm\",\"right\":\"1.5cm\",\"left\":\"1.cm\"}}","meta":{"rootId":"drn3eu3xpddak8v","id":"1hk7mnzj6q21z54"},"id":"4o0ra82ie8hgkw5","previousOperationId":"jo8eoazfwiho0cd"}
{"type":"operationEnd","operationId":"jo8eoazfwiho0cd","timestamp":1706017132115,"id":"yag8p39gw3gt6g4","previousEventId":"ehuz90prix9586i","previousOperationId":"jo8eoazfwiho0cd"}
{"type":"log","timestamp":1706017132115,"level":"debug","message":"Skipping storing report.","meta":{"rootId":"drn3eu3xpddak8v","id":"1hk7mnzj6q21z54"},"id":"szfx21jhr9a5ufu","previousOperationId":"jo8eoazfwiho0cd"}
{"type":"log","timestamp":1706017132115,"level":"info","message":"Rendering (child) request finished in 5292 ms","meta":{"rootId":"drn3eu3xpddak8v","id":"1hk7mnzj6q21z54"},"id":"qnizrx67tqa1sb7","previousOperationId":"jo8eoazfwiho0cd"}
{"type":"operationEnd","subtype":"render","operationId":"rqqfef3r33lclew","timestamp":1706017132115,"id":"b8ewd7p25x50hlm","previousEventId":"yag8p39gw3gt6g4","previousOperationId":"jo8eoazfwiho0cd"}
{"type":"operationEnd","operationId":"y07cw2dw7v4xqmm","timestamp":1706017132131,"id":"kyi2ggjgbd9an6g","previousEventId":"13s8cahihi3tkjf","previousOperationId":"y07cw2dw7v4xqmm"}
{"type":"log","timestamp":1706017132131,"level":"debug","message":"pdf-utils postproces start","meta":{"rootId":"drn3eu3xpddak8v","id":"drn3eu3xpddak8v"},"id":"9fj1ukz6hqxmm30","previousOperationId":"y07cw2dw7v4xqmm"}
{"type":"log","timestamp":1706017132151,"level":"debug","message":"pdf-utils postproces end","meta":{"rootId":"drn3eu3xpddak8v","id":"drn3eu3xpddak8v"},"id":"5pm7kqn77q7xcrb","previousOperationId":"y07cw2dw7v4xqmm"}
{"type":"operationEnd","operationId":"0t9vfnskgwuf233","timestamp":1706017132151,"id":"65yltswjptia5qr","previousEventId":"kyi2ggjgbd9an6g","previousOperationId":"y07cw2dw7v4xqmm"}
{"type":"log","timestamp":1706017132151,"level":"info","message":"pdf-utils pdf processing was finished","meta":{"rootId":"drn3eu3xpddak8v","id":"drn3eu3xpddak8v"},"id":"1gpfsf1dvog80n1","previousOperationId":"0t9vfnskgwuf233"}
{"type":"log","timestamp":1706017132151,"level":"debug","message":"Skipping storing report.","meta":{"rootId":"drn3eu3xpddak8v","id":"drn3eu3xpddak8v"},"id":"3qa1e2v70mgtu87","previousOperationId":"0t9vfnskgwuf233"}
{"type":"log","timestamp":1706017132151,"level":"info","message":"Rendering request 57 finished in 5328 ms","meta":{"rootId":"drn3eu3xpddak8v","id":"drn3eu3xpddak8v"},"id":"mfb0tc7yhg10d9h","previousOperationId":"0t9vfnskgwuf233"}
{"type":"operationEnd","subtype":"render","operationId":"g1qoom4bhrfeaqr","timestamp":1706017132151,"id":"0wd2logltpchmhe","previousEventId":"65yltswjptia5qr","previousOperationId":"0t9vfnskgwuf233"}
{"type":"operationEnd","doDiffs":false,"previousEventId":"o6o382iwrigfgsc","previousOperationId":"8jsz4k3je0673iq","operationId":"8jsz4k3je0673iq","timestamp":1706017132157,"id":"jls4c4tctd61gph"}
