{"type":"operationStart","subtype":"profile","data":{"_id":"CTItxne9DS2a3xuJ","timestamp":"2024-01-24T08:23:45.669Z","state":"queued","mode":"standard","creationDate":"2024-01-24T08:23:45.671Z","modificationDate":"2024-01-24T08:23:45.671Z","shortid":"uuLlCgS","$entitySet":"profiles"},"doDiffs":false,"timestamp":1706084625670,"id":"j19416pk2m7wna3","previousOperationId":null,"operationId":"78bhx6y9no90ayb"}
{"type":"log","level":"info","message":"Render request 86 queued for execution and waiting for available worker","previousOperationId":"78bhx6y9no90ayb","timestamp":1706084625670,"id":"ac4k5n1xlsvvfzv"}
{"type":"operationStart","subtype":"render","name":"orders-main","previousOperationId":"78bhx6y9no90ayb","timestamp":1706084631896,"id":"cg6jho27qytykig","previousEventId":"j19416pk2m7wna3","operationId":"ftf8q8vmjowiyj4"}
{"type":"log","timestamp":1706084631896,"level":"info","message":"Starting rendering request 86","meta":{"rootId":"f6wkf2obdqo4rq2","id":"f6wkf2obdqo4rq2"},"id":"tyz6asjoglxllfe","previousOperationId":"ftf8q8vmjowiyj4"}
{"type":"log","timestamp":1706084631897,"level":"info","message":"Rendering template { name: orders-main, recipe: chrome-pdf, engine: handlebars, preview: false }","meta":{"rootId":"f6wkf2obdqo4rq2","id":"f6wkf2obdqo4rq2"},"id":"6yp5bpn4e4s9dqi","previousOperationId":"ftf8q8vmjowiyj4"}
{"type":"log","timestamp":1706084631906,"level":"debug","message":"Inline data specified.","meta":{"rootId":"f6wkf2obdqo4rq2","id":"f6wkf2obdqo4rq2"},"id":"a71s8wsks0u034y","previousOperationId":"ftf8q8vmjowiyj4"}
{"type":"log","timestamp":1706084631913,"level":"debug","message":"Executing script orders-script (beforeRender)","meta":{"rootId":"f6wkf2obdqo4rq2","id":"f6wkf2obdqo4rq2"},"id":"jl4gzqsyb54oxhy","previousOperationId":"ftf8q8vmjowiyj4"}
{"type":"operationStart","subtype":"scriptsBeforeRender","name":"scripts beforeRender","timestamp":1706084631934,"id":"1wy15ip2p5ab33w","previousEventId":"cg6jho27qytykig","operationId":"lrakf8172zqvfsw","previousOperationId":"ftf8q8vmjowiyj4"}
{"type":"operationStart","subtype":"script","name":"scripts orders-script","previousOperationId":"lrakf8172zqvfsw","timestamp":1706084631934,"id":"uh15j92wbd3kfwo","previousEventId":"1wy15ip2p5ab33w","operationId":"ibjaerws2zchsr5"}
{"type":"operationEnd","operationId":"ibjaerws2zchsr5","timestamp":1706084633160,"id":"rymtcdy5vr48u7p","previousEventId":"cg6jho27qytykig","previousOperationId":"ftf8q8vmjowiyj4"}
{"type":"operationEnd","operationId":"lrakf8172zqvfsw","timestamp":1706084633160,"id":"3gd01r8botd1n26","previousEventId":"rymtcdy5vr48u7p","previousOperationId":"ftf8q8vmjowiyj4"}
{"type":"log","timestamp":1706084633160,"level":"debug","message":"Base url not specified, skipping its injection.","meta":{"rootId":"f6wkf2obdqo4rq2","id":"f6wkf2obdqo4rq2"},"id":"47w4jrhdyxc4q8p","previousOperationId":"lrakf8172zqvfsw"}
{"type":"operationStart","subtype":"engine","name":"handlebars","timestamp":1706084633161,"id":"y0muke7ypu4a6tr","previousEventId":"3gd01r8botd1n26","operationId":"9vryrfokgwdwzl0","previousOperationId":"lrakf8172zqvfsw"}
{"type":"log","timestamp":1706084633161,"level":"debug","message":"Rendering engine handlebars","meta":{"rootId":"f6wkf2obdqo4rq2","id":"f6wkf2obdqo4rq2"},"id":"g8ob5pacto0825t","previousOperationId":"9vryrfokgwdwzl0"}
{"type":"log","timestamp":1706084633190,"level":"debug","message":"(console:log) Pdf utils adding group field, value: \"France\"","meta":{"userLevel":true,"rootId":"f6wkf2obdqo4rq2","id":"f6wkf2obdqo4rq2"},"id":"v771zm6rmknuhpd","previousOperationId":"9vryrfokgwdwzl0"}
{"type":"log","timestamp":1706084633191,"level":"debug","message":"(console:log) Pdf utils adding group field, value: \"Germany\"","meta":{"userLevel":true,"rootId":"f6wkf2obdqo4rq2","id":"f6wkf2obdqo4rq2"},"id":"cwxjv4yia5do2vb","previousOperationId":"9vryrfokgwdwzl0"}
{"type":"operationEnd","operationId":"9vryrfokgwdwzl0","timestamp":1706084633193,"id":"r6zml6s10awi9a1","previousEventId":"y0muke7ypu4a6tr","previousOperationId":"9vryrfokgwdwzl0"}
{"type":"operationStart","subtype":"recipe","name":"chrome-pdf","timestamp":1706084633195,"id":"ycvrnr8wk6q615m","previousEventId":"r6zml6s10awi9a1","operationId":"e57hkovmlwzyh6h","previousOperationId":"9vryrfokgwdwzl0"}
{"type":"log","timestamp":1706084633195,"level":"debug","message":"Executing recipe chrome-pdf","meta":{"rootId":"f6wkf2obdqo4rq2","id":"f6wkf2obdqo4rq2"},"id":"iuhoof9e9ddoujv","previousOperationId":"e57hkovmlwzyh6h"}
{"type":"log","timestamp":1706084633202,"level":"debug","message":"Converting with chrome HeadlessChrome/117.0.5938.149 using chrome-pool strategy","meta":{"rootId":"f6wkf2obdqo4rq2","id":"f6wkf2obdqo4rq2"},"id":"ag4seg7ex9p156j","previousOperationId":"e57hkovmlwzyh6h"}
{"type":"log","timestamp":1706084633501,"level":"debug","message":"Page request: GET (document) file:///C:/Users/franc/AppData/Local/Temp/jsreport/autocleanup/4809a335-2786-49f9-afac-e9e49506e2a7-chrome-pdf.html","meta":{"rootId":"f6wkf2obdqo4rq2","id":"f6wkf2obdqo4rq2"},"id":"dyhbfezxap38lag","previousOperationId":"e57hkovmlwzyh6h"}
{"type":"log","timestamp":1706084633737,"level":"debug","message":"Page request finished: GET (document) 200 file:///C:/Users/franc/AppData/Local/Temp/jsreport/autocleanup/4809a335-2786-49f9-afac-e9e49506e2a7-chrome-pdf.html","meta":{"rootId":"f6wkf2obdqo4rq2","id":"f6wkf2obdqo4rq2"},"id":"qlpd0d45r102uvr","previousOperationId":"e57hkovmlwzyh6h"}
{"type":"log","timestamp":1706084633766,"level":"debug","message":"Page request: GET (stylesheet) https://cdnjs.cloudflare.com/ajax/libs/metro/4.1.5/css/metro.min.css","meta":{"rootId":"f6wkf2obdqo4rq2","id":"f6wkf2obdqo4rq2"},"id":"bc3bl5pyjuwj5mk","previousOperationId":"e57hkovmlwzyh6h"}
{"type":"log","timestamp":1706084633769,"level":"debug","message":"Page request: GET (script) https://cdnjs.cloudflare.com/ajax/libs/Chart.js/2.7.2/Chart.min.js","meta":{"rootId":"f6wkf2obdqo4rq2","id":"f6wkf2obdqo4rq2"},"id":"rxuojma3eiiaf5d","previousOperationId":"e57hkovmlwzyh6h"}
{"type":"log","timestamp":1706084633785,"level":"debug","message":"Page request finished: GET (script) 200 https://cdnjs.cloudflare.com/ajax/libs/Chart.js/2.7.2/Chart.min.js","meta":{"rootId":"f6wkf2obdqo4rq2","id":"f6wkf2obdqo4rq2"},"id":"aol1efehbj7pirr","previousOperationId":"e57hkovmlwzyh6h"}
{"type":"log","timestamp":1706084633821,"level":"debug","message":"Page request finished: GET (stylesheet) 200 https://cdnjs.cloudflare.com/ajax/libs/metro/4.1.5/css/metro.min.css","meta":{"rootId":"f6wkf2obdqo4rq2","id":"f6wkf2obdqo4rq2"},"id":"vmgjh958q9q6vtj","previousOperationId":"e57hkovmlwzyh6h"}
{"type":"log","timestamp":1706084633950,"level":"debug","message":"Running chrome with params {\"printBackground\":true,\"marginTop\":\"4cm\",\"marginRight\":\"1.5cm\",\"marginBottom\":\"1.5cm\",\"marginLeft\":\"1.5cm\",\"waitForJS\":false,\"timeout\":52469,\"margin\":{\"top\":\"4cm\",\"right\":\"1.5cm\",\"bottom\":\"1.5cm\",\"left\":\"1.5cm\"}}","meta":{"rootId":"f6wkf2obdqo4rq2","id":"f6wkf2obdqo4rq2"},"id":"qkdodde6cyng34m","previousOperationId":"e57hkovmlwzyh6h"}
{"type":"operationEnd","operationId":"e57hkovmlwzyh6h","timestamp":1706084634347,"id":"qamuqlfp585a6hk","previousEventId":"ycvrnr8wk6q615m","previousOperationId":"e57hkovmlwzyh6h"}
{"type":"log","timestamp":1706084634347,"level":"info","message":"pdf-utils is starting pdf processing","meta":{"rootId":"f6wkf2obdqo4rq2","id":"f6wkf2obdqo4rq2"},"id":"xckna7z8iw9cogv","previousOperationId":"e57hkovmlwzyh6h"}
{"type":"operationStart","subtype":"pdfUtils","name":"pdf utils","timestamp":1706084634347,"id":"402xt8wvybavrez","previousEventId":"qamuqlfp585a6hk","operationId":"qby4at30qh2fjal","previousOperationId":"e57hkovmlwzyh6h"}
{"type":"log","timestamp":1706084634347,"level":"debug","message":"pdf-utils detected 1 pdf operation(s) to process","meta":{"rootId":"f6wkf2obdqo4rq2","id":"f6wkf2obdqo4rq2"},"id":"1hzou8izgjdfn9w","previousOperationId":"qby4at30qh2fjal"}
{"type":"log","timestamp":1706084634390,"level":"debug","message":"pdf-utils running pdf operation merge","meta":{"rootId":"f6wkf2obdqo4rq2","id":"f6wkf2obdqo4rq2"},"id":"l61iow1tj8pv2lk","previousOperationId":"qby4at30qh2fjal"}
{"type":"operationStart","subtype":"pdfUtilsMerge","name":"pdf utils merge","previousOperationId":"qby4at30qh2fjal","timestamp":1706084634390,"id":"dc30xslol94u7we","previousEventId":"402xt8wvybavrez","operationId":"975q872kngokdgu"}
{"type":"operationStart","subtype":"render","name":"orders-header","previousOperationId":"975q872kngokdgu","timestamp":1706084634391,"id":"ez3ppxnb3k3e4m2","previousEventId":"dc30xslol94u7we","operationId":"lyw5mbo2sngn3l0"}
{"type":"log","timestamp":1706084634391,"level":"info","message":"Starting rendering (child) request","meta":{"rootId":"f6wkf2obdqo4rq2","id":"12e4sm78p1ew71c"},"id":"nidq3mpx1g3qpxf","previousOperationId":"lyw5mbo2sngn3l0"}
{"type":"log","timestamp":1706084634391,"level":"info","message":"Rendering template { name: orders-header, recipe: chrome-pdf, engine: handlebars, preview: false }","meta":{"rootId":"f6wkf2obdqo4rq2","id":"12e4sm78p1ew71c"},"id":"438hpayv8he9jpo","previousOperationId":"lyw5mbo2sngn3l0"}
{"type":"log","timestamp":1706084634392,"level":"debug","message":"Inline data specified.","meta":{"rootId":"f6wkf2obdqo4rq2","id":"12e4sm78p1ew71c"},"id":"8exp8zxbhy73hgo","previousOperationId":"lyw5mbo2sngn3l0"}
{"type":"log","timestamp":1706084634395,"level":"debug","message":"Base url not specified, skipping its injection.","meta":{"rootId":"f6wkf2obdqo4rq2","id":"12e4sm78p1ew71c"},"id":"3k17vyr487s13fg","previousOperationId":"lyw5mbo2sngn3l0"}
{"type":"operationStart","subtype":"engine","name":"handlebars","timestamp":1706084634395,"id":"crwxnaohscfzmz6","previousEventId":"ez3ppxnb3k3e4m2","operationId":"g9o8ziz8bmxg063","previousOperationId":"lyw5mbo2sngn3l0"}
{"type":"log","timestamp":1706084634395,"level":"debug","message":"Rendering engine handlebars","meta":{"rootId":"f6wkf2obdqo4rq2","id":"12e4sm78p1ew71c"},"id":"hp6pq4jkbgesi52","previousOperationId":"g9o8ziz8bmxg063"}
{"type":"operationEnd","operationId":"g9o8ziz8bmxg063","timestamp":1706084634417,"id":"x3eyrnk89sgcnml","previousEventId":"crwxnaohscfzmz6","previousOperationId":"g9o8ziz8bmxg063"}
{"type":"operationStart","subtype":"recipe","name":"chrome-pdf","timestamp":1706084634417,"id":"ll2u4mzngdx4kt6","previousEventId":"x3eyrnk89sgcnml","operationId":"mxufw6mk2756iii","previousOperationId":"g9o8ziz8bmxg063"}
{"type":"log","timestamp":1706084634417,"level":"debug","message":"Executing recipe chrome-pdf","meta":{"rootId":"f6wkf2obdqo4rq2","id":"12e4sm78p1ew71c"},"id":"qkrp09u3xhfjqjo","previousOperationId":"mxufw6mk2756iii"}
{"type":"log","timestamp":1706084634420,"level":"debug","message":"Converting with chrome HeadlessChrome/117.0.5938.149 using chrome-pool strategy","meta":{"rootId":"f6wkf2obdqo4rq2","id":"12e4sm78p1ew71c"},"id":"ork05mtkv9xijpf","previousOperationId":"mxufw6mk2756iii"}
{"type":"log","timestamp":1706084634637,"level":"debug","message":"Page request: GET (document) file:///C:/Users/franc/AppData/Local/Temp/jsreport/autocleanup/87cd4c3f-641d-4ae2-89e6-0fd3c05b4fee-chrome-pdf.html","meta":{"rootId":"f6wkf2obdqo4rq2","id":"12e4sm78p1ew71c"},"id":"jbkpo6h4poj19sc","previousOperationId":"mxufw6mk2756iii"}
{"type":"log","timestamp":1706084634663,"level":"debug","message":"Page request finished: GET (document) 200 file:///C:/Users/franc/AppData/Local/Temp/jsreport/autocleanup/87cd4c3f-641d-4ae2-89e6-0fd3c05b4fee-chrome-pdf.html","meta":{"rootId":"f6wkf2obdqo4rq2","id":"12e4sm78p1ew71c"},"id":"ovmyf6omhi149pl","previousOperationId":"mxufw6mk2756iii"}
{"type":"log","timestamp":1706084634665,"level":"debug","message":"Page request: GET (stylesheet) https://cdnjs.cloudflare.com/ajax/libs/metro/4.1.5/css/metro.min.css","meta":{"rootId":"f6wkf2obdqo4rq2","id":"12e4sm78p1ew71c"},"id":"c4ezmfo9spkv0xb","previousOperationId":"mxufw6mk2756iii"}
{"type":"log","timestamp":1706084634742,"level":"debug","message":"Page request finished: GET (stylesheet) 200 https://cdnjs.cloudflare.com/ajax/libs/metro/4.1.5/css/metro.min.css","meta":{"rootId":"f6wkf2obdqo4rq2","id":"12e4sm78p1ew71c"},"id":"zrv0junx765o2t6","previousOperationId":"mxufw6mk2756iii"}
{"type":"log","timestamp":1706084634807,"level":"debug","message":"Running chrome with params {\"printBackground\":true,\"marginTop\":\"1.5cm\",\"marginRight\":\"1.5cm\",\"marginLeft\":\"1.cm\",\"timeout\":51250,\"margin\":{\"top\":\"1.5cm\",\"right\":\"1.5cm\",\"left\":\"1.cm\"}}","meta":{"rootId":"f6wkf2obdqo4rq2","id":"12e4sm78p1ew71c"},"id":"xpmfioc0sxjsf46","previousOperationId":"mxufw6mk2756iii"}
{"type":"operationEnd","operationId":"mxufw6mk2756iii","timestamp":1706084634943,"id":"mfrb75kue6ls1lz","previousEventId":"ll2u4mzngdx4kt6","previousOperationId":"mxufw6mk2756iii"}
{"type":"log","timestamp":1706084634943,"level":"debug","message":"Skipping storing report.","meta":{"rootId":"f6wkf2obdqo4rq2","id":"12e4sm78p1ew71c"},"id":"fvwgdgrg25j9zby","previousOperationId":"mxufw6mk2756iii"}
{"type":"log","timestamp":1706084634943,"level":"info","message":"Rendering (child) request finished in 9274 ms","meta":{"rootId":"f6wkf2obdqo4rq2","id":"12e4sm78p1ew71c"},"id":"kqgjgc4za9noxwv","previousOperationId":"mxufw6mk2756iii"}
{"type":"operationEnd","subtype":"render","operationId":"lyw5mbo2sngn3l0","timestamp":1706084634943,"id":"h7xe4ozptqsvb0i","previousEventId":"mfrb75kue6ls1lz","previousOperationId":"mxufw6mk2756iii"}
{"type":"operationEnd","operationId":"975q872kngokdgu","timestamp":1706084634975,"id":"fsh636jey3i13ev","previousEventId":"dc30xslol94u7we","previousOperationId":"975q872kngokdgu"}
{"type":"log","timestamp":1706084634975,"level":"debug","message":"pdf-utils postproces start","meta":{"rootId":"f6wkf2obdqo4rq2","id":"f6wkf2obdqo4rq2"},"id":"u3ht3xaihzv78a2","previousOperationId":"975q872kngokdgu"}
{"type":"log","timestamp":1706084635000,"level":"debug","message":"pdf-utils postproces end","meta":{"rootId":"f6wkf2obdqo4rq2","id":"f6wkf2obdqo4rq2"},"id":"hnovsg8zcown75c","previousOperationId":"975q872kngokdgu"}
{"type":"operationEnd","operationId":"qby4at30qh2fjal","timestamp":1706084635000,"id":"riwa4cqbraqpmrt","previousEventId":"fsh636jey3i13ev","previousOperationId":"975q872kngokdgu"}
{"type":"log","timestamp":1706084635000,"level":"info","message":"pdf-utils pdf processing was finished","meta":{"rootId":"f6wkf2obdqo4rq2","id":"f6wkf2obdqo4rq2"},"id":"3cn90p880efarmj","previousOperationId":"qby4at30qh2fjal"}
{"type":"log","timestamp":1706084635000,"level":"debug","message":"Skipping storing report.","meta":{"rootId":"f6wkf2obdqo4rq2","id":"f6wkf2obdqo4rq2"},"id":"0yl1bxkdfakq3bb","previousOperationId":"qby4at30qh2fjal"}
{"type":"log","timestamp":1706084635001,"level":"info","message":"Rendering request 86 finished in 9332 ms","meta":{"rootId":"f6wkf2obdqo4rq2","id":"f6wkf2obdqo4rq2"},"id":"6pru2xqcjrb1tel","previousOperationId":"qby4at30qh2fjal"}
{"type":"operationEnd","subtype":"render","operationId":"ftf8q8vmjowiyj4","timestamp":1706084635001,"id":"e9x9fyko9df67gq","previousEventId":"riwa4cqbraqpmrt","previousOperationId":"qby4at30qh2fjal"}
{"type":"operationEnd","doDiffs":false,"previousEventId":"j19416pk2m7wna3","previousOperationId":"78bhx6y9no90ayb","operationId":"78bhx6y9no90ayb","timestamp":1706084635008,"id":"ih8rk9gql3jpoha"}
