{"type":"operationStart","subtype":"profile","data":{"_id":"idU7B2X4qA8H5INZ","timestamp":"2024-01-24T08:23:43.058Z","state":"queued","mode":"standard","creationDate":"2024-01-24T08:23:43.060Z","modificationDate":"2024-01-24T08:23:43.060Z","shortid":"u3IeAQL","$entitySet":"profiles"},"doDiffs":false,"timestamp":1706084623059,"id":"56p1ze4ym5o8wkp","previousOperationId":null,"operationId":"4p3m0x5xwmamcnc"}
{"type":"log","level":"info","message":"Render request 83 queued for execution and waiting for available worker","previousOperationId":"4p3m0x5xwmamcnc","timestamp":1706084623059,"id":"dxxoby6px3k0le7"}
{"type":"operationStart","subtype":"render","name":"orders-main","previousOperationId":"4p3m0x5xwmamcnc","timestamp":1706084625960,"id":"j6jce2rhbg61edc","previousEventId":"56p1ze4ym5o8wkp","operationId":"2s52kdwbvp1jaf5"}
{"type":"log","timestamp":1706084625961,"level":"info","message":"Starting rendering request 83","meta":{"rootId":"fp49wztu93b8iwo","id":"fp49wztu93b8iwo"},"id":"g76op1vxq7noknb","previousOperationId":"2s52kdwbvp1jaf5"}
{"type":"log","timestamp":1706084625962,"level":"info","message":"Rendering template { name: orders-main, recipe: chrome-pdf, engine: handlebars, preview: false }","meta":{"rootId":"fp49wztu93b8iwo","id":"fp49wztu93b8iwo"},"id":"2rq2qz65kn943mw","previousOperationId":"2s52kdwbvp1jaf5"}
{"type":"log","timestamp":1706084625964,"level":"debug","message":"Inline data specified.","meta":{"rootId":"fp49wztu93b8iwo","id":"fp49wztu93b8iwo"},"id":"9te2x4uoyqr5dyt","previousOperationId":"2s52kdwbvp1jaf5"}
{"type":"log","timestamp":1706084625972,"level":"debug","message":"Executing script orders-script (beforeRender)","meta":{"rootId":"fp49wztu93b8iwo","id":"fp49wztu93b8iwo"},"id":"77rfj2w182u9nyu","previousOperationId":"2s52kdwbvp1jaf5"}
{"type":"operationStart","subtype":"scriptsBeforeRender","name":"scripts beforeRender","timestamp":1706084625988,"id":"13jceuqq3kxm1wl","previousEventId":"j6jce2rhbg61edc","operationId":"a98nn3dt4j0m5ok","previousOperationId":"2s52kdwbvp1jaf5"}
{"type":"operationStart","subtype":"script","name":"scripts orders-script","previousOperationId":"a98nn3dt4j0m5ok","timestamp":1706084625988,"id":"fzhzb0bd2bsrzu3","previousEventId":"13jceuqq3kxm1wl","operationId":"bv3ouxdhjvps69o"}
{"type":"operationEnd","operationId":"bv3ouxdhjvps69o","timestamp":1706084627255,"id":"i5lgpq8sylac636","previousEventId":"j6jce2rhbg61edc","previousOperationId":"2s52kdwbvp1jaf5"}
{"type":"operationEnd","operationId":"a98nn3dt4j0m5ok","timestamp":1706084627255,"id":"p74ac82fqohnclq","previousEventId":"i5lgpq8sylac636","previousOperationId":"2s52kdwbvp1jaf5"}
{"type":"log","timestamp":1706084627255,"level":"debug","message":"Base url not specified, skipping its injection.","meta":{"rootId":"fp49wztu93b8iwo","id":"fp49wztu93b8iwo"},"id":"k34b05ff4jr6yq7","previousOperationId":"a98nn3dt4j0m5ok"}
{"type":"operationStart","subtype":"engine","name":"handlebars","timestamp":1706084627255,"id":"ql9sq20ih5w199s","previousEventId":"p74ac82fqohnclq","operationId":"yksgvvmq0l5isi5","previousOperationId":"a98nn3dt4j0m5ok"}
{"type":"log","timestamp":1706084627255,"level":"debug","message":"Rendering engine handlebars","meta":{"rootId":"fp49wztu93b8iwo","id":"fp49wztu93b8iwo"},"id":"33n6qgqckef1muq","previousOperationId":"yksgvvmq0l5isi5"}
{"type":"log","timestamp":1706084627281,"level":"debug","message":"(console:log) Pdf utils adding group field, value: \"France\"","meta":{"userLevel":true,"rootId":"fp49wztu93b8iwo","id":"fp49wztu93b8iwo"},"id":"gqyvmvrc96kt66b","previousOperationId":"yksgvvmq0l5isi5"}
{"type":"log","timestamp":1706084627282,"level":"debug","message":"(console:log) Pdf utils adding group field, value: \"Germany\"","meta":{"userLevel":true,"rootId":"fp49wztu93b8iwo","id":"fp49wztu93b8iwo"},"id":"3j24lg9q83bxqfm","previousOperationId":"yksgvvmq0l5isi5"}
{"type":"operationEnd","operationId":"yksgvvmq0l5isi5","timestamp":1706084627282,"id":"c19317bd8qg3fow","previousEventId":"ql9sq20ih5w199s","previousOperationId":"yksgvvmq0l5isi5"}
{"type":"operationStart","subtype":"recipe","name":"chrome-pdf","timestamp":1706084627283,"id":"vvphms5y1oq51hq","previousEventId":"c19317bd8qg3fow","operationId":"w5j7xjly263nzyw","previousOperationId":"yksgvvmq0l5isi5"}
{"type":"log","timestamp":1706084627284,"level":"debug","message":"Executing recipe chrome-pdf","meta":{"rootId":"fp49wztu93b8iwo","id":"fp49wztu93b8iwo"},"id":"g5evvl9bmj768da","previousOperationId":"w5j7xjly263nzyw"}
{"type":"log","timestamp":1706084627287,"level":"debug","message":"Converting with chrome HeadlessChrome/117.0.5938.149 using chrome-pool strategy","meta":{"rootId":"fp49wztu93b8iwo","id":"fp49wztu93b8iwo"},"id":"ajyqtc5b0t9vhio","previousOperationId":"w5j7xjly263nzyw"}
{"type":"log","timestamp":1706084627433,"level":"debug","message":"Page request: GET (document) file:///C:/Users/franc/AppData/Local/Temp/jsreport/autocleanup/a2eb81b0-d116-4d60-964a-5feb1dde40fe-chrome-pdf.html","meta":{"rootId":"fp49wztu93b8iwo","id":"fp49wztu93b8iwo"},"id":"hnaxbhupuj23f4a","previousOperationId":"w5j7xjly263nzyw"}
{"type":"log","timestamp":1706084627513,"level":"debug","message":"Page request: GET (stylesheet) https://cdnjs.cloudflare.com/ajax/libs/metro/4.1.5/css/metro.min.css","meta":{"rootId":"fp49wztu93b8iwo","id":"fp49wztu93b8iwo"},"id":"9uemo1j1ukwmdul","previousOperationId":"w5j7xjly263nzyw"}
{"type":"log","timestamp":1706084627514,"level":"debug","message":"Page request: GET (script) https://cdnjs.cloudflare.com/ajax/libs/Chart.js/2.7.2/Chart.min.js","meta":{"rootId":"fp49wztu93b8iwo","id":"fp49wztu93b8iwo"},"id":"ld476bm57oetxre","previousOperationId":"w5j7xjly263nzyw"}
{"type":"log","timestamp":1706084627514,"level":"debug","message":"Page request finished: GET (document) 200 file:///C:/Users/franc/AppData/Local/Temp/jsreport/autocleanup/a2eb81b0-d116-4d60-964a-5feb1dde40fe-chrome-pdf.html","meta":{"rootId":"fp49wztu93b8iwo","id":"fp49wztu93b8iwo"},"id":"mrhinv9586jt9pa","previousOperationId":"w5j7xjly263nzyw"}
{"type":"log","timestamp":1706084627541,"level":"debug","message":"Page request finished: GET (stylesheet) 200 https://cdnjs.cloudflare.com/ajax/libs/metro/4.1.5/css/metro.min.css","meta":{"rootId":"fp49wztu93b8iwo","id":"fp49wztu93b8iwo"},"id":"e4lzjxefwstvmek","previousOperationId":"w5j7xjly263nzyw"}
{"type":"log","timestamp":1706084627542,"level":"debug","message":"Page request finished: GET (script) 200 https://cdnjs.cloudflare.com/ajax/libs/Chart.js/2.7.2/Chart.min.js","meta":{"rootId":"fp49wztu93b8iwo","id":"fp49wztu93b8iwo"},"id":"t7xk7u40n7kxzt4","previousOperationId":"w5j7xjly263nzyw"}
{"type":"log","timestamp":1706084627669,"level":"debug","message":"Running chrome with params {\"printBackground\":true,\"marginTop\":\"4cm\",\"marginRight\":\"1.5cm\",\"marginBottom\":\"1.5cm\",\"marginLeft\":\"1.5cm\",\"waitForJS\":false,\"timeout\":55771,\"margin\":{\"top\":\"4cm\",\"right\":\"1.5cm\",\"bottom\":\"1.5cm\",\"left\":\"1.5cm\"}}","meta":{"rootId":"fp49wztu93b8iwo","id":"fp49wztu93b8iwo"},"id":"b18to9dr6aul6uo","previousOperationId":"w5j7xjly263nzyw"}
{"type":"operationEnd","operationId":"w5j7xjly263nzyw","timestamp":1706084627983,"id":"5vstfx0csrmggac","previousEventId":"vvphms5y1oq51hq","previousOperationId":"w5j7xjly263nzyw"}
{"type":"log","timestamp":1706084627983,"level":"info","message":"pdf-utils is starting pdf processing","meta":{"rootId":"fp49wztu93b8iwo","id":"fp49wztu93b8iwo"},"id":"h25vz955ac8t5k1","previousOperationId":"w5j7xjly263nzyw"}
{"type":"operationStart","subtype":"pdfUtils","name":"pdf utils","timestamp":1706084627983,"id":"oflp7zot7w2ch6x","previousEventId":"5vstfx0csrmggac","operationId":"0xiseftjwyxijrh","previousOperationId":"w5j7xjly263nzyw"}
{"type":"log","timestamp":1706084627983,"level":"debug","message":"pdf-utils detected 1 pdf operation(s) to process","meta":{"rootId":"fp49wztu93b8iwo","id":"fp49wztu93b8iwo"},"id":"suxfsm159i2dql8","previousOperationId":"0xiseftjwyxijrh"}
{"type":"log","timestamp":1706084628055,"level":"debug","message":"pdf-utils running pdf operation merge","meta":{"rootId":"fp49wztu93b8iwo","id":"fp49wztu93b8iwo"},"id":"t5ls0gjvqq74ltk","previousOperationId":"0xiseftjwyxijrh"}
{"type":"operationStart","subtype":"pdfUtilsMerge","name":"pdf utils merge","previousOperationId":"0xiseftjwyxijrh","timestamp":1706084628055,"id":"e1fjoalje63jg8n","previousEventId":"oflp7zot7w2ch6x","operationId":"sp0wmogofcbk96u"}
{"type":"operationStart","subtype":"render","name":"orders-header","previousOperationId":"sp0wmogofcbk96u","timestamp":1706084628060,"id":"ytlmpnq1433ndkw","previousEventId":"e1fjoalje63jg8n","operationId":"rimjs67ogaa3xmh"}
{"type":"log","timestamp":1706084628061,"level":"info","message":"Starting rendering (child) request","meta":{"rootId":"fp49wztu93b8iwo","id":"mlee4ez5m8pwjcf"},"id":"ug75ctlkapp5fx7","previousOperationId":"rimjs67ogaa3xmh"}
{"type":"log","timestamp":1706084628061,"level":"info","message":"Rendering template { name: orders-header, recipe: chrome-pdf, engine: handlebars, preview: false }","meta":{"rootId":"fp49wztu93b8iwo","id":"mlee4ez5m8pwjcf"},"id":"7bzrvvrxpqmmq03","previousOperationId":"rimjs67ogaa3xmh"}
{"type":"log","timestamp":1706084628066,"level":"debug","message":"Inline data specified.","meta":{"rootId":"fp49wztu93b8iwo","id":"mlee4ez5m8pwjcf"},"id":"z1og2murxqh1dhp","previousOperationId":"rimjs67ogaa3xmh"}
{"type":"log","timestamp":1706084628071,"level":"debug","message":"Base url not specified, skipping its injection.","meta":{"rootId":"fp49wztu93b8iwo","id":"mlee4ez5m8pwjcf"},"id":"zefop7koforwf9n","previousOperationId":"rimjs67ogaa3xmh"}
{"type":"operationStart","subtype":"engine","name":"handlebars","timestamp":1706084628072,"id":"946i4gjcgx6jz5m","previousEventId":"ytlmpnq1433ndkw","operationId":"yx3z9w43sb2ftar","previousOperationId":"rimjs67ogaa3xmh"}
{"type":"log","timestamp":1706084628072,"level":"debug","message":"Rendering engine handlebars","meta":{"rootId":"fp49wztu93b8iwo","id":"mlee4ez5m8pwjcf"},"id":"dk742thqqbfzu4y","previousOperationId":"yx3z9w43sb2ftar"}
{"type":"operationEnd","operationId":"yx3z9w43sb2ftar","timestamp":1706084628095,"id":"l8uyzc0lr2s79a6","previousEventId":"946i4gjcgx6jz5m","previousOperationId":"yx3z9w43sb2ftar"}
{"type":"operationStart","subtype":"recipe","name":"chrome-pdf","timestamp":1706084628095,"id":"y8zmbhh8yy4vtzi","previousEventId":"l8uyzc0lr2s79a6","operationId":"ozsjxjqc621dmae","previousOperationId":"yx3z9w43sb2ftar"}
{"type":"log","timestamp":1706084628095,"level":"debug","message":"Executing recipe chrome-pdf","meta":{"rootId":"fp49wztu93b8iwo","id":"mlee4ez5m8pwjcf"},"id":"m8xcq9aacgfniyv","previousOperationId":"ozsjxjqc621dmae"}
{"type":"log","timestamp":1706084628099,"level":"debug","message":"Converting with chrome HeadlessChrome/117.0.5938.149 using chrome-pool strategy","meta":{"rootId":"fp49wztu93b8iwo","id":"mlee4ez5m8pwjcf"},"id":"h4qss15q99tateb","previousOperationId":"ozsjxjqc621dmae"}
{"type":"log","timestamp":1706084628287,"level":"debug","message":"Page request: GET (document) file:///C:/Users/franc/AppData/Local/Temp/jsreport/autocleanup/96d6f8b9-f37b-4889-86ab-b41aafcfdab7-chrome-pdf.html","meta":{"rootId":"fp49wztu93b8iwo","id":"mlee4ez5m8pwjcf"},"id":"jnp4zi7wtjpk6f2","previousOperationId":"ozsjxjqc621dmae"}
{"type":"log","timestamp":1706084628308,"level":"debug","message":"Page request: GET (stylesheet) https://cdnjs.cloudflare.com/ajax/libs/metro/4.1.5/css/metro.min.css","meta":{"rootId":"fp49wztu93b8iwo","id":"mlee4ez5m8pwjcf"},"id":"bwnrpi4qewy8e70","previousOperationId":"ozsjxjqc621dmae"}
{"type":"log","timestamp":1706084628309,"level":"debug","message":"Page request finished: GET (document) 200 file:///C:/Users/franc/AppData/Local/Temp/jsreport/autocleanup/96d6f8b9-f37b-4889-86ab-b41aafcfdab7-chrome-pdf.html","meta":{"rootId":"fp49wztu93b8iwo","id":"mlee4ez5m8pwjcf"},"id":"3sgyzt74m9y619g","previousOperationId":"ozsjxjqc621dmae"}
{"type":"log","timestamp":1706084628351,"level":"debug","message":"Page request finished: GET (stylesheet) 200 https://cdnjs.cloudflare.com/ajax/libs/metro/4.1.5/css/metro.min.css","meta":{"rootId":"fp49wztu93b8iwo","id":"mlee4ez5m8pwjcf"},"id":"beaptwhwolnq9r8","previousOperationId":"ozsjxjqc621dmae"}
{"type":"log","timestamp":1706084628443,"level":"debug","message":"Running chrome with params {\"printBackground\":true,\"marginTop\":\"1.5cm\",\"marginRight\":\"1.5cm\",\"marginLeft\":\"1.cm\",\"timeout\":54959,\"margin\":{\"top\":\"1.5cm\",\"right\":\"1.5cm\",\"left\":\"1.cm\"}}","meta":{"rootId":"fp49wztu93b8iwo","id":"mlee4ez5m8pwjcf"},"id":"yvh0ecdo1wa2n4d","previousOperationId":"ozsjxjqc621dmae"}
{"type":"operationEnd","operationId":"ozsjxjqc621dmae","timestamp":1706084628533,"id":"azljqxu4ypkmdlk","previousEventId":"y8zmbhh8yy4vtzi","previousOperationId":"ozsjxjqc621dmae"}
{"type":"log","timestamp":1706084628533,"level":"debug","message":"Skipping storing report.","meta":{"rootId":"fp49wztu93b8iwo","id":"mlee4ez5m8pwjcf"},"id":"y898hgxhcj893us","previousOperationId":"ozsjxjqc621dmae"}
{"type":"log","timestamp":1706084628533,"level":"info","message":"Rendering (child) request finished in 5476 ms","meta":{"rootId":"fp49wztu93b8iwo","id":"mlee4ez5m8pwjcf"},"id":"zl337vnq9q6306v","previousOperationId":"ozsjxjqc621dmae"}
{"type":"operationEnd","subtype":"render","operationId":"rimjs67ogaa3xmh","timestamp":1706084628533,"id":"q4vb2g9y0795xim","previousEventId":"azljqxu4ypkmdlk","previousOperationId":"ozsjxjqc621dmae"}
{"type":"operationEnd","operationId":"sp0wmogofcbk96u","timestamp":1706084628554,"id":"8d4k99ck29invay","previousEventId":"e1fjoalje63jg8n","previousOperationId":"sp0wmogofcbk96u"}
{"type":"log","timestamp":1706084628554,"level":"debug","message":"pdf-utils postproces start","meta":{"rootId":"fp49wztu93b8iwo","id":"fp49wztu93b8iwo"},"id":"m9cvs8sorsgozqg","previousOperationId":"sp0wmogofcbk96u"}
{"type":"log","timestamp":1706084628602,"level":"debug","message":"pdf-utils postproces end","meta":{"rootId":"fp49wztu93b8iwo","id":"fp49wztu93b8iwo"},"id":"9l4cjx6shoe001b","previousOperationId":"sp0wmogofcbk96u"}
{"type":"operationEnd","operationId":"0xiseftjwyxijrh","timestamp":1706084628602,"id":"b0m0btzo4l0abmp","previousEventId":"8d4k99ck29invay","previousOperationId":"sp0wmogofcbk96u"}
{"type":"log","timestamp":1706084628602,"level":"info","message":"pdf-utils pdf processing was finished","meta":{"rootId":"fp49wztu93b8iwo","id":"fp49wztu93b8iwo"},"id":"aep0mv3y58vzek9","previousOperationId":"0xiseftjwyxijrh"}
{"type":"log","timestamp":1706084628602,"level":"debug","message":"Skipping storing report.","meta":{"rootId":"fp49wztu93b8iwo","id":"fp49wztu93b8iwo"},"id":"2rm41w8hyzphxg9","previousOperationId":"0xiseftjwyxijrh"}
{"type":"log","timestamp":1706084628602,"level":"info","message":"Rendering request 83 finished in 5545 ms","meta":{"rootId":"fp49wztu93b8iwo","id":"fp49wztu93b8iwo"},"id":"vx6muv27w81z9bk","previousOperationId":"0xiseftjwyxijrh"}
{"type":"operationEnd","subtype":"render","operationId":"2s52kdwbvp1jaf5","timestamp":1706084628602,"id":"m2h0c16tvwu9o3m","previousEventId":"b0m0btzo4l0abmp","previousOperationId":"0xiseftjwyxijrh"}
{"type":"operationEnd","doDiffs":false,"previousEventId":"56p1ze4ym5o8wkp","previousOperationId":"4p3m0x5xwmamcnc","operationId":"4p3m0x5xwmamcnc","timestamp":1706084628613,"id":"eay06ffe1gkhfft"}
