{"type":"operationStart","subtype":"profile","data":{"_id":"pG6IZcXz3L7TX7Sr","timestamp":"2024-01-22T13:04:11.192Z","state":"queued","mode":"standard","creationDate":"2024-01-22T13:04:11.195Z","modificationDate":"2024-01-22T13:04:11.195Z","shortid":"koyX2X9","$entitySet":"profiles"},"doDiffs":false,"timestamp":1705928651193,"id":"xeisjjazef0shkt","previousOperationId":null,"operationId":"zhqv0ugpft3fpby"}
{"type":"log","level":"info","message":"Render request 5 queued for execution and waiting for available worker","previousOperationId":"zhqv0ugpft3fpby","timestamp":1705928651193,"id":"aed07g1i7ha4r4p"}
{"type":"operationStart","subtype":"render","name":"orders-main","previousOperationId":"zhqv0ugpft3fpby","timestamp":1705928651214,"id":"s2ap36agb81g3tm","previousEventId":"xeisjjazef0shkt","operationId":"aer10vt3vcvi2tb"}
{"type":"log","timestamp":1705928651216,"level":"info","message":"Starting rendering request 5","meta":{"rootId":"hjw1pqvd2kj0asu","id":"hjw1pqvd2kj0asu"},"id":"oz5evs241f1d3r2","previousOperationId":"aer10vt3vcvi2tb"}
{"type":"log","timestamp":1705928651216,"level":"info","message":"Rendering template { name: orders-main, recipe: chrome-pdf, engine: handlebars, preview: false }","meta":{"rootId":"hjw1pqvd2kj0asu","id":"hjw1pqvd2kj0asu"},"id":"3t9454nd8gahcvn","previousOperationId":"aer10vt3vcvi2tb"}
{"type":"log","timestamp":1705928651221,"level":"debug","message":"Inline data specified.","meta":{"rootId":"hjw1pqvd2kj0asu","id":"hjw1pqvd2kj0asu"},"id":"wi887e6ty32e9t2","previousOperationId":"aer10vt3vcvi2tb"}
{"type":"log","timestamp":1705928651234,"level":"debug","message":"Executing script orders-script (beforeRender)","meta":{"rootId":"hjw1pqvd2kj0asu","id":"hjw1pqvd2kj0asu"},"id":"9e2ltb0kk3z96gy","previousOperationId":"aer10vt3vcvi2tb"}
{"type":"operationStart","subtype":"scriptsBeforeRender","name":"scripts beforeRender","timestamp":1705928651282,"id":"fce7hzp1cub3dt3","previousEventId":"s2ap36agb81g3tm","operationId":"emdoms061zs5hxo","previousOperationId":"aer10vt3vcvi2tb"}
{"type":"operationStart","subtype":"script","name":"scripts orders-script","previousOperationId":"emdoms061zs5hxo","timestamp":1705928651282,"id":"nhbo3hg4ixvp52f","previousEventId":"fce7hzp1cub3dt3","operationId":"kg1us7a7uq4d53c"}
{"type":"operationEnd","operationId":"kg1us7a7uq4d53c","timestamp":1705928652566,"id":"zjbrzctjlw11l19","previousEventId":"s2ap36agb81g3tm","previousOperationId":"aer10vt3vcvi2tb"}
{"type":"operationEnd","operationId":"emdoms061zs5hxo","timestamp":1705928652566,"id":"z5p22wiwbb374wz","previousEventId":"zjbrzctjlw11l19","previousOperationId":"aer10vt3vcvi2tb"}
{"type":"log","timestamp":1705928652566,"level":"debug","message":"Base url not specified, skipping its injection.","meta":{"rootId":"hjw1pqvd2kj0asu","id":"hjw1pqvd2kj0asu"},"id":"mumwrnz1sua0js7","previousOperationId":"emdoms061zs5hxo"}
{"type":"operationStart","subtype":"engine","name":"handlebars","timestamp":1705928652567,"id":"axgzvzkqtp2m84m","previousEventId":"z5p22wiwbb374wz","operationId":"8dzg6mk0adgih21","previousOperationId":"emdoms061zs5hxo"}
{"type":"log","timestamp":1705928652567,"level":"debug","message":"Rendering engine handlebars","meta":{"rootId":"hjw1pqvd2kj0asu","id":"hjw1pqvd2kj0asu"},"id":"lb4lghsd8ou48ng","previousOperationId":"8dzg6mk0adgih21"}
{"type":"log","timestamp":1705928652700,"level":"debug","message":"(console:log) Pdf utils adding group field, value: \"France\"","meta":{"userLevel":true,"rootId":"hjw1pqvd2kj0asu","id":"hjw1pqvd2kj0asu"},"id":"oo9u0s8m9to7rh6","previousOperationId":"8dzg6mk0adgih21"}
{"type":"log","timestamp":1705928652703,"level":"debug","message":"(console:log) Pdf utils adding group field, value: \"Germany\"","meta":{"userLevel":true,"rootId":"hjw1pqvd2kj0asu","id":"hjw1pqvd2kj0asu"},"id":"458bvr5a0txe970","previousOperationId":"8dzg6mk0adgih21"}
{"type":"operationEnd","operationId":"8dzg6mk0adgih21","timestamp":1705928652704,"id":"w9tk6leltfb3uxw","previousEventId":"axgzvzkqtp2m84m","previousOperationId":"8dzg6mk0adgih21"}
{"type":"operationStart","subtype":"recipe","name":"chrome-pdf","timestamp":1705928652706,"id":"4b0ipvphi4w0edm","previousEventId":"w9tk6leltfb3uxw","operationId":"1apz3k0j38pgooy","previousOperationId":"8dzg6mk0adgih21"}
{"type":"log","timestamp":1705928652706,"level":"debug","message":"Executing recipe chrome-pdf","meta":{"rootId":"hjw1pqvd2kj0asu","id":"hjw1pqvd2kj0asu"},"id":"9c9xhqrrurmau2r","previousOperationId":"1apz3k0j38pgooy"}
{"type":"log","timestamp":1705928652724,"level":"debug","message":"Converting with chrome HeadlessChrome/117.0.5938.149 using chrome-pool strategy","meta":{"rootId":"hjw1pqvd2kj0asu","id":"hjw1pqvd2kj0asu"},"id":"hj8idgryevdx9gt","previousOperationId":"1apz3k0j38pgooy"}
{"type":"log","timestamp":1705928652949,"level":"debug","message":"Page request: GET (document) file:///C:/Users/franc/AppData/Local/Temp/jsreport/autocleanup/38b13612-56d3-4b44-8c2e-3ca27e1cd706-chrome-pdf.html","meta":{"rootId":"hjw1pqvd2kj0asu","id":"hjw1pqvd2kj0asu"},"id":"yfmqu88oom6rqo5","previousOperationId":"1apz3k0j38pgooy"}
{"type":"log","timestamp":1705928653135,"level":"debug","message":"Page request: GET (stylesheet) https://cdnjs.cloudflare.com/ajax/libs/metro/4.1.5/css/metro.min.css","meta":{"rootId":"hjw1pqvd2kj0asu","id":"hjw1pqvd2kj0asu"},"id":"ic05f3afo4tup4x","previousOperationId":"1apz3k0j38pgooy"}
{"type":"log","timestamp":1705928653135,"level":"debug","message":"Page request finished: GET (document) 200 file:///C:/Users/franc/AppData/Local/Temp/jsreport/autocleanup/38b13612-56d3-4b44-8c2e-3ca27e1cd706-chrome-pdf.html","meta":{"rootId":"hjw1pqvd2kj0asu","id":"hjw1pqvd2kj0asu"},"id":"mge7gor6kjk7xc6","previousOperationId":"1apz3k0j38pgooy"}
{"type":"log","timestamp":1705928653136,"level":"debug","message":"Page request: GET (script) https://cdnjs.cloudflare.com/ajax/libs/Chart.js/2.7.2/Chart.min.js","meta":{"rootId":"hjw1pqvd2kj0asu","id":"hjw1pqvd2kj0asu"},"id":"o94nn4cvof8w08y","previousOperationId":"1apz3k0j38pgooy"}
{"type":"log","timestamp":1705928653558,"level":"debug","message":"Page request finished: GET (script) 200 https://cdnjs.cloudflare.com/ajax/libs/Chart.js/2.7.2/Chart.min.js","meta":{"rootId":"hjw1pqvd2kj0asu","id":"hjw1pqvd2kj0asu"},"id":"9i7g10tdrokna67","previousOperationId":"1apz3k0j38pgooy"}
{"type":"log","timestamp":1705928653653,"level":"debug","message":"Page request finished: GET (stylesheet) 200 https://cdnjs.cloudflare.com/ajax/libs/metro/4.1.5/css/metro.min.css","meta":{"rootId":"hjw1pqvd2kj0asu","id":"hjw1pqvd2kj0asu"},"id":"xjgsogab1ym9bg2","previousOperationId":"1apz3k0j38pgooy"}
{"type":"log","timestamp":1705928653899,"level":"debug","message":"Running chrome with params {\"printBackground\":true,\"marginTop\":\"4cm\",\"marginRight\":\"1.5cm\",\"marginBottom\":\"1.5cm\",\"marginLeft\":\"1.5cm\",\"waitForJS\":false,\"timeout\":58477,\"margin\":{\"top\":\"4cm\",\"right\":\"1.5cm\",\"bottom\":\"1.5cm\",\"left\":\"1.5cm\"}}","meta":{"rootId":"hjw1pqvd2kj0asu","id":"hjw1pqvd2kj0asu"},"id":"rfqswsv77xlujco","previousOperationId":"1apz3k0j38pgooy"}
{"type":"operationEnd","operationId":"1apz3k0j38pgooy","timestamp":1705928654495,"id":"6t15h7ext9f85vs","previousEventId":"4b0ipvphi4w0edm","previousOperationId":"1apz3k0j38pgooy"}
{"type":"log","timestamp":1705928654495,"level":"info","message":"pdf-utils is starting pdf processing","meta":{"rootId":"hjw1pqvd2kj0asu","id":"hjw1pqvd2kj0asu"},"id":"gfzqmv2wfu8qhcu","previousOperationId":"1apz3k0j38pgooy"}
{"type":"operationStart","subtype":"pdfUtils","name":"pdf utils","timestamp":1705928655456,"id":"c5hj69ti1kuxyik","previousEventId":"6t15h7ext9f85vs","operationId":"mv2j68tut59sxgd","previousOperationId":"1apz3k0j38pgooy"}
{"type":"log","timestamp":1705928655456,"level":"debug","message":"pdf-utils detected 1 pdf operation(s) to process","meta":{"rootId":"hjw1pqvd2kj0asu","id":"hjw1pqvd2kj0asu"},"id":"oaeq53efr4okz6w","previousOperationId":"mv2j68tut59sxgd"}
{"type":"log","timestamp":1705928656594,"level":"debug","message":"pdf-utils running pdf operation merge","meta":{"rootId":"hjw1pqvd2kj0asu","id":"hjw1pqvd2kj0asu"},"id":"98i9xvresxa39wf","previousOperationId":"mv2j68tut59sxgd"}
{"type":"operationStart","subtype":"pdfUtilsMerge","name":"pdf utils merge","previousOperationId":"mv2j68tut59sxgd","timestamp":1705928656594,"id":"hqqqa77uuq56fcy","previousEventId":"c5hj69ti1kuxyik","operationId":"99yvbo7hitijq2b"}
{"type":"operationStart","subtype":"render","name":"orders-header","previousOperationId":"99yvbo7hitijq2b","timestamp":1705928656597,"id":"cx1onnru2117mtq","previousEventId":"hqqqa77uuq56fcy","operationId":"4pzddhf08qp0g6x"}
{"type":"log","timestamp":1705928656597,"level":"info","message":"Starting rendering (child) request","meta":{"rootId":"hjw1pqvd2kj0asu","id":"oles2kp649imdd2"},"id":"a7ppr6ilqe2igs9","previousOperationId":"4pzddhf08qp0g6x"}
{"type":"log","timestamp":1705928656597,"level":"info","message":"Rendering template { name: orders-header, recipe: chrome-pdf, engine: handlebars, preview: false }","meta":{"rootId":"hjw1pqvd2kj0asu","id":"oles2kp649imdd2"},"id":"t5xvru7te98mcjl","previousOperationId":"4pzddhf08qp0g6x"}
{"type":"log","timestamp":1705928656604,"level":"debug","message":"Inline data specified.","meta":{"rootId":"hjw1pqvd2kj0asu","id":"oles2kp649imdd2"},"id":"d5s5xhf07mmguaf","previousOperationId":"4pzddhf08qp0g6x"}
{"type":"log","timestamp":1705928656609,"level":"debug","message":"Base url not specified, skipping its injection.","meta":{"rootId":"hjw1pqvd2kj0asu","id":"oles2kp649imdd2"},"id":"2d4xvbvuglnoltq","previousOperationId":"4pzddhf08qp0g6x"}
{"type":"operationStart","subtype":"engine","name":"handlebars","timestamp":1705928656609,"id":"7pl3e54in2i50qa","previousEventId":"cx1onnru2117mtq","operationId":"msfy351losyjfz5","previousOperationId":"4pzddhf08qp0g6x"}
{"type":"log","timestamp":1705928656609,"level":"debug","message":"Rendering engine handlebars","meta":{"rootId":"hjw1pqvd2kj0asu","id":"oles2kp649imdd2"},"id":"5wbdpus436br4y9","previousOperationId":"msfy351losyjfz5"}
{"type":"operationEnd","operationId":"msfy351losyjfz5","timestamp":1705928656731,"id":"xypc41cx8kay9b4","previousEventId":"7pl3e54in2i50qa","previousOperationId":"msfy351losyjfz5"}
{"type":"operationStart","subtype":"recipe","name":"chrome-pdf","timestamp":1705928656732,"id":"7dwgpgvdiwym42u","previousEventId":"xypc41cx8kay9b4","operationId":"ovtlle9p2hkb77o","previousOperationId":"msfy351losyjfz5"}
{"type":"log","timestamp":1705928656732,"level":"debug","message":"Executing recipe chrome-pdf","meta":{"rootId":"hjw1pqvd2kj0asu","id":"oles2kp649imdd2"},"id":"grg0u8k9tmqf0kd","previousOperationId":"ovtlle9p2hkb77o"}
{"type":"log","timestamp":1705928656737,"level":"debug","message":"Converting with chrome HeadlessChrome/117.0.5938.149 using chrome-pool strategy","meta":{"rootId":"hjw1pqvd2kj0asu","id":"oles2kp649imdd2"},"id":"50yfm67wba2f9d2","previousOperationId":"ovtlle9p2hkb77o"}
{"type":"log","timestamp":1705928657159,"level":"debug","message":"Page request: GET (document) file:///C:/Users/franc/AppData/Local/Temp/jsreport/autocleanup/6b0b3cc3-c087-4ad8-af92-f62ce986a2cb-chrome-pdf.html","meta":{"rootId":"hjw1pqvd2kj0asu","id":"oles2kp649imdd2"},"id":"5coatal6zzec5jc","previousOperationId":"ovtlle9p2hkb77o"}
{"type":"log","timestamp":1705928657178,"level":"debug","message":"Page request: GET (stylesheet) https://cdnjs.cloudflare.com/ajax/libs/metro/4.1.5/css/metro.min.css","meta":{"rootId":"hjw1pqvd2kj0asu","id":"oles2kp649imdd2"},"id":"b9widjjlpbexmx6","previousOperationId":"ovtlle9p2hkb77o"}
{"type":"log","timestamp":1705928657179,"level":"debug","message":"Page request finished: GET (document) 200 file:///C:/Users/franc/AppData/Local/Temp/jsreport/autocleanup/6b0b3cc3-c087-4ad8-af92-f62ce986a2cb-chrome-pdf.html","meta":{"rootId":"hjw1pqvd2kj0asu","id":"oles2kp649imdd2"},"id":"cfmg1o7kdeovw1r","previousOperationId":"ovtlle9p2hkb77o"}
{"type":"log","timestamp":1705928657219,"level":"debug","message":"Page request finished: GET (stylesheet) 200 https://cdnjs.cloudflare.com/ajax/libs/metro/4.1.5/css/metro.min.css","meta":{"rootId":"hjw1pqvd2kj0asu","id":"oles2kp649imdd2"},"id":"0eu2kr4m6lv6nn1","previousOperationId":"ovtlle9p2hkb77o"}
{"type":"log","timestamp":1705928657305,"level":"debug","message":"Running chrome with params {\"printBackground\":true,\"marginTop\":\"1.5cm\",\"marginRight\":\"1.5cm\",\"marginLeft\":\"1.cm\",\"timeout\":54457,\"margin\":{\"top\":\"1.5cm\",\"right\":\"1.5cm\",\"left\":\"1.cm\"}}","meta":{"rootId":"hjw1pqvd2kj0asu","id":"oles2kp649imdd2"},"id":"ig71025lkk6jksz","previousOperationId":"ovtlle9p2hkb77o"}
{"type":"operationEnd","operationId":"ovtlle9p2hkb77o","timestamp":1705928657477,"id":"i52usgxt8hw4jvi","previousEventId":"7dwgpgvdiwym42u","previousOperationId":"ovtlle9p2hkb77o"}
{"type":"log","timestamp":1705928657477,"level":"debug","message":"Skipping storing report.","meta":{"rootId":"hjw1pqvd2kj0asu","id":"oles2kp649imdd2"},"id":"7sfu36grvza1brg","previousOperationId":"ovtlle9p2hkb77o"}
{"type":"log","timestamp":1705928657477,"level":"info","message":"Rendering (child) request finished in 6285 ms","meta":{"rootId":"hjw1pqvd2kj0asu","id":"oles2kp649imdd2"},"id":"dsfzw1b5y04laro","previousOperationId":"ovtlle9p2hkb77o"}
{"type":"operationEnd","subtype":"render","operationId":"4pzddhf08qp0g6x","timestamp":1705928657477,"id":"az77c9efttgrcsk","previousEventId":"i52usgxt8hw4jvi","previousOperationId":"ovtlle9p2hkb77o"}
{"type":"operationEnd","operationId":"99yvbo7hitijq2b","timestamp":1705928657612,"id":"xnps1ee7kjr8kv9","previousEventId":"hqqqa77uuq56fcy","previousOperationId":"99yvbo7hitijq2b"}
{"type":"log","timestamp":1705928657612,"level":"debug","message":"pdf-utils postproces start","meta":{"rootId":"hjw1pqvd2kj0asu","id":"hjw1pqvd2kj0asu"},"id":"0vx6a6kk0470kuc","previousOperationId":"99yvbo7hitijq2b"}
{"type":"log","timestamp":1705928657824,"level":"debug","message":"pdf-utils postproces end","meta":{"rootId":"hjw1pqvd2kj0asu","id":"hjw1pqvd2kj0asu"},"id":"jpxlgb1kbj4smki","previousOperationId":"99yvbo7hitijq2b"}
{"type":"operationEnd","operationId":"mv2j68tut59sxgd","timestamp":1705928657824,"id":"qfp9kltvmre1upl","previousEventId":"xnps1ee7kjr8kv9","previousOperationId":"99yvbo7hitijq2b"}
{"type":"log","timestamp":1705928657825,"level":"info","message":"pdf-utils pdf processing was finished","meta":{"rootId":"hjw1pqvd2kj0asu","id":"hjw1pqvd2kj0asu"},"id":"l0ms5f8zyy6i804","previousOperationId":"mv2j68tut59sxgd"}
{"type":"log","timestamp":1705928657825,"level":"debug","message":"Skipping storing report.","meta":{"rootId":"hjw1pqvd2kj0asu","id":"hjw1pqvd2kj0asu"},"id":"pq3rg04rqaqyql0","previousOperationId":"mv2j68tut59sxgd"}
{"type":"log","timestamp":1705928657825,"level":"info","message":"Rendering request 5 finished in 6633 ms","meta":{"rootId":"hjw1pqvd2kj0asu","id":"hjw1pqvd2kj0asu"},"id":"7vk2mvr3nhi14qn","previousOperationId":"mv2j68tut59sxgd"}
{"type":"operationEnd","subtype":"render","operationId":"aer10vt3vcvi2tb","timestamp":1705928657825,"id":"wle5wscf1bsj4w8","previousEventId":"qfp9kltvmre1upl","previousOperationId":"mv2j68tut59sxgd"}
{"type":"operationEnd","doDiffs":false,"previousEventId":"xeisjjazef0shkt","previousOperationId":"zhqv0ugpft3fpby","operationId":"zhqv0ugpft3fpby","timestamp":1705928657847,"id":"r19oankfzbl3xpd"}
