{"type":"operationStart","subtype":"profile","data":{"_id":"juKTeGnIkj2sSUlj","timestamp":"2024-01-24T08:23:43.403Z","state":"queued","mode":"standard","creationDate":"2024-01-24T08:23:43.406Z","modificationDate":"2024-01-24T08:23:43.406Z","shortid":"mg-DM9f","$entitySet":"profiles"},"doDiffs":false,"timestamp":1706084623405,"id":"hwjvrrlxdfm0zto","previousOperationId":null,"operationId":"u21uxtnr903fjrz"}
{"type":"log","level":"info","message":"Render request 85 queued for execution and waiting for available worker","previousOperationId":"u21uxtnr903fjrz","timestamp":1706084623405,"id":"e9ux1b9mhv2ar9l"}
{"type":"operationStart","subtype":"render","name":"orders-main","previousOperationId":"u21uxtnr903fjrz","timestamp":1706084629439,"id":"2zmgf2tb4fsnspb","previousEventId":"hwjvrrlxdfm0zto","operationId":"iauejolranru1hy"}
{"type":"log","timestamp":1706084629439,"level":"info","message":"Starting rendering request 85","meta":{"rootId":"o4vb2iyte29a94m","id":"o4vb2iyte29a94m"},"id":"59n9i5zsqw5fg8l","previousOperationId":"iauejolranru1hy"}
{"type":"log","timestamp":1706084629439,"level":"info","message":"Rendering template { name: orders-main, recipe: chrome-pdf, engine: handlebars, preview: false }","meta":{"rootId":"o4vb2iyte29a94m","id":"o4vb2iyte29a94m"},"id":"22aqmiz78w6wwr6","previousOperationId":"iauejolranru1hy"}
{"type":"log","timestamp":1706084629444,"level":"debug","message":"Inline data specified.","meta":{"rootId":"o4vb2iyte29a94m","id":"o4vb2iyte29a94m"},"id":"0uo6cpfuqcpprql","previousOperationId":"iauejolranru1hy"}
{"type":"log","timestamp":1706084629455,"level":"debug","message":"Executing script orders-script (beforeRender)","meta":{"rootId":"o4vb2iyte29a94m","id":"o4vb2iyte29a94m"},"id":"lvdsne7vtg74e7k","previousOperationId":"iauejolranru1hy"}
{"type":"operationStart","subtype":"scriptsBeforeRender","name":"scripts beforeRender","timestamp":1706084629475,"id":"28re7cb8ogq486d","previousEventId":"2zmgf2tb4fsnspb","operationId":"9t152w3rvdutrzr","previousOperationId":"iauejolranru1hy"}
{"type":"operationStart","subtype":"script","name":"scripts orders-script","previousOperationId":"9t152w3rvdutrzr","timestamp":1706084629475,"id":"5ja3u13usdrqiq6","previousEventId":"28re7cb8ogq486d","operationId":"pidfimywi2j5tji"}
{"type":"operationEnd","operationId":"pidfimywi2j5tji","timestamp":1706084630814,"id":"ssjkmcsctuf1q4t","previousEventId":"2zmgf2tb4fsnspb","previousOperationId":"iauejolranru1hy"}
{"type":"operationEnd","operationId":"9t152w3rvdutrzr","timestamp":1706084630814,"id":"ecxatf1stksbql7","previousEventId":"ssjkmcsctuf1q4t","previousOperationId":"iauejolranru1hy"}
{"type":"log","timestamp":1706084630814,"level":"debug","message":"Base url not specified, skipping its injection.","meta":{"rootId":"o4vb2iyte29a94m","id":"o4vb2iyte29a94m"},"id":"rwre3vqao3574gp","previousOperationId":"9t152w3rvdutrzr"}
{"type":"operationStart","subtype":"engine","name":"handlebars","timestamp":1706084630814,"id":"bv1pvz3elqwg4vr","previousEventId":"ecxatf1stksbql7","operationId":"25uakiqb6jiktgo","previousOperationId":"9t152w3rvdutrzr"}
{"type":"log","timestamp":1706084630814,"level":"debug","message":"Rendering engine handlebars","meta":{"rootId":"o4vb2iyte29a94m","id":"o4vb2iyte29a94m"},"id":"xaus02pjlbpoosr","previousOperationId":"25uakiqb6jiktgo"}
{"type":"log","timestamp":1706084630857,"level":"debug","message":"(console:log) Pdf utils adding group field, value: \"France\"","meta":{"userLevel":true,"rootId":"o4vb2iyte29a94m","id":"o4vb2iyte29a94m"},"id":"wtb5mirsdch19jb","previousOperationId":"25uakiqb6jiktgo"}
{"type":"log","timestamp":1706084630858,"level":"debug","message":"(console:log) Pdf utils adding group field, value: \"Germany\"","meta":{"userLevel":true,"rootId":"o4vb2iyte29a94m","id":"o4vb2iyte29a94m"},"id":"qx1klgqe6e1d00b","previousOperationId":"25uakiqb6jiktgo"}
{"type":"operationEnd","operationId":"25uakiqb6jiktgo","timestamp":1706084630859,"id":"ohe8lq42chdlxci","previousEventId":"bv1pvz3elqwg4vr","previousOperationId":"25uakiqb6jiktgo"}
{"type":"operationStart","subtype":"recipe","name":"chrome-pdf","timestamp":1706084630861,"id":"q579igcdm6zi52h","previousEventId":"ohe8lq42chdlxci","operationId":"vomryih56c8ozms","previousOperationId":"25uakiqb6jiktgo"}
{"type":"log","timestamp":1706084630861,"level":"debug","message":"Executing recipe chrome-pdf","meta":{"rootId":"o4vb2iyte29a94m","id":"o4vb2iyte29a94m"},"id":"z19dv1xmb8v4sqi","previousOperationId":"vomryih56c8ozms"}
{"type":"log","timestamp":1706084630868,"level":"debug","message":"Converting with chrome HeadlessChrome/117.0.5938.149 using chrome-pool strategy","meta":{"rootId":"o4vb2iyte29a94m","id":"o4vb2iyte29a94m"},"id":"qk7fqteikk8po1h","previousOperationId":"vomryih56c8ozms"}
{"type":"log","timestamp":1706084631182,"level":"debug","message":"Page request: GET (document) file:///C:/Users/franc/AppData/Local/Temp/jsreport/autocleanup/07877de4-0c15-4000-9775-a7106f025a5e-chrome-pdf.html","meta":{"rootId":"o4vb2iyte29a94m","id":"o4vb2iyte29a94m"},"id":"a7s3rmcpdjed9po","previousOperationId":"vomryih56c8ozms"}
{"type":"log","timestamp":1706084631268,"level":"debug","message":"Page request: GET (stylesheet) https://cdnjs.cloudflare.com/ajax/libs/metro/4.1.5/css/metro.min.css","meta":{"rootId":"o4vb2iyte29a94m","id":"o4vb2iyte29a94m"},"id":"2wvfkom3cq0vfer","previousOperationId":"vomryih56c8ozms"}
{"type":"log","timestamp":1706084631268,"level":"debug","message":"Page request: GET (script) https://cdnjs.cloudflare.com/ajax/libs/Chart.js/2.7.2/Chart.min.js","meta":{"rootId":"o4vb2iyte29a94m","id":"o4vb2iyte29a94m"},"id":"7rrac0wsgjm8v45","previousOperationId":"vomryih56c8ozms"}
{"type":"log","timestamp":1706084631269,"level":"debug","message":"Page request finished: GET (document) 200 file:///C:/Users/franc/AppData/Local/Temp/jsreport/autocleanup/07877de4-0c15-4000-9775-a7106f025a5e-chrome-pdf.html","meta":{"rootId":"o4vb2iyte29a94m","id":"o4vb2iyte29a94m"},"id":"7mae7rwlnof49bg","previousOperationId":"vomryih56c8ozms"}
{"type":"log","timestamp":1706084631294,"level":"debug","message":"Page request finished: GET (stylesheet) 200 https://cdnjs.cloudflare.com/ajax/libs/metro/4.1.5/css/metro.min.css","meta":{"rootId":"o4vb2iyte29a94m","id":"o4vb2iyte29a94m"},"id":"emvn5iwrfi7i0r8","previousOperationId":"vomryih56c8ozms"}
{"type":"log","timestamp":1706084631294,"level":"debug","message":"Page request finished: GET (script) 200 https://cdnjs.cloudflare.com/ajax/libs/Chart.js/2.7.2/Chart.min.js","meta":{"rootId":"o4vb2iyte29a94m","id":"o4vb2iyte29a94m"},"id":"xsijec0epudeb14","previousOperationId":"vomryih56c8ozms"}
{"type":"log","timestamp":1706084631407,"level":"debug","message":"Running chrome with params {\"printBackground\":true,\"marginTop\":\"4cm\",\"marginRight\":\"1.5cm\",\"marginBottom\":\"1.5cm\",\"marginLeft\":\"1.5cm\",\"waitForJS\":false,\"timeout\":52538,\"margin\":{\"top\":\"4cm\",\"right\":\"1.5cm\",\"bottom\":\"1.5cm\",\"left\":\"1.5cm\"}}","meta":{"rootId":"o4vb2iyte29a94m","id":"o4vb2iyte29a94m"},"id":"gfqdr5nm18fm4mg","previousOperationId":"vomryih56c8ozms"}
{"type":"operationEnd","operationId":"vomryih56c8ozms","timestamp":1706084631686,"id":"j7lhmuh7c6fzkes","previousEventId":"q579igcdm6zi52h","previousOperationId":"vomryih56c8ozms"}
{"type":"log","timestamp":1706084631686,"level":"info","message":"pdf-utils is starting pdf processing","meta":{"rootId":"o4vb2iyte29a94m","id":"o4vb2iyte29a94m"},"id":"l2kz9pna5jonala","previousOperationId":"vomryih56c8ozms"}
{"type":"operationStart","subtype":"pdfUtils","name":"pdf utils","timestamp":1706084631686,"id":"egz244vmfpjwg92","previousEventId":"j7lhmuh7c6fzkes","operationId":"0cwy9tzczvd5m47","previousOperationId":"vomryih56c8ozms"}
{"type":"log","timestamp":1706084631686,"level":"debug","message":"pdf-utils detected 1 pdf operation(s) to process","meta":{"rootId":"o4vb2iyte29a94m","id":"o4vb2iyte29a94m"},"id":"w42yos73fpuq9ov","previousOperationId":"0cwy9tzczvd5m47"}
{"type":"log","timestamp":1706084631759,"level":"debug","message":"pdf-utils running pdf operation merge","meta":{"rootId":"o4vb2iyte29a94m","id":"o4vb2iyte29a94m"},"id":"dla3269bl9i7l5n","previousOperationId":"0cwy9tzczvd5m47"}
{"type":"operationStart","subtype":"pdfUtilsMerge","name":"pdf utils merge","previousOperationId":"0cwy9tzczvd5m47","timestamp":1706084631760,"id":"rk40r1fompsg7bq","previousEventId":"egz244vmfpjwg92","operationId":"b8k8lrwaln5tpok"}
{"type":"operationStart","subtype":"render","name":"orders-header","previousOperationId":"b8k8lrwaln5tpok","timestamp":1706084631761,"id":"oggycfgkxsmmzsp","previousEventId":"rk40r1fompsg7bq","operationId":"8znr28hnrx54916"}
{"type":"log","timestamp":1706084631761,"level":"info","message":"Starting rendering (child) request","meta":{"rootId":"o4vb2iyte29a94m","id":"gumkosgdilmepvi"},"id":"dk93tn46bkf5zmf","previousOperationId":"8znr28hnrx54916"}
{"type":"log","timestamp":1706084631761,"level":"info","message":"Rendering template { name: orders-header, recipe: chrome-pdf, engine: handlebars, preview: false }","meta":{"rootId":"o4vb2iyte29a94m","id":"gumkosgdilmepvi"},"id":"eauxvdt9506q420","previousOperationId":"8znr28hnrx54916"}
{"type":"log","timestamp":1706084631768,"level":"debug","message":"Inline data specified.","meta":{"rootId":"o4vb2iyte29a94m","id":"gumkosgdilmepvi"},"id":"c7hetqijtis3fjt","previousOperationId":"8znr28hnrx54916"}
{"type":"log","timestamp":1706084631778,"level":"debug","message":"Base url not specified, skipping its injection.","meta":{"rootId":"o4vb2iyte29a94m","id":"gumkosgdilmepvi"},"id":"42yldqzr879doha","previousOperationId":"8znr28hnrx54916"}
{"type":"operationStart","subtype":"engine","name":"handlebars","timestamp":1706084631779,"id":"5255pri5l6b0uek","previousEventId":"oggycfgkxsmmzsp","operationId":"fo4v85zfasuwjl1","previousOperationId":"8znr28hnrx54916"}
{"type":"log","timestamp":1706084631779,"level":"debug","message":"Rendering engine handlebars","meta":{"rootId":"o4vb2iyte29a94m","id":"gumkosgdilmepvi"},"id":"udk5j2c7qhrdkqn","previousOperationId":"fo4v85zfasuwjl1"}
{"type":"operationEnd","operationId":"fo4v85zfasuwjl1","timestamp":1706084631812,"id":"rgetc7vap477ay9","previousEventId":"5255pri5l6b0uek","previousOperationId":"fo4v85zfasuwjl1"}
{"type":"operationStart","subtype":"recipe","name":"chrome-pdf","timestamp":1706084631812,"id":"0bd4ob3laen41zs","previousEventId":"rgetc7vap477ay9","operationId":"0hys83rddky9km3","previousOperationId":"fo4v85zfasuwjl1"}
{"type":"log","timestamp":1706084631812,"level":"debug","message":"Executing recipe chrome-pdf","meta":{"rootId":"o4vb2iyte29a94m","id":"gumkosgdilmepvi"},"id":"e03mhnwp65l6bbp","previousOperationId":"0hys83rddky9km3"}
{"type":"log","timestamp":1706084631815,"level":"debug","message":"Converting with chrome HeadlessChrome/117.0.5938.149 using chrome-pool strategy","meta":{"rootId":"o4vb2iyte29a94m","id":"gumkosgdilmepvi"},"id":"nvueh6ls3nn575i","previousOperationId":"0hys83rddky9km3"}
{"type":"log","timestamp":1706084631999,"level":"debug","message":"Page request: GET (document) file:///C:/Users/franc/AppData/Local/Temp/jsreport/autocleanup/dcd81789-5233-4613-9750-9a31c5d70d3f-chrome-pdf.html","meta":{"rootId":"o4vb2iyte29a94m","id":"gumkosgdilmepvi"},"id":"k6o6tjjalc4galy","previousOperationId":"0hys83rddky9km3"}
{"type":"log","timestamp":1706084632020,"level":"debug","message":"Page request: GET (stylesheet) https://cdnjs.cloudflare.com/ajax/libs/metro/4.1.5/css/metro.min.css","meta":{"rootId":"o4vb2iyte29a94m","id":"gumkosgdilmepvi"},"id":"iwvi4e4pyps0pdt","previousOperationId":"0hys83rddky9km3"}
{"type":"log","timestamp":1706084632021,"level":"debug","message":"Page request finished: GET (document) 200 file:///C:/Users/franc/AppData/Local/Temp/jsreport/autocleanup/dcd81789-5233-4613-9750-9a31c5d70d3f-chrome-pdf.html","meta":{"rootId":"o4vb2iyte29a94m","id":"gumkosgdilmepvi"},"id":"wxg9xtmuk8u9nmr","previousOperationId":"0hys83rddky9km3"}
{"type":"log","timestamp":1706084632051,"level":"debug","message":"Page request finished: GET (stylesheet) 200 https://cdnjs.cloudflare.com/ajax/libs/metro/4.1.5/css/metro.min.css","meta":{"rootId":"o4vb2iyte29a94m","id":"gumkosgdilmepvi"},"id":"u9klx8oelpdufah","previousOperationId":"0hys83rddky9km3"}
{"type":"log","timestamp":1706084632084,"level":"debug","message":"Running chrome with params {\"printBackground\":true,\"marginTop\":\"1.5cm\",\"marginRight\":\"1.5cm\",\"marginLeft\":\"1.cm\",\"timeout\":51589,\"margin\":{\"top\":\"1.5cm\",\"right\":\"1.5cm\",\"left\":\"1.cm\"}}","meta":{"rootId":"o4vb2iyte29a94m","id":"gumkosgdilmepvi"},"id":"7rg6px19i7l3v1p","previousOperationId":"0hys83rddky9km3"}
{"type":"operationEnd","operationId":"0hys83rddky9km3","timestamp":1706084632172,"id":"joihc4wl6d5t3gz","previousEventId":"0bd4ob3laen41zs","previousOperationId":"0hys83rddky9km3"}
{"type":"log","timestamp":1706084632172,"level":"debug","message":"Skipping storing report.","meta":{"rootId":"o4vb2iyte29a94m","id":"gumkosgdilmepvi"},"id":"ip67bcblv7xwfsc","previousOperationId":"0hys83rddky9km3"}
{"type":"log","timestamp":1706084632172,"level":"info","message":"Rendering (child) request finished in 8769 ms","meta":{"rootId":"o4vb2iyte29a94m","id":"gumkosgdilmepvi"},"id":"10cy50p3i3z48ie","previousOperationId":"0hys83rddky9km3"}
{"type":"operationEnd","subtype":"render","operationId":"8znr28hnrx54916","timestamp":1706084632172,"id":"x7igyg8zm4lurjy","previousEventId":"joihc4wl6d5t3gz","previousOperationId":"0hys83rddky9km3"}
{"type":"operationEnd","operationId":"b8k8lrwaln5tpok","timestamp":1706084632205,"id":"ucdpq6xnqdu42uc","previousEventId":"rk40r1fompsg7bq","previousOperationId":"b8k8lrwaln5tpok"}
{"type":"log","timestamp":1706084632205,"level":"debug","message":"pdf-utils postproces start","meta":{"rootId":"o4vb2iyte29a94m","id":"o4vb2iyte29a94m"},"id":"i0lv5e7em9fivz1","previousOperationId":"b8k8lrwaln5tpok"}
{"type":"log","timestamp":1706084632297,"level":"debug","message":"pdf-utils postproces end","meta":{"rootId":"o4vb2iyte29a94m","id":"o4vb2iyte29a94m"},"id":"urpyiqyk2w9un26","previousOperationId":"b8k8lrwaln5tpok"}
{"type":"operationEnd","operationId":"0cwy9tzczvd5m47","timestamp":1706084632297,"id":"n4aeqhrn7jques1","previousEventId":"ucdpq6xnqdu42uc","previousOperationId":"b8k8lrwaln5tpok"}
{"type":"log","timestamp":1706084632297,"level":"info","message":"pdf-utils pdf processing was finished","meta":{"rootId":"o4vb2iyte29a94m","id":"o4vb2iyte29a94m"},"id":"gs7tdubm0fkn661","previousOperationId":"0cwy9tzczvd5m47"}
{"type":"log","timestamp":1706084632297,"level":"debug","message":"Skipping storing report.","meta":{"rootId":"o4vb2iyte29a94m","id":"o4vb2iyte29a94m"},"id":"uelqp5ae550tv2i","previousOperationId":"0cwy9tzczvd5m47"}
{"type":"log","timestamp":1706084632297,"level":"info","message":"Rendering request 85 finished in 8894 ms","meta":{"rootId":"o4vb2iyte29a94m","id":"o4vb2iyte29a94m"},"id":"lp9tp6i1p0mgilf","previousOperationId":"0cwy9tzczvd5m47"}
{"type":"operationEnd","subtype":"render","operationId":"iauejolranru1hy","timestamp":1706084632297,"id":"nvrkdxy9ncgfqip","previousEventId":"n4aeqhrn7jques1","previousOperationId":"0cwy9tzczvd5m47"}
{"type":"operationEnd","doDiffs":false,"previousEventId":"hwjvrrlxdfm0zto","previousOperationId":"u21uxtnr903fjrz","operationId":"u21uxtnr903fjrz","timestamp":1706084632309,"id":"q1ym8bod8823y7z"}
