{"type":"operationStart","subtype":"profile","data":{"_id":"evJAvMRi3G5KT0e2","timestamp":"2024-01-24T08:23:46.606Z","state":"queued","mode":"standard","creationDate":"2024-01-24T08:23:46.610Z","modificationDate":"2024-01-24T08:23:46.610Z","shortid":"N8-1Dl4","$entitySet":"profiles"},"doDiffs":false,"timestamp":1706084626608,"id":"3nfapylf7dhpegp","previousOperationId":null,"operationId":"y4pdnm44y8cjx93"}
{"type":"log","level":"info","message":"Render request 87 queued for execution and waiting for available worker","previousOperationId":"y4pdnm44y8cjx93","timestamp":1706084626608,"id":"u4hr6b056443k10"}
{"type":"operationStart","subtype":"render","name":"orders-main","previousOperationId":"y4pdnm44y8cjx93","timestamp":1706084632334,"id":"31pdpbf256u64mn","previousEventId":"3nfapylf7dhpegp","operationId":"x58bl5njrcwf18k"}
{"type":"log","timestamp":1706084632335,"level":"info","message":"Starting rendering request 87","meta":{"rootId":"p27gm0dga5elkp3","id":"p27gm0dga5elkp3"},"id":"d9szjorquoo2ng0","previousOperationId":"x58bl5njrcwf18k"}
{"type":"log","timestamp":1706084632335,"level":"info","message":"Rendering template { name: orders-main, recipe: chrome-pdf, engine: handlebars, preview: false }","meta":{"rootId":"p27gm0dga5elkp3","id":"p27gm0dga5elkp3"},"id":"ffn9lwyl9oa87jn","previousOperationId":"x58bl5njrcwf18k"}
{"type":"log","timestamp":1706084632340,"level":"debug","message":"Inline data specified.","meta":{"rootId":"p27gm0dga5elkp3","id":"p27gm0dga5elkp3"},"id":"1cfk4raugza3j0w","previousOperationId":"x58bl5njrcwf18k"}
{"type":"log","timestamp":1706084632355,"level":"debug","message":"Executing script orders-script (beforeRender)","meta":{"rootId":"p27gm0dga5elkp3","id":"p27gm0dga5elkp3"},"id":"r4gpbs94k41pqcv","previousOperationId":"x58bl5njrcwf18k"}
{"type":"operationStart","subtype":"scriptsBeforeRender","name":"scripts beforeRender","timestamp":1706084632368,"id":"zhevju0h0dqresl","previousEventId":"31pdpbf256u64mn","operationId":"ebkjv3yavpb57kg","previousOperationId":"x58bl5njrcwf18k"}
{"type":"operationStart","subtype":"script","name":"scripts orders-script","previousOperationId":"ebkjv3yavpb57kg","timestamp":1706084632368,"id":"kettv8i7d3azfed","previousEventId":"zhevju0h0dqresl","operationId":"zts2f3yyy9nurba"}
{"type":"operationEnd","operationId":"zts2f3yyy9nurba","timestamp":1706084633594,"id":"8hh8uh1tdikcigt","previousEventId":"31pdpbf256u64mn","previousOperationId":"x58bl5njrcwf18k"}
{"type":"operationEnd","operationId":"ebkjv3yavpb57kg","timestamp":1706084633594,"id":"i24f3lm3vv10qjg","previousEventId":"8hh8uh1tdikcigt","previousOperationId":"x58bl5njrcwf18k"}
{"type":"log","timestamp":1706084633594,"level":"debug","message":"Base url not specified, skipping its injection.","meta":{"rootId":"p27gm0dga5elkp3","id":"p27gm0dga5elkp3"},"id":"loittu3hxayuhq7","previousOperationId":"ebkjv3yavpb57kg"}
{"type":"operationStart","subtype":"engine","name":"handlebars","timestamp":1706084633594,"id":"mlcr73l1so8rl4e","previousEventId":"i24f3lm3vv10qjg","operationId":"lwto4ibpr94ijde","previousOperationId":"ebkjv3yavpb57kg"}
{"type":"log","timestamp":1706084633594,"level":"debug","message":"Rendering engine handlebars","meta":{"rootId":"p27gm0dga5elkp3","id":"p27gm0dga5elkp3"},"id":"l0x8r5a2bf170a1","previousOperationId":"lwto4ibpr94ijde"}
{"type":"log","timestamp":1706084633627,"level":"debug","message":"(console:log) Pdf utils adding group field, value: \"France\"","meta":{"userLevel":true,"rootId":"p27gm0dga5elkp3","id":"p27gm0dga5elkp3"},"id":"are8aqiev80mgob","previousOperationId":"lwto4ibpr94ijde"}
{"type":"log","timestamp":1706084633628,"level":"debug","message":"(console:log) Pdf utils adding group field, value: \"Germany\"","meta":{"userLevel":true,"rootId":"p27gm0dga5elkp3","id":"p27gm0dga5elkp3"},"id":"21mq681jx7mcnij","previousOperationId":"lwto4ibpr94ijde"}
{"type":"operationEnd","operationId":"lwto4ibpr94ijde","timestamp":1706084633629,"id":"3fkugi1twozlx3c","previousEventId":"mlcr73l1so8rl4e","previousOperationId":"lwto4ibpr94ijde"}
{"type":"operationStart","subtype":"recipe","name":"chrome-pdf","timestamp":1706084633636,"id":"g6zsj20e91qyma6","previousEventId":"3fkugi1twozlx3c","operationId":"5uikzqlsxm0fsav","previousOperationId":"lwto4ibpr94ijde"}
{"type":"log","timestamp":1706084633636,"level":"debug","message":"Executing recipe chrome-pdf","meta":{"rootId":"p27gm0dga5elkp3","id":"p27gm0dga5elkp3"},"id":"vgnf1y63154ois0","previousOperationId":"5uikzqlsxm0fsav"}
{"type":"log","timestamp":1706084633733,"level":"debug","message":"Converting with chrome HeadlessChrome/117.0.5938.149 using chrome-pool strategy","meta":{"rootId":"p27gm0dga5elkp3","id":"p27gm0dga5elkp3"},"id":"j0uzp1xto3ehzh8","previousOperationId":"5uikzqlsxm0fsav"}
{"type":"log","timestamp":1706084633924,"level":"debug","message":"Page request: GET (document) file:///C:/Users/franc/AppData/Local/Temp/jsreport/autocleanup/6e8219e0-5088-4efb-8956-b5698dec2624-chrome-pdf.html","meta":{"rootId":"p27gm0dga5elkp3","id":"p27gm0dga5elkp3"},"id":"j9dx18exxgwem8x","previousOperationId":"5uikzqlsxm0fsav"}
{"type":"log","timestamp":1706084633999,"level":"debug","message":"Page request: GET (stylesheet) https://cdnjs.cloudflare.com/ajax/libs/metro/4.1.5/css/metro.min.css","meta":{"rootId":"p27gm0dga5elkp3","id":"p27gm0dga5elkp3"},"id":"h0saljlc24cff0x","previousOperationId":"5uikzqlsxm0fsav"}
{"type":"log","timestamp":1706084633999,"level":"debug","message":"Page request: GET (script) https://cdnjs.cloudflare.com/ajax/libs/Chart.js/2.7.2/Chart.min.js","meta":{"rootId":"p27gm0dga5elkp3","id":"p27gm0dga5elkp3"},"id":"tryzxmy7yyzr4l2","previousOperationId":"5uikzqlsxm0fsav"}
{"type":"log","timestamp":1706084634000,"level":"debug","message":"Page request finished: GET (document) 200 file:///C:/Users/franc/AppData/Local/Temp/jsreport/autocleanup/6e8219e0-5088-4efb-8956-b5698dec2624-chrome-pdf.html","meta":{"rootId":"p27gm0dga5elkp3","id":"p27gm0dga5elkp3"},"id":"7qrn972ikiaor6w","previousOperationId":"5uikzqlsxm0fsav"}
{"type":"log","timestamp":1706084634009,"level":"debug","message":"Page request finished: GET (script) 200 https://cdnjs.cloudflare.com/ajax/libs/Chart.js/2.7.2/Chart.min.js","meta":{"rootId":"p27gm0dga5elkp3","id":"p27gm0dga5elkp3"},"id":"ig0bv8lo0ac3g3u","previousOperationId":"5uikzqlsxm0fsav"}
{"type":"log","timestamp":1706084634030,"level":"debug","message":"Page request finished: GET (stylesheet) 200 https://cdnjs.cloudflare.com/ajax/libs/metro/4.1.5/css/metro.min.css","meta":{"rootId":"p27gm0dga5elkp3","id":"p27gm0dga5elkp3"},"id":"lwsdfel5vf5ooku","previousOperationId":"5uikzqlsxm0fsav"}
{"type":"log","timestamp":1706084634198,"level":"debug","message":"Running chrome with params {\"printBackground\":true,\"marginTop\":\"4cm\",\"marginRight\":\"1.5cm\",\"marginBottom\":\"1.5cm\",\"marginLeft\":\"1.5cm\",\"waitForJS\":false,\"timeout\":52934,\"margin\":{\"top\":\"4cm\",\"right\":\"1.5cm\",\"bottom\":\"1.5cm\",\"left\":\"1.5cm\"}}","meta":{"rootId":"p27gm0dga5elkp3","id":"p27gm0dga5elkp3"},"id":"qz3n1llz2t40hdg","previousOperationId":"5uikzqlsxm0fsav"}
{"type":"operationEnd","operationId":"5uikzqlsxm0fsav","timestamp":1706084634664,"id":"dro2mubo5w6yxs4","previousEventId":"g6zsj20e91qyma6","previousOperationId":"5uikzqlsxm0fsav"}
{"type":"log","timestamp":1706084634665,"level":"info","message":"pdf-utils is starting pdf processing","meta":{"rootId":"p27gm0dga5elkp3","id":"p27gm0dga5elkp3"},"id":"cvni350ypag8xfc","previousOperationId":"5uikzqlsxm0fsav"}
{"type":"operationStart","subtype":"pdfUtils","name":"pdf utils","timestamp":1706084634665,"id":"wnv54nuhuhmtky3","previousEventId":"dro2mubo5w6yxs4","operationId":"9ph60om8xnku3on","previousOperationId":"5uikzqlsxm0fsav"}
{"type":"log","timestamp":1706084634665,"level":"debug","message":"pdf-utils detected 1 pdf operation(s) to process","meta":{"rootId":"p27gm0dga5elkp3","id":"p27gm0dga5elkp3"},"id":"ixe3g2mconug82s","previousOperationId":"9ph60om8xnku3on"}
{"type":"log","timestamp":1706084634800,"level":"debug","message":"pdf-utils running pdf operation merge","meta":{"rootId":"p27gm0dga5elkp3","id":"p27gm0dga5elkp3"},"id":"3gjw6o4honv1rsy","previousOperationId":"9ph60om8xnku3on"}
{"type":"operationStart","subtype":"pdfUtilsMerge","name":"pdf utils merge","previousOperationId":"9ph60om8xnku3on","timestamp":1706084634800,"id":"5k9u36k08nbs0hx","previousEventId":"wnv54nuhuhmtky3","operationId":"sgivqguyjqycoq0"}
{"type":"operationStart","subtype":"render","name":"orders-header","previousOperationId":"sgivqguyjqycoq0","timestamp":1706084634804,"id":"7ikh3yv6su5umz2","previousEventId":"5k9u36k08nbs0hx","operationId":"yzclkzcpl1f24wv"}
{"type":"log","timestamp":1706084634804,"level":"info","message":"Starting rendering (child) request","meta":{"rootId":"p27gm0dga5elkp3","id":"vp25os3s12csuyc"},"id":"lwbnc6e84cnvix2","previousOperationId":"yzclkzcpl1f24wv"}
{"type":"log","timestamp":1706084634804,"level":"info","message":"Rendering template { name: orders-header, recipe: chrome-pdf, engine: handlebars, preview: false }","meta":{"rootId":"p27gm0dga5elkp3","id":"vp25os3s12csuyc"},"id":"wzfjeu071bz8kv5","previousOperationId":"yzclkzcpl1f24wv"}
{"type":"log","timestamp":1706084634830,"level":"debug","message":"Inline data specified.","meta":{"rootId":"p27gm0dga5elkp3","id":"vp25os3s12csuyc"},"id":"1prd1733twwmfae","previousOperationId":"yzclkzcpl1f24wv"}
{"type":"log","timestamp":1706084634858,"level":"debug","message":"Base url not specified, skipping its injection.","meta":{"rootId":"p27gm0dga5elkp3","id":"vp25os3s12csuyc"},"id":"k8ltyhue2p3uczo","previousOperationId":"yzclkzcpl1f24wv"}
{"type":"operationStart","subtype":"engine","name":"handlebars","timestamp":1706084634859,"id":"7gk1ogzrsmx3wgz","previousEventId":"7ikh3yv6su5umz2","operationId":"x2281hhliqeyjtd","previousOperationId":"yzclkzcpl1f24wv"}
{"type":"log","timestamp":1706084634859,"level":"debug","message":"Rendering engine handlebars","meta":{"rootId":"p27gm0dga5elkp3","id":"vp25os3s12csuyc"},"id":"nncd72ngsp91dy1","previousOperationId":"x2281hhliqeyjtd"}
{"type":"operationEnd","operationId":"x2281hhliqeyjtd","timestamp":1706084634899,"id":"qqlsmwmnih9ndwx","previousEventId":"7gk1ogzrsmx3wgz","previousOperationId":"x2281hhliqeyjtd"}
{"type":"operationStart","subtype":"recipe","name":"chrome-pdf","timestamp":1706084634899,"id":"ruxxrdpsd2pe642","previousEventId":"qqlsmwmnih9ndwx","operationId":"kujnj8jzm2udf8o","previousOperationId":"x2281hhliqeyjtd"}
{"type":"log","timestamp":1706084634899,"level":"debug","message":"Executing recipe chrome-pdf","meta":{"rootId":"p27gm0dga5elkp3","id":"vp25os3s12csuyc"},"id":"xk3rs4esp7bv2e5","previousOperationId":"kujnj8jzm2udf8o"}
{"type":"log","timestamp":1706084634906,"level":"debug","message":"Converting with chrome HeadlessChrome/117.0.5938.149 using chrome-pool strategy","meta":{"rootId":"p27gm0dga5elkp3","id":"vp25os3s12csuyc"},"id":"r1kb6e1ncn1q7wj","previousOperationId":"kujnj8jzm2udf8o"}
{"type":"log","timestamp":1706084635121,"level":"debug","message":"Page request: GET (document) file:///C:/Users/franc/AppData/Local/Temp/jsreport/autocleanup/4745fb66-bd63-4d59-b030-7957f14cae21-chrome-pdf.html","meta":{"rootId":"p27gm0dga5elkp3","id":"vp25os3s12csuyc"},"id":"h6cezo1yeyfqfqi","previousOperationId":"kujnj8jzm2udf8o"}
{"type":"log","timestamp":1706084635144,"level":"debug","message":"Page request finished: GET (document) 200 file:///C:/Users/franc/AppData/Local/Temp/jsreport/autocleanup/4745fb66-bd63-4d59-b030-7957f14cae21-chrome-pdf.html","meta":{"rootId":"p27gm0dga5elkp3","id":"vp25os3s12csuyc"},"id":"7wdojrtjwuulp91","previousOperationId":"kujnj8jzm2udf8o"}
{"type":"log","timestamp":1706084635144,"level":"debug","message":"Page request: GET (stylesheet) https://cdnjs.cloudflare.com/ajax/libs/metro/4.1.5/css/metro.min.css","meta":{"rootId":"p27gm0dga5elkp3","id":"vp25os3s12csuyc"},"id":"jn0ubi94hvu5g4g","previousOperationId":"kujnj8jzm2udf8o"}
{"type":"log","timestamp":1706084635189,"level":"debug","message":"Page request finished: GET (stylesheet) 200 https://cdnjs.cloudflare.com/ajax/libs/metro/4.1.5/css/metro.min.css","meta":{"rootId":"p27gm0dga5elkp3","id":"vp25os3s12csuyc"},"id":"e2nr3ge82xwl32s","previousOperationId":"kujnj8jzm2udf8o"}
{"type":"log","timestamp":1706084635373,"level":"debug","message":"Running chrome with params {\"printBackground\":true,\"marginTop\":\"1.5cm\",\"marginRight\":\"1.5cm\",\"marginLeft\":\"1.cm\",\"timeout\":51702,\"margin\":{\"top\":\"1.5cm\",\"right\":\"1.5cm\",\"left\":\"1.cm\"}}","meta":{"rootId":"p27gm0dga5elkp3","id":"vp25os3s12csuyc"},"id":"0wxcxjgtz94ijp9","previousOperationId":"kujnj8jzm2udf8o"}
{"type":"operationEnd","operationId":"kujnj8jzm2udf8o","timestamp":1706084635492,"id":"ltno0fkc4d7grcw","previousEventId":"ruxxrdpsd2pe642","previousOperationId":"kujnj8jzm2udf8o"}
{"type":"log","timestamp":1706084635493,"level":"debug","message":"Skipping storing report.","meta":{"rootId":"p27gm0dga5elkp3","id":"vp25os3s12csuyc"},"id":"7a7ifc4wborlovw","previousOperationId":"kujnj8jzm2udf8o"}
{"type":"log","timestamp":1706084635493,"level":"info","message":"Rendering (child) request finished in 8887 ms","meta":{"rootId":"p27gm0dga5elkp3","id":"vp25os3s12csuyc"},"id":"eerlujcpl5zeu54","previousOperationId":"kujnj8jzm2udf8o"}
{"type":"operationEnd","subtype":"render","operationId":"yzclkzcpl1f24wv","timestamp":1706084635493,"id":"3j2zsq6hp1qse17","previousEventId":"ltno0fkc4d7grcw","previousOperationId":"kujnj8jzm2udf8o"}
{"type":"operationEnd","operationId":"sgivqguyjqycoq0","timestamp":1706084635528,"id":"qwhl49asxzmhmha","previousEventId":"5k9u36k08nbs0hx","previousOperationId":"sgivqguyjqycoq0"}
{"type":"log","timestamp":1706084635528,"level":"debug","message":"pdf-utils postproces start","meta":{"rootId":"p27gm0dga5elkp3","id":"p27gm0dga5elkp3"},"id":"u2pax9vm7gl6yor","previousOperationId":"sgivqguyjqycoq0"}
{"type":"log","timestamp":1706084635620,"level":"debug","message":"pdf-utils postproces end","meta":{"rootId":"p27gm0dga5elkp3","id":"p27gm0dga5elkp3"},"id":"pprnxymgyag331h","previousOperationId":"sgivqguyjqycoq0"}
{"type":"operationEnd","operationId":"9ph60om8xnku3on","timestamp":1706084635620,"id":"crastwdc0oo3p7n","previousEventId":"qwhl49asxzmhmha","previousOperationId":"sgivqguyjqycoq0"}
{"type":"log","timestamp":1706084635620,"level":"info","message":"pdf-utils pdf processing was finished","meta":{"rootId":"p27gm0dga5elkp3","id":"p27gm0dga5elkp3"},"id":"inejpottjn5srkg","previousOperationId":"9ph60om8xnku3on"}
{"type":"log","timestamp":1706084635620,"level":"debug","message":"Skipping storing report.","meta":{"rootId":"p27gm0dga5elkp3","id":"p27gm0dga5elkp3"},"id":"dmr12qaintt3jzd","previousOperationId":"9ph60om8xnku3on"}
{"type":"log","timestamp":1706084635620,"level":"info","message":"Rendering request 87 finished in 9014 ms","meta":{"rootId":"p27gm0dga5elkp3","id":"p27gm0dga5elkp3"},"id":"spa4spcjtj4ky0h","previousOperationId":"9ph60om8xnku3on"}
{"type":"operationEnd","subtype":"render","operationId":"x58bl5njrcwf18k","timestamp":1706084635620,"id":"se9ebx25e2i52iz","previousEventId":"crastwdc0oo3p7n","previousOperationId":"9ph60om8xnku3on"}
{"type":"operationEnd","doDiffs":false,"previousEventId":"3nfapylf7dhpegp","previousOperationId":"y4pdnm44y8cjx93","operationId":"y4pdnm44y8cjx93","timestamp":1706084635635,"id":"2qsrzwcmdehcuvi"}
