{"type":"operationStart","subtype":"profile","data":{"_id":"iYHcQFCsvMrZ2fMI","timestamp":"2024-01-23T10:39:55.063Z","state":"queued","mode":"standard","creationDate":"2024-01-23T10:39:55.065Z","modificationDate":"2024-01-23T10:39:55.065Z","shortid":"hRmS1XS","$entitySet":"profiles"},"doDiffs":false,"timestamp":1706006395064,"id":"r9cvfxxvkrrs5os","previousOperationId":null,"operationId":"cly1zhhwxi1yx12"}
{"type":"log","level":"info","message":"Render request 38 queued for execution and waiting for available worker","previousOperationId":"cly1zhhwxi1yx12","timestamp":1706006395064,"id":"lt0bwyobg3p6n6j"}
{"type":"operationStart","subtype":"render","name":"orders-main","previousOperationId":"cly1zhhwxi1yx12","timestamp":1706006395076,"id":"irhz0j2fl23tsi2","previousEventId":"r9cvfxxvkrrs5os","operationId":"9mj3hrw1cl4b286"}
{"type":"log","timestamp":1706006395076,"level":"info","message":"Starting rendering request 38","meta":{"rootId":"pig0w6z7a9hn68s","id":"pig0w6z7a9hn68s"},"id":"1dm1b0jdqn7dvhh","previousOperationId":"9mj3hrw1cl4b286"}
{"type":"log","timestamp":1706006395077,"level":"info","message":"Rendering template { name: orders-main, recipe: chrome-pdf, engine: handlebars, preview: false }","meta":{"rootId":"pig0w6z7a9hn68s","id":"pig0w6z7a9hn68s"},"id":"krptq2ev1o1hx9d","previousOperationId":"9mj3hrw1cl4b286"}
{"type":"log","timestamp":1706006395078,"level":"debug","message":"Inline data specified.","meta":{"rootId":"pig0w6z7a9hn68s","id":"pig0w6z7a9hn68s"},"id":"ukph9ohc1hxubsp","previousOperationId":"9mj3hrw1cl4b286"}
{"type":"log","timestamp":1706006395086,"level":"debug","message":"Executing script orders-script (beforeRender)","meta":{"rootId":"pig0w6z7a9hn68s","id":"pig0w6z7a9hn68s"},"id":"a9fwn6wb1q8awkq","previousOperationId":"9mj3hrw1cl4b286"}
{"type":"operationStart","subtype":"scriptsBeforeRender","name":"scripts beforeRender","timestamp":1706006395106,"id":"slvnai52zbhjztz","previousEventId":"irhz0j2fl23tsi2","operationId":"i9wamykqpuw5ows","previousOperationId":"9mj3hrw1cl4b286"}
{"type":"operationStart","subtype":"script","name":"scripts orders-script","previousOperationId":"i9wamykqpuw5ows","timestamp":1706006395106,"id":"jcwfxgjtn41ka6f","previousEventId":"slvnai52zbhjztz","operationId":"wfoihoxj8wyq8rm"}
{"type":"operationEnd","operationId":"wfoihoxj8wyq8rm","timestamp":1706006397200,"id":"0eseapkzdtwst4t","previousEventId":"irhz0j2fl23tsi2","previousOperationId":"9mj3hrw1cl4b286"}
{"type":"operationEnd","operationId":"i9wamykqpuw5ows","timestamp":1706006397201,"id":"i8hq5d026fnll3k","previousEventId":"0eseapkzdtwst4t","previousOperationId":"9mj3hrw1cl4b286"}
{"type":"log","timestamp":1706006397201,"level":"debug","message":"Base url not specified, skipping its injection.","meta":{"rootId":"pig0w6z7a9hn68s","id":"pig0w6z7a9hn68s"},"id":"0dy81qbyuodu9q4","previousOperationId":"i9wamykqpuw5ows"}
{"type":"operationStart","subtype":"engine","name":"handlebars","timestamp":1706006397204,"id":"k6k6xaf69fp7tr4","previousEventId":"i8hq5d026fnll3k","operationId":"03q22515qoi3obr","previousOperationId":"i9wamykqpuw5ows"}
{"type":"log","timestamp":1706006397204,"level":"debug","message":"Rendering engine handlebars","meta":{"rootId":"pig0w6z7a9hn68s","id":"pig0w6z7a9hn68s"},"id":"ep4e61930zx3stl","previousOperationId":"03q22515qoi3obr"}
{"type":"log","timestamp":1706006397245,"level":"debug","message":"(console:log) Pdf utils adding group field, value: \"France\"","meta":{"userLevel":true,"rootId":"pig0w6z7a9hn68s","id":"pig0w6z7a9hn68s"},"id":"7uu73khtnipxcnm","previousOperationId":"03q22515qoi3obr"}
{"type":"log","timestamp":1706006397247,"level":"debug","message":"(console:log) Pdf utils adding group field, value: \"Germany\"","meta":{"userLevel":true,"rootId":"pig0w6z7a9hn68s","id":"pig0w6z7a9hn68s"},"id":"uce9v62mp83fwe7","previousOperationId":"03q22515qoi3obr"}
{"type":"operationEnd","operationId":"03q22515qoi3obr","timestamp":1706006397248,"id":"skaka4023cd7zix","previousEventId":"k6k6xaf69fp7tr4","previousOperationId":"03q22515qoi3obr"}
{"type":"operationStart","subtype":"recipe","name":"chrome-pdf","timestamp":1706006397251,"id":"1oa8is8bkr5teke","previousEventId":"skaka4023cd7zix","operationId":"nekw8t43z344j6x","previousOperationId":"03q22515qoi3obr"}
{"type":"log","timestamp":1706006397251,"level":"debug","message":"Executing recipe chrome-pdf","meta":{"rootId":"pig0w6z7a9hn68s","id":"pig0w6z7a9hn68s"},"id":"68gmkjdy5bx713p","previousOperationId":"nekw8t43z344j6x"}
{"type":"log","timestamp":1706006397258,"level":"debug","message":"Converting with chrome HeadlessChrome/117.0.5938.149 using chrome-pool strategy","meta":{"rootId":"pig0w6z7a9hn68s","id":"pig0w6z7a9hn68s"},"id":"av2j93hajxmljip","previousOperationId":"nekw8t43z344j6x"}
{"type":"log","timestamp":1706006397606,"level":"debug","message":"Page request: GET (document) file:///C:/Users/franc/AppData/Local/Temp/jsreport/autocleanup/5b8feec3-1899-4892-8ead-cedbeb633777-chrome-pdf.html","meta":{"rootId":"pig0w6z7a9hn68s","id":"pig0w6z7a9hn68s"},"id":"091f8kgkrqe2nz3","previousOperationId":"nekw8t43z344j6x"}
{"type":"log","timestamp":1706006397790,"level":"debug","message":"Page request: GET (stylesheet) https://cdnjs.cloudflare.com/ajax/libs/metro/4.1.5/css/metro.min.css","meta":{"rootId":"pig0w6z7a9hn68s","id":"pig0w6z7a9hn68s"},"id":"hust8fotwpcy1mt","previousOperationId":"nekw8t43z344j6x"}
{"type":"log","timestamp":1706006397792,"level":"debug","message":"Page request: GET (script) https://cdnjs.cloudflare.com/ajax/libs/Chart.js/2.7.2/Chart.min.js","meta":{"rootId":"pig0w6z7a9hn68s","id":"pig0w6z7a9hn68s"},"id":"9f1ohg01w1ejz04","previousOperationId":"nekw8t43z344j6x"}
{"type":"log","timestamp":1706006397793,"level":"debug","message":"Page request finished: GET (document) 200 file:///C:/Users/franc/AppData/Local/Temp/jsreport/autocleanup/5b8feec3-1899-4892-8ead-cedbeb633777-chrome-pdf.html","meta":{"rootId":"pig0w6z7a9hn68s","id":"pig0w6z7a9hn68s"},"id":"t3bvy4uof4r9ips","previousOperationId":"nekw8t43z344j6x"}
{"type":"log","timestamp":1706006400386,"level":"debug","message":"Page request finished: GET (stylesheet) 200 https://cdnjs.cloudflare.com/ajax/libs/metro/4.1.5/css/metro.min.css","meta":{"rootId":"pig0w6z7a9hn68s","id":"pig0w6z7a9hn68s"},"id":"agm3ia4buchm2qa","previousOperationId":"nekw8t43z344j6x"}
{"type":"log","timestamp":1706006400387,"level":"debug","message":"Page request finished: GET (script) 200 https://cdnjs.cloudflare.com/ajax/libs/Chart.js/2.7.2/Chart.min.js","meta":{"rootId":"pig0w6z7a9hn68s","id":"pig0w6z7a9hn68s"},"id":"dbtg0nore53v7ga","previousOperationId":"nekw8t43z344j6x"}
{"type":"log","timestamp":1706006400574,"level":"debug","message":"Running chrome with params {\"printBackground\":true,\"marginTop\":\"4cm\",\"marginRight\":\"1.5cm\",\"marginBottom\":\"1.5cm\",\"marginLeft\":\"1.5cm\",\"waitForJS\":false,\"timeout\":57807,\"margin\":{\"top\":\"4cm\",\"right\":\"1.5cm\",\"bottom\":\"1.5cm\",\"left\":\"1.5cm\"}}","meta":{"rootId":"pig0w6z7a9hn68s","id":"pig0w6z7a9hn68s"},"id":"ypjlgcfk0hdfcce","previousOperationId":"nekw8t43z344j6x"}
{"type":"operationEnd","operationId":"nekw8t43z344j6x","timestamp":1706006401035,"id":"bnglsfcpxh5byfy","previousEventId":"1oa8is8bkr5teke","previousOperationId":"nekw8t43z344j6x"}
{"type":"log","timestamp":1706006401035,"level":"info","message":"pdf-utils is starting pdf processing","meta":{"rootId":"pig0w6z7a9hn68s","id":"pig0w6z7a9hn68s"},"id":"hzty3swtiminj9s","previousOperationId":"nekw8t43z344j6x"}
{"type":"operationStart","subtype":"pdfUtils","name":"pdf utils","timestamp":1706006401035,"id":"kirm4e0s30pn2r5","previousEventId":"bnglsfcpxh5byfy","operationId":"vu8f3fpx11kk0ux","previousOperationId":"nekw8t43z344j6x"}
{"type":"log","timestamp":1706006401038,"level":"debug","message":"pdf-utils detected 1 pdf operation(s) to process","meta":{"rootId":"pig0w6z7a9hn68s","id":"pig0w6z7a9hn68s"},"id":"36uqbtaly8u4gf8","previousOperationId":"vu8f3fpx11kk0ux"}
{"type":"log","timestamp":1706006401341,"level":"debug","message":"pdf-utils running pdf operation merge","meta":{"rootId":"pig0w6z7a9hn68s","id":"pig0w6z7a9hn68s"},"id":"rf24p1ki08vrccj","previousOperationId":"vu8f3fpx11kk0ux"}
{"type":"operationStart","subtype":"pdfUtilsMerge","name":"pdf utils merge","previousOperationId":"vu8f3fpx11kk0ux","timestamp":1706006401341,"id":"spmea4golrj81tj","previousEventId":"kirm4e0s30pn2r5","operationId":"eaw1jen2ssrwvzm"}
{"type":"operationStart","subtype":"render","name":"orders-header","previousOperationId":"eaw1jen2ssrwvzm","timestamp":1706006401344,"id":"mmwwvl8bkaz583z","previousEventId":"spmea4golrj81tj","operationId":"wglcpo6eppkrwaa"}
{"type":"log","timestamp":1706006401344,"level":"info","message":"Starting rendering (child) request","meta":{"rootId":"pig0w6z7a9hn68s","id":"c2780hs64qa776u"},"id":"3kwbwabfb1oq5jj","previousOperationId":"wglcpo6eppkrwaa"}
{"type":"log","timestamp":1706006401344,"level":"info","message":"Rendering template { name: orders-header, recipe: chrome-pdf, engine: handlebars, preview: false }","meta":{"rootId":"pig0w6z7a9hn68s","id":"c2780hs64qa776u"},"id":"i5nndu8wpue39d5","previousOperationId":"wglcpo6eppkrwaa"}
{"type":"log","timestamp":1706006401349,"level":"debug","message":"Inline data specified.","meta":{"rootId":"pig0w6z7a9hn68s","id":"c2780hs64qa776u"},"id":"dbylqkwcxij5e2t","previousOperationId":"wglcpo6eppkrwaa"}
{"type":"log","timestamp":1706006401354,"level":"debug","message":"Base url not specified, skipping its injection.","meta":{"rootId":"pig0w6z7a9hn68s","id":"c2780hs64qa776u"},"id":"777ah08sx79yzgl","previousOperationId":"wglcpo6eppkrwaa"}
{"type":"operationStart","subtype":"engine","name":"handlebars","timestamp":1706006401355,"id":"mlvsy0xa13b3y34","previousEventId":"mmwwvl8bkaz583z","operationId":"tx0k0korwrfuzeu","previousOperationId":"wglcpo6eppkrwaa"}
{"type":"log","timestamp":1706006401355,"level":"debug","message":"Rendering engine handlebars","meta":{"rootId":"pig0w6z7a9hn68s","id":"c2780hs64qa776u"},"id":"54vsgaae0avvwzw","previousOperationId":"tx0k0korwrfuzeu"}
{"type":"operationEnd","operationId":"tx0k0korwrfuzeu","timestamp":1706006401385,"id":"7sdc22kunto1gte","previousEventId":"mlvsy0xa13b3y34","previousOperationId":"tx0k0korwrfuzeu"}
{"type":"operationStart","subtype":"recipe","name":"chrome-pdf","timestamp":1706006401385,"id":"3uer6x0ctg7enek","previousEventId":"7sdc22kunto1gte","operationId":"hy3pu7fstxxi7ye","previousOperationId":"tx0k0korwrfuzeu"}
{"type":"log","timestamp":1706006401385,"level":"debug","message":"Executing recipe chrome-pdf","meta":{"rootId":"pig0w6z7a9hn68s","id":"c2780hs64qa776u"},"id":"t5cmu9kak0ryg10","previousOperationId":"hy3pu7fstxxi7ye"}
{"type":"log","timestamp":1706006401390,"level":"debug","message":"Converting with chrome HeadlessChrome/117.0.5938.149 using chrome-pool strategy","meta":{"rootId":"pig0w6z7a9hn68s","id":"c2780hs64qa776u"},"id":"nysmrayhihw3qiy","previousOperationId":"hy3pu7fstxxi7ye"}
{"type":"log","timestamp":1706006401555,"level":"debug","message":"Page request: GET (document) file:///C:/Users/franc/AppData/Local/Temp/jsreport/autocleanup/f1374c7f-20e0-4d7c-9713-64184bf52a78-chrome-pdf.html","meta":{"rootId":"pig0w6z7a9hn68s","id":"c2780hs64qa776u"},"id":"0q5l4ycp03n2tlu","previousOperationId":"hy3pu7fstxxi7ye"}
{"type":"log","timestamp":1706006401582,"level":"debug","message":"Page request: GET (stylesheet) https://cdnjs.cloudflare.com/ajax/libs/metro/4.1.5/css/metro.min.css","meta":{"rootId":"pig0w6z7a9hn68s","id":"c2780hs64qa776u"},"id":"kmeq89yzecvqgop","previousOperationId":"hy3pu7fstxxi7ye"}
{"type":"log","timestamp":1706006401583,"level":"debug","message":"Page request finished: GET (document) 200 file:///C:/Users/franc/AppData/Local/Temp/jsreport/autocleanup/f1374c7f-20e0-4d7c-9713-64184bf52a78-chrome-pdf.html","meta":{"rootId":"pig0w6z7a9hn68s","id":"c2780hs64qa776u"},"id":"n6huv3mjzelp15t","previousOperationId":"hy3pu7fstxxi7ye"}
{"type":"log","timestamp":1706006401641,"level":"debug","message":"Page request finished: GET (stylesheet) 200 https://cdnjs.cloudflare.com/ajax/libs/metro/4.1.5/css/metro.min.css","meta":{"rootId":"pig0w6z7a9hn68s","id":"c2780hs64qa776u"},"id":"angt1m2wazirq6j","previousOperationId":"hy3pu7fstxxi7ye"}
{"type":"log","timestamp":1706006401729,"level":"debug","message":"Running chrome with params {\"printBackground\":true,\"marginTop\":\"1.5cm\",\"marginRight\":\"1.5cm\",\"marginLeft\":\"1.cm\",\"timeout\":53675,\"margin\":{\"top\":\"1.5cm\",\"right\":\"1.5cm\",\"left\":\"1.cm\"}}","meta":{"rootId":"pig0w6z7a9hn68s","id":"c2780hs64qa776u"},"id":"207f16mghnhpiec","previousOperationId":"hy3pu7fstxxi7ye"}
{"type":"operationEnd","operationId":"hy3pu7fstxxi7ye","timestamp":1706006401880,"id":"32vi4fx7skumbib","previousEventId":"3uer6x0ctg7enek","previousOperationId":"hy3pu7fstxxi7ye"}
{"type":"log","timestamp":1706006401881,"level":"debug","message":"Skipping storing report.","meta":{"rootId":"pig0w6z7a9hn68s","id":"c2780hs64qa776u"},"id":"0ku26q9eo1j19av","previousOperationId":"hy3pu7fstxxi7ye"}
{"type":"log","timestamp":1706006401881,"level":"info","message":"Rendering (child) request finished in 6819 ms","meta":{"rootId":"pig0w6z7a9hn68s","id":"c2780hs64qa776u"},"id":"xl03f4c2e4wbqsb","previousOperationId":"hy3pu7fstxxi7ye"}
{"type":"operationEnd","subtype":"render","operationId":"wglcpo6eppkrwaa","timestamp":1706006401881,"id":"ljtgdyp7vwkzk9u","previousEventId":"32vi4fx7skumbib","previousOperationId":"hy3pu7fstxxi7ye"}
{"type":"operationEnd","operationId":"eaw1jen2ssrwvzm","timestamp":1706006401996,"id":"0qn4ihexjr6r2o5","previousEventId":"spmea4golrj81tj","previousOperationId":"eaw1jen2ssrwvzm"}
{"type":"log","timestamp":1706006401996,"level":"debug","message":"pdf-utils postproces start","meta":{"rootId":"pig0w6z7a9hn68s","id":"pig0w6z7a9hn68s"},"id":"drm1s8j37lmtzpe","previousOperationId":"eaw1jen2ssrwvzm"}
{"type":"log","timestamp":1706006402112,"level":"debug","message":"pdf-utils postproces end","meta":{"rootId":"pig0w6z7a9hn68s","id":"pig0w6z7a9hn68s"},"id":"il214zxa0bgyv81","previousOperationId":"eaw1jen2ssrwvzm"}
{"type":"operationEnd","operationId":"vu8f3fpx11kk0ux","timestamp":1706006402112,"id":"tu5ciebcfjhfcmp","previousEventId":"0qn4ihexjr6r2o5","previousOperationId":"eaw1jen2ssrwvzm"}
{"type":"log","timestamp":1706006402112,"level":"info","message":"pdf-utils pdf processing was finished","meta":{"rootId":"pig0w6z7a9hn68s","id":"pig0w6z7a9hn68s"},"id":"p79ou5jbu1yd02q","previousOperationId":"vu8f3fpx11kk0ux"}
{"type":"log","timestamp":1706006402112,"level":"debug","message":"Skipping storing report.","meta":{"rootId":"pig0w6z7a9hn68s","id":"pig0w6z7a9hn68s"},"id":"uv3wwse1fidpnaw","previousOperationId":"vu8f3fpx11kk0ux"}
{"type":"log","timestamp":1706006402112,"level":"info","message":"Rendering request 38 finished in 7050 ms","meta":{"rootId":"pig0w6z7a9hn68s","id":"pig0w6z7a9hn68s"},"id":"p7yccvtq5x3uegz","previousOperationId":"vu8f3fpx11kk0ux"}
{"type":"operationEnd","subtype":"render","operationId":"9mj3hrw1cl4b286","timestamp":1706006402112,"id":"07zyhlzjafga5lb","previousEventId":"tu5ciebcfjhfcmp","previousOperationId":"vu8f3fpx11kk0ux"}
{"type":"operationEnd","doDiffs":false,"previousEventId":"r9cvfxxvkrrs5os","previousOperationId":"cly1zhhwxi1yx12","operationId":"cly1zhhwxi1yx12","timestamp":1706006402140,"id":"sn43hgtdj1iqsh7"}
