{"type":"operationStart","subtype":"profile","data":{"_id":"LLzT3QWCOre1FtiY","timestamp":"2024-01-24T08:23:40.828Z","state":"queued","mode":"standard","creationDate":"2024-01-24T08:23:40.830Z","modificationDate":"2024-01-24T08:23:40.830Z","shortid":"sFPny-M","$entitySet":"profiles"},"doDiffs":false,"timestamp":1706084620829,"id":"uqi67f3h6kkichy","previousOperationId":null,"operationId":"1n6poa8ulpwh443"}
{"type":"log","level":"info","message":"Render request 82 queued for execution and waiting for available worker","previousOperationId":"1n6poa8ulpwh443","timestamp":1706084620829,"id":"ik6earyxh14tzv5"}
{"type":"operationStart","subtype":"render","name":"orders-main","previousOperationId":"1n6poa8ulpwh443","timestamp":1706084620853,"id":"0di21aj7pz0ep8b","previousEventId":"uqi67f3h6kkichy","operationId":"zfsnfozwglmbvl2"}
{"type":"log","timestamp":1706084620855,"level":"info","message":"Starting rendering request 82","meta":{"rootId":"qnce16svl9ub3qp","id":"qnce16svl9ub3qp"},"id":"9xc1dgjuizedsr5","previousOperationId":"zfsnfozwglmbvl2"}
{"type":"log","timestamp":1706084620858,"level":"info","message":"Rendering template { name: orders-main, recipe: chrome-pdf, engine: handlebars, preview: false }","meta":{"rootId":"qnce16svl9ub3qp","id":"qnce16svl9ub3qp"},"id":"vurnb8e2nw7s37o","previousOperationId":"zfsnfozwglmbvl2"}
{"type":"log","timestamp":1706084620864,"level":"debug","message":"Inline data specified.","meta":{"rootId":"qnce16svl9ub3qp","id":"qnce16svl9ub3qp"},"id":"tdfb6t9iuuh4ysq","previousOperationId":"zfsnfozwglmbvl2"}
{"type":"log","timestamp":1706084620871,"level":"debug","message":"Executing script orders-script (beforeRender)","meta":{"rootId":"qnce16svl9ub3qp","id":"qnce16svl9ub3qp"},"id":"shar3th69qek88o","previousOperationId":"zfsnfozwglmbvl2"}
{"type":"operationStart","subtype":"scriptsBeforeRender","name":"scripts beforeRender","timestamp":1706084621738,"id":"6n12508jvsgwhq7","previousEventId":"0di21aj7pz0ep8b","operationId":"fmvpwcumw5zm93j","previousOperationId":"zfsnfozwglmbvl2"}
{"type":"operationStart","subtype":"script","name":"scripts orders-script","previousOperationId":"fmvpwcumw5zm93j","timestamp":1706084621738,"id":"uvqkfxurj5b0nxv","previousEventId":"6n12508jvsgwhq7","operationId":"3tbbdhgbxj817qj"}
{"type":"operationEnd","operationId":"3tbbdhgbxj817qj","timestamp":1706084623253,"id":"fmghr3bckc7oi3e","previousEventId":"0di21aj7pz0ep8b","previousOperationId":"zfsnfozwglmbvl2"}
{"type":"operationEnd","operationId":"fmvpwcumw5zm93j","timestamp":1706084623253,"id":"f7ddzf6tgo51knu","previousEventId":"fmghr3bckc7oi3e","previousOperationId":"zfsnfozwglmbvl2"}
{"type":"log","timestamp":1706084623253,"level":"debug","message":"Base url not specified, skipping its injection.","meta":{"rootId":"qnce16svl9ub3qp","id":"qnce16svl9ub3qp"},"id":"42rhhjfzk8elo9t","previousOperationId":"fmvpwcumw5zm93j"}
{"type":"operationStart","subtype":"engine","name":"handlebars","timestamp":1706084623255,"id":"z5rhb8mdkx0wnc2","previousEventId":"f7ddzf6tgo51knu","operationId":"zi9g8cryt0e73po","previousOperationId":"fmvpwcumw5zm93j"}
{"type":"log","timestamp":1706084623255,"level":"debug","message":"Rendering engine handlebars","meta":{"rootId":"qnce16svl9ub3qp","id":"qnce16svl9ub3qp"},"id":"m7f3efji6nflnv6","previousOperationId":"zi9g8cryt0e73po"}
{"type":"log","timestamp":1706084624170,"level":"debug","message":"(console:log) Pdf utils adding group field, value: \"France\"","meta":{"userLevel":true,"rootId":"qnce16svl9ub3qp","id":"qnce16svl9ub3qp"},"id":"3r33ql5ldsbr9u2","previousOperationId":"zi9g8cryt0e73po"}
{"type":"log","timestamp":1706084624175,"level":"debug","message":"(console:log) Pdf utils adding group field, value: \"Germany\"","meta":{"userLevel":true,"rootId":"qnce16svl9ub3qp","id":"qnce16svl9ub3qp"},"id":"95xgn6xtryxi152","previousOperationId":"zi9g8cryt0e73po"}
{"type":"operationEnd","operationId":"zi9g8cryt0e73po","timestamp":1706084624176,"id":"1yb20lfmiinbwpi","previousEventId":"z5rhb8mdkx0wnc2","previousOperationId":"zi9g8cryt0e73po"}
{"type":"operationStart","subtype":"recipe","name":"chrome-pdf","timestamp":1706084624181,"id":"4yxuub665qa0d61","previousEventId":"1yb20lfmiinbwpi","operationId":"05624v864uvfwi7","previousOperationId":"zi9g8cryt0e73po"}
{"type":"log","timestamp":1706084624181,"level":"debug","message":"Executing recipe chrome-pdf","meta":{"rootId":"qnce16svl9ub3qp","id":"qnce16svl9ub3qp"},"id":"s00m258yqk5artm","previousOperationId":"05624v864uvfwi7"}
{"type":"log","timestamp":1706084625808,"level":"debug","message":"Converting with chrome HeadlessChrome/117.0.5938.149 using chrome-pool strategy","meta":{"rootId":"qnce16svl9ub3qp","id":"qnce16svl9ub3qp"},"id":"t9mn4f66x5civlc","previousOperationId":"05624v864uvfwi7"}
{"type":"log","timestamp":1706084626454,"level":"debug","message":"Page request: GET (document) file:///C:/Users/franc/AppData/Local/Temp/jsreport/autocleanup/5ab5924d-e854-4890-a3e8-63d647b96cb5-chrome-pdf.html","meta":{"rootId":"qnce16svl9ub3qp","id":"qnce16svl9ub3qp"},"id":"g98fkxx5zzug7p4","previousOperationId":"05624v864uvfwi7"}
{"type":"log","timestamp":1706084626545,"level":"debug","message":"Page request: GET (stylesheet) https://cdnjs.cloudflare.com/ajax/libs/metro/4.1.5/css/metro.min.css","meta":{"rootId":"qnce16svl9ub3qp","id":"qnce16svl9ub3qp"},"id":"kdr8214vk97enhy","previousOperationId":"05624v864uvfwi7"}
{"type":"log","timestamp":1706084626546,"level":"debug","message":"Page request: GET (script) https://cdnjs.cloudflare.com/ajax/libs/Chart.js/2.7.2/Chart.min.js","meta":{"rootId":"qnce16svl9ub3qp","id":"qnce16svl9ub3qp"},"id":"7gubdk9mzbx7myc","previousOperationId":"05624v864uvfwi7"}
{"type":"log","timestamp":1706084626547,"level":"debug","message":"Page request finished: GET (document) 200 file:///C:/Users/franc/AppData/Local/Temp/jsreport/autocleanup/5ab5924d-e854-4890-a3e8-63d647b96cb5-chrome-pdf.html","meta":{"rootId":"qnce16svl9ub3qp","id":"qnce16svl9ub3qp"},"id":"qqs1b684ff86gkq","previousOperationId":"05624v864uvfwi7"}
{"type":"log","timestamp":1706084626810,"level":"debug","message":"Page request finished: GET (stylesheet) 200 https://cdnjs.cloudflare.com/ajax/libs/metro/4.1.5/css/metro.min.css","meta":{"rootId":"qnce16svl9ub3qp","id":"qnce16svl9ub3qp"},"id":"zba7wp8ozz4lxok","previousOperationId":"05624v864uvfwi7"}
{"type":"log","timestamp":1706084626811,"level":"debug","message":"Page request finished: GET (script) 200 https://cdnjs.cloudflare.com/ajax/libs/Chart.js/2.7.2/Chart.min.js","meta":{"rootId":"qnce16svl9ub3qp","id":"qnce16svl9ub3qp"},"id":"rbw92qv7x7wsl7a","previousOperationId":"05624v864uvfwi7"}
{"type":"log","timestamp":1706084626920,"level":"debug","message":"Running chrome with params {\"printBackground\":true,\"marginTop\":\"4cm\",\"marginRight\":\"1.5cm\",\"marginBottom\":\"1.5cm\",\"marginLeft\":\"1.5cm\",\"waitForJS\":false,\"timeout\":55359,\"margin\":{\"top\":\"4cm\",\"right\":\"1.5cm\",\"bottom\":\"1.5cm\",\"left\":\"1.5cm\"}}","meta":{"rootId":"qnce16svl9ub3qp","id":"qnce16svl9ub3qp"},"id":"ulzkt9yw481c4vq","previousOperationId":"05624v864uvfwi7"}
{"type":"operationEnd","operationId":"05624v864uvfwi7","timestamp":1706084627305,"id":"dyahnygx2wtk26r","previousEventId":"4yxuub665qa0d61","previousOperationId":"05624v864uvfwi7"}
{"type":"log","timestamp":1706084627306,"level":"info","message":"pdf-utils is starting pdf processing","meta":{"rootId":"qnce16svl9ub3qp","id":"qnce16svl9ub3qp"},"id":"00bykay5rtxodr9","previousOperationId":"05624v864uvfwi7"}
{"type":"operationStart","subtype":"pdfUtils","name":"pdf utils","timestamp":1706084627807,"id":"151gn2meznqgyu0","previousEventId":"dyahnygx2wtk26r","operationId":"yty8ifklpcd8636","previousOperationId":"05624v864uvfwi7"}
{"type":"log","timestamp":1706084627808,"level":"debug","message":"pdf-utils detected 1 pdf operation(s) to process","meta":{"rootId":"qnce16svl9ub3qp","id":"qnce16svl9ub3qp"},"id":"coj8vtq60cact89","previousOperationId":"yty8ifklpcd8636"}
{"type":"log","timestamp":1706084628589,"level":"debug","message":"pdf-utils running pdf operation merge","meta":{"rootId":"qnce16svl9ub3qp","id":"qnce16svl9ub3qp"},"id":"a3sqpryprosp3my","previousOperationId":"yty8ifklpcd8636"}
{"type":"operationStart","subtype":"pdfUtilsMerge","name":"pdf utils merge","previousOperationId":"yty8ifklpcd8636","timestamp":1706084628589,"id":"ewwa9hc9i99568a","previousEventId":"151gn2meznqgyu0","operationId":"fona4ycjv2989y4"}
{"type":"operationStart","subtype":"render","name":"orders-header","previousOperationId":"fona4ycjv2989y4","timestamp":1706084628593,"id":"a19z1mx0ovqudcv","previousEventId":"ewwa9hc9i99568a","operationId":"ne60hicrh5b7g50"}
{"type":"log","timestamp":1706084628593,"level":"info","message":"Starting rendering (child) request","meta":{"rootId":"qnce16svl9ub3qp","id":"rqyes9ljtb41fh5"},"id":"fgkapq5i7qckdp3","previousOperationId":"ne60hicrh5b7g50"}
{"type":"log","timestamp":1706084628593,"level":"info","message":"Rendering template { name: orders-header, recipe: chrome-pdf, engine: handlebars, preview: false }","meta":{"rootId":"qnce16svl9ub3qp","id":"rqyes9ljtb41fh5"},"id":"xv0mywt4fdynkgx","previousOperationId":"ne60hicrh5b7g50"}
{"type":"log","timestamp":1706084628628,"level":"debug","message":"Inline data specified.","meta":{"rootId":"qnce16svl9ub3qp","id":"rqyes9ljtb41fh5"},"id":"gr6nwiw1fe2l1fv","previousOperationId":"ne60hicrh5b7g50"}
{"type":"log","timestamp":1706084628667,"level":"debug","message":"Base url not specified, skipping its injection.","meta":{"rootId":"qnce16svl9ub3qp","id":"rqyes9ljtb41fh5"},"id":"1nz1w0ziwm2fo5y","previousOperationId":"ne60hicrh5b7g50"}
{"type":"operationStart","subtype":"engine","name":"handlebars","timestamp":1706084628668,"id":"4hyki6p687qwla6","previousEventId":"a19z1mx0ovqudcv","operationId":"324vybskew0m5gy","previousOperationId":"ne60hicrh5b7g50"}
{"type":"log","timestamp":1706084628668,"level":"debug","message":"Rendering engine handlebars","meta":{"rootId":"qnce16svl9ub3qp","id":"rqyes9ljtb41fh5"},"id":"ygb1tdpzhmf9x75","previousOperationId":"324vybskew0m5gy"}
{"type":"operationEnd","operationId":"324vybskew0m5gy","timestamp":1706084628785,"id":"5vr46dkzfaxgb5g","previousEventId":"4hyki6p687qwla6","previousOperationId":"324vybskew0m5gy"}
{"type":"operationStart","subtype":"recipe","name":"chrome-pdf","timestamp":1706084628785,"id":"fwjm5mtz6z6mfqk","previousEventId":"5vr46dkzfaxgb5g","operationId":"o9xqbcd6bl5zs09","previousOperationId":"324vybskew0m5gy"}
{"type":"log","timestamp":1706084628785,"level":"debug","message":"Executing recipe chrome-pdf","meta":{"rootId":"qnce16svl9ub3qp","id":"rqyes9ljtb41fh5"},"id":"bg6hms33m7xdkek","previousOperationId":"o9xqbcd6bl5zs09"}
{"type":"log","timestamp":1706084628789,"level":"debug","message":"Converting with chrome HeadlessChrome/117.0.5938.149 using chrome-pool strategy","meta":{"rootId":"qnce16svl9ub3qp","id":"rqyes9ljtb41fh5"},"id":"3hd959pg4kl7q98","previousOperationId":"o9xqbcd6bl5zs09"}
{"type":"log","timestamp":1706084628989,"level":"debug","message":"Page request: GET (document) file:///C:/Users/franc/AppData/Local/Temp/jsreport/autocleanup/fb0c045b-f08d-43b5-a947-3b2dd6ac2cf6-chrome-pdf.html","meta":{"rootId":"qnce16svl9ub3qp","id":"rqyes9ljtb41fh5"},"id":"h2g7mjdnqmu8a72","previousOperationId":"o9xqbcd6bl5zs09"}
{"type":"log","timestamp":1706084629016,"level":"debug","message":"Page request: GET (stylesheet) https://cdnjs.cloudflare.com/ajax/libs/metro/4.1.5/css/metro.min.css","meta":{"rootId":"qnce16svl9ub3qp","id":"rqyes9ljtb41fh5"},"id":"x4sv47q9auo6mhs","previousOperationId":"o9xqbcd6bl5zs09"}
{"type":"log","timestamp":1706084629017,"level":"debug","message":"Page request finished: GET (document) 200 file:///C:/Users/franc/AppData/Local/Temp/jsreport/autocleanup/fb0c045b-f08d-43b5-a947-3b2dd6ac2cf6-chrome-pdf.html","meta":{"rootId":"qnce16svl9ub3qp","id":"rqyes9ljtb41fh5"},"id":"4hs8ibtxp95o513","previousOperationId":"o9xqbcd6bl5zs09"}
{"type":"log","timestamp":1706084629096,"level":"debug","message":"Page request finished: GET (stylesheet) 200 https://cdnjs.cloudflare.com/ajax/libs/metro/4.1.5/css/metro.min.css","meta":{"rootId":"qnce16svl9ub3qp","id":"rqyes9ljtb41fh5"},"id":"wsw3t0epj96v7dx","previousOperationId":"o9xqbcd6bl5zs09"}
{"type":"log","timestamp":1706084629142,"level":"debug","message":"Running chrome with params {\"printBackground\":true,\"marginTop\":\"1.5cm\",\"marginRight\":\"1.5cm\",\"marginLeft\":\"1.cm\",\"timeout\":52039,\"margin\":{\"top\":\"1.5cm\",\"right\":\"1.5cm\",\"left\":\"1.cm\"}}","meta":{"rootId":"qnce16svl9ub3qp","id":"rqyes9ljtb41fh5"},"id":"fm2kyp1l92u1m9s","previousOperationId":"o9xqbcd6bl5zs09"}
{"type":"operationEnd","operationId":"o9xqbcd6bl5zs09","timestamp":1706084629214,"id":"ry6hbjxn42p7k5y","previousEventId":"fwjm5mtz6z6mfqk","previousOperationId":"o9xqbcd6bl5zs09"}
{"type":"log","timestamp":1706084629215,"level":"debug","message":"Skipping storing report.","meta":{"rootId":"qnce16svl9ub3qp","id":"rqyes9ljtb41fh5"},"id":"6aacdep80xrsma3","previousOperationId":"o9xqbcd6bl5zs09"}
{"type":"log","timestamp":1706084629215,"level":"info","message":"Rendering (child) request finished in 8388 ms","meta":{"rootId":"qnce16svl9ub3qp","id":"rqyes9ljtb41fh5"},"id":"jljljf51993oxeh","previousOperationId":"o9xqbcd6bl5zs09"}
{"type":"operationEnd","subtype":"render","operationId":"ne60hicrh5b7g50","timestamp":1706084629215,"id":"615939h3rc2afwp","previousEventId":"ry6hbjxn42p7k5y","previousOperationId":"o9xqbcd6bl5zs09"}
{"type":"operationEnd","operationId":"fona4ycjv2989y4","timestamp":1706084629330,"id":"oydff8i7pznath2","previousEventId":"ewwa9hc9i99568a","previousOperationId":"fona4ycjv2989y4"}
{"type":"log","timestamp":1706084629330,"level":"debug","message":"pdf-utils postproces start","meta":{"rootId":"qnce16svl9ub3qp","id":"qnce16svl9ub3qp"},"id":"9t9ixt1hth887g2","previousOperationId":"fona4ycjv2989y4"}
{"type":"log","timestamp":1706084629411,"level":"debug","message":"pdf-utils postproces end","meta":{"rootId":"qnce16svl9ub3qp","id":"qnce16svl9ub3qp"},"id":"g3hpk6hzghb60i6","previousOperationId":"fona4ycjv2989y4"}
{"type":"operationEnd","operationId":"yty8ifklpcd8636","timestamp":1706084629411,"id":"axjytx2bocpogrt","previousEventId":"oydff8i7pznath2","previousOperationId":"fona4ycjv2989y4"}
{"type":"log","timestamp":1706084629412,"level":"info","message":"pdf-utils pdf processing was finished","meta":{"rootId":"qnce16svl9ub3qp","id":"qnce16svl9ub3qp"},"id":"92kiveunjwcjj6t","previousOperationId":"yty8ifklpcd8636"}
{"type":"log","timestamp":1706084629412,"level":"debug","message":"Skipping storing report.","meta":{"rootId":"qnce16svl9ub3qp","id":"qnce16svl9ub3qp"},"id":"ndvwqqtcp61p6he","previousOperationId":"yty8ifklpcd8636"}
{"type":"log","timestamp":1706084629412,"level":"info","message":"Rendering request 82 finished in 8585 ms","meta":{"rootId":"qnce16svl9ub3qp","id":"qnce16svl9ub3qp"},"id":"nw1gtmodzw38z8j","previousOperationId":"yty8ifklpcd8636"}
{"type":"operationEnd","subtype":"render","operationId":"zfsnfozwglmbvl2","timestamp":1706084629412,"id":"s4tnwfewv1l3y8k","previousEventId":"axjytx2bocpogrt","previousOperationId":"yty8ifklpcd8636"}
{"type":"operationEnd","doDiffs":false,"previousEventId":"uqi67f3h6kkichy","previousOperationId":"1n6poa8ulpwh443","operationId":"1n6poa8ulpwh443","timestamp":1706084629424,"id":"4hbob16qt6wf9hn"}
