{"type":"operationStart","subtype":"profile","data":{"_id":"Uin8oacMNijtLzIC","timestamp":"2024-01-22T09:47:30.699Z","state":"queued","mode":"standard","creationDate":"2024-01-22T09:47:30.703Z","modificationDate":"2024-01-22T09:47:30.703Z","shortid":"FNB5MiN","$entitySet":"profiles"},"doDiffs":false,"timestamp":1705916850701,"id":"nz1ha4248kzmcco","previousOperationId":null,"operationId":"9lfpea7e3l3jqd4"}
{"type":"log","level":"info","message":"Render request 14 queued for execution and waiting for available worker","previousOperationId":"9lfpea7e3l3jqd4","timestamp":1705916850701,"id":"z3aj4jnpk7o1cud"}
{"type":"operationStart","subtype":"render","name":"orders-main","previousOperationId":"9lfpea7e3l3jqd4","timestamp":1705916850724,"id":"ytqbbtg8qo47638","previousEventId":"nz1ha4248kzmcco","operationId":"g3fej8oeq9jcorp"}
{"type":"log","timestamp":1705916850724,"level":"info","message":"Starting rendering request 14","meta":{"rootId":"qu5o1x60bfszehb","id":"qu5o1x60bfszehb"},"id":"24b55eyr6vnsm65","previousOperationId":"g3fej8oeq9jcorp"}
{"type":"log","timestamp":1705916850725,"level":"info","message":"Rendering template { name: orders-main, recipe: chrome-pdf, engine: handlebars, preview: true }","meta":{"rootId":"qu5o1x60bfszehb","id":"qu5o1x60bfszehb"},"id":"oe0efj9umld3r3b","previousOperationId":"g3fej8oeq9jcorp"}
{"type":"log","timestamp":1705916850730,"level":"debug","message":"Data item not defined for this template.","meta":{"rootId":"qu5o1x60bfszehb","id":"qu5o1x60bfszehb"},"id":"49ztnip947i9u2h","previousOperationId":"g3fej8oeq9jcorp"}
{"type":"log","timestamp":1705916850739,"level":"debug","message":"Executing script orders-script (beforeRender)","meta":{"rootId":"qu5o1x60bfszehb","id":"qu5o1x60bfszehb"},"id":"roapwbs9mxifiii","previousOperationId":"g3fej8oeq9jcorp"}
{"type":"operationStart","subtype":"scriptsBeforeRender","name":"scripts beforeRender","timestamp":1705916850775,"id":"smzdfzyursm3psx","previousEventId":"ytqbbtg8qo47638","operationId":"fdnbrz5kf123hpo","previousOperationId":"g3fej8oeq9jcorp"}
{"type":"operationStart","subtype":"script","name":"scripts orders-script","previousOperationId":"fdnbrz5kf123hpo","timestamp":1705916850776,"id":"7jpgg4osmr1wmii","previousEventId":"smzdfzyursm3psx","operationId":"hq4nht4mjpjcscx"}
{"type":"operationEnd","operationId":"hq4nht4mjpjcscx","timestamp":1705916852254,"id":"rninjab8wrqp1qn","previousEventId":"ytqbbtg8qo47638","previousOperationId":"g3fej8oeq9jcorp"}
{"type":"operationEnd","operationId":"fdnbrz5kf123hpo","timestamp":1705916852254,"id":"naf6hyt8ywostjc","previousEventId":"rninjab8wrqp1qn","previousOperationId":"g3fej8oeq9jcorp"}
{"type":"log","timestamp":1705916852254,"level":"debug","message":"Base url not specified, skipping its injection.","meta":{"rootId":"qu5o1x60bfszehb","id":"qu5o1x60bfszehb"},"id":"fsh8buh5n3a4n8e","previousOperationId":"fdnbrz5kf123hpo"}
{"type":"operationStart","subtype":"engine","name":"handlebars","timestamp":1705916852254,"id":"upka1jo0xt750zz","previousEventId":"naf6hyt8ywostjc","operationId":"7nslldr915bgstm","previousOperationId":"fdnbrz5kf123hpo"}
{"type":"log","timestamp":1705916852254,"level":"debug","message":"Rendering engine handlebars","meta":{"rootId":"qu5o1x60bfszehb","id":"qu5o1x60bfszehb"},"id":"nif8cjd7g3mfwzc","previousOperationId":"7nslldr915bgstm"}
{"type":"log","timestamp":1705916852269,"level":"debug","message":"(console:log) Pdf utils adding group field, value: \"France\"","meta":{"userLevel":true,"rootId":"qu5o1x60bfszehb","id":"qu5o1x60bfszehb"},"id":"pfm92botdylplvy","previousOperationId":"7nslldr915bgstm"}
{"type":"log","timestamp":1705916852270,"level":"debug","message":"(console:log) Pdf utils adding group field, value: \"Germany\"","meta":{"userLevel":true,"rootId":"qu5o1x60bfszehb","id":"qu5o1x60bfszehb"},"id":"stz7dprkb1xdbe9","previousOperationId":"7nslldr915bgstm"}
{"type":"operationEnd","operationId":"7nslldr915bgstm","timestamp":1705916852270,"id":"9dvdjh3tfu8g1ev","previousEventId":"upka1jo0xt750zz","previousOperationId":"7nslldr915bgstm"}
{"type":"operationStart","subtype":"recipe","name":"chrome-pdf","timestamp":1705916852271,"id":"m95jgcvccom6yp2","previousEventId":"9dvdjh3tfu8g1ev","operationId":"qplphs8fhy3rwgr","previousOperationId":"7nslldr915bgstm"}
{"type":"log","timestamp":1705916852271,"level":"debug","message":"Executing recipe chrome-pdf","meta":{"rootId":"qu5o1x60bfszehb","id":"qu5o1x60bfszehb"},"id":"4wi6becq0kt3d5b","previousOperationId":"qplphs8fhy3rwgr"}
{"type":"log","timestamp":1705916852274,"level":"debug","message":"Converting with chrome HeadlessChrome/117.0.5938.149 using chrome-pool strategy","meta":{"rootId":"qu5o1x60bfszehb","id":"qu5o1x60bfszehb"},"id":"vrgdyrnwhqkcttn","previousOperationId":"qplphs8fhy3rwgr"}
{"type":"log","timestamp":1705916852380,"level":"debug","message":"Page request: GET (document) file:///C:/Users/franc/AppData/Local/Temp/jsreport/autocleanup/30f32791-0e96-437f-9ffd-c16000473cc7-chrome-pdf.html","meta":{"rootId":"qu5o1x60bfszehb","id":"qu5o1x60bfszehb"},"id":"iq1rrfg9rkyypp9","previousOperationId":"qplphs8fhy3rwgr"}
{"type":"log","timestamp":1705916852429,"level":"debug","message":"Page request: GET (stylesheet) https://cdnjs.cloudflare.com/ajax/libs/metro/4.1.5/css/metro.min.css","meta":{"rootId":"qu5o1x60bfszehb","id":"qu5o1x60bfszehb"},"id":"shz0vmrr6mlmy7o","previousOperationId":"qplphs8fhy3rwgr"}
{"type":"log","timestamp":1705916852429,"level":"debug","message":"Page request: GET (script) https://cdnjs.cloudflare.com/ajax/libs/Chart.js/2.7.2/Chart.min.js","meta":{"rootId":"qu5o1x60bfszehb","id":"qu5o1x60bfszehb"},"id":"2uz9axkyj6iawkp","previousOperationId":"qplphs8fhy3rwgr"}
{"type":"log","timestamp":1705916852430,"level":"debug","message":"Page request finished: GET (document) 200 file:///C:/Users/franc/AppData/Local/Temp/jsreport/autocleanup/30f32791-0e96-437f-9ffd-c16000473cc7-chrome-pdf.html","meta":{"rootId":"qu5o1x60bfszehb","id":"qu5o1x60bfszehb"},"id":"i7akh0y4ykyy1w3","previousOperationId":"qplphs8fhy3rwgr"}
{"type":"log","timestamp":1705916855103,"level":"debug","message":"Page request finished: GET (script) 200 https://cdnjs.cloudflare.com/ajax/libs/Chart.js/2.7.2/Chart.min.js","meta":{"rootId":"qu5o1x60bfszehb","id":"qu5o1x60bfszehb"},"id":"2nkzweol0fv94wy","previousOperationId":"qplphs8fhy3rwgr"}
{"type":"log","timestamp":1705916855198,"level":"debug","message":"Page request finished: GET (stylesheet) 200 https://cdnjs.cloudflare.com/ajax/libs/metro/4.1.5/css/metro.min.css","meta":{"rootId":"qu5o1x60bfszehb","id":"qu5o1x60bfszehb"},"id":"u18q78wzd1442bo","previousOperationId":"qplphs8fhy3rwgr"}
{"type":"log","timestamp":1705916855319,"level":"debug","message":"Running chrome with params {\"printBackground\":true,\"marginTop\":\"4cm\",\"marginRight\":\"1.5cm\",\"marginBottom\":\"1.5cm\",\"marginLeft\":\"1.5cm\",\"waitForJS\":false,\"timeout\":58426,\"margin\":{\"top\":\"4cm\",\"right\":\"1.5cm\",\"bottom\":\"1.5cm\",\"left\":\"1.5cm\"}}","meta":{"rootId":"qu5o1x60bfszehb","id":"qu5o1x60bfszehb"},"id":"bn0rz25oc12za2e","previousOperationId":"qplphs8fhy3rwgr"}
{"type":"operationEnd","operationId":"qplphs8fhy3rwgr","timestamp":1705916855501,"id":"37xy2twhmrlqw9b","previousEventId":"m95jgcvccom6yp2","previousOperationId":"qplphs8fhy3rwgr"}
{"type":"log","timestamp":1705916855502,"level":"info","message":"pdf-utils is starting pdf processing","meta":{"rootId":"qu5o1x60bfszehb","id":"qu5o1x60bfszehb"},"id":"m21hoidl4fqld7u","previousOperationId":"qplphs8fhy3rwgr"}
{"type":"operationStart","subtype":"pdfUtils","name":"pdf utils","timestamp":1705916855735,"id":"xut8d4w0xunuxpx","previousEventId":"37xy2twhmrlqw9b","operationId":"9md6tfgfcup25da","previousOperationId":"qplphs8fhy3rwgr"}
{"type":"log","timestamp":1705916855735,"level":"debug","message":"pdf-utils detected 1 pdf operation(s) to process","meta":{"rootId":"qu5o1x60bfszehb","id":"qu5o1x60bfszehb"},"id":"w9n61m5r7gtg9ij","previousOperationId":"9md6tfgfcup25da"}
{"type":"log","timestamp":1705916855986,"level":"debug","message":"pdf-utils running pdf operation merge","meta":{"rootId":"qu5o1x60bfszehb","id":"qu5o1x60bfszehb"},"id":"n4k2o7l585z8q55","previousOperationId":"9md6tfgfcup25da"}
{"type":"operationStart","subtype":"pdfUtilsMerge","name":"pdf utils merge","previousOperationId":"9md6tfgfcup25da","timestamp":1705916855986,"id":"gbqq0z175ijqw9l","previousEventId":"xut8d4w0xunuxpx","operationId":"lsjsy0y1nhsaa4o"}
{"type":"operationStart","subtype":"render","name":"orders-header","previousOperationId":"lsjsy0y1nhsaa4o","timestamp":1705916855988,"id":"yk7s2o4x6p5dwq7","previousEventId":"gbqq0z175ijqw9l","operationId":"2jkh9sohetp1qbx"}
{"type":"log","timestamp":1705916855988,"level":"info","message":"Starting rendering (child) request","meta":{"rootId":"qu5o1x60bfszehb","id":"8jbzyozp8l9nojo"},"id":"awk52h7om1o49r8","previousOperationId":"2jkh9sohetp1qbx"}
{"type":"log","timestamp":1705916855988,"level":"info","message":"Rendering template { name: orders-header, recipe: chrome-pdf, engine: handlebars, preview: true }","meta":{"rootId":"qu5o1x60bfszehb","id":"8jbzyozp8l9nojo"},"id":"4xg5lpywgln22sq","previousOperationId":"2jkh9sohetp1qbx"}
{"type":"log","timestamp":1705916855995,"level":"debug","message":"Inline data specified.","meta":{"rootId":"qu5o1x60bfszehb","id":"8jbzyozp8l9nojo"},"id":"89052etg3sljt6i","previousOperationId":"2jkh9sohetp1qbx"}
{"type":"log","timestamp":1705916855999,"level":"debug","message":"Base url not specified, skipping its injection.","meta":{"rootId":"qu5o1x60bfszehb","id":"8jbzyozp8l9nojo"},"id":"rzg896iy37gzfep","previousOperationId":"2jkh9sohetp1qbx"}
{"type":"operationStart","subtype":"engine","name":"handlebars","timestamp":1705916855999,"id":"6vrwz1v1aggvs51","previousEventId":"yk7s2o4x6p5dwq7","operationId":"d42p9kjjuuev227","previousOperationId":"2jkh9sohetp1qbx"}
{"type":"log","timestamp":1705916855999,"level":"debug","message":"Rendering engine handlebars","meta":{"rootId":"qu5o1x60bfszehb","id":"8jbzyozp8l9nojo"},"id":"uxjhxdx7aq2or10","previousOperationId":"d42p9kjjuuev227"}
{"type":"operationEnd","operationId":"d42p9kjjuuev227","timestamp":1705916856022,"id":"jrecrkgenl0e6in","previousEventId":"6vrwz1v1aggvs51","previousOperationId":"d42p9kjjuuev227"}
{"type":"operationStart","subtype":"recipe","name":"chrome-pdf","timestamp":1705916856022,"id":"w78qrp61u6vha13","previousEventId":"jrecrkgenl0e6in","operationId":"lzxo5rnrfysre2j","previousOperationId":"d42p9kjjuuev227"}
{"type":"log","timestamp":1705916856022,"level":"debug","message":"Executing recipe chrome-pdf","meta":{"rootId":"qu5o1x60bfszehb","id":"8jbzyozp8l9nojo"},"id":"4zpt8prez4am3h0","previousOperationId":"lzxo5rnrfysre2j"}
{"type":"log","timestamp":1705916856025,"level":"debug","message":"Converting with chrome HeadlessChrome/117.0.5938.149 using chrome-pool strategy","meta":{"rootId":"qu5o1x60bfszehb","id":"8jbzyozp8l9nojo"},"id":"a5z1pn64dbfn2r1","previousOperationId":"lzxo5rnrfysre2j"}
{"type":"log","timestamp":1705916856139,"level":"debug","message":"Page request: GET (document) file:///C:/Users/franc/AppData/Local/Temp/jsreport/autocleanup/2fc45ee1-3f33-44ca-9270-b40e79515d4f-chrome-pdf.html","meta":{"rootId":"qu5o1x60bfszehb","id":"8jbzyozp8l9nojo"},"id":"xy9qxwrhmfpkifo","previousOperationId":"lzxo5rnrfysre2j"}
{"type":"log","timestamp":1705916856149,"level":"debug","message":"Page request: GET (stylesheet) https://cdnjs.cloudflare.com/ajax/libs/metro/4.1.5/css/metro.min.css","meta":{"rootId":"qu5o1x60bfszehb","id":"8jbzyozp8l9nojo"},"id":"uzwv96rwt0awg2t","previousOperationId":"lzxo5rnrfysre2j"}
{"type":"log","timestamp":1705916856149,"level":"debug","message":"Page request finished: GET (document) 200 file:///C:/Users/franc/AppData/Local/Temp/jsreport/autocleanup/2fc45ee1-3f33-44ca-9270-b40e79515d4f-chrome-pdf.html","meta":{"rootId":"qu5o1x60bfszehb","id":"8jbzyozp8l9nojo"},"id":"fjl6iuatev3vs04","previousOperationId":"lzxo5rnrfysre2j"}
{"type":"log","timestamp":1705916856166,"level":"debug","message":"Page request finished: GET (stylesheet) 200 https://cdnjs.cloudflare.com/ajax/libs/metro/4.1.5/css/metro.min.css","meta":{"rootId":"qu5o1x60bfszehb","id":"8jbzyozp8l9nojo"},"id":"gt4tq8hau4j1btp","previousOperationId":"lzxo5rnrfysre2j"}
{"type":"log","timestamp":1705916856192,"level":"debug","message":"Running chrome with params {\"printBackground\":true,\"marginTop\":\"1.5cm\",\"marginRight\":\"1.5cm\",\"marginLeft\":\"1.cm\",\"timeout\":54675,\"margin\":{\"top\":\"1.5cm\",\"right\":\"1.5cm\",\"left\":\"1.cm\"}}","meta":{"rootId":"qu5o1x60bfszehb","id":"8jbzyozp8l9nojo"},"id":"vmnr0egnt8j5xwy","previousOperationId":"lzxo5rnrfysre2j"}
{"type":"operationEnd","operationId":"lzxo5rnrfysre2j","timestamp":1705916856245,"id":"bc5obl8hmn6nzy5","previousEventId":"w78qrp61u6vha13","previousOperationId":"lzxo5rnrfysre2j"}
{"type":"log","timestamp":1705916856245,"level":"debug","message":"Skipping storing report.","meta":{"rootId":"qu5o1x60bfszehb","id":"8jbzyozp8l9nojo"},"id":"hehfpvu4u2011b8","previousOperationId":"lzxo5rnrfysre2j"}
{"type":"log","timestamp":1705916856245,"level":"info","message":"Rendering (child) request finished in 5546 ms","meta":{"rootId":"qu5o1x60bfszehb","id":"8jbzyozp8l9nojo"},"id":"tkw3bzpxpxfme3s","previousOperationId":"lzxo5rnrfysre2j"}
{"type":"operationEnd","subtype":"render","operationId":"2jkh9sohetp1qbx","timestamp":1705916856245,"id":"7m6x4e9zm6u3z3o","previousEventId":"bc5obl8hmn6nzy5","previousOperationId":"lzxo5rnrfysre2j"}
{"type":"operationEnd","operationId":"lsjsy0y1nhsaa4o","timestamp":1705916856271,"id":"vdhv82fogygv3ku","previousEventId":"gbqq0z175ijqw9l","previousOperationId":"lsjsy0y1nhsaa4o"}
{"type":"log","timestamp":1705916856271,"level":"debug","message":"pdf-utils postproces start","meta":{"rootId":"qu5o1x60bfszehb","id":"qu5o1x60bfszehb"},"id":"bu1b1hur70sfil3","previousOperationId":"lsjsy0y1nhsaa4o"}
{"type":"log","timestamp":1705916856298,"level":"debug","message":"pdf-utils postproces end","meta":{"rootId":"qu5o1x60bfszehb","id":"qu5o1x60bfszehb"},"id":"4r1vy62wixgrjre","previousOperationId":"lsjsy0y1nhsaa4o"}
{"type":"operationEnd","operationId":"9md6tfgfcup25da","timestamp":1705916856299,"id":"gjappkrj407txqv","previousEventId":"vdhv82fogygv3ku","previousOperationId":"lsjsy0y1nhsaa4o"}
{"type":"log","timestamp":1705916856299,"level":"info","message":"pdf-utils pdf processing was finished","meta":{"rootId":"qu5o1x60bfszehb","id":"qu5o1x60bfszehb"},"id":"ftii1azfb4c32s6","previousOperationId":"9md6tfgfcup25da"}
{"type":"log","timestamp":1705916856299,"level":"debug","message":"Skipping storing report.","meta":{"rootId":"qu5o1x60bfszehb","id":"qu5o1x60bfszehb"},"id":"h80svo1bocu0vop","previousOperationId":"9md6tfgfcup25da"}
{"type":"log","timestamp":1705916856299,"level":"info","message":"Rendering request 14 finished in 5600 ms","meta":{"rootId":"qu5o1x60bfszehb","id":"qu5o1x60bfszehb"},"id":"63xtknsxxo74xzn","previousOperationId":"9md6tfgfcup25da"}
{"type":"operationEnd","subtype":"render","operationId":"g3fej8oeq9jcorp","timestamp":1705916856299,"id":"5uguqhkcdp4mgbd","previousEventId":"gjappkrj407txqv","previousOperationId":"9md6tfgfcup25da"}
{"type":"operationEnd","doDiffs":false,"previousEventId":"nz1ha4248kzmcco","previousOperationId":"9lfpea7e3l3jqd4","operationId":"9lfpea7e3l3jqd4","timestamp":1705916856312,"id":"fescd0lqo1kpiw0"}
