{"type":"operationStart","subtype":"profile","data":{"_id":"qnHZXfAMBkaLOWDQ","timestamp":"2024-01-22T09:32:03.489Z","state":"queued","mode":"standard","creationDate":"2024-01-22T09:32:03.492Z","modificationDate":"2024-01-22T09:32:03.492Z","shortid":"7TUY59J","$entitySet":"profiles"},"doDiffs":false,"timestamp":1705915923490,"id":"fknclf79coejud4","previousOperationId":null,"operationId":"b6og12y37k7y5fr"}
{"type":"log","level":"info","message":"Render request 7 queued for execution and waiting for available worker","previousOperationId":"b6og12y37k7y5fr","timestamp":1705915923490,"id":"o524krmtt5mx054"}
{"type":"operationStart","subtype":"render","name":"orders-main","previousOperationId":"b6og12y37k7y5fr","timestamp":1705915923512,"id":"3t5bz7c0czzrjxr","previousEventId":"fknclf79coejud4","operationId":"vaa863glziyf0zp"}
{"type":"log","timestamp":1705915923512,"level":"info","message":"Starting rendering request 7","meta":{"rootId":"sezx8xiztjxxvwj","id":"sezx8xiztjxxvwj"},"id":"m6c7ayqqbyqi1qi","previousOperationId":"vaa863glziyf0zp"}
{"type":"log","timestamp":1705915923513,"level":"info","message":"Rendering template { name: orders-main, recipe: chrome-pdf, engine: handlebars, preview: true }","meta":{"rootId":"sezx8xiztjxxvwj","id":"sezx8xiztjxxvwj"},"id":"whf8pugrsal3i2u","previousOperationId":"vaa863glziyf0zp"}
{"type":"log","timestamp":1705915923515,"level":"debug","message":"Data item not defined for this template.","meta":{"rootId":"sezx8xiztjxxvwj","id":"sezx8xiztjxxvwj"},"id":"ivwp5dt664juviy","previousOperationId":"vaa863glziyf0zp"}
{"type":"log","timestamp":1705915923524,"level":"debug","message":"Executing script orders-script (beforeRender)","meta":{"rootId":"sezx8xiztjxxvwj","id":"sezx8xiztjxxvwj"},"id":"uycvfuit1k2ox9o","previousOperationId":"vaa863glziyf0zp"}
{"type":"operationStart","subtype":"scriptsBeforeRender","name":"scripts beforeRender","timestamp":1705915923560,"id":"yms2i9zd9wgsp0m","previousEventId":"3t5bz7c0czzrjxr","operationId":"c4wo78oeytb48ig","previousOperationId":"vaa863glziyf0zp"}
{"type":"operationStart","subtype":"script","name":"scripts orders-script","previousOperationId":"c4wo78oeytb48ig","timestamp":1705915923560,"id":"y31t91imv5es0h7","previousEventId":"yms2i9zd9wgsp0m","operationId":"frmjyn6civ32eq8"}
{"type":"operationEnd","operationId":"frmjyn6civ32eq8","timestamp":1705915925366,"id":"d5kf5ec6nqwmhp7","previousEventId":"3t5bz7c0czzrjxr","previousOperationId":"vaa863glziyf0zp"}
{"type":"operationEnd","operationId":"c4wo78oeytb48ig","timestamp":1705915925366,"id":"heik4vpnuy9rmzw","previousEventId":"d5kf5ec6nqwmhp7","previousOperationId":"vaa863glziyf0zp"}
{"type":"log","timestamp":1705915925366,"level":"debug","message":"Base url not specified, skipping its injection.","meta":{"rootId":"sezx8xiztjxxvwj","id":"sezx8xiztjxxvwj"},"id":"rkey7g3tthub97q","previousOperationId":"c4wo78oeytb48ig"}
{"type":"operationStart","subtype":"engine","name":"handlebars","timestamp":1705915925366,"id":"q7l3o60nrq0thpa","previousEventId":"heik4vpnuy9rmzw","operationId":"0yaufi0x8ehi4wb","previousOperationId":"c4wo78oeytb48ig"}
{"type":"log","timestamp":1705915925366,"level":"debug","message":"Rendering engine handlebars","meta":{"rootId":"sezx8xiztjxxvwj","id":"sezx8xiztjxxvwj"},"id":"av1jxfi0tdefqpz","previousOperationId":"0yaufi0x8ehi4wb"}
{"type":"log","timestamp":1705915925385,"level":"debug","message":"(console:log) Pdf utils adding group field, value: \"France\"","meta":{"userLevel":true,"rootId":"sezx8xiztjxxvwj","id":"sezx8xiztjxxvwj"},"id":"vvym9gb0imje79i","previousOperationId":"0yaufi0x8ehi4wb"}
{"type":"log","timestamp":1705915925386,"level":"debug","message":"(console:log) Pdf utils adding group field, value: \"Germany\"","meta":{"userLevel":true,"rootId":"sezx8xiztjxxvwj","id":"sezx8xiztjxxvwj"},"id":"2rguxkrmeqrspuw","previousOperationId":"0yaufi0x8ehi4wb"}
{"type":"operationEnd","operationId":"0yaufi0x8ehi4wb","timestamp":1705915925386,"id":"c6fpi1vrabag65k","previousEventId":"q7l3o60nrq0thpa","previousOperationId":"0yaufi0x8ehi4wb"}
{"type":"operationStart","subtype":"recipe","name":"chrome-pdf","timestamp":1705915925387,"id":"o071ppz6dcfwr16","previousEventId":"c6fpi1vrabag65k","operationId":"xu7f0u18p1fyr86","previousOperationId":"0yaufi0x8ehi4wb"}
{"type":"log","timestamp":1705915925387,"level":"debug","message":"Executing recipe chrome-pdf","meta":{"rootId":"sezx8xiztjxxvwj","id":"sezx8xiztjxxvwj"},"id":"mywoy6o3uqgl44t","previousOperationId":"xu7f0u18p1fyr86"}
{"type":"log","timestamp":1705915925390,"level":"debug","message":"Converting with chrome HeadlessChrome/117.0.5938.149 using chrome-pool strategy","meta":{"rootId":"sezx8xiztjxxvwj","id":"sezx8xiztjxxvwj"},"id":"vni4etzkdlmrujb","previousOperationId":"xu7f0u18p1fyr86"}
{"type":"log","timestamp":1705915925612,"level":"debug","message":"Page request: GET (document) file:///C:/Users/franc/AppData/Local/Temp/jsreport/autocleanup/2deac038-6fb4-4fae-9441-898c2e50c05e-chrome-pdf.html","meta":{"rootId":"sezx8xiztjxxvwj","id":"sezx8xiztjxxvwj"},"id":"t9tkg3nje2s8kpz","previousOperationId":"xu7f0u18p1fyr86"}
{"type":"log","timestamp":1705915925705,"level":"debug","message":"Page request: GET (stylesheet) https://cdnjs.cloudflare.com/ajax/libs/metro/4.1.5/css/metro.min.css","meta":{"rootId":"sezx8xiztjxxvwj","id":"sezx8xiztjxxvwj"},"id":"cwpqgskz3uoh27m","previousOperationId":"xu7f0u18p1fyr86"}
{"type":"log","timestamp":1705915925705,"level":"debug","message":"Page request: GET (script) https://cdnjs.cloudflare.com/ajax/libs/Chart.js/2.7.2/Chart.min.js","meta":{"rootId":"sezx8xiztjxxvwj","id":"sezx8xiztjxxvwj"},"id":"g77lbwor33ohq96","previousOperationId":"xu7f0u18p1fyr86"}
{"type":"log","timestamp":1705915925706,"level":"debug","message":"Page request finished: GET (document) 200 file:///C:/Users/franc/AppData/Local/Temp/jsreport/autocleanup/2deac038-6fb4-4fae-9441-898c2e50c05e-chrome-pdf.html","meta":{"rootId":"sezx8xiztjxxvwj","id":"sezx8xiztjxxvwj"},"id":"fp87fq12xvzbe7m","previousOperationId":"xu7f0u18p1fyr86"}
{"type":"log","timestamp":1705915928211,"level":"debug","message":"Page request finished: GET (script) 200 https://cdnjs.cloudflare.com/ajax/libs/Chart.js/2.7.2/Chart.min.js","meta":{"rootId":"sezx8xiztjxxvwj","id":"sezx8xiztjxxvwj"},"id":"m15w8dg3nf00i81","previousOperationId":"xu7f0u18p1fyr86"}
{"type":"log","timestamp":1705915928309,"level":"debug","message":"Page request finished: GET (stylesheet) 200 https://cdnjs.cloudflare.com/ajax/libs/metro/4.1.5/css/metro.min.css","meta":{"rootId":"sezx8xiztjxxvwj","id":"sezx8xiztjxxvwj"},"id":"hsv9iypmcvudxag","previousOperationId":"xu7f0u18p1fyr86"}
{"type":"log","timestamp":1705915928408,"level":"debug","message":"Running chrome with params {\"printBackground\":true,\"marginTop\":\"4cm\",\"marginRight\":\"1.5cm\",\"marginBottom\":\"1.5cm\",\"marginLeft\":\"1.5cm\",\"waitForJS\":false,\"timeout\":58099,\"margin\":{\"top\":\"4cm\",\"right\":\"1.5cm\",\"bottom\":\"1.5cm\",\"left\":\"1.5cm\"}}","meta":{"rootId":"sezx8xiztjxxvwj","id":"sezx8xiztjxxvwj"},"id":"h6ol9973p9x97jh","previousOperationId":"xu7f0u18p1fyr86"}
{"type":"operationEnd","operationId":"xu7f0u18p1fyr86","timestamp":1705915928589,"id":"z1gz3k5toadw1dk","previousEventId":"o071ppz6dcfwr16","previousOperationId":"xu7f0u18p1fyr86"}
{"type":"log","timestamp":1705915928589,"level":"info","message":"pdf-utils is starting pdf processing","meta":{"rootId":"sezx8xiztjxxvwj","id":"sezx8xiztjxxvwj"},"id":"h802i5ogmkfupp9","previousOperationId":"xu7f0u18p1fyr86"}
{"type":"operationStart","subtype":"pdfUtils","name":"pdf utils","timestamp":1705915928933,"id":"sa5vtux4zq8c1dt","previousEventId":"z1gz3k5toadw1dk","operationId":"6no0gbdp7jyiyv5","previousOperationId":"xu7f0u18p1fyr86"}
{"type":"log","timestamp":1705915928933,"level":"debug","message":"pdf-utils detected 1 pdf operation(s) to process","meta":{"rootId":"sezx8xiztjxxvwj","id":"sezx8xiztjxxvwj"},"id":"x1b5g281lsuigef","previousOperationId":"6no0gbdp7jyiyv5"}
{"type":"log","timestamp":1705915929238,"level":"debug","message":"pdf-utils running pdf operation merge","meta":{"rootId":"sezx8xiztjxxvwj","id":"sezx8xiztjxxvwj"},"id":"8qfdx22fpnabaox","previousOperationId":"6no0gbdp7jyiyv5"}
{"type":"operationStart","subtype":"pdfUtilsMerge","name":"pdf utils merge","previousOperationId":"6no0gbdp7jyiyv5","timestamp":1705915929238,"id":"bhfts9d3sl89qc4","previousEventId":"sa5vtux4zq8c1dt","operationId":"sa8zo6lfgg08cdt"}
{"type":"operationStart","subtype":"render","name":"orders-header","previousOperationId":"sa8zo6lfgg08cdt","timestamp":1705915929239,"id":"zhk0c1s179d56l7","previousEventId":"bhfts9d3sl89qc4","operationId":"8bu1jrukqq2hl1c"}
{"type":"log","timestamp":1705915929240,"level":"info","message":"Starting rendering (child) request","meta":{"rootId":"sezx8xiztjxxvwj","id":"jh5yn9f02tiwkay"},"id":"1cx5lbokw0nkisf","previousOperationId":"8bu1jrukqq2hl1c"}
{"type":"log","timestamp":1705915929240,"level":"info","message":"Rendering template { name: orders-header, recipe: chrome-pdf, engine: handlebars, preview: true }","meta":{"rootId":"sezx8xiztjxxvwj","id":"jh5yn9f02tiwkay"},"id":"zu4k8mip9kkr118","previousOperationId":"8bu1jrukqq2hl1c"}
{"type":"log","timestamp":1705915929248,"level":"debug","message":"Inline data specified.","meta":{"rootId":"sezx8xiztjxxvwj","id":"jh5yn9f02tiwkay"},"id":"hl6c3hb01kg1yt4","previousOperationId":"8bu1jrukqq2hl1c"}
{"type":"log","timestamp":1705915929255,"level":"debug","message":"Base url not specified, skipping its injection.","meta":{"rootId":"sezx8xiztjxxvwj","id":"jh5yn9f02tiwkay"},"id":"xhr8vnlgprneg23","previousOperationId":"8bu1jrukqq2hl1c"}
{"type":"operationStart","subtype":"engine","name":"handlebars","timestamp":1705915929256,"id":"g3g60iuaxx7sbcn","previousEventId":"zhk0c1s179d56l7","operationId":"a1myv6nly8dp5mf","previousOperationId":"8bu1jrukqq2hl1c"}
{"type":"log","timestamp":1705915929256,"level":"debug","message":"Rendering engine handlebars","meta":{"rootId":"sezx8xiztjxxvwj","id":"jh5yn9f02tiwkay"},"id":"sxhlf90rnds1gty","previousOperationId":"a1myv6nly8dp5mf"}
{"type":"operationEnd","operationId":"a1myv6nly8dp5mf","timestamp":1705915929291,"id":"de9d1fwbrwoibro","previousEventId":"g3g60iuaxx7sbcn","previousOperationId":"a1myv6nly8dp5mf"}
{"type":"operationStart","subtype":"recipe","name":"chrome-pdf","timestamp":1705915929292,"id":"njtwlvj1p085upx","previousEventId":"de9d1fwbrwoibro","operationId":"mc2cper6sdk8e36","previousOperationId":"a1myv6nly8dp5mf"}
{"type":"log","timestamp":1705915929292,"level":"debug","message":"Executing recipe chrome-pdf","meta":{"rootId":"sezx8xiztjxxvwj","id":"jh5yn9f02tiwkay"},"id":"3re6r05d0gdzba6","previousOperationId":"mc2cper6sdk8e36"}
{"type":"log","timestamp":1705915929296,"level":"debug","message":"Converting with chrome HeadlessChrome/117.0.5938.149 using chrome-pool strategy","meta":{"rootId":"sezx8xiztjxxvwj","id":"jh5yn9f02tiwkay"},"id":"wtj1f2vykz933cd","previousOperationId":"mc2cper6sdk8e36"}
{"type":"log","timestamp":1705915929401,"level":"debug","message":"Page request: GET (document) file:///C:/Users/franc/AppData/Local/Temp/jsreport/autocleanup/756b8568-f895-407a-98b5-9b3473f8d3be-chrome-pdf.html","meta":{"rootId":"sezx8xiztjxxvwj","id":"jh5yn9f02tiwkay"},"id":"t3s0oin86grpvvf","previousOperationId":"mc2cper6sdk8e36"}
{"type":"log","timestamp":1705915929419,"level":"debug","message":"Page request: GET (stylesheet) https://cdnjs.cloudflare.com/ajax/libs/metro/4.1.5/css/metro.min.css","meta":{"rootId":"sezx8xiztjxxvwj","id":"jh5yn9f02tiwkay"},"id":"8o7rmdkqh0pvqrk","previousOperationId":"mc2cper6sdk8e36"}
{"type":"log","timestamp":1705915929420,"level":"debug","message":"Page request finished: GET (document) 200 file:///C:/Users/franc/AppData/Local/Temp/jsreport/autocleanup/756b8568-f895-407a-98b5-9b3473f8d3be-chrome-pdf.html","meta":{"rootId":"sezx8xiztjxxvwj","id":"jh5yn9f02tiwkay"},"id":"nu3ljepnsj2gacc","previousOperationId":"mc2cper6sdk8e36"}
{"type":"log","timestamp":1705915929437,"level":"debug","message":"Page request finished: GET (stylesheet) 200 https://cdnjs.cloudflare.com/ajax/libs/metro/4.1.5/css/metro.min.css","meta":{"rootId":"sezx8xiztjxxvwj","id":"jh5yn9f02tiwkay"},"id":"n6yyhisoyhwx928","previousOperationId":"mc2cper6sdk8e36"}
{"type":"log","timestamp":1705915929460,"level":"debug","message":"Running chrome with params {\"printBackground\":true,\"marginTop\":\"1.5cm\",\"marginRight\":\"1.5cm\",\"marginLeft\":\"1.cm\",\"timeout\":54193,\"margin\":{\"top\":\"1.5cm\",\"right\":\"1.5cm\",\"left\":\"1.cm\"}}","meta":{"rootId":"sezx8xiztjxxvwj","id":"jh5yn9f02tiwkay"},"id":"uq47oc28cyp3lqy","previousOperationId":"mc2cper6sdk8e36"}
{"type":"operationEnd","operationId":"mc2cper6sdk8e36","timestamp":1705915929511,"id":"ada9aib1kr2z1be","previousEventId":"njtwlvj1p085upx","previousOperationId":"mc2cper6sdk8e36"}
{"type":"log","timestamp":1705915929511,"level":"debug","message":"Skipping storing report.","meta":{"rootId":"sezx8xiztjxxvwj","id":"jh5yn9f02tiwkay"},"id":"0poa940z3jjixnl","previousOperationId":"mc2cper6sdk8e36"}
{"type":"log","timestamp":1705915929511,"level":"info","message":"Rendering (child) request finished in 6023 ms","meta":{"rootId":"sezx8xiztjxxvwj","id":"jh5yn9f02tiwkay"},"id":"lid1175o5aoz6hc","previousOperationId":"mc2cper6sdk8e36"}
{"type":"operationEnd","subtype":"render","operationId":"8bu1jrukqq2hl1c","timestamp":1705915929512,"id":"v3srqy58kbod0ek","previousEventId":"ada9aib1kr2z1be","previousOperationId":"mc2cper6sdk8e36"}
{"type":"operationEnd","operationId":"sa8zo6lfgg08cdt","timestamp":1705915929545,"id":"btrfhk167pbm7cy","previousEventId":"bhfts9d3sl89qc4","previousOperationId":"sa8zo6lfgg08cdt"}
{"type":"log","timestamp":1705915929545,"level":"debug","message":"pdf-utils postproces start","meta":{"rootId":"sezx8xiztjxxvwj","id":"sezx8xiztjxxvwj"},"id":"n1vyikg7t1l1ece","previousOperationId":"sa8zo6lfgg08cdt"}
{"type":"log","timestamp":1705915929573,"level":"debug","message":"pdf-utils postproces end","meta":{"rootId":"sezx8xiztjxxvwj","id":"sezx8xiztjxxvwj"},"id":"sy0e6ada2ty78zn","previousOperationId":"sa8zo6lfgg08cdt"}
{"type":"operationEnd","operationId":"6no0gbdp7jyiyv5","timestamp":1705915929573,"id":"3kont23szufv11b","previousEventId":"btrfhk167pbm7cy","previousOperationId":"sa8zo6lfgg08cdt"}
{"type":"log","timestamp":1705915929573,"level":"info","message":"pdf-utils pdf processing was finished","meta":{"rootId":"sezx8xiztjxxvwj","id":"sezx8xiztjxxvwj"},"id":"6obwz33jrbja1kp","previousOperationId":"6no0gbdp7jyiyv5"}
{"type":"log","timestamp":1705915929573,"level":"debug","message":"Skipping storing report.","meta":{"rootId":"sezx8xiztjxxvwj","id":"sezx8xiztjxxvwj"},"id":"rumjs37uap1ratg","previousOperationId":"6no0gbdp7jyiyv5"}
{"type":"log","timestamp":1705915929573,"level":"info","message":"Rendering request 7 finished in 6085 ms","meta":{"rootId":"sezx8xiztjxxvwj","id":"sezx8xiztjxxvwj"},"id":"vi50pkxunc74395","previousOperationId":"6no0gbdp7jyiyv5"}
{"type":"operationEnd","subtype":"render","operationId":"vaa863glziyf0zp","timestamp":1705915929573,"id":"e3vqi66ee4whncy","previousEventId":"3kont23szufv11b","previousOperationId":"6no0gbdp7jyiyv5"}
{"type":"operationEnd","doDiffs":false,"previousEventId":"fknclf79coejud4","previousOperationId":"b6og12y37k7y5fr","operationId":"b6og12y37k7y5fr","timestamp":1705915929590,"id":"bf672foayee1q60"}
