{"type":"operationStart","subtype":"profile","data":{"_id":"c6VXmQUizITnBIOr","timestamp":"2024-01-22T09:58:27.550Z","state":"queued","mode":"standard","creationDate":"2024-01-22T09:58:27.553Z","modificationDate":"2024-01-22T09:58:27.553Z","shortid":"ET_H2Rq","$entitySet":"profiles"},"doDiffs":false,"timestamp":1705917507551,"id":"77frd98t3riyvof","previousOperationId":null,"operationId":"r5vdquj56xstann"}
{"type":"log","level":"info","message":"Render request 17 queued for execution and waiting for available worker","previousOperationId":"r5vdquj56xstann","timestamp":1705917507551,"id":"5th0493nouj4ae8"}
{"type":"operationStart","subtype":"render","name":"orders-main","previousOperationId":"r5vdquj56xstann","timestamp":1705917507565,"id":"4rwb2s1mpvc9cl2","previousEventId":"77frd98t3riyvof","operationId":"u4v0j5y1qy3patj"}
{"type":"log","timestamp":1705917507566,"level":"info","message":"Starting rendering request 17","meta":{"rootId":"tbc8uwu4jm2jw8r","id":"tbc8uwu4jm2jw8r"},"id":"6tkkpwofszy32q8","previousOperationId":"u4v0j5y1qy3patj"}
{"type":"log","timestamp":1705917507566,"level":"info","message":"Rendering template { name: orders-main, recipe: chrome-pdf, engine: handlebars, preview: false }","meta":{"rootId":"tbc8uwu4jm2jw8r","id":"tbc8uwu4jm2jw8r"},"id":"3hriwtwlitwq2yy","previousOperationId":"u4v0j5y1qy3patj"}
{"type":"log","timestamp":1705917507568,"level":"debug","message":"Inline data specified.","meta":{"rootId":"tbc8uwu4jm2jw8r","id":"tbc8uwu4jm2jw8r"},"id":"wfbry31hc16hf4m","previousOperationId":"u4v0j5y1qy3patj"}
{"type":"log","timestamp":1705917507572,"level":"debug","message":"Executing script orders-script (beforeRender)","meta":{"rootId":"tbc8uwu4jm2jw8r","id":"tbc8uwu4jm2jw8r"},"id":"bw24bhqztzb48ys","previousOperationId":"u4v0j5y1qy3patj"}
{"type":"operationStart","subtype":"scriptsBeforeRender","name":"scripts beforeRender","timestamp":1705917507581,"id":"d7mrg0jexccs136","previousEventId":"4rwb2s1mpvc9cl2","operationId":"61icxshmcvczutx","previousOperationId":"u4v0j5y1qy3patj"}
{"type":"operationStart","subtype":"script","name":"scripts orders-script","previousOperationId":"61icxshmcvczutx","timestamp":1705917507581,"id":"bwxad0wjq9jcm0i","previousEventId":"d7mrg0jexccs136","operationId":"rdxgz7qjd3hwbfx"}
{"type":"operationEnd","operationId":"rdxgz7qjd3hwbfx","timestamp":1705917509657,"id":"ge8lt95qt3l60sl","previousEventId":"4rwb2s1mpvc9cl2","previousOperationId":"u4v0j5y1qy3patj"}
{"type":"operationEnd","operationId":"61icxshmcvczutx","timestamp":1705917509657,"id":"4katofcf9smic26","previousEventId":"ge8lt95qt3l60sl","previousOperationId":"u4v0j5y1qy3patj"}
{"type":"log","timestamp":1705917509657,"level":"debug","message":"Base url not specified, skipping its injection.","meta":{"rootId":"tbc8uwu4jm2jw8r","id":"tbc8uwu4jm2jw8r"},"id":"tcztplnaocvlcu4","previousOperationId":"61icxshmcvczutx"}
{"type":"operationStart","subtype":"engine","name":"handlebars","timestamp":1705917509657,"id":"jjyspwbwm0bvtno","previousEventId":"4katofcf9smic26","operationId":"y5zltsqftorhrkb","previousOperationId":"61icxshmcvczutx"}
{"type":"log","timestamp":1705917509657,"level":"debug","message":"Rendering engine handlebars","meta":{"rootId":"tbc8uwu4jm2jw8r","id":"tbc8uwu4jm2jw8r"},"id":"c0rqdekzuifcnnt","previousOperationId":"y5zltsqftorhrkb"}
{"type":"log","timestamp":1705917509680,"level":"debug","message":"(console:log) Pdf utils adding group field, value: \"France\"","meta":{"userLevel":true,"rootId":"tbc8uwu4jm2jw8r","id":"tbc8uwu4jm2jw8r"},"id":"jxx8rf3g6mkocjq","previousOperationId":"y5zltsqftorhrkb"}
{"type":"log","timestamp":1705917509681,"level":"debug","message":"(console:log) Pdf utils adding group field, value: \"Germany\"","meta":{"userLevel":true,"rootId":"tbc8uwu4jm2jw8r","id":"tbc8uwu4jm2jw8r"},"id":"5smvmtvvom6rgfv","previousOperationId":"y5zltsqftorhrkb"}
{"type":"operationEnd","operationId":"y5zltsqftorhrkb","timestamp":1705917509681,"id":"4r2gxkjs7sro8t7","previousEventId":"jjyspwbwm0bvtno","previousOperationId":"y5zltsqftorhrkb"}
{"type":"operationStart","subtype":"recipe","name":"chrome-pdf","timestamp":1705917509682,"id":"u7zqe8pks651suv","previousEventId":"4r2gxkjs7sro8t7","operationId":"9j09gunpq18lrpd","previousOperationId":"y5zltsqftorhrkb"}
{"type":"log","timestamp":1705917509682,"level":"debug","message":"Executing recipe chrome-pdf","meta":{"rootId":"tbc8uwu4jm2jw8r","id":"tbc8uwu4jm2jw8r"},"id":"tgm3r1k3tbacbj3","previousOperationId":"9j09gunpq18lrpd"}
{"type":"log","timestamp":1705917509686,"level":"debug","message":"Converting with chrome HeadlessChrome/117.0.5938.149 using chrome-pool strategy","meta":{"rootId":"tbc8uwu4jm2jw8r","id":"tbc8uwu4jm2jw8r"},"id":"alpw65l7gi3ctz9","previousOperationId":"9j09gunpq18lrpd"}
{"type":"log","timestamp":1705917510170,"level":"debug","message":"Page request: GET (document) file:///C:/Users/franc/AppData/Local/Temp/jsreport/autocleanup/74f6aec0-d8e5-4615-b325-fc6fec2c9b96-chrome-pdf.html","meta":{"rootId":"tbc8uwu4jm2jw8r","id":"tbc8uwu4jm2jw8r"},"id":"fquzgfvtk35ktsh","previousOperationId":"9j09gunpq18lrpd"}
{"type":"log","timestamp":1705917510285,"level":"debug","message":"Page request: GET (stylesheet) https://cdnjs.cloudflare.com/ajax/libs/metro/4.1.5/css/metro.min.css","meta":{"rootId":"tbc8uwu4jm2jw8r","id":"tbc8uwu4jm2jw8r"},"id":"23hala1s2b3co2c","previousOperationId":"9j09gunpq18lrpd"}
{"type":"log","timestamp":1705917510286,"level":"debug","message":"Page request: GET (script) https://cdnjs.cloudflare.com/ajax/libs/Chart.js/2.7.2/Chart.min.js","meta":{"rootId":"tbc8uwu4jm2jw8r","id":"tbc8uwu4jm2jw8r"},"id":"wh5zvtdlwygwfks","previousOperationId":"9j09gunpq18lrpd"}
{"type":"log","timestamp":1705917510287,"level":"debug","message":"Page request finished: GET (document) 200 file:///C:/Users/franc/AppData/Local/Temp/jsreport/autocleanup/74f6aec0-d8e5-4615-b325-fc6fec2c9b96-chrome-pdf.html","meta":{"rootId":"tbc8uwu4jm2jw8r","id":"tbc8uwu4jm2jw8r"},"id":"exhmu7872waghjp","previousOperationId":"9j09gunpq18lrpd"}
{"type":"log","timestamp":1705917510293,"level":"debug","message":"Page request finished: GET (script) 200 https://cdnjs.cloudflare.com/ajax/libs/Chart.js/2.7.2/Chart.min.js","meta":{"rootId":"tbc8uwu4jm2jw8r","id":"tbc8uwu4jm2jw8r"},"id":"0e8v50gtw34zq9v","previousOperationId":"9j09gunpq18lrpd"}
{"type":"log","timestamp":1705917510305,"level":"debug","message":"Page request finished: GET (stylesheet) 200 https://cdnjs.cloudflare.com/ajax/libs/metro/4.1.5/css/metro.min.css","meta":{"rootId":"tbc8uwu4jm2jw8r","id":"tbc8uwu4jm2jw8r"},"id":"er4undtejypqfuv","previousOperationId":"9j09gunpq18lrpd"}
{"type":"log","timestamp":1705917510388,"level":"debug","message":"Running chrome with params {\"printBackground\":true,\"marginTop\":\"4cm\",\"marginRight\":\"1.5cm\",\"marginBottom\":\"1.5cm\",\"marginLeft\":\"1.5cm\",\"waitForJS\":false,\"timeout\":57865,\"margin\":{\"top\":\"4cm\",\"right\":\"1.5cm\",\"bottom\":\"1.5cm\",\"left\":\"1.5cm\"}}","meta":{"rootId":"tbc8uwu4jm2jw8r","id":"tbc8uwu4jm2jw8r"},"id":"2hah2turmnl89pf","previousOperationId":"9j09gunpq18lrpd"}
{"type":"operationEnd","operationId":"9j09gunpq18lrpd","timestamp":1705917510547,"id":"op1hyrt4tutyvu6","previousEventId":"u7zqe8pks651suv","previousOperationId":"9j09gunpq18lrpd"}
{"type":"log","timestamp":1705917510547,"level":"info","message":"pdf-utils is starting pdf processing","meta":{"rootId":"tbc8uwu4jm2jw8r","id":"tbc8uwu4jm2jw8r"},"id":"3o6eq3z5wkzibef","previousOperationId":"9j09gunpq18lrpd"}
{"type":"operationStart","subtype":"pdfUtils","name":"pdf utils","timestamp":1705917510547,"id":"9feklq5og6z49fx","previousEventId":"op1hyrt4tutyvu6","operationId":"ftskdmnm92uqvxq","previousOperationId":"9j09gunpq18lrpd"}
{"type":"log","timestamp":1705917510547,"level":"debug","message":"pdf-utils detected 1 pdf operation(s) to process","meta":{"rootId":"tbc8uwu4jm2jw8r","id":"tbc8uwu4jm2jw8r"},"id":"l182u9m1vacwdpe","previousOperationId":"ftskdmnm92uqvxq"}
{"type":"log","timestamp":1705917510581,"level":"debug","message":"pdf-utils running pdf operation merge","meta":{"rootId":"tbc8uwu4jm2jw8r","id":"tbc8uwu4jm2jw8r"},"id":"41uveq8ft0rg2al","previousOperationId":"ftskdmnm92uqvxq"}
{"type":"operationStart","subtype":"pdfUtilsMerge","name":"pdf utils merge","previousOperationId":"ftskdmnm92uqvxq","timestamp":1705917510581,"id":"7pu5h796w8uakcm","previousEventId":"9feklq5og6z49fx","operationId":"bgfqzbeq3ec4jmr"}
{"type":"operationStart","subtype":"render","name":"orders-header","previousOperationId":"bgfqzbeq3ec4jmr","timestamp":1705917510582,"id":"q74ou0sbvwsaxsd","previousEventId":"7pu5h796w8uakcm","operationId":"4hp13gimguftc4c"}
{"type":"log","timestamp":1705917510582,"level":"info","message":"Starting rendering (child) request","meta":{"rootId":"tbc8uwu4jm2jw8r","id":"6idurwish2qjp9r"},"id":"r27k6hzb5798xfs","previousOperationId":"4hp13gimguftc4c"}
{"type":"log","timestamp":1705917510582,"level":"info","message":"Rendering template { name: orders-header, recipe: chrome-pdf, engine: handlebars, preview: false }","meta":{"rootId":"tbc8uwu4jm2jw8r","id":"6idurwish2qjp9r"},"id":"2fjv0skmdpsswnj","previousOperationId":"4hp13gimguftc4c"}
{"type":"log","timestamp":1705917510584,"level":"debug","message":"Inline data specified.","meta":{"rootId":"tbc8uwu4jm2jw8r","id":"6idurwish2qjp9r"},"id":"oqlt7oyn3cgd8f3","previousOperationId":"4hp13gimguftc4c"}
{"type":"log","timestamp":1705917510587,"level":"debug","message":"Base url not specified, skipping its injection.","meta":{"rootId":"tbc8uwu4jm2jw8r","id":"6idurwish2qjp9r"},"id":"7bq2we68mpc56es","previousOperationId":"4hp13gimguftc4c"}
{"type":"operationStart","subtype":"engine","name":"handlebars","timestamp":1705917510588,"id":"4hz4e3cexceesyc","previousEventId":"q74ou0sbvwsaxsd","operationId":"8z6f6l0swpb3rx6","previousOperationId":"4hp13gimguftc4c"}
{"type":"log","timestamp":1705917510588,"level":"debug","message":"Rendering engine handlebars","meta":{"rootId":"tbc8uwu4jm2jw8r","id":"6idurwish2qjp9r"},"id":"wt766btfcsklud0","previousOperationId":"8z6f6l0swpb3rx6"}
{"type":"operationEnd","operationId":"8z6f6l0swpb3rx6","timestamp":1705917510612,"id":"dfhv2mrnkodf0u8","previousEventId":"4hz4e3cexceesyc","previousOperationId":"8z6f6l0swpb3rx6"}
{"type":"operationStart","subtype":"recipe","name":"chrome-pdf","timestamp":1705917510613,"id":"xs7urrtm9dcbwm8","previousEventId":"dfhv2mrnkodf0u8","operationId":"fcswzbz5pwdy4n5","previousOperationId":"8z6f6l0swpb3rx6"}
{"type":"log","timestamp":1705917510613,"level":"debug","message":"Executing recipe chrome-pdf","meta":{"rootId":"tbc8uwu4jm2jw8r","id":"6idurwish2qjp9r"},"id":"e85zs43z8fxqykp","previousOperationId":"fcswzbz5pwdy4n5"}
{"type":"log","timestamp":1705917510616,"level":"debug","message":"Converting with chrome HeadlessChrome/117.0.5938.149 using chrome-pool strategy","meta":{"rootId":"tbc8uwu4jm2jw8r","id":"6idurwish2qjp9r"},"id":"rl0orv9zhwrpmgc","previousOperationId":"fcswzbz5pwdy4n5"}
{"type":"log","timestamp":1705917510722,"level":"debug","message":"Page request: GET (document) file:///C:/Users/franc/AppData/Local/Temp/jsreport/autocleanup/2cd1b2d3-33ba-48d1-9538-0c241e428f2c-chrome-pdf.html","meta":{"rootId":"tbc8uwu4jm2jw8r","id":"6idurwish2qjp9r"},"id":"t0tygs114f6et0y","previousOperationId":"fcswzbz5pwdy4n5"}
{"type":"log","timestamp":1705917510735,"level":"debug","message":"Page request: GET (stylesheet) https://cdnjs.cloudflare.com/ajax/libs/metro/4.1.5/css/metro.min.css","meta":{"rootId":"tbc8uwu4jm2jw8r","id":"6idurwish2qjp9r"},"id":"u3yqlc8jnz9hart","previousOperationId":"fcswzbz5pwdy4n5"}
{"type":"log","timestamp":1705917510735,"level":"debug","message":"Page request finished: GET (document) 200 file:///C:/Users/franc/AppData/Local/Temp/jsreport/autocleanup/2cd1b2d3-33ba-48d1-9538-0c241e428f2c-chrome-pdf.html","meta":{"rootId":"tbc8uwu4jm2jw8r","id":"6idurwish2qjp9r"},"id":"97j493dfe5san8d","previousOperationId":"fcswzbz5pwdy4n5"}
{"type":"log","timestamp":1705917510754,"level":"debug","message":"Page request finished: GET (stylesheet) 200 https://cdnjs.cloudflare.com/ajax/libs/metro/4.1.5/css/metro.min.css","meta":{"rootId":"tbc8uwu4jm2jw8r","id":"6idurwish2qjp9r"},"id":"m48zymmownfm75n","previousOperationId":"fcswzbz5pwdy4n5"}
{"type":"log","timestamp":1705917510773,"level":"debug","message":"Running chrome with params {\"printBackground\":true,\"marginTop\":\"1.5cm\",\"marginRight\":\"1.5cm\",\"marginLeft\":\"1.cm\",\"timeout\":56936,\"margin\":{\"top\":\"1.5cm\",\"right\":\"1.5cm\",\"left\":\"1.cm\"}}","meta":{"rootId":"tbc8uwu4jm2jw8r","id":"6idurwish2qjp9r"},"id":"5ndmgju2h1hz6tr","previousOperationId":"fcswzbz5pwdy4n5"}
{"type":"operationEnd","operationId":"fcswzbz5pwdy4n5","timestamp":1705917510819,"id":"7i76g76m5j2ab2y","previousEventId":"xs7urrtm9dcbwm8","previousOperationId":"fcswzbz5pwdy4n5"}
{"type":"log","timestamp":1705917510819,"level":"debug","message":"Skipping storing report.","meta":{"rootId":"tbc8uwu4jm2jw8r","id":"6idurwish2qjp9r"},"id":"ax6v8dfx3smdq5j","previousOperationId":"fcswzbz5pwdy4n5"}
{"type":"log","timestamp":1705917510819,"level":"info","message":"Rendering (child) request finished in 3269 ms","meta":{"rootId":"tbc8uwu4jm2jw8r","id":"6idurwish2qjp9r"},"id":"g3jzdqca950z5wh","previousOperationId":"fcswzbz5pwdy4n5"}
{"type":"operationEnd","subtype":"render","operationId":"4hp13gimguftc4c","timestamp":1705917510820,"id":"c4s5hwmew6x0e2r","previousEventId":"7i76g76m5j2ab2y","previousOperationId":"fcswzbz5pwdy4n5"}
{"type":"operationEnd","operationId":"bgfqzbeq3ec4jmr","timestamp":1705917510834,"id":"7npozbzt5arnj6r","previousEventId":"7pu5h796w8uakcm","previousOperationId":"bgfqzbeq3ec4jmr"}
{"type":"log","timestamp":1705917510834,"level":"debug","message":"pdf-utils postproces start","meta":{"rootId":"tbc8uwu4jm2jw8r","id":"tbc8uwu4jm2jw8r"},"id":"u1f4dyyv5i598e1","previousOperationId":"bgfqzbeq3ec4jmr"}
{"type":"log","timestamp":1705917510854,"level":"debug","message":"pdf-utils postproces end","meta":{"rootId":"tbc8uwu4jm2jw8r","id":"tbc8uwu4jm2jw8r"},"id":"9jg03mem8f7yjsp","previousOperationId":"bgfqzbeq3ec4jmr"}
{"type":"operationEnd","operationId":"ftskdmnm92uqvxq","timestamp":1705917510854,"id":"bigx765xfs3jmaw","previousEventId":"7npozbzt5arnj6r","previousOperationId":"bgfqzbeq3ec4jmr"}
{"type":"log","timestamp":1705917510854,"level":"info","message":"pdf-utils pdf processing was finished","meta":{"rootId":"tbc8uwu4jm2jw8r","id":"tbc8uwu4jm2jw8r"},"id":"vc5edfigfaft8ro","previousOperationId":"ftskdmnm92uqvxq"}
{"type":"log","timestamp":1705917510855,"level":"debug","message":"Skipping storing report.","meta":{"rootId":"tbc8uwu4jm2jw8r","id":"tbc8uwu4jm2jw8r"},"id":"zk66l50ra1859nc","previousOperationId":"ftskdmnm92uqvxq"}
{"type":"log","timestamp":1705917510855,"level":"info","message":"Rendering request 17 finished in 3305 ms","meta":{"rootId":"tbc8uwu4jm2jw8r","id":"tbc8uwu4jm2jw8r"},"id":"kkq39gqnab56vis","previousOperationId":"ftskdmnm92uqvxq"}
{"type":"operationEnd","subtype":"render","operationId":"u4v0j5y1qy3patj","timestamp":1705917510855,"id":"lhnwfts8m23rexm","previousEventId":"bigx765xfs3jmaw","previousOperationId":"ftskdmnm92uqvxq"}
{"type":"operationEnd","doDiffs":false,"previousEventId":"77frd98t3riyvof","previousOperationId":"r5vdquj56xstann","operationId":"r5vdquj56xstann","timestamp":1705917510864,"id":"0fah31dxt8x9pvv"}
