{"type":"operationStart","subtype":"profile","data":{"_id":"UnwWWktPMUe8TnIE","timestamp":"2024-01-24T08:23:43.242Z","state":"queued","mode":"standard","creationDate":"2024-01-24T08:23:43.244Z","modificationDate":"2024-01-24T08:23:43.244Z","shortid":"2gbLSum","$entitySet":"profiles"},"doDiffs":false,"timestamp":1706084623243,"id":"qzqybj3y7wkg7nz","previousOperationId":null,"operationId":"u0inyltmrid7cjl"}
{"type":"log","level":"info","message":"Render request 84 queued for execution and waiting for available worker","previousOperationId":"u0inyltmrid7cjl","timestamp":1706084623243,"id":"ca626yv1wzy3vxs"}
{"type":"operationStart","subtype":"render","name":"orders-main","previousOperationId":"u0inyltmrid7cjl","timestamp":1706084628637,"id":"rwbi25qqffkn5y2","previousEventId":"qzqybj3y7wkg7nz","operationId":"7qnrs1vgu9w97wv"}
{"type":"log","timestamp":1706084628637,"level":"info","message":"Starting rendering request 84","meta":{"rootId":"tijd8pq2y1nd6p0","id":"tijd8pq2y1nd6p0"},"id":"lfsqvhw4x0k8zdh","previousOperationId":"7qnrs1vgu9w97wv"}
{"type":"log","timestamp":1706084628637,"level":"info","message":"Rendering template { name: orders-main, recipe: chrome-pdf, engine: handlebars, preview: false }","meta":{"rootId":"tijd8pq2y1nd6p0","id":"tijd8pq2y1nd6p0"},"id":"odcwyjz53xu5se4","previousOperationId":"7qnrs1vgu9w97wv"}
{"type":"log","timestamp":1706084628644,"level":"debug","message":"Inline data specified.","meta":{"rootId":"tijd8pq2y1nd6p0","id":"tijd8pq2y1nd6p0"},"id":"elfwecsae5momfw","previousOperationId":"7qnrs1vgu9w97wv"}
{"type":"log","timestamp":1706084628714,"level":"debug","message":"Executing script orders-script (beforeRender)","meta":{"rootId":"tijd8pq2y1nd6p0","id":"tijd8pq2y1nd6p0"},"id":"ozt6bsv48nizcqm","previousOperationId":"7qnrs1vgu9w97wv"}
{"type":"operationStart","subtype":"scriptsBeforeRender","name":"scripts beforeRender","timestamp":1706084628741,"id":"8d86d90a7uanlt0","previousEventId":"rwbi25qqffkn5y2","operationId":"vr1gihp3fm5g7xc","previousOperationId":"7qnrs1vgu9w97wv"}
{"type":"operationStart","subtype":"script","name":"scripts orders-script","previousOperationId":"vr1gihp3fm5g7xc","timestamp":1706084628741,"id":"aqmy8zx579jjjf9","previousEventId":"8d86d90a7uanlt0","operationId":"1mksysowy0kjjg1"}
{"type":"operationEnd","operationId":"1mksysowy0kjjg1","timestamp":1706084630193,"id":"j2m5ey3tjal4703","previousEventId":"rwbi25qqffkn5y2","previousOperationId":"7qnrs1vgu9w97wv"}
{"type":"operationEnd","operationId":"vr1gihp3fm5g7xc","timestamp":1706084630194,"id":"0xpl15ai4cbdu7w","previousEventId":"j2m5ey3tjal4703","previousOperationId":"7qnrs1vgu9w97wv"}
{"type":"log","timestamp":1706084630194,"level":"debug","message":"Base url not specified, skipping its injection.","meta":{"rootId":"tijd8pq2y1nd6p0","id":"tijd8pq2y1nd6p0"},"id":"h8oeyabm3m612x8","previousOperationId":"vr1gihp3fm5g7xc"}
{"type":"operationStart","subtype":"engine","name":"handlebars","timestamp":1706084630194,"id":"9lednijjrgnlst3","previousEventId":"0xpl15ai4cbdu7w","operationId":"tk0xayxd5te4erm","previousOperationId":"vr1gihp3fm5g7xc"}
{"type":"log","timestamp":1706084630194,"level":"debug","message":"Rendering engine handlebars","meta":{"rootId":"tijd8pq2y1nd6p0","id":"tijd8pq2y1nd6p0"},"id":"pzyb5q9u2jxtjyg","previousOperationId":"tk0xayxd5te4erm"}
{"type":"log","timestamp":1706084630223,"level":"debug","message":"(console:log) Pdf utils adding group field, value: \"France\"","meta":{"userLevel":true,"rootId":"tijd8pq2y1nd6p0","id":"tijd8pq2y1nd6p0"},"id":"u34vpcnzk8j50uf","previousOperationId":"tk0xayxd5te4erm"}
{"type":"log","timestamp":1706084630224,"level":"debug","message":"(console:log) Pdf utils adding group field, value: \"Germany\"","meta":{"userLevel":true,"rootId":"tijd8pq2y1nd6p0","id":"tijd8pq2y1nd6p0"},"id":"1r8hs0icb3c8758","previousOperationId":"tk0xayxd5te4erm"}
{"type":"operationEnd","operationId":"tk0xayxd5te4erm","timestamp":1706084630226,"id":"53eystvjsoj8v7r","previousEventId":"9lednijjrgnlst3","previousOperationId":"tk0xayxd5te4erm"}
{"type":"operationStart","subtype":"recipe","name":"chrome-pdf","timestamp":1706084630227,"id":"btkvifv82inewp7","previousEventId":"53eystvjsoj8v7r","operationId":"vel6kwd0d8j1chs","previousOperationId":"tk0xayxd5te4erm"}
{"type":"log","timestamp":1706084630228,"level":"debug","message":"Executing recipe chrome-pdf","meta":{"rootId":"tijd8pq2y1nd6p0","id":"tijd8pq2y1nd6p0"},"id":"guut10kc1gw46is","previousOperationId":"vel6kwd0d8j1chs"}
{"type":"log","timestamp":1706084630233,"level":"debug","message":"Converting with chrome HeadlessChrome/117.0.5938.149 using chrome-pool strategy","meta":{"rootId":"tijd8pq2y1nd6p0","id":"tijd8pq2y1nd6p0"},"id":"8nkliof4exnvwis","previousOperationId":"vel6kwd0d8j1chs"}
{"type":"log","timestamp":1706084630553,"level":"debug","message":"Page request: GET (document) file:///C:/Users/franc/AppData/Local/Temp/jsreport/autocleanup/624b5325-36aa-41e2-9be9-a8dac1641a78-chrome-pdf.html","meta":{"rootId":"tijd8pq2y1nd6p0","id":"tijd8pq2y1nd6p0"},"id":"gw1qdpvdmwpmrhy","previousOperationId":"vel6kwd0d8j1chs"}
{"type":"log","timestamp":1706084630731,"level":"debug","message":"Page request: GET (stylesheet) https://cdnjs.cloudflare.com/ajax/libs/metro/4.1.5/css/metro.min.css","meta":{"rootId":"tijd8pq2y1nd6p0","id":"tijd8pq2y1nd6p0"},"id":"zgtnepbj1k5dlcv","previousOperationId":"vel6kwd0d8j1chs"}
{"type":"log","timestamp":1706084630732,"level":"debug","message":"Page request: GET (script) https://cdnjs.cloudflare.com/ajax/libs/Chart.js/2.7.2/Chart.min.js","meta":{"rootId":"tijd8pq2y1nd6p0","id":"tijd8pq2y1nd6p0"},"id":"h6idhywngx04w77","previousOperationId":"vel6kwd0d8j1chs"}
{"type":"log","timestamp":1706084630734,"level":"debug","message":"Page request finished: GET (document) 200 file:///C:/Users/franc/AppData/Local/Temp/jsreport/autocleanup/624b5325-36aa-41e2-9be9-a8dac1641a78-chrome-pdf.html","meta":{"rootId":"tijd8pq2y1nd6p0","id":"tijd8pq2y1nd6p0"},"id":"zahmhlxlu3pytt6","previousOperationId":"vel6kwd0d8j1chs"}
{"type":"log","timestamp":1706084630798,"level":"debug","message":"Page request finished: GET (stylesheet) 200 https://cdnjs.cloudflare.com/ajax/libs/metro/4.1.5/css/metro.min.css","meta":{"rootId":"tijd8pq2y1nd6p0","id":"tijd8pq2y1nd6p0"},"id":"yjm95lax5q8jakw","previousOperationId":"vel6kwd0d8j1chs"}
{"type":"log","timestamp":1706084630799,"level":"debug","message":"Page request finished: GET (script) 200 https://cdnjs.cloudflare.com/ajax/libs/Chart.js/2.7.2/Chart.min.js","meta":{"rootId":"tijd8pq2y1nd6p0","id":"tijd8pq2y1nd6p0"},"id":"17nornlu25uxmjb","previousOperationId":"vel6kwd0d8j1chs"}
{"type":"log","timestamp":1706084631116,"level":"debug","message":"Running chrome with params {\"printBackground\":true,\"marginTop\":\"4cm\",\"marginRight\":\"1.5cm\",\"marginBottom\":\"1.5cm\",\"marginLeft\":\"1.5cm\",\"waitForJS\":false,\"timeout\":53010,\"margin\":{\"top\":\"4cm\",\"right\":\"1.5cm\",\"bottom\":\"1.5cm\",\"left\":\"1.5cm\"}}","meta":{"rootId":"tijd8pq2y1nd6p0","id":"tijd8pq2y1nd6p0"},"id":"3btz2eas6j7djtd","previousOperationId":"vel6kwd0d8j1chs"}
{"type":"operationEnd","operationId":"vel6kwd0d8j1chs","timestamp":1706084631373,"id":"wd8hmz4vwuncged","previousEventId":"btkvifv82inewp7","previousOperationId":"vel6kwd0d8j1chs"}
{"type":"log","timestamp":1706084631373,"level":"info","message":"pdf-utils is starting pdf processing","meta":{"rootId":"tijd8pq2y1nd6p0","id":"tijd8pq2y1nd6p0"},"id":"834rmqwfppkh5se","previousOperationId":"vel6kwd0d8j1chs"}
{"type":"operationStart","subtype":"pdfUtils","name":"pdf utils","timestamp":1706084631373,"id":"dhkcimr03541eek","previousEventId":"wd8hmz4vwuncged","operationId":"hxuluj1m8iey95h","previousOperationId":"vel6kwd0d8j1chs"}
{"type":"log","timestamp":1706084631373,"level":"debug","message":"pdf-utils detected 1 pdf operation(s) to process","meta":{"rootId":"tijd8pq2y1nd6p0","id":"tijd8pq2y1nd6p0"},"id":"5v8pa23l61w7k1l","previousOperationId":"hxuluj1m8iey95h"}
{"type":"log","timestamp":1706084631430,"level":"debug","message":"pdf-utils running pdf operation merge","meta":{"rootId":"tijd8pq2y1nd6p0","id":"tijd8pq2y1nd6p0"},"id":"yd3r5v7obn4k3yu","previousOperationId":"hxuluj1m8iey95h"}
{"type":"operationStart","subtype":"pdfUtilsMerge","name":"pdf utils merge","previousOperationId":"hxuluj1m8iey95h","timestamp":1706084631430,"id":"k7tjca5sh5qh32s","previousEventId":"dhkcimr03541eek","operationId":"d3rtd69jgjw0grd"}
{"type":"operationStart","subtype":"render","name":"orders-header","previousOperationId":"d3rtd69jgjw0grd","timestamp":1706084631431,"id":"dq3sygg5qkmfi17","previousEventId":"k7tjca5sh5qh32s","operationId":"blnini6qn4dhokm"}
{"type":"log","timestamp":1706084631431,"level":"info","message":"Starting rendering (child) request","meta":{"rootId":"tijd8pq2y1nd6p0","id":"3rfwambm491acfo"},"id":"n7xpzw340k8os5s","previousOperationId":"blnini6qn4dhokm"}
{"type":"log","timestamp":1706084631431,"level":"info","message":"Rendering template { name: orders-header, recipe: chrome-pdf, engine: handlebars, preview: false }","meta":{"rootId":"tijd8pq2y1nd6p0","id":"3rfwambm491acfo"},"id":"o7rh2oi1hkcv7b8","previousOperationId":"blnini6qn4dhokm"}
{"type":"log","timestamp":1706084631433,"level":"debug","message":"Inline data specified.","meta":{"rootId":"tijd8pq2y1nd6p0","id":"3rfwambm491acfo"},"id":"irdy9vm2jlra3g3","previousOperationId":"blnini6qn4dhokm"}
{"type":"log","timestamp":1706084631436,"level":"debug","message":"Base url not specified, skipping its injection.","meta":{"rootId":"tijd8pq2y1nd6p0","id":"3rfwambm491acfo"},"id":"gns2pr04w0notuu","previousOperationId":"blnini6qn4dhokm"}
{"type":"operationStart","subtype":"engine","name":"handlebars","timestamp":1706084631437,"id":"zygxstko48apw8w","previousEventId":"dq3sygg5qkmfi17","operationId":"uekxf4h144zxkcy","previousOperationId":"blnini6qn4dhokm"}
{"type":"log","timestamp":1706084631437,"level":"debug","message":"Rendering engine handlebars","meta":{"rootId":"tijd8pq2y1nd6p0","id":"3rfwambm491acfo"},"id":"r5uyroapc38zhln","previousOperationId":"uekxf4h144zxkcy"}
{"type":"operationEnd","operationId":"uekxf4h144zxkcy","timestamp":1706084631460,"id":"1brrkyykri41xvv","previousEventId":"zygxstko48apw8w","previousOperationId":"uekxf4h144zxkcy"}
{"type":"operationStart","subtype":"recipe","name":"chrome-pdf","timestamp":1706084631461,"id":"a8aqupua5h177m0","previousEventId":"1brrkyykri41xvv","operationId":"675ei1v03pfwm51","previousOperationId":"uekxf4h144zxkcy"}
{"type":"log","timestamp":1706084631461,"level":"debug","message":"Executing recipe chrome-pdf","meta":{"rootId":"tijd8pq2y1nd6p0","id":"3rfwambm491acfo"},"id":"vfsf5yxb9jvclsr","previousOperationId":"675ei1v03pfwm51"}
{"type":"log","timestamp":1706084631464,"level":"debug","message":"Converting with chrome HeadlessChrome/117.0.5938.149 using chrome-pool strategy","meta":{"rootId":"tijd8pq2y1nd6p0","id":"3rfwambm491acfo"},"id":"cf7qvsrcmpr4ksm","previousOperationId":"675ei1v03pfwm51"}
{"type":"log","timestamp":1706084631613,"level":"debug","message":"Page request: GET (document) file:///C:/Users/franc/AppData/Local/Temp/jsreport/autocleanup/2a72950f-9751-43c3-9b8c-fbe4c3dce900-chrome-pdf.html","meta":{"rootId":"tijd8pq2y1nd6p0","id":"3rfwambm491acfo"},"id":"6wernz48pumqpwj","previousOperationId":"675ei1v03pfwm51"}
{"type":"log","timestamp":1706084631627,"level":"debug","message":"Page request: GET (stylesheet) https://cdnjs.cloudflare.com/ajax/libs/metro/4.1.5/css/metro.min.css","meta":{"rootId":"tijd8pq2y1nd6p0","id":"3rfwambm491acfo"},"id":"09t4ishgdr4iftd","previousOperationId":"675ei1v03pfwm51"}
{"type":"log","timestamp":1706084631628,"level":"debug","message":"Page request finished: GET (document) 200 file:///C:/Users/franc/AppData/Local/Temp/jsreport/autocleanup/2a72950f-9751-43c3-9b8c-fbe4c3dce900-chrome-pdf.html","meta":{"rootId":"tijd8pq2y1nd6p0","id":"3rfwambm491acfo"},"id":"zh54t49l1zz3kaf","previousOperationId":"675ei1v03pfwm51"}
{"type":"log","timestamp":1706084631661,"level":"debug","message":"Page request finished: GET (stylesheet) 200 https://cdnjs.cloudflare.com/ajax/libs/metro/4.1.5/css/metro.min.css","meta":{"rootId":"tijd8pq2y1nd6p0","id":"3rfwambm491acfo"},"id":"rybjxm6izslm2gn","previousOperationId":"675ei1v03pfwm51"}
{"type":"log","timestamp":1706084631711,"level":"debug","message":"Running chrome with params {\"printBackground\":true,\"marginTop\":\"1.5cm\",\"marginRight\":\"1.5cm\",\"marginLeft\":\"1.cm\",\"timeout\":51778,\"margin\":{\"top\":\"1.5cm\",\"right\":\"1.5cm\",\"left\":\"1.cm\"}}","meta":{"rootId":"tijd8pq2y1nd6p0","id":"3rfwambm491acfo"},"id":"dq2af0o9sp5wg30","previousOperationId":"675ei1v03pfwm51"}
{"type":"operationEnd","operationId":"675ei1v03pfwm51","timestamp":1706084631796,"id":"ofxvnipvjafknyu","previousEventId":"a8aqupua5h177m0","previousOperationId":"675ei1v03pfwm51"}
{"type":"log","timestamp":1706084631796,"level":"debug","message":"Skipping storing report.","meta":{"rootId":"tijd8pq2y1nd6p0","id":"3rfwambm491acfo"},"id":"xy4m530w6d9fu95","previousOperationId":"675ei1v03pfwm51"}
{"type":"log","timestamp":1706084631797,"level":"info","message":"Rendering (child) request finished in 8555 ms","meta":{"rootId":"tijd8pq2y1nd6p0","id":"3rfwambm491acfo"},"id":"iv7v23dzttp3t6r","previousOperationId":"675ei1v03pfwm51"}
{"type":"operationEnd","subtype":"render","operationId":"blnini6qn4dhokm","timestamp":1706084631797,"id":"py26lhanqvg1gf2","previousEventId":"ofxvnipvjafknyu","previousOperationId":"675ei1v03pfwm51"}
{"type":"operationEnd","operationId":"d3rtd69jgjw0grd","timestamp":1706084631822,"id":"mrraso4ipq7gdqp","previousEventId":"k7tjca5sh5qh32s","previousOperationId":"d3rtd69jgjw0grd"}
{"type":"log","timestamp":1706084631822,"level":"debug","message":"pdf-utils postproces start","meta":{"rootId":"tijd8pq2y1nd6p0","id":"tijd8pq2y1nd6p0"},"id":"o291kskdyqm6mo3","previousOperationId":"d3rtd69jgjw0grd"}
{"type":"log","timestamp":1706084631865,"level":"debug","message":"pdf-utils postproces end","meta":{"rootId":"tijd8pq2y1nd6p0","id":"tijd8pq2y1nd6p0"},"id":"m1o42p8zfbnwe2e","previousOperationId":"d3rtd69jgjw0grd"}
{"type":"operationEnd","operationId":"hxuluj1m8iey95h","timestamp":1706084631865,"id":"vacep2deoug4omb","previousEventId":"mrraso4ipq7gdqp","previousOperationId":"d3rtd69jgjw0grd"}
{"type":"log","timestamp":1706084631865,"level":"info","message":"pdf-utils pdf processing was finished","meta":{"rootId":"tijd8pq2y1nd6p0","id":"tijd8pq2y1nd6p0"},"id":"tnldpbw8hprgzd5","previousOperationId":"hxuluj1m8iey95h"}
{"type":"log","timestamp":1706084631865,"level":"debug","message":"Skipping storing report.","meta":{"rootId":"tijd8pq2y1nd6p0","id":"tijd8pq2y1nd6p0"},"id":"2x6ebyaznji48ao","previousOperationId":"hxuluj1m8iey95h"}
{"type":"log","timestamp":1706084631865,"level":"info","message":"Rendering request 84 finished in 8624 ms","meta":{"rootId":"tijd8pq2y1nd6p0","id":"tijd8pq2y1nd6p0"},"id":"1chtez0whq7vivh","previousOperationId":"hxuluj1m8iey95h"}
{"type":"operationEnd","subtype":"render","operationId":"7qnrs1vgu9w97wv","timestamp":1706084631865,"id":"kpn9ljbx6s9o6tl","previousEventId":"vacep2deoug4omb","previousOperationId":"hxuluj1m8iey95h"}
{"type":"operationEnd","doDiffs":false,"previousEventId":"qzqybj3y7wkg7nz","previousOperationId":"u0inyltmrid7cjl","operationId":"u0inyltmrid7cjl","timestamp":1706084631878,"id":"g62ia5plveqf5sg"}
