{"type":"operationStart","subtype":"profile","data":{"_id":"bZwoftTJ8H8FdOtq","timestamp":"2024-01-23T10:31:19.609Z","state":"queued","mode":"standard","creationDate":"2024-01-23T10:31:19.613Z","modificationDate":"2024-01-23T10:31:19.613Z","shortid":"rHFz3b2","$entitySet":"profiles"},"doDiffs":false,"timestamp":1706005879612,"id":"nyp5h1i8neb6jzz","previousOperationId":null,"operationId":"19s30buxwpa7666"}
{"type":"log","level":"info","message":"Render request 15 queued for execution and waiting for available worker","previousOperationId":"19s30buxwpa7666","timestamp":1706005879612,"id":"djwhsqzhn8u62id"}
{"type":"operationStart","subtype":"render","name":"orders-main","previousOperationId":"19s30buxwpa7666","timestamp":1706005879622,"id":"4286liuoqzvuzvi","previousEventId":"nyp5h1i8neb6jzz","operationId":"23cb5qd37j3clmf"}
{"type":"log","timestamp":1706005879622,"level":"info","message":"Starting rendering request 15","meta":{"rootId":"un3h7e3ow21kfn7","id":"un3h7e3ow21kfn7"},"id":"on74breokuwfhfp","previousOperationId":"23cb5qd37j3clmf"}
{"type":"log","timestamp":1706005879623,"level":"info","message":"Rendering template { name: orders-main, recipe: chrome-pdf, engine: handlebars, preview: false }","meta":{"rootId":"un3h7e3ow21kfn7","id":"un3h7e3ow21kfn7"},"id":"1a2gvfs56s2736r","previousOperationId":"23cb5qd37j3clmf"}
{"type":"log","timestamp":1706005879631,"level":"debug","message":"Inline data specified.","meta":{"rootId":"un3h7e3ow21kfn7","id":"un3h7e3ow21kfn7"},"id":"r4exx7um37dpxn3","previousOperationId":"23cb5qd37j3clmf"}
{"type":"log","timestamp":1706005879637,"level":"debug","message":"Executing script orders-script (beforeRender)","meta":{"rootId":"un3h7e3ow21kfn7","id":"un3h7e3ow21kfn7"},"id":"2ho62am4omt5gn7","previousOperationId":"23cb5qd37j3clmf"}
{"type":"operationStart","subtype":"scriptsBeforeRender","name":"scripts beforeRender","timestamp":1706005879648,"id":"7arw5ad6irvgbmj","previousEventId":"4286liuoqzvuzvi","operationId":"vqn4kzw2yhqbkmb","previousOperationId":"23cb5qd37j3clmf"}
{"type":"operationStart","subtype":"script","name":"scripts orders-script","previousOperationId":"vqn4kzw2yhqbkmb","timestamp":1706005879648,"id":"h8tk9amqsmt4dg6","previousEventId":"7arw5ad6irvgbmj","operationId":"b6oyp0y3n6p1l5k"}
{"type":"operationEnd","operationId":"b6oyp0y3n6p1l5k","timestamp":1706005882622,"id":"s13hqpstnbt0de5","previousEventId":"4286liuoqzvuzvi","previousOperationId":"23cb5qd37j3clmf"}
{"type":"operationEnd","operationId":"vqn4kzw2yhqbkmb","timestamp":1706005882622,"id":"teemveewz9ip981","previousEventId":"s13hqpstnbt0de5","previousOperationId":"23cb5qd37j3clmf"}
{"type":"log","timestamp":1706005882622,"level":"debug","message":"Base url not specified, skipping its injection.","meta":{"rootId":"un3h7e3ow21kfn7","id":"un3h7e3ow21kfn7"},"id":"17kpq3ppl1s571a","previousOperationId":"vqn4kzw2yhqbkmb"}
{"type":"operationStart","subtype":"engine","name":"handlebars","timestamp":1706005882623,"id":"beaki2k9572brse","previousEventId":"teemveewz9ip981","operationId":"53gtdpxj1qdx030","previousOperationId":"vqn4kzw2yhqbkmb"}
{"type":"log","timestamp":1706005882623,"level":"debug","message":"Rendering engine handlebars","meta":{"rootId":"un3h7e3ow21kfn7","id":"un3h7e3ow21kfn7"},"id":"clt6q5ly9gjd5sw","previousOperationId":"53gtdpxj1qdx030"}
{"type":"log","timestamp":1706005882654,"level":"debug","message":"(console:log) Pdf utils adding group field, value: \"France\"","meta":{"userLevel":true,"rootId":"un3h7e3ow21kfn7","id":"un3h7e3ow21kfn7"},"id":"lysjyrmejueantq","previousOperationId":"53gtdpxj1qdx030"}
{"type":"log","timestamp":1706005882655,"level":"debug","message":"(console:log) Pdf utils adding group field, value: \"Germany\"","meta":{"userLevel":true,"rootId":"un3h7e3ow21kfn7","id":"un3h7e3ow21kfn7"},"id":"ocyrfjzkoddx54b","previousOperationId":"53gtdpxj1qdx030"}
{"type":"operationEnd","operationId":"53gtdpxj1qdx030","timestamp":1706005882656,"id":"9squg2g9cmbl5ts","previousEventId":"beaki2k9572brse","previousOperationId":"53gtdpxj1qdx030"}
{"type":"operationStart","subtype":"recipe","name":"chrome-pdf","timestamp":1706005882658,"id":"2r70zbgbh390jck","previousEventId":"9squg2g9cmbl5ts","operationId":"co2mvhh5na6kb8b","previousOperationId":"53gtdpxj1qdx030"}
{"type":"log","timestamp":1706005882658,"level":"debug","message":"Executing recipe chrome-pdf","meta":{"rootId":"un3h7e3ow21kfn7","id":"un3h7e3ow21kfn7"},"id":"eyyorv1xpbgwh9c","previousOperationId":"co2mvhh5na6kb8b"}
{"type":"log","timestamp":1706005882665,"level":"debug","message":"Converting with chrome HeadlessChrome/117.0.5938.149 using chrome-pool strategy","meta":{"rootId":"un3h7e3ow21kfn7","id":"un3h7e3ow21kfn7"},"id":"uvnbqts1or0y8cl","previousOperationId":"co2mvhh5na6kb8b"}
{"type":"log","timestamp":1706005882914,"level":"debug","message":"Page request: GET (document) file:///C:/Users/franc/AppData/Local/Temp/jsreport/autocleanup/6da770b0-f89a-486d-8145-01b7799c88ca-chrome-pdf.html","meta":{"rootId":"un3h7e3ow21kfn7","id":"un3h7e3ow21kfn7"},"id":"gyxzrptfimuk9wo","previousOperationId":"co2mvhh5na6kb8b"}
{"type":"log","timestamp":1706005883027,"level":"debug","message":"Page request: GET (stylesheet) https://cdnjs.cloudflare.com/ajax/libs/metro/4.1.5/css/metro.min.css","meta":{"rootId":"un3h7e3ow21kfn7","id":"un3h7e3ow21kfn7"},"id":"dr6sobakqceu82a","previousOperationId":"co2mvhh5na6kb8b"}
{"type":"log","timestamp":1706005883028,"level":"debug","message":"Page request: GET (script) https://cdnjs.cloudflare.com/ajax/libs/Chart.js/2.7.2/Chart.min.js","meta":{"rootId":"un3h7e3ow21kfn7","id":"un3h7e3ow21kfn7"},"id":"xws8qrpdjefooq1","previousOperationId":"co2mvhh5na6kb8b"}
{"type":"log","timestamp":1706005883029,"level":"debug","message":"Page request finished: GET (document) 200 file:///C:/Users/franc/AppData/Local/Temp/jsreport/autocleanup/6da770b0-f89a-486d-8145-01b7799c88ca-chrome-pdf.html","meta":{"rootId":"un3h7e3ow21kfn7","id":"un3h7e3ow21kfn7"},"id":"fh7zpm00ewwqe77","previousOperationId":"co2mvhh5na6kb8b"}
{"type":"log","timestamp":1706005885570,"level":"debug","message":"Page request finished: GET (stylesheet) 200 https://cdnjs.cloudflare.com/ajax/libs/metro/4.1.5/css/metro.min.css","meta":{"rootId":"un3h7e3ow21kfn7","id":"un3h7e3ow21kfn7"},"id":"3nuvbpd19h11f2c","previousOperationId":"co2mvhh5na6kb8b"}
{"type":"log","timestamp":1706005885570,"level":"debug","message":"Page request finished: GET (script) 200 https://cdnjs.cloudflare.com/ajax/libs/Chart.js/2.7.2/Chart.min.js","meta":{"rootId":"un3h7e3ow21kfn7","id":"un3h7e3ow21kfn7"},"id":"a7cphtxo0t9amvd","previousOperationId":"co2mvhh5na6kb8b"}
{"type":"log","timestamp":1706005885791,"level":"debug","message":"Running chrome with params {\"printBackground\":true,\"marginTop\":\"4cm\",\"marginRight\":\"1.5cm\",\"marginBottom\":\"1.5cm\",\"marginLeft\":\"1.5cm\",\"waitForJS\":false,\"timeout\":56946,\"margin\":{\"top\":\"4cm\",\"right\":\"1.5cm\",\"bottom\":\"1.5cm\",\"left\":\"1.5cm\"}}","meta":{"rootId":"un3h7e3ow21kfn7","id":"un3h7e3ow21kfn7"},"id":"kzyizzw5yf7lz6i","previousOperationId":"co2mvhh5na6kb8b"}
{"type":"operationEnd","operationId":"co2mvhh5na6kb8b","timestamp":1706005886017,"id":"ww2n9wseea1q8c9","previousEventId":"2r70zbgbh390jck","previousOperationId":"co2mvhh5na6kb8b"}
{"type":"log","timestamp":1706005886017,"level":"info","message":"pdf-utils is starting pdf processing","meta":{"rootId":"un3h7e3ow21kfn7","id":"un3h7e3ow21kfn7"},"id":"hapcwtwezhwdl5b","previousOperationId":"co2mvhh5na6kb8b"}
{"type":"operationStart","subtype":"pdfUtils","name":"pdf utils","timestamp":1706005886018,"id":"uhdlgnd2n3d9js4","previousEventId":"ww2n9wseea1q8c9","operationId":"9un3456wqwcsxja","previousOperationId":"co2mvhh5na6kb8b"}
{"type":"log","timestamp":1706005886018,"level":"debug","message":"pdf-utils detected 1 pdf operation(s) to process","meta":{"rootId":"un3h7e3ow21kfn7","id":"un3h7e3ow21kfn7"},"id":"4nmfj4whjd8b76d","previousOperationId":"9un3456wqwcsxja"}
{"type":"log","timestamp":1706005886156,"level":"debug","message":"pdf-utils running pdf operation merge","meta":{"rootId":"un3h7e3ow21kfn7","id":"un3h7e3ow21kfn7"},"id":"98cz6czaxai5jlu","previousOperationId":"9un3456wqwcsxja"}
{"type":"operationStart","subtype":"pdfUtilsMerge","name":"pdf utils merge","previousOperationId":"9un3456wqwcsxja","timestamp":1706005886156,"id":"fajf0k6n2k7y4l7","previousEventId":"uhdlgnd2n3d9js4","operationId":"29ngmu4fvx0a992"}
{"type":"operationStart","subtype":"render","name":"orders-header","previousOperationId":"29ngmu4fvx0a992","timestamp":1706005886157,"id":"x4unap0e0i0s98t","previousEventId":"fajf0k6n2k7y4l7","operationId":"7qy18ihbhf7pfdi"}
{"type":"log","timestamp":1706005886157,"level":"info","message":"Starting rendering (child) request","meta":{"rootId":"un3h7e3ow21kfn7","id":"36xnxfcnvbwz583"},"id":"uwb5vyoo22n77dm","previousOperationId":"7qy18ihbhf7pfdi"}
{"type":"log","timestamp":1706005886157,"level":"info","message":"Rendering template { name: orders-header, recipe: chrome-pdf, engine: handlebars, preview: false }","meta":{"rootId":"un3h7e3ow21kfn7","id":"36xnxfcnvbwz583"},"id":"7v7as6hqox82vsz","previousOperationId":"7qy18ihbhf7pfdi"}
{"type":"log","timestamp":1706005886161,"level":"debug","message":"Inline data specified.","meta":{"rootId":"un3h7e3ow21kfn7","id":"36xnxfcnvbwz583"},"id":"s2dusd4b8l8n0vl","previousOperationId":"7qy18ihbhf7pfdi"}
{"type":"log","timestamp":1706005886165,"level":"debug","message":"Base url not specified, skipping its injection.","meta":{"rootId":"un3h7e3ow21kfn7","id":"36xnxfcnvbwz583"},"id":"np39w8218govy66","previousOperationId":"7qy18ihbhf7pfdi"}
{"type":"operationStart","subtype":"engine","name":"handlebars","timestamp":1706005886166,"id":"2m6u2l4c34oa58s","previousEventId":"x4unap0e0i0s98t","operationId":"06hpecxlh7yq2p4","previousOperationId":"7qy18ihbhf7pfdi"}
{"type":"log","timestamp":1706005886166,"level":"debug","message":"Rendering engine handlebars","meta":{"rootId":"un3h7e3ow21kfn7","id":"36xnxfcnvbwz583"},"id":"4ra4plkf71ryza6","previousOperationId":"06hpecxlh7yq2p4"}
{"type":"operationEnd","operationId":"06hpecxlh7yq2p4","timestamp":1706005886189,"id":"dsto2nkaznjcrkw","previousEventId":"2m6u2l4c34oa58s","previousOperationId":"06hpecxlh7yq2p4"}
{"type":"operationStart","subtype":"recipe","name":"chrome-pdf","timestamp":1706005886189,"id":"xsl8r8b5hljqzwb","previousEventId":"dsto2nkaznjcrkw","operationId":"me39ocec6jhrpf8","previousOperationId":"06hpecxlh7yq2p4"}
{"type":"log","timestamp":1706005886189,"level":"debug","message":"Executing recipe chrome-pdf","meta":{"rootId":"un3h7e3ow21kfn7","id":"36xnxfcnvbwz583"},"id":"mb1mpdnu950rnbs","previousOperationId":"me39ocec6jhrpf8"}
{"type":"log","timestamp":1706005886192,"level":"debug","message":"Converting with chrome HeadlessChrome/117.0.5938.149 using chrome-pool strategy","meta":{"rootId":"un3h7e3ow21kfn7","id":"36xnxfcnvbwz583"},"id":"30f1gv6w0uxgnr5","previousOperationId":"me39ocec6jhrpf8"}
{"type":"log","timestamp":1706005886328,"level":"debug","message":"Page request: GET (document) file:///C:/Users/franc/AppData/Local/Temp/jsreport/autocleanup/979ada77-e381-4eed-91bd-d224defac739-chrome-pdf.html","meta":{"rootId":"un3h7e3ow21kfn7","id":"36xnxfcnvbwz583"},"id":"co7jaz1hudar6sx","previousOperationId":"me39ocec6jhrpf8"}
{"type":"log","timestamp":1706005886348,"level":"debug","message":"Page request: GET (stylesheet) https://cdnjs.cloudflare.com/ajax/libs/metro/4.1.5/css/metro.min.css","meta":{"rootId":"un3h7e3ow21kfn7","id":"36xnxfcnvbwz583"},"id":"hpmcjgl84xhkcdf","previousOperationId":"me39ocec6jhrpf8"}
{"type":"log","timestamp":1706005886349,"level":"debug","message":"Page request finished: GET (document) 200 file:///C:/Users/franc/AppData/Local/Temp/jsreport/autocleanup/979ada77-e381-4eed-91bd-d224defac739-chrome-pdf.html","meta":{"rootId":"un3h7e3ow21kfn7","id":"36xnxfcnvbwz583"},"id":"oapxdyhsx994clu","previousOperationId":"me39ocec6jhrpf8"}
{"type":"log","timestamp":1706005886471,"level":"debug","message":"Page request finished: GET (stylesheet) 200 https://cdnjs.cloudflare.com/ajax/libs/metro/4.1.5/css/metro.min.css","meta":{"rootId":"un3h7e3ow21kfn7","id":"36xnxfcnvbwz583"},"id":"m8l0en3wo98bpjo","previousOperationId":"me39ocec6jhrpf8"}
{"type":"log","timestamp":1706005886474,"level":"debug","message":"Running chrome with params {\"printBackground\":true,\"marginTop\":\"1.5cm\",\"marginRight\":\"1.5cm\",\"marginLeft\":\"1.cm\",\"timeout\":53418,\"margin\":{\"top\":\"1.5cm\",\"right\":\"1.5cm\",\"left\":\"1.cm\"}}","meta":{"rootId":"un3h7e3ow21kfn7","id":"36xnxfcnvbwz583"},"id":"6g2h5ao4482zlfs","previousOperationId":"me39ocec6jhrpf8"}
{"type":"operationEnd","operationId":"me39ocec6jhrpf8","timestamp":1706005886546,"id":"6eskd6srgnirzvq","previousEventId":"xsl8r8b5hljqzwb","previousOperationId":"me39ocec6jhrpf8"}
{"type":"log","timestamp":1706005886546,"level":"debug","message":"Skipping storing report.","meta":{"rootId":"un3h7e3ow21kfn7","id":"36xnxfcnvbwz583"},"id":"b457t3h6o4i5das","previousOperationId":"me39ocec6jhrpf8"}
{"type":"log","timestamp":1706005886546,"level":"info","message":"Rendering (child) request finished in 6937 ms","meta":{"rootId":"un3h7e3ow21kfn7","id":"36xnxfcnvbwz583"},"id":"jzotzcmuxdw8f2z","previousOperationId":"me39ocec6jhrpf8"}
{"type":"operationEnd","subtype":"render","operationId":"7qy18ihbhf7pfdi","timestamp":1706005886546,"id":"uemvx3dt8tlc26x","previousEventId":"6eskd6srgnirzvq","previousOperationId":"me39ocec6jhrpf8"}
{"type":"operationEnd","operationId":"29ngmu4fvx0a992","timestamp":1706005886615,"id":"g15dria1gzyunf3","previousEventId":"fajf0k6n2k7y4l7","previousOperationId":"29ngmu4fvx0a992"}
{"type":"log","timestamp":1706005886615,"level":"debug","message":"pdf-utils postproces start","meta":{"rootId":"un3h7e3ow21kfn7","id":"un3h7e3ow21kfn7"},"id":"ptjtv1th4m6ynd7","previousOperationId":"29ngmu4fvx0a992"}
{"type":"log","timestamp":1706005886697,"level":"debug","message":"pdf-utils postproces end","meta":{"rootId":"un3h7e3ow21kfn7","id":"un3h7e3ow21kfn7"},"id":"nxt8ddyhhqngexe","previousOperationId":"29ngmu4fvx0a992"}
{"type":"operationEnd","operationId":"9un3456wqwcsxja","timestamp":1706005886697,"id":"1avd641ixerg4xl","previousEventId":"g15dria1gzyunf3","previousOperationId":"29ngmu4fvx0a992"}
{"type":"log","timestamp":1706005886697,"level":"info","message":"pdf-utils pdf processing was finished","meta":{"rootId":"un3h7e3ow21kfn7","id":"un3h7e3ow21kfn7"},"id":"9ag6gmvrof7tzbu","previousOperationId":"9un3456wqwcsxja"}
{"type":"log","timestamp":1706005886697,"level":"debug","message":"Skipping storing report.","meta":{"rootId":"un3h7e3ow21kfn7","id":"un3h7e3ow21kfn7"},"id":"fyr71ue8yhbuh8q","previousOperationId":"9un3456wqwcsxja"}
{"type":"log","timestamp":1706005886697,"level":"info","message":"Rendering request 15 finished in 7088 ms","meta":{"rootId":"un3h7e3ow21kfn7","id":"un3h7e3ow21kfn7"},"id":"kfzr0agw0o19hd7","previousOperationId":"9un3456wqwcsxja"}
{"type":"operationEnd","subtype":"render","operationId":"23cb5qd37j3clmf","timestamp":1706005886697,"id":"ynadu8e6ukbx9uc","previousEventId":"1avd641ixerg4xl","previousOperationId":"9un3456wqwcsxja"}
{"type":"operationEnd","doDiffs":false,"previousEventId":"nyp5h1i8neb6jzz","previousOperationId":"19s30buxwpa7666","operationId":"19s30buxwpa7666","timestamp":1706005886711,"id":"b9zt2ib7kpu80yn"}
