{"type":"operationStart","subtype":"profile","data":{"_id":"QgPUEB7fDNqyovgF","timestamp":"2024-01-18T11:27:00.826Z","state":"queued","mode":"standard","creationDate":"2024-01-18T11:27:00.828Z","modificationDate":"2024-01-18T11:27:00.828Z","shortid":"kKZt1-x","inheritedReadPermissions":[],"inheritedEditPermissions":[],"$entitySet":"profiles"},"doDiffs":false,"timestamp":1705577220827,"id":"tddvwpo06m7ymwa","previousOperationId":null,"operationId":"7p37ehkswjytguq"}
{"type":"log","level":"info","message":"Render request 2 queued for execution and waiting for available worker","previousOperationId":"7p37ehkswjytguq","timestamp":1705577220827,"id":"mgn1is20f5irso5"}
{"type":"operationStart","subtype":"render","name":"orders-main","previousOperationId":"7p37ehkswjytguq","timestamp":1705577220835,"id":"t5ymiw5l0d4tefu","previousEventId":"tddvwpo06m7ymwa","operationId":"zxuv9bwk1b2n6d8"}
{"type":"log","timestamp":1705577220836,"level":"info","message":"Starting rendering request 2 (user: admin)","meta":{"rootId":"wk1qi73rh1vxhcf","id":"wk1qi73rh1vxhcf"},"id":"4etojj3fzj7dvo0","previousOperationId":"zxuv9bwk1b2n6d8"}
{"type":"log","timestamp":1705577220836,"level":"info","message":"Rendering template { name: orders-main, recipe: chrome-pdf, engine: handlebars, preview: true }","meta":{"rootId":"wk1qi73rh1vxhcf","id":"wk1qi73rh1vxhcf"},"id":"jvnja2dtbe8rvu1","previousOperationId":"zxuv9bwk1b2n6d8"}
{"type":"log","timestamp":1705577220842,"level":"debug","message":"Data item not defined for this template.","meta":{"rootId":"wk1qi73rh1vxhcf","id":"wk1qi73rh1vxhcf"},"id":"g8elycc1wgsitzh","previousOperationId":"zxuv9bwk1b2n6d8"}
{"type":"log","timestamp":1705577220845,"level":"debug","message":"Executing script orders-script (beforeRender)","meta":{"rootId":"wk1qi73rh1vxhcf","id":"wk1qi73rh1vxhcf"},"id":"8gwrhqykl3v3t07","previousOperationId":"zxuv9bwk1b2n6d8"}
{"type":"operationStart","subtype":"scriptsBeforeRender","name":"scripts beforeRender","timestamp":1705577221061,"id":"zifz35zh4s83tt0","previousEventId":"t5ymiw5l0d4tefu","operationId":"priihbuvtpx2uzt","previousOperationId":"zxuv9bwk1b2n6d8"}
{"type":"operationStart","subtype":"script","name":"scripts orders-script","previousOperationId":"priihbuvtpx2uzt","timestamp":1705577221061,"id":"j7ecdwblzjd6vfr","previousEventId":"zifz35zh4s83tt0","operationId":"4rrnr6qksia6ox6"}
{"type":"operationEnd","operationId":"4rrnr6qksia6ox6","timestamp":1705577222366,"id":"ou5s0mh35nzgnya","previousEventId":"t5ymiw5l0d4tefu","previousOperationId":"zxuv9bwk1b2n6d8"}
{"type":"operationEnd","operationId":"priihbuvtpx2uzt","timestamp":1705577222366,"id":"d4tpzt4mejzj1b1","previousEventId":"ou5s0mh35nzgnya","previousOperationId":"zxuv9bwk1b2n6d8"}
{"type":"log","timestamp":1705577222366,"level":"debug","message":"Base url not specified, skipping its injection.","meta":{"rootId":"wk1qi73rh1vxhcf","id":"wk1qi73rh1vxhcf"},"id":"dquqiew81rjjqkz","previousOperationId":"priihbuvtpx2uzt"}
{"type":"operationStart","subtype":"engine","name":"handlebars","timestamp":1705577222367,"id":"gkr7rkzf19iq88x","previousEventId":"d4tpzt4mejzj1b1","operationId":"6mar60z1v88hiph","previousOperationId":"priihbuvtpx2uzt"}
{"type":"log","timestamp":1705577222367,"level":"debug","message":"Rendering engine handlebars","meta":{"rootId":"wk1qi73rh1vxhcf","id":"wk1qi73rh1vxhcf"},"id":"akhq82ap9wr7vvy","previousOperationId":"6mar60z1v88hiph"}
{"type":"log","timestamp":1705577222602,"level":"debug","message":"(console:log) Pdf utils adding group field, value: \"France\"","meta":{"userLevel":true,"rootId":"wk1qi73rh1vxhcf","id":"wk1qi73rh1vxhcf"},"id":"q31pxz3c8xync5p","previousOperationId":"6mar60z1v88hiph"}
{"type":"log","timestamp":1705577222603,"level":"debug","message":"(console:log) Pdf utils adding group field, value: \"Germany\"","meta":{"userLevel":true,"rootId":"wk1qi73rh1vxhcf","id":"wk1qi73rh1vxhcf"},"id":"iagsyji4kyjkskr","previousOperationId":"6mar60z1v88hiph"}
{"type":"operationEnd","operationId":"6mar60z1v88hiph","timestamp":1705577222603,"id":"3c6i2q5piuv9cvc","previousEventId":"gkr7rkzf19iq88x","previousOperationId":"6mar60z1v88hiph"}
{"type":"operationStart","subtype":"recipe","name":"chrome-pdf","timestamp":1705577222604,"id":"wxkagljzq1qbi3c","previousEventId":"3c6i2q5piuv9cvc","operationId":"x67z4mof6uqnt8s","previousOperationId":"6mar60z1v88hiph"}
{"type":"log","timestamp":1705577222604,"level":"debug","message":"Executing recipe chrome-pdf","meta":{"rootId":"wk1qi73rh1vxhcf","id":"wk1qi73rh1vxhcf"},"id":"nvbqrlnbb3djlsv","previousOperationId":"x67z4mof6uqnt8s"}
{"type":"log","timestamp":1705577223120,"level":"debug","message":"Converting with chrome HeadlessChrome/117.0.5938.149 using chrome-pool strategy","meta":{"rootId":"wk1qi73rh1vxhcf","id":"wk1qi73rh1vxhcf"},"id":"iyu55rang4bqmfo","previousOperationId":"x67z4mof6uqnt8s"}
{"type":"log","timestamp":1705577223269,"level":"debug","message":"Page request: GET (document) file:///C:/Users/javie/AppData/Local/Temp/jsreport/autocleanup/e99c78a7-775c-4a8b-8a5e-38b0de1d0f47-chrome-pdf.html","meta":{"rootId":"wk1qi73rh1vxhcf","id":"wk1qi73rh1vxhcf"},"id":"byf1pi6l47y7cdk","previousOperationId":"x67z4mof6uqnt8s"}
{"type":"log","timestamp":1705577223315,"level":"debug","message":"Page request: GET (stylesheet) https://cdnjs.cloudflare.com/ajax/libs/metro/4.1.5/css/metro.min.css","meta":{"rootId":"wk1qi73rh1vxhcf","id":"wk1qi73rh1vxhcf"},"id":"8wqxpawiyy9mvfm","previousOperationId":"x67z4mof6uqnt8s"}
{"type":"log","timestamp":1705577223316,"level":"debug","message":"Page request: GET (script) https://cdnjs.cloudflare.com/ajax/libs/Chart.js/2.7.2/Chart.min.js","meta":{"rootId":"wk1qi73rh1vxhcf","id":"wk1qi73rh1vxhcf"},"id":"ddb1dbzq9fji4gx","previousOperationId":"x67z4mof6uqnt8s"}
{"type":"log","timestamp":1705577223317,"level":"debug","message":"Page request finished: GET (document) 200 file:///C:/Users/javie/AppData/Local/Temp/jsreport/autocleanup/e99c78a7-775c-4a8b-8a5e-38b0de1d0f47-chrome-pdf.html","meta":{"rootId":"wk1qi73rh1vxhcf","id":"wk1qi73rh1vxhcf"},"id":"cllnsfqdhwjkv7d","previousOperationId":"x67z4mof6uqnt8s"}
{"type":"log","timestamp":1705577225763,"level":"debug","message":"Page request finished: GET (stylesheet) 200 https://cdnjs.cloudflare.com/ajax/libs/metro/4.1.5/css/metro.min.css","meta":{"rootId":"wk1qi73rh1vxhcf","id":"wk1qi73rh1vxhcf"},"id":"4wujcjnu2c2dc9s","previousOperationId":"x67z4mof6uqnt8s"}
{"type":"log","timestamp":1705577225776,"level":"debug","message":"Page request finished: GET (script) 200 https://cdnjs.cloudflare.com/ajax/libs/Chart.js/2.7.2/Chart.min.js","meta":{"rootId":"wk1qi73rh1vxhcf","id":"wk1qi73rh1vxhcf"},"id":"jjotz67vk1h48li","previousOperationId":"x67z4mof6uqnt8s"}
{"type":"log","timestamp":1705577225847,"level":"debug","message":"Running chrome with params {\"printBackground\":true,\"marginTop\":\"4cm\",\"marginRight\":\"1.5cm\",\"marginBottom\":\"1.5cm\",\"marginLeft\":\"1.5cm\",\"waitForJS\":false,\"timeout\":57877,\"margin\":{\"top\":\"4cm\",\"right\":\"1.5cm\",\"bottom\":\"1.5cm\",\"left\":\"1.5cm\"}}","meta":{"rootId":"wk1qi73rh1vxhcf","id":"wk1qi73rh1vxhcf"},"id":"03koq05824wwbxq","previousOperationId":"x67z4mof6uqnt8s"}
{"type":"operationEnd","operationId":"x67z4mof6uqnt8s","timestamp":1705577225987,"id":"oky7chzizpyos4u","previousEventId":"wxkagljzq1qbi3c","previousOperationId":"x67z4mof6uqnt8s"}
{"type":"log","timestamp":1705577225987,"level":"info","message":"pdf-utils is starting pdf processing","meta":{"rootId":"wk1qi73rh1vxhcf","id":"wk1qi73rh1vxhcf"},"id":"031vkt9ejzw6hkf","previousOperationId":"x67z4mof6uqnt8s"}
{"type":"operationStart","subtype":"pdfUtils","name":"pdf utils","timestamp":1705577226202,"id":"v5nlfreayp8oeio","previousEventId":"oky7chzizpyos4u","operationId":"9421uc9tgf0cxwf","previousOperationId":"x67z4mof6uqnt8s"}
{"type":"log","timestamp":1705577226202,"level":"debug","message":"pdf-utils detected 1 pdf operation(s) to process","meta":{"rootId":"wk1qi73rh1vxhcf","id":"wk1qi73rh1vxhcf"},"id":"6bb51t8114ls9q5","previousOperationId":"9421uc9tgf0cxwf"}
{"type":"log","timestamp":1705577226406,"level":"debug","message":"pdf-utils running pdf operation merge","meta":{"rootId":"wk1qi73rh1vxhcf","id":"wk1qi73rh1vxhcf"},"id":"pobba80nr51x1rj","previousOperationId":"9421uc9tgf0cxwf"}
{"type":"operationStart","subtype":"pdfUtilsMerge","name":"pdf utils merge","previousOperationId":"9421uc9tgf0cxwf","timestamp":1705577226406,"id":"724rutdtx17uxv2","previousEventId":"v5nlfreayp8oeio","operationId":"ue0rmjbimhypbdx"}
{"type":"operationStart","subtype":"render","name":"orders-header","previousOperationId":"ue0rmjbimhypbdx","timestamp":1705577226408,"id":"wy2xtc6mvpcj9t0","previousEventId":"724rutdtx17uxv2","operationId":"7i83hu1o3bqzhyx"}
{"type":"log","timestamp":1705577226408,"level":"info","message":"Starting rendering (child) request (user: admin)","meta":{"rootId":"wk1qi73rh1vxhcf","id":"x2i7sdcefio7lwz"},"id":"iplirsje22str89","previousOperationId":"7i83hu1o3bqzhyx"}
{"type":"log","timestamp":1705577226408,"level":"info","message":"Rendering template { name: orders-header, recipe: chrome-pdf, engine: handlebars, preview: true }","meta":{"rootId":"wk1qi73rh1vxhcf","id":"x2i7sdcefio7lwz"},"id":"2z14srr0yw41680","previousOperationId":"7i83hu1o3bqzhyx"}
{"type":"log","timestamp":1705577226414,"level":"debug","message":"Inline data specified.","meta":{"rootId":"wk1qi73rh1vxhcf","id":"x2i7sdcefio7lwz"},"id":"nl5sihj4jj8bhru","previousOperationId":"7i83hu1o3bqzhyx"}
{"type":"log","timestamp":1705577226417,"level":"debug","message":"Base url not specified, skipping its injection.","meta":{"rootId":"wk1qi73rh1vxhcf","id":"x2i7sdcefio7lwz"},"id":"gyg70gouls4uosf","previousOperationId":"7i83hu1o3bqzhyx"}
{"type":"operationStart","subtype":"engine","name":"handlebars","timestamp":1705577226417,"id":"xeqtvrr5qpurs4k","previousEventId":"wy2xtc6mvpcj9t0","operationId":"xf6vjjul9dnbt6d","previousOperationId":"7i83hu1o3bqzhyx"}
{"type":"log","timestamp":1705577226418,"level":"debug","message":"Rendering engine handlebars","meta":{"rootId":"wk1qi73rh1vxhcf","id":"x2i7sdcefio7lwz"},"id":"cgkbkw6urt5ij77","previousOperationId":"xf6vjjul9dnbt6d"}
{"type":"operationEnd","operationId":"xf6vjjul9dnbt6d","timestamp":1705577226447,"id":"0j7bq48j79q9waz","previousEventId":"xeqtvrr5qpurs4k","previousOperationId":"xf6vjjul9dnbt6d"}
{"type":"operationStart","subtype":"recipe","name":"chrome-pdf","timestamp":1705577226447,"id":"sxsktajjx1491za","previousEventId":"0j7bq48j79q9waz","operationId":"zwk2y9zeqopanrt","previousOperationId":"xf6vjjul9dnbt6d"}
{"type":"log","timestamp":1705577226447,"level":"debug","message":"Executing recipe chrome-pdf","meta":{"rootId":"wk1qi73rh1vxhcf","id":"x2i7sdcefio7lwz"},"id":"ht3yv0um9rupk5t","previousOperationId":"zwk2y9zeqopanrt"}
{"type":"log","timestamp":1705577226449,"level":"debug","message":"Converting with chrome HeadlessChrome/117.0.5938.149 using chrome-pool strategy","meta":{"rootId":"wk1qi73rh1vxhcf","id":"x2i7sdcefio7lwz"},"id":"1jvoy9womgmww51","previousOperationId":"zwk2y9zeqopanrt"}
{"type":"log","timestamp":1705577226551,"level":"debug","message":"Page request: GET (document) file:///C:/Users/javie/AppData/Local/Temp/jsreport/autocleanup/48fee9e5-1926-4557-b132-c83ed82974dd-chrome-pdf.html","meta":{"rootId":"wk1qi73rh1vxhcf","id":"x2i7sdcefio7lwz"},"id":"d5z0zvyl3dyos0t","previousOperationId":"zwk2y9zeqopanrt"}
{"type":"log","timestamp":1705577226571,"level":"debug","message":"Page request: GET (stylesheet) https://cdnjs.cloudflare.com/ajax/libs/metro/4.1.5/css/metro.min.css","meta":{"rootId":"wk1qi73rh1vxhcf","id":"x2i7sdcefio7lwz"},"id":"gq0wyxkpf17qtj3","previousOperationId":"zwk2y9zeqopanrt"}
{"type":"log","timestamp":1705577226572,"level":"debug","message":"Page request finished: GET (document) 200 file:///C:/Users/javie/AppData/Local/Temp/jsreport/autocleanup/48fee9e5-1926-4557-b132-c83ed82974dd-chrome-pdf.html","meta":{"rootId":"wk1qi73rh1vxhcf","id":"x2i7sdcefio7lwz"},"id":"4lwkukzxiic5xdb","previousOperationId":"zwk2y9zeqopanrt"}
{"type":"log","timestamp":1705577226589,"level":"debug","message":"Page request finished: GET (stylesheet) 200 https://cdnjs.cloudflare.com/ajax/libs/metro/4.1.5/css/metro.min.css","meta":{"rootId":"wk1qi73rh1vxhcf","id":"x2i7sdcefio7lwz"},"id":"6fm27thjxvlo9rz","previousOperationId":"zwk2y9zeqopanrt"}
{"type":"log","timestamp":1705577226609,"level":"debug","message":"Running chrome with params {\"printBackground\":true,\"marginTop\":\"1.5cm\",\"marginRight\":\"1.5cm\",\"marginLeft\":\"1.cm\",\"timeout\":54378,\"margin\":{\"top\":\"1.5cm\",\"right\":\"1.5cm\",\"left\":\"1.cm\"}}","meta":{"rootId":"wk1qi73rh1vxhcf","id":"x2i7sdcefio7lwz"},"id":"cn8zj34cjb1oju8","previousOperationId":"zwk2y9zeqopanrt"}
{"type":"operationEnd","operationId":"zwk2y9zeqopanrt","timestamp":1705577226639,"id":"8lp3qslyb8iok2a","previousEventId":"sxsktajjx1491za","previousOperationId":"zwk2y9zeqopanrt"}
{"type":"log","timestamp":1705577226640,"level":"debug","message":"Skipping storing report.","meta":{"rootId":"wk1qi73rh1vxhcf","id":"x2i7sdcefio7lwz"},"id":"b30rm1qhei02uwy","previousOperationId":"zwk2y9zeqopanrt"}
{"type":"log","timestamp":1705577226640,"level":"info","message":"Rendering (child) request finished in 5814 ms","meta":{"rootId":"wk1qi73rh1vxhcf","id":"x2i7sdcefio7lwz"},"id":"d27915t81aajpl8","previousOperationId":"zwk2y9zeqopanrt"}
{"type":"operationEnd","subtype":"render","operationId":"7i83hu1o3bqzhyx","timestamp":1705577226640,"id":"jeftucvv2yemr1m","previousEventId":"8lp3qslyb8iok2a","previousOperationId":"zwk2y9zeqopanrt"}
{"type":"operationEnd","operationId":"ue0rmjbimhypbdx","timestamp":1705577226666,"id":"9nv1wtt8j7ldvgh","previousEventId":"724rutdtx17uxv2","previousOperationId":"ue0rmjbimhypbdx"}
{"type":"log","timestamp":1705577226666,"level":"debug","message":"pdf-utils postproces start","meta":{"rootId":"wk1qi73rh1vxhcf","id":"wk1qi73rh1vxhcf"},"id":"gd0m9q6wjz95l43","previousOperationId":"ue0rmjbimhypbdx"}
{"type":"log","timestamp":1705577226690,"level":"debug","message":"pdf-utils postproces end","meta":{"rootId":"wk1qi73rh1vxhcf","id":"wk1qi73rh1vxhcf"},"id":"io54bdhyqx7xcw7","previousOperationId":"ue0rmjbimhypbdx"}
{"type":"operationEnd","operationId":"9421uc9tgf0cxwf","timestamp":1705577226690,"id":"ajqbt6un58ba796","previousEventId":"9nv1wtt8j7ldvgh","previousOperationId":"ue0rmjbimhypbdx"}
{"type":"log","timestamp":1705577226690,"level":"info","message":"pdf-utils pdf processing was finished","meta":{"rootId":"wk1qi73rh1vxhcf","id":"wk1qi73rh1vxhcf"},"id":"mhvrvbckk48dta8","previousOperationId":"9421uc9tgf0cxwf"}
{"type":"log","timestamp":1705577226690,"level":"debug","message":"Skipping storing report.","meta":{"rootId":"wk1qi73rh1vxhcf","id":"wk1qi73rh1vxhcf"},"id":"snz8pfkifczobr9","previousOperationId":"9421uc9tgf0cxwf"}
{"type":"log","timestamp":1705577226690,"level":"info","message":"Rendering request 2 finished in 5864 ms","meta":{"rootId":"wk1qi73rh1vxhcf","id":"wk1qi73rh1vxhcf"},"id":"88fs8grfpwaphr2","previousOperationId":"9421uc9tgf0cxwf"}
{"type":"operationEnd","subtype":"render","operationId":"zxuv9bwk1b2n6d8","timestamp":1705577226690,"id":"29a1mo0inu0j7l9","previousEventId":"ajqbt6un58ba796","previousOperationId":"9421uc9tgf0cxwf"}
{"type":"operationEnd","doDiffs":false,"previousEventId":"tddvwpo06m7ymwa","previousOperationId":"7p37ehkswjytguq","operationId":"7p37ehkswjytguq","timestamp":1705577226698,"id":"lsaewkj1mbe9o7u"}
