{"type":"operationStart","subtype":"profile","data":{"_id":"Ar0S2cGCc6581jf6","timestamp":"2024-01-23T10:58:14.209Z","state":"queued","mode":"standard","creationDate":"2024-01-23T10:58:14.213Z","modificationDate":"2024-01-23T10:58:14.213Z","shortid":"nCo0mcj","$entitySet":"profiles"},"doDiffs":false,"timestamp":1706007494210,"id":"3pahzvg2es8n0nu","previousOperationId":null,"operationId":"xn7kl01yzy7pf0h"}
{"type":"log","level":"info","message":"Render request 52 queued for execution and waiting for available worker","previousOperationId":"xn7kl01yzy7pf0h","timestamp":1706007494210,"id":"7u6yvordr7wjj1g"}
{"type":"operationStart","subtype":"render","name":"orders-main","previousOperationId":"xn7kl01yzy7pf0h","timestamp":1706007494224,"id":"01j5ey0e6mn4mj1","previousEventId":"3pahzvg2es8n0nu","operationId":"y7wwuxyc992x2h4"}
{"type":"log","timestamp":1706007494224,"level":"info","message":"Starting rendering request 52","meta":{"rootId":"zeh7m0x2tu3qxiq","id":"zeh7m0x2tu3qxiq"},"id":"krapsaup4cmyjg4","previousOperationId":"y7wwuxyc992x2h4"}
{"type":"log","timestamp":1706007494224,"level":"info","message":"Rendering template { name: orders-main, recipe: chrome-pdf, engine: handlebars, preview: false }","meta":{"rootId":"zeh7m0x2tu3qxiq","id":"zeh7m0x2tu3qxiq"},"id":"pnv7f5nxjnu8g4x","previousOperationId":"y7wwuxyc992x2h4"}
{"type":"log","timestamp":1706007494229,"level":"debug","message":"Inline data specified.","meta":{"rootId":"zeh7m0x2tu3qxiq","id":"zeh7m0x2tu3qxiq"},"id":"ykh6jm03ajm4gzp","previousOperationId":"y7wwuxyc992x2h4"}
{"type":"log","timestamp":1706007494238,"level":"debug","message":"Executing script orders-script (beforeRender)","meta":{"rootId":"zeh7m0x2tu3qxiq","id":"zeh7m0x2tu3qxiq"},"id":"p5i44sixs10f75w","previousOperationId":"y7wwuxyc992x2h4"}
{"type":"operationStart","subtype":"scriptsBeforeRender","name":"scripts beforeRender","timestamp":1706007494256,"id":"i0x3nxtu9q2id1t","previousEventId":"01j5ey0e6mn4mj1","operationId":"lf4lha2vh6q73ox","previousOperationId":"y7wwuxyc992x2h4"}
{"type":"operationStart","subtype":"script","name":"scripts orders-script","previousOperationId":"lf4lha2vh6q73ox","timestamp":1706007494256,"id":"c595a7v8daoyca9","previousEventId":"i0x3nxtu9q2id1t","operationId":"q3f0h71ywk0f4wr"}
{"type":"operationEnd","operationId":"q3f0h71ywk0f4wr","timestamp":1706007496272,"id":"v4jchcawkbxii7b","previousEventId":"01j5ey0e6mn4mj1","previousOperationId":"y7wwuxyc992x2h4"}
{"type":"operationEnd","operationId":"lf4lha2vh6q73ox","timestamp":1706007496275,"id":"81hytqzlzk5xsna","previousEventId":"v4jchcawkbxii7b","previousOperationId":"y7wwuxyc992x2h4"}
{"type":"log","timestamp":1706007496275,"level":"debug","message":"Base url not specified, skipping its injection.","meta":{"rootId":"zeh7m0x2tu3qxiq","id":"zeh7m0x2tu3qxiq"},"id":"3m4kk481bmxz3sw","previousOperationId":"lf4lha2vh6q73ox"}
{"type":"operationStart","subtype":"engine","name":"handlebars","timestamp":1706007496276,"id":"t01yalrtr7hvkto","previousEventId":"81hytqzlzk5xsna","operationId":"7fpyww2fdtmqsy9","previousOperationId":"lf4lha2vh6q73ox"}
{"type":"log","timestamp":1706007496276,"level":"debug","message":"Rendering engine handlebars","meta":{"rootId":"zeh7m0x2tu3qxiq","id":"zeh7m0x2tu3qxiq"},"id":"v1ti65s7cddcy4g","previousOperationId":"7fpyww2fdtmqsy9"}
{"type":"log","timestamp":1706007496304,"level":"debug","message":"(console:log) Pdf utils adding group field, value: \"France\"","meta":{"userLevel":true,"rootId":"zeh7m0x2tu3qxiq","id":"zeh7m0x2tu3qxiq"},"id":"w77v7zhp4z5vfbf","previousOperationId":"7fpyww2fdtmqsy9"}
{"type":"log","timestamp":1706007496306,"level":"debug","message":"(console:log) Pdf utils adding group field, value: \"Germany\"","meta":{"userLevel":true,"rootId":"zeh7m0x2tu3qxiq","id":"zeh7m0x2tu3qxiq"},"id":"wuqkijzi8x2dtlp","previousOperationId":"7fpyww2fdtmqsy9"}
{"type":"operationEnd","operationId":"7fpyww2fdtmqsy9","timestamp":1706007496308,"id":"0cseg8ls4mlkkrp","previousEventId":"t01yalrtr7hvkto","previousOperationId":"7fpyww2fdtmqsy9"}
{"type":"operationStart","subtype":"recipe","name":"chrome-pdf","timestamp":1706007496310,"id":"d88tidd03q6w5i8","previousEventId":"0cseg8ls4mlkkrp","operationId":"9rqqq2qgvzks63g","previousOperationId":"7fpyww2fdtmqsy9"}
{"type":"log","timestamp":1706007496310,"level":"debug","message":"Executing recipe chrome-pdf","meta":{"rootId":"zeh7m0x2tu3qxiq","id":"zeh7m0x2tu3qxiq"},"id":"tmybb2his6pb34w","previousOperationId":"9rqqq2qgvzks63g"}
{"type":"log","timestamp":1706007496317,"level":"debug","message":"Converting with chrome HeadlessChrome/117.0.5938.149 using chrome-pool strategy","meta":{"rootId":"zeh7m0x2tu3qxiq","id":"zeh7m0x2tu3qxiq"},"id":"ozqs5i35g31634y","previousOperationId":"9rqqq2qgvzks63g"}
{"type":"log","timestamp":1706007496614,"level":"debug","message":"Page request: GET (document) file:///C:/Users/franc/AppData/Local/Temp/jsreport/autocleanup/1d9240a4-5849-4aa8-a2ed-e6e9304df724-chrome-pdf.html","meta":{"rootId":"zeh7m0x2tu3qxiq","id":"zeh7m0x2tu3qxiq"},"id":"irtyr1ohxyw23l6","previousOperationId":"9rqqq2qgvzks63g"}
{"type":"log","timestamp":1706007496761,"level":"debug","message":"Page request: GET (stylesheet) https://cdnjs.cloudflare.com/ajax/libs/metro/4.1.5/css/metro.min.css","meta":{"rootId":"zeh7m0x2tu3qxiq","id":"zeh7m0x2tu3qxiq"},"id":"warvfsirmah6ha9","previousOperationId":"9rqqq2qgvzks63g"}
{"type":"log","timestamp":1706007496762,"level":"debug","message":"Page request: GET (script) https://cdnjs.cloudflare.com/ajax/libs/Chart.js/2.7.2/Chart.min.js","meta":{"rootId":"zeh7m0x2tu3qxiq","id":"zeh7m0x2tu3qxiq"},"id":"m1diajyeh7i2rig","previousOperationId":"9rqqq2qgvzks63g"}
{"type":"log","timestamp":1706007496762,"level":"debug","message":"Page request finished: GET (document) 200 file:///C:/Users/franc/AppData/Local/Temp/jsreport/autocleanup/1d9240a4-5849-4aa8-a2ed-e6e9304df724-chrome-pdf.html","meta":{"rootId":"zeh7m0x2tu3qxiq","id":"zeh7m0x2tu3qxiq"},"id":"0tyqh3nwvnkju5k","previousOperationId":"9rqqq2qgvzks63g"}
{"type":"log","timestamp":1706007496820,"level":"debug","message":"Page request finished: GET (stylesheet) 200 https://cdnjs.cloudflare.com/ajax/libs/metro/4.1.5/css/metro.min.css","meta":{"rootId":"zeh7m0x2tu3qxiq","id":"zeh7m0x2tu3qxiq"},"id":"mfxdt83apagwbaf","previousOperationId":"9rqqq2qgvzks63g"}
{"type":"log","timestamp":1706007496821,"level":"debug","message":"Page request finished: GET (script) 200 https://cdnjs.cloudflare.com/ajax/libs/Chart.js/2.7.2/Chart.min.js","meta":{"rootId":"zeh7m0x2tu3qxiq","id":"zeh7m0x2tu3qxiq"},"id":"yqd4jbr0lkzt734","previousOperationId":"9rqqq2qgvzks63g"}
{"type":"log","timestamp":1706007497066,"level":"debug","message":"Running chrome with params {\"printBackground\":true,\"marginTop\":\"4cm\",\"marginRight\":\"1.5cm\",\"marginBottom\":\"1.5cm\",\"marginLeft\":\"1.5cm\",\"waitForJS\":false,\"timeout\":57895,\"margin\":{\"top\":\"4cm\",\"right\":\"1.5cm\",\"bottom\":\"1.5cm\",\"left\":\"1.5cm\"}}","meta":{"rootId":"zeh7m0x2tu3qxiq","id":"zeh7m0x2tu3qxiq"},"id":"wqss3f4f8qutx6z","previousOperationId":"9rqqq2qgvzks63g"}
{"type":"operationEnd","operationId":"9rqqq2qgvzks63g","timestamp":1706007497401,"id":"7ey5va68gtyv66c","previousEventId":"d88tidd03q6w5i8","previousOperationId":"9rqqq2qgvzks63g"}
{"type":"log","timestamp":1706007497401,"level":"info","message":"pdf-utils is starting pdf processing","meta":{"rootId":"zeh7m0x2tu3qxiq","id":"zeh7m0x2tu3qxiq"},"id":"g54h5tvzhs43i71","previousOperationId":"9rqqq2qgvzks63g"}
{"type":"operationStart","subtype":"pdfUtils","name":"pdf utils","timestamp":1706007497401,"id":"2hpf9pudy9rt0pq","previousEventId":"7ey5va68gtyv66c","operationId":"yfmcwoyo8b5a6x6","previousOperationId":"9rqqq2qgvzks63g"}
{"type":"log","timestamp":1706007497402,"level":"debug","message":"pdf-utils detected 1 pdf operation(s) to process","meta":{"rootId":"zeh7m0x2tu3qxiq","id":"zeh7m0x2tu3qxiq"},"id":"e6uvi6hxq3by03v","previousOperationId":"yfmcwoyo8b5a6x6"}
{"type":"log","timestamp":1706007497519,"level":"debug","message":"pdf-utils running pdf operation merge","meta":{"rootId":"zeh7m0x2tu3qxiq","id":"zeh7m0x2tu3qxiq"},"id":"9qm1uyjmj4pinyf","previousOperationId":"yfmcwoyo8b5a6x6"}
{"type":"operationStart","subtype":"pdfUtilsMerge","name":"pdf utils merge","previousOperationId":"yfmcwoyo8b5a6x6","timestamp":1706007497519,"id":"f4dkdi4hiku4kqo","previousEventId":"2hpf9pudy9rt0pq","operationId":"prxt2aexnla4lvg"}
{"type":"operationStart","subtype":"render","name":"orders-header","previousOperationId":"prxt2aexnla4lvg","timestamp":1706007497521,"id":"5bba1am6pomod60","previousEventId":"f4dkdi4hiku4kqo","operationId":"gq15n0zt1unxmww"}
{"type":"log","timestamp":1706007497522,"level":"info","message":"Starting rendering (child) request","meta":{"rootId":"zeh7m0x2tu3qxiq","id":"dw7ugi5n0n08pre"},"id":"si93zk3tszcu5wz","previousOperationId":"gq15n0zt1unxmww"}
{"type":"log","timestamp":1706007497522,"level":"info","message":"Rendering template { name: orders-header, recipe: chrome-pdf, engine: handlebars, preview: false }","meta":{"rootId":"zeh7m0x2tu3qxiq","id":"dw7ugi5n0n08pre"},"id":"nrxaiucoph8l5f8","previousOperationId":"gq15n0zt1unxmww"}
{"type":"log","timestamp":1706007497528,"level":"debug","message":"Inline data specified.","meta":{"rootId":"zeh7m0x2tu3qxiq","id":"dw7ugi5n0n08pre"},"id":"eup3zu7tkau9zzx","previousOperationId":"gq15n0zt1unxmww"}
{"type":"log","timestamp":1706007497532,"level":"debug","message":"Base url not specified, skipping its injection.","meta":{"rootId":"zeh7m0x2tu3qxiq","id":"dw7ugi5n0n08pre"},"id":"g2frpmi5h8li1zd","previousOperationId":"gq15n0zt1unxmww"}
{"type":"operationStart","subtype":"engine","name":"handlebars","timestamp":1706007497532,"id":"p2wn1elj9bh9lds","previousEventId":"5bba1am6pomod60","operationId":"nca9c9i7kkbzuzf","previousOperationId":"gq15n0zt1unxmww"}
{"type":"log","timestamp":1706007497532,"level":"debug","message":"Rendering engine handlebars","meta":{"rootId":"zeh7m0x2tu3qxiq","id":"dw7ugi5n0n08pre"},"id":"4rcgh15djqdvd49","previousOperationId":"nca9c9i7kkbzuzf"}
{"type":"operationEnd","operationId":"nca9c9i7kkbzuzf","timestamp":1706007497558,"id":"rop8ywsse91xnfq","previousEventId":"p2wn1elj9bh9lds","previousOperationId":"nca9c9i7kkbzuzf"}
{"type":"operationStart","subtype":"recipe","name":"chrome-pdf","timestamp":1706007497558,"id":"632vf4c6yxj3o6r","previousEventId":"rop8ywsse91xnfq","operationId":"7h5o43ppigcnre8","previousOperationId":"nca9c9i7kkbzuzf"}
{"type":"log","timestamp":1706007497558,"level":"debug","message":"Executing recipe chrome-pdf","meta":{"rootId":"zeh7m0x2tu3qxiq","id":"dw7ugi5n0n08pre"},"id":"ypyab2vanu6nv97","previousOperationId":"7h5o43ppigcnre8"}
{"type":"log","timestamp":1706007497563,"level":"debug","message":"Converting with chrome HeadlessChrome/117.0.5938.149 using chrome-pool strategy","meta":{"rootId":"zeh7m0x2tu3qxiq","id":"dw7ugi5n0n08pre"},"id":"jipwt4glo018tiy","previousOperationId":"7h5o43ppigcnre8"}
{"type":"log","timestamp":1706007497762,"level":"debug","message":"Page request: GET (document) file:///C:/Users/franc/AppData/Local/Temp/jsreport/autocleanup/5f1a18a6-81d0-457d-81b3-913dcd018e6a-chrome-pdf.html","meta":{"rootId":"zeh7m0x2tu3qxiq","id":"dw7ugi5n0n08pre"},"id":"lf1jt1uenavx6gw","previousOperationId":"7h5o43ppigcnre8"}
{"type":"log","timestamp":1706007497792,"level":"debug","message":"Page request: GET (stylesheet) https://cdnjs.cloudflare.com/ajax/libs/metro/4.1.5/css/metro.min.css","meta":{"rootId":"zeh7m0x2tu3qxiq","id":"dw7ugi5n0n08pre"},"id":"rsj681li9rlagkt","previousOperationId":"7h5o43ppigcnre8"}
{"type":"log","timestamp":1706007497793,"level":"debug","message":"Page request finished: GET (document) 200 file:///C:/Users/franc/AppData/Local/Temp/jsreport/autocleanup/5f1a18a6-81d0-457d-81b3-913dcd018e6a-chrome-pdf.html","meta":{"rootId":"zeh7m0x2tu3qxiq","id":"dw7ugi5n0n08pre"},"id":"l6fbiuol041sv65","previousOperationId":"7h5o43ppigcnre8"}
{"type":"log","timestamp":1706007497851,"level":"debug","message":"Page request finished: GET (stylesheet) 200 https://cdnjs.cloudflare.com/ajax/libs/metro/4.1.5/css/metro.min.css","meta":{"rootId":"zeh7m0x2tu3qxiq","id":"dw7ugi5n0n08pre"},"id":"stnq1nx7q367g1c","previousOperationId":"7h5o43ppigcnre8"}
{"type":"log","timestamp":1706007497925,"level":"debug","message":"Running chrome with params {\"printBackground\":true,\"marginTop\":\"1.5cm\",\"marginRight\":\"1.5cm\",\"marginLeft\":\"1.cm\",\"timeout\":56648,\"margin\":{\"top\":\"1.5cm\",\"right\":\"1.5cm\",\"left\":\"1.cm\"}}","meta":{"rootId":"zeh7m0x2tu3qxiq","id":"dw7ugi5n0n08pre"},"id":"qc07i9rsabqz8tx","previousOperationId":"7h5o43ppigcnre8"}
{"type":"operationEnd","operationId":"7h5o43ppigcnre8","timestamp":1706007498008,"id":"yudoe7xt6joljtd","previousEventId":"632vf4c6yxj3o6r","previousOperationId":"7h5o43ppigcnre8"}
{"type":"log","timestamp":1706007498008,"level":"debug","message":"Skipping storing report.","meta":{"rootId":"zeh7m0x2tu3qxiq","id":"dw7ugi5n0n08pre"},"id":"1hxf9g3abu1jgyt","previousOperationId":"7h5o43ppigcnre8"}
{"type":"log","timestamp":1706007498008,"level":"info","message":"Rendering (child) request finished in 3799 ms","meta":{"rootId":"zeh7m0x2tu3qxiq","id":"dw7ugi5n0n08pre"},"id":"5l0oglfvpghbu8j","previousOperationId":"7h5o43ppigcnre8"}
{"type":"operationEnd","subtype":"render","operationId":"gq15n0zt1unxmww","timestamp":1706007498008,"id":"e4way391bd1kmo0","previousEventId":"yudoe7xt6joljtd","previousOperationId":"7h5o43ppigcnre8"}
{"type":"operationEnd","operationId":"prxt2aexnla4lvg","timestamp":1706007498047,"id":"19zbqd3hm4a2bel","previousEventId":"f4dkdi4hiku4kqo","previousOperationId":"prxt2aexnla4lvg"}
{"type":"log","timestamp":1706007498047,"level":"debug","message":"pdf-utils postproces start","meta":{"rootId":"zeh7m0x2tu3qxiq","id":"zeh7m0x2tu3qxiq"},"id":"ac6a9rcn3jt99oa","previousOperationId":"prxt2aexnla4lvg"}
{"type":"log","timestamp":1706007498114,"level":"debug","message":"pdf-utils postproces end","meta":{"rootId":"zeh7m0x2tu3qxiq","id":"zeh7m0x2tu3qxiq"},"id":"c4kl4tv3onl0smk","previousOperationId":"prxt2aexnla4lvg"}
{"type":"operationEnd","operationId":"yfmcwoyo8b5a6x6","timestamp":1706007498114,"id":"o5diubwxmazstau","previousEventId":"19zbqd3hm4a2bel","previousOperationId":"prxt2aexnla4lvg"}
{"type":"log","timestamp":1706007498114,"level":"info","message":"pdf-utils pdf processing was finished","meta":{"rootId":"zeh7m0x2tu3qxiq","id":"zeh7m0x2tu3qxiq"},"id":"62xox8c8zoqy6h6","previousOperationId":"yfmcwoyo8b5a6x6"}
{"type":"log","timestamp":1706007498115,"level":"debug","message":"Skipping storing report.","meta":{"rootId":"zeh7m0x2tu3qxiq","id":"zeh7m0x2tu3qxiq"},"id":"3pl82smda71yud0","previousOperationId":"yfmcwoyo8b5a6x6"}
{"type":"log","timestamp":1706007498115,"level":"info","message":"Rendering request 52 finished in 3906 ms","meta":{"rootId":"zeh7m0x2tu3qxiq","id":"zeh7m0x2tu3qxiq"},"id":"04896v9mcyi95nq","previousOperationId":"yfmcwoyo8b5a6x6"}
{"type":"operationEnd","subtype":"render","operationId":"y7wwuxyc992x2h4","timestamp":1706007498115,"id":"19apgyszafpy7mp","previousEventId":"o5diubwxmazstau","previousOperationId":"yfmcwoyo8b5a6x6"}
{"type":"operationEnd","doDiffs":false,"previousEventId":"3pahzvg2es8n0nu","previousOperationId":"xn7kl01yzy7pf0h","operationId":"xn7kl01yzy7pf0h","timestamp":1706007498209,"id":"oxi1gvldyd8ybrg"}
