2024-01-18T11:25:05.772Z - info: Initializing jsreport (version: 4.2.0, configuration file: jsreport.config.json, nodejs: 20.10.0)
2024-01-18T11:25:05.775Z - info: Searching for available extensions in C:\Users\javie\OneDrive\Escritorio\ProyectoSepalo\Dashboard\
2024-01-18T11:25:05.777Z - info: Extensions location cache not found, crawling directories
2024-01-18T11:25:09.331Z - info: Found 35 extension(s)
2024-01-18T11:25:09.391Z - info: Using extension authentication@4.0.1
2024-01-18T11:25:09.550Z - info: Using extension base@4.0.0
2024-01-18T11:25:09.553Z - info: Using extension child-templates@4.0.0
2024-01-18T11:25:09.554Z - info: Using extension cli@4.0.2
2024-01-18T11:25:09.555Z - info: Using extension components@4.0.0
2024-01-18T11:25:09.557Z - info: Using extension data@4.0.0
2024-01-18T11:25:09.558Z - info: Using extension express@4.0.1
2024-01-18T11:25:09.872Z - info: Using extension freeze@4.0.0
2024-01-18T11:25:09.874Z - info: Using extension fs-store@4.0.1
2024-01-18T11:25:09.994Z - info: Using extension handlebars@4.0.1
2024-01-18T11:25:09.996Z - info: Using extension import-export@4.0.2
2024-01-18T11:25:10.008Z - info: Using extension jsrender@4.0.0
2024-01-18T11:25:10.009Z - info: Using extension licensing@4.0.1
2024-01-18T11:25:10.019Z - info: Using extension localization@4.0.1
2024-01-18T11:25:10.020Z - info: Using extension npm@4.0.0
2024-01-18T11:25:10.022Z - info: Using extension pdf-utils@4.0.2
2024-01-18T11:25:10.024Z - info: Using extension reports@4.0.0
2024-01-18T11:25:10.027Z - info: Using extension tags@4.0.1
2024-01-18T11:25:10.029Z - info: Using extension text@4.0.0
2024-01-18T11:25:10.029Z - info: Using extension version-control@4.0.0
2024-01-18T11:25:10.041Z - info: Using extension assets@4.0.2
2024-01-18T11:25:10.053Z - info: Using extension authorization@4.0.0
2024-01-18T11:25:10.057Z - info: Using extension browser-client@4.0.0
2024-01-18T11:25:10.060Z - info: Using extension chrome-pdf@4.0.0
2024-01-18T11:25:10.063Z - info: Using extension docx@4.1.1
2024-01-18T11:25:10.066Z - info: Using extension html-to-xlsx@4.0.1
2024-01-18T11:25:10.342Z - info: html-to-xlsx detected chrome as available html engine
2024-01-18T11:25:10.343Z - info: Using extension pptx@4.1.0
2024-01-18T11:25:10.345Z - info: Using extension scheduling@4.0.0
2024-01-18T11:25:10.370Z - info: Using extension scripts@4.0.0
2024-01-18T11:25:10.372Z - info: Using extension static-pdf@4.0.0
2024-01-18T11:25:10.373Z - info: Using extension studio@4.0.2
2024-01-18T11:25:10.456Z - info: Using extension xlsx@4.0.2
2024-01-18T11:25:10.458Z - info: Using extension public-templates@4.0.0
2024-01-18T11:25:10.459Z - info: Using extension sample-template@4.0.0
2024-01-18T11:25:10.461Z - info: Using extension studio-theme-dark@4.0.0
2024-01-18T11:25:10.462Z - info: Code sandboxing is disabled, users can potentially penetrate the local system if you allow code from external users to be part of your reports
2024-01-18T11:25:10.462Z - info: Using general timeout for rendering (reportTimeout: 60000)
2024-01-18T11:25:10.462Z - info: Using fs provider for template store.
2024-01-18T11:25:10.466Z - info: fs store is persisting using fs for C:\Users\javie\OneDrive\Escritorio\ProyectoSepalo\Dashboard\data
2024-01-18T11:25:10.471Z - info: fs store is loading data
2024-01-18T11:25:10.476Z - info: fs store is initialized successfully
2024-01-18T11:25:10.487Z - info: Creating default express app.
2024-01-18T11:25:10.535Z - info: jsreport server successfully started on http port: 5200
2024-01-18T11:25:10.536Z - info: Verifying license key free
2024-01-18T11:25:10.537Z - info: Using free license
2024-01-18T11:25:10.564Z - info: Migrating templates chrome settings (waitForNetworkIddle -> waitForNetworkIdle)
2024-01-18T11:25:10.569Z - info: Migration successful
2024-01-18T11:25:10.773Z - info: Initializing worker threads
2024-01-18T11:25:10.994Z - info: 2 worker threads initialized in 221ms
2024-01-18T11:25:10.995Z - info: Starting temp files cleanup with 180000ms threshold
2024-01-18T11:25:10.996Z - info: reporter initialized
2024-01-18T11:25:32.423Z - info: Logging in user admin
2024-01-18T11:25:44.833Z - info: Render request 1 queued for execution and waiting for available worker rootId=qird13801k0x8ky, id=qird13801k0x8ky
2024-01-18T11:25:44.900Z - info: Starting rendering request 1 (user: admin) rootId=qird13801k0x8ky, id=qird13801k0x8ky
2024-01-18T11:25:44.900Z - info: Rendering template { name: invoice-main, recipe: chrome-pdf, engine: handlebars, preview: true } rootId=qird13801k0x8ky, id=qird13801k0x8ky
2024-01-18T11:25:47.371Z - info: Rendering request 1 finished in 2539 ms rootId=qird13801k0x8ky, id=qird13801k0x8ky
2024-01-18T11:27:00.827Z - info: Render request 2 queued for execution and waiting for available worker rootId=wk1qi73rh1vxhcf, id=wk1qi73rh1vxhcf
2024-01-18T11:27:00.838Z - info: Starting rendering request 2 (user: admin) rootId=wk1qi73rh1vxhcf, id=wk1qi73rh1vxhcf
2024-01-18T11:27:00.839Z - info: Rendering template { name: orders-main, recipe: chrome-pdf, engine: handlebars, preview: true } rootId=wk1qi73rh1vxhcf, id=wk1qi73rh1vxhcf
2024-01-18T11:27:06.408Z - info: pdf-utils is starting pdf processing rootId=wk1qi73rh1vxhcf, id=wk1qi73rh1vxhcf
2024-01-18T11:27:06.420Z - info: Starting rendering (child) request (user: admin) rootId=wk1qi73rh1vxhcf, id=x2i7sdcefio7lwz
2024-01-18T11:27:06.421Z - info: Rendering template { name: orders-header, recipe: chrome-pdf, engine: handlebars, preview: true } rootId=wk1qi73rh1vxhcf, id=x2i7sdcefio7lwz
2024-01-18T11:27:06.692Z - info: Rendering (child) request finished in 5814 ms rootId=wk1qi73rh1vxhcf, id=x2i7sdcefio7lwz
2024-01-18T11:27:06.693Z - info: pdf-utils pdf processing was finished rootId=wk1qi73rh1vxhcf, id=wk1qi73rh1vxhcf
2024-01-18T11:27:06.694Z - info: Rendering request 2 finished in 5864 ms rootId=wk1qi73rh1vxhcf, id=wk1qi73rh1vxhcf
2024-01-18T13:26:49.206Z - info: Render request 3 queued for execution and waiting for available worker rootId=5126k03u5ae0b0o, id=5126k03u5ae0b0o
2024-01-18T13:26:49.247Z - info: Starting rendering request 3 (user: admin) rootId=5126k03u5ae0b0o, id=5126k03u5ae0b0o
2024-01-18T13:26:49.249Z - info: Rendering template { name: sales-main, recipe: html-to-xlsx, engine: handlebars, preview: true } rootId=5126k03u5ae0b0o, id=5126k03u5ae0b0o
2024-01-18T13:26:49.990Z - info: html-to-xlsx generation is starting rootId=5126k03u5ae0b0o, id=5126k03u5ae0b0o
2024-01-18T13:26:50.719Z - info: html-to-xlsx generation was finished rootId=5126k03u5ae0b0o, id=5126k03u5ae0b0o
2024-01-18T13:26:50.856Z - info: Rendering request 3 finished in 1652 ms rootId=5126k03u5ae0b0o, id=5126k03u5ae0b0o
