{"type":"operationStart","subtype":"profile","data":{"_id":"wjROZ7CtPG6VBBFE","timestamp":"2024-03-05T18:39:13.230Z","state":"queued","mode":"standard","creationDate":"2024-03-05T18:39:13.232Z","modificationDate":"2024-03-05T18:39:13.232Z","shortid":"Hn3j1xG","$entitySet":"profiles"},"doDiffs":false,"timestamp":1709663953231,"id":"t1mswp4q0uor4jl","previousOperationId":null,"operationId":"d36bu2t05m4uj8n"}
{"type":"log","level":"info","message":"Render request 16 queued for execution and waiting for available worker","previousOperationId":"d36bu2t05m4uj8n","timestamp":1709663953231,"id":"1u5op6498thipj8"}
{"type":"operationStart","subtype":"render","name":"invoice-main","previousOperationId":"d36bu2t05m4uj8n","timestamp":1709663953254,"id":"rlldxczlcjt9dlt","previousEventId":"t1mswp4q0uor4jl","operationId":"n74n7wdvidqlgba"}
{"type":"log","timestamp":1709663953254,"level":"info","message":"Starting rendering request 16","meta":{"rootId":"0e10a9h6tss8lcm","id":"0e10a9h6tss8lcm"},"id":"vywwp1ivwgt85x7","previousOperationId":"n74n7wdvidqlgba"}
{"type":"log","timestamp":1709663953255,"level":"info","message":"Rendering template { name: invoice-main, recipe: chrome-pdf, engine: handlebars, preview: false }","meta":{"rootId":"0e10a9h6tss8lcm","id":"0e10a9h6tss8lcm"},"id":"hjvhl9i11ynrl0p","previousOperationId":"n74n7wdvidqlgba"}
{"type":"log","timestamp":1709663953259,"level":"debug","message":"Inline data specified.","meta":{"rootId":"0e10a9h6tss8lcm","id":"0e10a9h6tss8lcm"},"id":"2z6hmpet47fpu2i","previousOperationId":"n74n7wdvidqlgba"}
{"type":"log","timestamp":1709663953264,"level":"debug","message":"Base url not specified, skipping its injection.","meta":{"rootId":"0e10a9h6tss8lcm","id":"0e10a9h6tss8lcm"},"id":"ozwrt4mhm5ny5i4","previousOperationId":"n74n7wdvidqlgba"}
{"type":"operationStart","subtype":"engine","name":"handlebars","timestamp":1709663953265,"id":"7ry67ne546kiapd","previousEventId":"rlldxczlcjt9dlt","operationId":"mbyi920n76smri7","previousOperationId":"n74n7wdvidqlgba"}
{"type":"log","timestamp":1709663953265,"level":"debug","message":"Rendering engine handlebars","meta":{"rootId":"0e10a9h6tss8lcm","id":"0e10a9h6tss8lcm"},"id":"nwlav7l6rpwrim1","previousOperationId":"mbyi920n76smri7"}
{"type":"operationEnd","operationId":"mbyi920n76smri7","timestamp":1709663953276,"id":"xfv539fqy9a6wrz","previousEventId":"7ry67ne546kiapd","previousOperationId":"mbyi920n76smri7"}
{"type":"operationStart","subtype":"recipe","name":"chrome-pdf","timestamp":1709663953276,"id":"uac2kngl7gy3x6l","previousEventId":"xfv539fqy9a6wrz","operationId":"39svjk2olflemuk","previousOperationId":"mbyi920n76smri7"}
{"type":"log","timestamp":1709663953276,"level":"debug","message":"Executing recipe chrome-pdf","meta":{"rootId":"0e10a9h6tss8lcm","id":"0e10a9h6tss8lcm"},"id":"pyfgw3t9n0uhl7t","previousOperationId":"39svjk2olflemuk"}
{"type":"log","timestamp":1709663953278,"level":"debug","message":"Converting with chrome HeadlessChrome/117.0.5938.149 using chrome-pool strategy","meta":{"rootId":"0e10a9h6tss8lcm","id":"0e10a9h6tss8lcm"},"id":"9nr0703x686uuwg","previousOperationId":"39svjk2olflemuk"}
{"type":"log","timestamp":1709663953382,"level":"debug","message":"Page request: GET (document) file:///C:/Users/franc/AppData/Local/Temp/jsreport/autocleanup/3be3d169-cbcf-447a-a2f2-b127e8a15ad2-chrome-pdf.html","meta":{"rootId":"0e10a9h6tss8lcm","id":"0e10a9h6tss8lcm"},"id":"9a63gu7w8pnhlhk","previousOperationId":"39svjk2olflemuk"}
{"type":"log","timestamp":1709663953394,"level":"debug","message":"Page request finished: GET (document) 200 file:///C:/Users/franc/AppData/Local/Temp/jsreport/autocleanup/3be3d169-cbcf-447a-a2f2-b127e8a15ad2-chrome-pdf.html","meta":{"rootId":"0e10a9h6tss8lcm","id":"0e10a9h6tss8lcm"},"id":"62vdon2fhqyfsy3","previousOperationId":"39svjk2olflemuk"}
{"type":"log","timestamp":1709663953395,"level":"debug","message":"Running chrome with params {\"printBackground\":true,\"marginTop\":\"1cm\",\"marginRight\":\"1cm\",\"marginBottom\":\"1cm\",\"marginLeft\":\"1cm\",\"timeout\":59953,\"margin\":{\"top\":\"1cm\",\"right\":\"1cm\",\"bottom\":\"1cm\",\"left\":\"1cm\"}}","meta":{"rootId":"0e10a9h6tss8lcm","id":"0e10a9h6tss8lcm"},"id":"arbqsbqov1l3xyr","previousOperationId":"39svjk2olflemuk"}
{"type":"operationEnd","operationId":"39svjk2olflemuk","timestamp":1709663953404,"id":"6056ie8frh8ps5b","previousEventId":"uac2kngl7gy3x6l","previousOperationId":"39svjk2olflemuk"}
{"type":"log","timestamp":1709663953404,"level":"debug","message":"Skipping storing report.","meta":{"rootId":"0e10a9h6tss8lcm","id":"0e10a9h6tss8lcm"},"id":"67egj2rzc5uc5zx","previousOperationId":"39svjk2olflemuk"}
{"type":"log","timestamp":1709663953404,"level":"info","message":"Rendering request 16 finished in 174 ms","meta":{"rootId":"0e10a9h6tss8lcm","id":"0e10a9h6tss8lcm"},"id":"llv5w5t9f7mhtmv","previousOperationId":"39svjk2olflemuk"}
{"type":"operationEnd","subtype":"render","operationId":"n74n7wdvidqlgba","timestamp":1709663953404,"id":"tqi42epxsvm6hgp","previousEventId":"6056ie8frh8ps5b","previousOperationId":"39svjk2olflemuk"}
{"type":"operationEnd","doDiffs":false,"previousEventId":"t1mswp4q0uor4jl","previousOperationId":"d36bu2t05m4uj8n","operationId":"d36bu2t05m4uj8n","timestamp":1709663953411,"id":"gb9bi9aj486psqt"}
