{"type":"operationStart","subtype":"profile","data":{"_id":"2vlJ9AQrmAOcHsFN","timestamp":"2024-03-05T18:38:19.575Z","state":"queued","mode":"standard","creationDate":"2024-03-05T18:38:19.578Z","modificationDate":"2024-03-05T18:38:19.578Z","shortid":"d1HQ3m6","$entitySet":"profiles"},"doDiffs":false,"timestamp":1709663899577,"id":"q661k5pmyltcc2b","previousOperationId":null,"operationId":"718u7wt5j0r9m5z"}
{"type":"log","level":"info","message":"Render request 13 queued for execution and waiting for available worker","previousOperationId":"718u7wt5j0r9m5z","timestamp":1709663899577,"id":"r5pyfc094758h1z"}
{"type":"operationStart","subtype":"render","name":"invoice-main","previousOperationId":"718u7wt5j0r9m5z","timestamp":1709663899596,"id":"7mouesf882b6ya2","previousEventId":"q661k5pmyltcc2b","operationId":"ksqqio9yfczl8wo"}
{"type":"log","timestamp":1709663899596,"level":"info","message":"Starting rendering request 13","meta":{"rootId":"8pv62kuxg1s5bhv","id":"8pv62kuxg1s5bhv"},"id":"faciahcai506v6b","previousOperationId":"ksqqio9yfczl8wo"}
{"type":"log","timestamp":1709663899596,"level":"info","message":"Rendering template { name: invoice-main, recipe: chrome-pdf, engine: handlebars, preview: false }","meta":{"rootId":"8pv62kuxg1s5bhv","id":"8pv62kuxg1s5bhv"},"id":"7iqzdiemp5pzw5l","previousOperationId":"ksqqio9yfczl8wo"}
{"type":"log","timestamp":1709663899599,"level":"debug","message":"Inline data specified.","meta":{"rootId":"8pv62kuxg1s5bhv","id":"8pv62kuxg1s5bhv"},"id":"zlqfr0bu9rcxfx2","previousOperationId":"ksqqio9yfczl8wo"}
{"type":"log","timestamp":1709663899607,"level":"debug","message":"Base url not specified, skipping its injection.","meta":{"rootId":"8pv62kuxg1s5bhv","id":"8pv62kuxg1s5bhv"},"id":"afpolwfvvpeine7","previousOperationId":"ksqqio9yfczl8wo"}
{"type":"operationStart","subtype":"engine","name":"handlebars","timestamp":1709663899608,"id":"tnw50jqulb6d3t2","previousEventId":"7mouesf882b6ya2","operationId":"1u438f2u7dzvk9t","previousOperationId":"ksqqio9yfczl8wo"}
{"type":"log","timestamp":1709663899608,"level":"debug","message":"Rendering engine handlebars","meta":{"rootId":"8pv62kuxg1s5bhv","id":"8pv62kuxg1s5bhv"},"id":"1luxz59u0yetcx4","previousOperationId":"1u438f2u7dzvk9t"}
{"type":"operationEnd","operationId":"1u438f2u7dzvk9t","timestamp":1709663899627,"id":"lc3qtnc54kupjep","previousEventId":"tnw50jqulb6d3t2","previousOperationId":"1u438f2u7dzvk9t"}
{"type":"operationStart","subtype":"recipe","name":"chrome-pdf","timestamp":1709663899628,"id":"njr5bljep5zq6zs","previousEventId":"lc3qtnc54kupjep","operationId":"we3zuyr4doulxdz","previousOperationId":"1u438f2u7dzvk9t"}
{"type":"log","timestamp":1709663899628,"level":"debug","message":"Executing recipe chrome-pdf","meta":{"rootId":"8pv62kuxg1s5bhv","id":"8pv62kuxg1s5bhv"},"id":"yi3mxgni1h3ucsy","previousOperationId":"we3zuyr4doulxdz"}
{"type":"log","timestamp":1709663899630,"level":"debug","message":"Converting with chrome HeadlessChrome/117.0.5938.149 using chrome-pool strategy","meta":{"rootId":"8pv62kuxg1s5bhv","id":"8pv62kuxg1s5bhv"},"id":"s87w4i4gpewlkhm","previousOperationId":"we3zuyr4doulxdz"}
{"type":"log","timestamp":1709663899757,"level":"debug","message":"Page request: GET (document) file:///C:/Users/franc/AppData/Local/Temp/jsreport/autocleanup/93ec5574-4c07-452e-85b1-462136feadbf-chrome-pdf.html","meta":{"rootId":"8pv62kuxg1s5bhv","id":"8pv62kuxg1s5bhv"},"id":"n1irvjs38h1thn9","previousOperationId":"we3zuyr4doulxdz"}
{"type":"log","timestamp":1709663899767,"level":"debug","message":"Page request finished: GET (document) 200 file:///C:/Users/franc/AppData/Local/Temp/jsreport/autocleanup/93ec5574-4c07-452e-85b1-462136feadbf-chrome-pdf.html","meta":{"rootId":"8pv62kuxg1s5bhv","id":"8pv62kuxg1s5bhv"},"id":"aqjwjm71f28mn2w","previousOperationId":"we3zuyr4doulxdz"}
{"type":"log","timestamp":1709663899771,"level":"debug","message":"Running chrome with params {\"printBackground\":true,\"marginTop\":\"1cm\",\"marginRight\":\"1cm\",\"marginBottom\":\"1cm\",\"marginLeft\":\"1cm\",\"timeout\":59946,\"margin\":{\"top\":\"1cm\",\"right\":\"1cm\",\"bottom\":\"1cm\",\"left\":\"1cm\"}}","meta":{"rootId":"8pv62kuxg1s5bhv","id":"8pv62kuxg1s5bhv"},"id":"cdc5k274wy1g92k","previousOperationId":"we3zuyr4doulxdz"}
{"type":"operationEnd","operationId":"we3zuyr4doulxdz","timestamp":1709663899779,"id":"5c1cuc11dje3li6","previousEventId":"njr5bljep5zq6zs","previousOperationId":"we3zuyr4doulxdz"}
{"type":"log","timestamp":1709663899779,"level":"debug","message":"Skipping storing report.","meta":{"rootId":"8pv62kuxg1s5bhv","id":"8pv62kuxg1s5bhv"},"id":"0emd1v43s79ynnp","previousOperationId":"we3zuyr4doulxdz"}
{"type":"log","timestamp":1709663899780,"level":"info","message":"Rendering request 13 finished in 205 ms","meta":{"rootId":"8pv62kuxg1s5bhv","id":"8pv62kuxg1s5bhv"},"id":"w9kenoee2oevd6g","previousOperationId":"we3zuyr4doulxdz"}
{"type":"operationEnd","subtype":"render","operationId":"ksqqio9yfczl8wo","timestamp":1709663899780,"id":"bw24vjfdqizxznf","previousEventId":"5c1cuc11dje3li6","previousOperationId":"we3zuyr4doulxdz"}
{"type":"operationEnd","doDiffs":false,"previousEventId":"q661k5pmyltcc2b","previousOperationId":"718u7wt5j0r9m5z","operationId":"718u7wt5j0r9m5z","timestamp":1709663899784,"id":"dw5ql0d3lxdwvkh"}
