{"type":"operationStart","subtype":"profile","data":{"_id":"m6KBTDgW4AxzhzXc","timestamp":"2024-03-05T18:38:47.555Z","state":"queued","mode":"standard","creationDate":"2024-03-05T18:38:47.557Z","modificationDate":"2024-03-05T18:38:47.557Z","shortid":"B113meh","$entitySet":"profiles"},"doDiffs":false,"timestamp":1709663927556,"id":"chugst1618n5aq8","previousOperationId":null,"operationId":"wmr2okf98jee4y6"}
{"type":"log","level":"info","message":"Render request 14 queued for execution and waiting for available worker","previousOperationId":"wmr2okf98jee4y6","timestamp":1709663927556,"id":"rjlgugdbg0qu0wj"}
{"type":"operationStart","subtype":"render","name":"invoice-main","previousOperationId":"wmr2okf98jee4y6","timestamp":1709663927571,"id":"mw0bpf2ynhlq1mf","previousEventId":"chugst1618n5aq8","operationId":"atn14ua5z1s6i7v"}
{"type":"log","timestamp":1709663927571,"level":"info","message":"Starting rendering request 14","meta":{"rootId":"9l6d44g4xp3m3xh","id":"9l6d44g4xp3m3xh"},"id":"gbnjraotfcov7r2","previousOperationId":"atn14ua5z1s6i7v"}
{"type":"log","timestamp":1709663927572,"level":"info","message":"Rendering template { name: invoice-main, recipe: chrome-pdf, engine: handlebars, preview: false }","meta":{"rootId":"9l6d44g4xp3m3xh","id":"9l6d44g4xp3m3xh"},"id":"bs3zpxgnfpzxolo","previousOperationId":"atn14ua5z1s6i7v"}
{"type":"log","timestamp":1709663927574,"level":"debug","message":"Inline data specified.","meta":{"rootId":"9l6d44g4xp3m3xh","id":"9l6d44g4xp3m3xh"},"id":"xk6yc0xcc9c3c4u","previousOperationId":"atn14ua5z1s6i7v"}
{"type":"log","timestamp":1709663927579,"level":"debug","message":"Base url not specified, skipping its injection.","meta":{"rootId":"9l6d44g4xp3m3xh","id":"9l6d44g4xp3m3xh"},"id":"yyrp30tbp9y3uaa","previousOperationId":"atn14ua5z1s6i7v"}
{"type":"operationStart","subtype":"engine","name":"handlebars","timestamp":1709663927579,"id":"ej5w44vhkjguyvm","previousEventId":"mw0bpf2ynhlq1mf","operationId":"128llv6jr43mt2v","previousOperationId":"atn14ua5z1s6i7v"}
{"type":"log","timestamp":1709663927579,"level":"debug","message":"Rendering engine handlebars","meta":{"rootId":"9l6d44g4xp3m3xh","id":"9l6d44g4xp3m3xh"},"id":"vhv795gox61e293","previousOperationId":"128llv6jr43mt2v"}
{"type":"operationEnd","operationId":"128llv6jr43mt2v","timestamp":1709663927593,"id":"kokljzcdbykhtve","previousEventId":"ej5w44vhkjguyvm","previousOperationId":"128llv6jr43mt2v"}
{"type":"operationStart","subtype":"recipe","name":"chrome-pdf","timestamp":1709663927593,"id":"s2v0pydy148krhz","previousEventId":"kokljzcdbykhtve","operationId":"v0t45v25ssyqm56","previousOperationId":"128llv6jr43mt2v"}
{"type":"log","timestamp":1709663927593,"level":"debug","message":"Executing recipe chrome-pdf","meta":{"rootId":"9l6d44g4xp3m3xh","id":"9l6d44g4xp3m3xh"},"id":"x3h34dfsg3qz2y3","previousOperationId":"v0t45v25ssyqm56"}
{"type":"log","timestamp":1709663927596,"level":"debug","message":"Converting with chrome HeadlessChrome/117.0.5938.149 using chrome-pool strategy","meta":{"rootId":"9l6d44g4xp3m3xh","id":"9l6d44g4xp3m3xh"},"id":"iton9ksvy3brmjn","previousOperationId":"v0t45v25ssyqm56"}
{"type":"log","timestamp":1709663927773,"level":"debug","message":"Page request: GET (document) file:///C:/Users/franc/AppData/Local/Temp/jsreport/autocleanup/22c76c5b-8975-4735-b480-508bb504996a-chrome-pdf.html","meta":{"rootId":"9l6d44g4xp3m3xh","id":"9l6d44g4xp3m3xh"},"id":"24o0tuxbkq6mnv7","previousOperationId":"v0t45v25ssyqm56"}
{"type":"log","timestamp":1709663927781,"level":"debug","message":"Page request finished: GET (document) 200 file:///C:/Users/franc/AppData/Local/Temp/jsreport/autocleanup/22c76c5b-8975-4735-b480-508bb504996a-chrome-pdf.html","meta":{"rootId":"9l6d44g4xp3m3xh","id":"9l6d44g4xp3m3xh"},"id":"an11sko1giu91vn","previousOperationId":"v0t45v25ssyqm56"}
{"type":"log","timestamp":1709663927783,"level":"debug","message":"Running chrome with params {\"printBackground\":true,\"marginTop\":\"1cm\",\"marginRight\":\"1cm\",\"marginBottom\":\"1cm\",\"marginLeft\":\"1cm\",\"timeout\":59959,\"margin\":{\"top\":\"1cm\",\"right\":\"1cm\",\"bottom\":\"1cm\",\"left\":\"1cm\"}}","meta":{"rootId":"9l6d44g4xp3m3xh","id":"9l6d44g4xp3m3xh"},"id":"6rtcri18r1wwnb4","previousOperationId":"v0t45v25ssyqm56"}
{"type":"operationEnd","operationId":"v0t45v25ssyqm56","timestamp":1709663927791,"id":"0x4oh6gxzghhtha","previousEventId":"s2v0pydy148krhz","previousOperationId":"v0t45v25ssyqm56"}
{"type":"log","timestamp":1709663927791,"level":"debug","message":"Skipping storing report.","meta":{"rootId":"9l6d44g4xp3m3xh","id":"9l6d44g4xp3m3xh"},"id":"qln87ppctrb120u","previousOperationId":"v0t45v25ssyqm56"}
{"type":"log","timestamp":1709663927791,"level":"info","message":"Rendering request 14 finished in 237 ms","meta":{"rootId":"9l6d44g4xp3m3xh","id":"9l6d44g4xp3m3xh"},"id":"n5ipr5tx67b6ql1","previousOperationId":"v0t45v25ssyqm56"}
{"type":"operationEnd","subtype":"render","operationId":"atn14ua5z1s6i7v","timestamp":1709663927791,"id":"sah5hhfjh8qt20l","previousEventId":"0x4oh6gxzghhtha","previousOperationId":"v0t45v25ssyqm56"}
{"type":"operationEnd","doDiffs":false,"previousEventId":"chugst1618n5aq8","previousOperationId":"wmr2okf98jee4y6","operationId":"wmr2okf98jee4y6","timestamp":1709663927796,"id":"aol7ll7e0p472yo"}
