{"type":"operationStart","subtype":"profile","data":{"_id":"epky91nLNEkKlrw8","timestamp":"2024-03-05T18:28:58.801Z","state":"queued","mode":"standard","creationDate":"2024-03-05T18:28:58.805Z","modificationDate":"2024-03-05T18:28:58.805Z","shortid":"ROGv2eb","$entitySet":"profiles"},"doDiffs":false,"timestamp":1709663338803,"id":"xptvskcssklqy6f","previousOperationId":null,"operationId":"vh1o8nnkialz617"}
{"type":"log","level":"info","message":"Render request 4 queued for execution and waiting for available worker","previousOperationId":"vh1o8nnkialz617","timestamp":1709663338803,"id":"zs4shjbpj31qus9"}
{"type":"operationStart","subtype":"render","name":"invoice-main","previousOperationId":"vh1o8nnkialz617","timestamp":1709663338817,"id":"4fy5a4q02t2z3ys","previousEventId":"xptvskcssklqy6f","operationId":"m1g2z3mf0kjl40m"}
{"type":"log","timestamp":1709663338817,"level":"info","message":"Starting rendering request 4","meta":{"rootId":"abon9rlncga4a56","id":"abon9rlncga4a56"},"id":"q13hy7k7relvbbv","previousOperationId":"m1g2z3mf0kjl40m"}
{"type":"log","timestamp":1709663338818,"level":"info","message":"Rendering template { name: invoice-main, recipe: chrome-pdf, engine: handlebars, preview: false }","meta":{"rootId":"abon9rlncga4a56","id":"abon9rlncga4a56"},"id":"bvk3d55qex6i890","previousOperationId":"m1g2z3mf0kjl40m"}
{"type":"log","timestamp":1709663338820,"level":"debug","message":"Inline data specified.","meta":{"rootId":"abon9rlncga4a56","id":"abon9rlncga4a56"},"id":"5hykuw117wyzp4h","previousOperationId":"m1g2z3mf0kjl40m"}
{"type":"log","timestamp":1709663338826,"level":"debug","message":"Base url not specified, skipping its injection.","meta":{"rootId":"abon9rlncga4a56","id":"abon9rlncga4a56"},"id":"05n0wffa77z19k1","previousOperationId":"m1g2z3mf0kjl40m"}
{"type":"operationStart","subtype":"engine","name":"handlebars","timestamp":1709663338827,"id":"e4gzl4avatzuhht","previousEventId":"4fy5a4q02t2z3ys","operationId":"cs9ov1bdt0el3gs","previousOperationId":"m1g2z3mf0kjl40m"}
{"type":"log","timestamp":1709663338827,"level":"debug","message":"Rendering engine handlebars","meta":{"rootId":"abon9rlncga4a56","id":"abon9rlncga4a56"},"id":"6rffwdnwhmg62eq","previousOperationId":"cs9ov1bdt0el3gs"}
{"type":"operationEnd","operationId":"cs9ov1bdt0el3gs","timestamp":1709663339677,"id":"fng9lekp4erewpc","previousEventId":"e4gzl4avatzuhht","previousOperationId":"cs9ov1bdt0el3gs"}
{"type":"operationStart","subtype":"recipe","name":"chrome-pdf","timestamp":1709663339678,"id":"6vnc4yuocf7g5ff","previousEventId":"fng9lekp4erewpc","operationId":"dorjyxjpmimsucu","previousOperationId":"cs9ov1bdt0el3gs"}
{"type":"log","timestamp":1709663339678,"level":"debug","message":"Executing recipe chrome-pdf","meta":{"rootId":"abon9rlncga4a56","id":"abon9rlncga4a56"},"id":"3e3gnygaam1ocfd","previousOperationId":"dorjyxjpmimsucu"}
{"type":"log","timestamp":1709663340343,"level":"debug","message":"Converting with chrome HeadlessChrome/117.0.5938.149 using chrome-pool strategy","meta":{"rootId":"abon9rlncga4a56","id":"abon9rlncga4a56"},"id":"txm15yk0heyyxoi","previousOperationId":"dorjyxjpmimsucu"}
{"type":"log","timestamp":1709663340782,"level":"debug","message":"Page request: GET (document) file:///C:/Users/franc/AppData/Local/Temp/jsreport/autocleanup/a80da406-ab0c-4909-8988-b1a2bfa04dce-chrome-pdf.html","meta":{"rootId":"abon9rlncga4a56","id":"abon9rlncga4a56"},"id":"wsub3egnvq3w4ch","previousOperationId":"dorjyxjpmimsucu"}
{"type":"log","timestamp":1709663340804,"level":"debug","message":"Page request finished: GET (document) 200 file:///C:/Users/franc/AppData/Local/Temp/jsreport/autocleanup/a80da406-ab0c-4909-8988-b1a2bfa04dce-chrome-pdf.html","meta":{"rootId":"abon9rlncga4a56","id":"abon9rlncga4a56"},"id":"ozqew7rx5bhhj9u","previousOperationId":"dorjyxjpmimsucu"}
{"type":"log","timestamp":1709663340807,"level":"debug","message":"Running chrome with params {\"printBackground\":true,\"marginTop\":\"1cm\",\"marginRight\":\"1cm\",\"marginBottom\":\"1cm\",\"marginLeft\":\"1cm\",\"timeout\":58629,\"margin\":{\"top\":\"1cm\",\"right\":\"1cm\",\"bottom\":\"1cm\",\"left\":\"1cm\"}}","meta":{"rootId":"abon9rlncga4a56","id":"abon9rlncga4a56"},"id":"uoy6xshh4l7rfc8","previousOperationId":"dorjyxjpmimsucu"}
{"type":"operationEnd","operationId":"dorjyxjpmimsucu","timestamp":1709663340819,"id":"b0sl17jq8q6zi7x","previousEventId":"6vnc4yuocf7g5ff","previousOperationId":"dorjyxjpmimsucu"}
{"type":"log","timestamp":1709663340820,"level":"debug","message":"Skipping storing report.","meta":{"rootId":"abon9rlncga4a56","id":"abon9rlncga4a56"},"id":"yy9ghhco74iiycy","previousOperationId":"dorjyxjpmimsucu"}
{"type":"log","timestamp":1709663340820,"level":"info","message":"Rendering request 4 finished in 2020 ms","meta":{"rootId":"abon9rlncga4a56","id":"abon9rlncga4a56"},"id":"5wvvalrmkiu9use","previousOperationId":"dorjyxjpmimsucu"}
{"type":"operationEnd","subtype":"render","operationId":"m1g2z3mf0kjl40m","timestamp":1709663340820,"id":"a5na540q0zi5r6w","previousEventId":"b0sl17jq8q6zi7x","previousOperationId":"dorjyxjpmimsucu"}
{"type":"operationEnd","doDiffs":false,"previousEventId":"xptvskcssklqy6f","previousOperationId":"vh1o8nnkialz617","operationId":"vh1o8nnkialz617","timestamp":1709663340823,"id":"nkbinkz87ifo5hz"}
