{"type":"operationStart","subtype":"profile","data":{"_id":"66jlV7X0SKa3TbTX","timestamp":"2024-03-05T18:48:02.109Z","state":"queued","mode":"standard","creationDate":"2024-03-05T18:48:02.111Z","modificationDate":"2024-03-05T18:48:02.111Z","shortid":"tJRxlPc","$entitySet":"profiles"},"doDiffs":false,"timestamp":1709664482110,"id":"aop02gy1o0bedfp","previousOperationId":null,"operationId":"v43pwfmj4qb2dyt"}
{"type":"log","level":"info","message":"Render request 30 queued for execution and waiting for available worker","previousOperationId":"v43pwfmj4qb2dyt","timestamp":1709664482110,"id":"mbqkrwohxhq484u"}
{"type":"operationStart","subtype":"render","name":"invoice-main","previousOperationId":"v43pwfmj4qb2dyt","timestamp":1709664482124,"id":"cheg7bkggrvothl","previousEventId":"aop02gy1o0bedfp","operationId":"iohmf32fgbd20a5"}
{"type":"log","timestamp":1709664482124,"level":"info","message":"Starting rendering request 30","meta":{"rootId":"cb3wukym3mguspr","id":"cb3wukym3mguspr"},"id":"vvzf36wut345a35","previousOperationId":"iohmf32fgbd20a5"}
{"type":"log","timestamp":1709664482124,"level":"info","message":"Rendering template { name: invoice-main, recipe: chrome-pdf, engine: handlebars, preview: false }","meta":{"rootId":"cb3wukym3mguspr","id":"cb3wukym3mguspr"},"id":"pxfew1l0so2o5uv","previousOperationId":"iohmf32fgbd20a5"}
{"type":"log","timestamp":1709664482126,"level":"debug","message":"Inline data specified.","meta":{"rootId":"cb3wukym3mguspr","id":"cb3wukym3mguspr"},"id":"4xivjy1a7xpqfcs","previousOperationId":"iohmf32fgbd20a5"}
{"type":"log","timestamp":1709664482131,"level":"debug","message":"Base url not specified, skipping its injection.","meta":{"rootId":"cb3wukym3mguspr","id":"cb3wukym3mguspr"},"id":"r3ddqqcu91trutx","previousOperationId":"iohmf32fgbd20a5"}
{"type":"operationStart","subtype":"engine","name":"handlebars","timestamp":1709664482132,"id":"ubwxy8ik5aksx0g","previousEventId":"cheg7bkggrvothl","operationId":"mjmvnzdtu4fdb7x","previousOperationId":"iohmf32fgbd20a5"}
{"type":"log","timestamp":1709664482132,"level":"debug","message":"Rendering engine handlebars","meta":{"rootId":"cb3wukym3mguspr","id":"cb3wukym3mguspr"},"id":"a8iohsi4d21h8zx","previousOperationId":"mjmvnzdtu4fdb7x"}
{"type":"operationEnd","operationId":"mjmvnzdtu4fdb7x","timestamp":1709664482154,"id":"al9114wiuffduk2","previousEventId":"ubwxy8ik5aksx0g","previousOperationId":"mjmvnzdtu4fdb7x"}
{"type":"operationStart","subtype":"recipe","name":"chrome-pdf","timestamp":1709664482154,"id":"ra8a5ua6ph3dmuy","previousEventId":"al9114wiuffduk2","operationId":"wlu69bk66wqj5tx","previousOperationId":"mjmvnzdtu4fdb7x"}
{"type":"log","timestamp":1709664482154,"level":"debug","message":"Executing recipe chrome-pdf","meta":{"rootId":"cb3wukym3mguspr","id":"cb3wukym3mguspr"},"id":"qy8afk0042ark69","previousOperationId":"wlu69bk66wqj5tx"}
{"type":"log","timestamp":1709664482157,"level":"debug","message":"Converting with chrome HeadlessChrome/117.0.5938.149 using chrome-pool strategy","meta":{"rootId":"cb3wukym3mguspr","id":"cb3wukym3mguspr"},"id":"dqsp0ych4c0o45t","previousOperationId":"wlu69bk66wqj5tx"}
{"type":"log","timestamp":1709664482255,"level":"debug","message":"Page request: GET (document) file:///C:/Users/franc/AppData/Local/Temp/jsreport/autocleanup/9399c339-6610-4619-81a8-ae1812743d59-chrome-pdf.html","meta":{"rootId":"cb3wukym3mguspr","id":"cb3wukym3mguspr"},"id":"bqclvefrj1mtx2p","previousOperationId":"wlu69bk66wqj5tx"}
{"type":"log","timestamp":1709664482265,"level":"debug","message":"Page request finished: GET (document) 200 file:///C:/Users/franc/AppData/Local/Temp/jsreport/autocleanup/9399c339-6610-4619-81a8-ae1812743d59-chrome-pdf.html","meta":{"rootId":"cb3wukym3mguspr","id":"cb3wukym3mguspr"},"id":"0ufumrlvfg76fub","previousOperationId":"wlu69bk66wqj5tx"}
{"type":"log","timestamp":1709664482267,"level":"debug","message":"Running chrome with params {\"printBackground\":true,\"marginTop\":\"1cm\",\"marginRight\":\"1cm\",\"marginBottom\":\"1cm\",\"marginLeft\":\"1cm\",\"timeout\":59952,\"margin\":{\"top\":\"1cm\",\"right\":\"1cm\",\"bottom\":\"1cm\",\"left\":\"1cm\"}}","meta":{"rootId":"cb3wukym3mguspr","id":"cb3wukym3mguspr"},"id":"980x6n92ppmljbg","previousOperationId":"wlu69bk66wqj5tx"}
{"type":"operationEnd","operationId":"wlu69bk66wqj5tx","timestamp":1709664482275,"id":"4mwi9w78wav43zd","previousEventId":"ra8a5ua6ph3dmuy","previousOperationId":"wlu69bk66wqj5tx"}
{"type":"log","timestamp":1709664482275,"level":"debug","message":"Skipping storing report.","meta":{"rootId":"cb3wukym3mguspr","id":"cb3wukym3mguspr"},"id":"j748clumwz2c6kr","previousOperationId":"wlu69bk66wqj5tx"}
{"type":"log","timestamp":1709664482275,"level":"info","message":"Rendering request 30 finished in 167 ms","meta":{"rootId":"cb3wukym3mguspr","id":"cb3wukym3mguspr"},"id":"rzohshnlafhodrf","previousOperationId":"wlu69bk66wqj5tx"}
{"type":"operationEnd","subtype":"render","operationId":"iohmf32fgbd20a5","timestamp":1709664482275,"id":"iyhtea9g6pb0un8","previousEventId":"4mwi9w78wav43zd","previousOperationId":"wlu69bk66wqj5tx"}
{"type":"operationEnd","doDiffs":false,"previousEventId":"aop02gy1o0bedfp","previousOperationId":"v43pwfmj4qb2dyt","operationId":"v43pwfmj4qb2dyt","timestamp":1709664482281,"id":"svh915830fbc1u8"}
