{"type":"operationStart","subtype":"profile","data":{"_id":"t2Bc4lpjfHjZjYR4","timestamp":"2024-03-05T18:49:22.889Z","state":"queued","mode":"standard","creationDate":"2024-03-05T18:49:22.892Z","modificationDate":"2024-03-05T18:49:22.892Z","shortid":"YWcpme4","$entitySet":"profiles"},"doDiffs":false,"timestamp":1709664562891,"id":"einuua5s6l42ck6","previousOperationId":null,"operationId":"3xjd0frpkzsjw30"}
{"type":"log","level":"info","message":"Render request 32 queued for execution and waiting for available worker","previousOperationId":"3xjd0frpkzsjw30","timestamp":1709664562891,"id":"sap5lol290mndip"}
{"type":"operationStart","subtype":"render","name":"invoice-main","previousOperationId":"3xjd0frpkzsjw30","timestamp":1709664562912,"id":"m41ovaovds4p2u3","previousEventId":"einuua5s6l42ck6","operationId":"dw3bq1058bmpmns"}
{"type":"log","timestamp":1709664562912,"level":"info","message":"Starting rendering request 32","meta":{"rootId":"d5uc9bsmuowa9d2","id":"d5uc9bsmuowa9d2"},"id":"a0bu0hlzvu8d642","previousOperationId":"dw3bq1058bmpmns"}
{"type":"log","timestamp":1709664562912,"level":"info","message":"Rendering template { name: invoice-main, recipe: chrome-pdf, engine: handlebars, preview: false }","meta":{"rootId":"d5uc9bsmuowa9d2","id":"d5uc9bsmuowa9d2"},"id":"z2tqnd8wp047yhc","previousOperationId":"dw3bq1058bmpmns"}
{"type":"log","timestamp":1709664562913,"level":"debug","message":"Inline data specified.","meta":{"rootId":"d5uc9bsmuowa9d2","id":"d5uc9bsmuowa9d2"},"id":"00r1dllnjejrtbf","previousOperationId":"dw3bq1058bmpmns"}
{"type":"log","timestamp":1709664562920,"level":"debug","message":"Base url not specified, skipping its injection.","meta":{"rootId":"d5uc9bsmuowa9d2","id":"d5uc9bsmuowa9d2"},"id":"4p28cpwqa79pg0y","previousOperationId":"dw3bq1058bmpmns"}
{"type":"operationStart","subtype":"engine","name":"handlebars","timestamp":1709664562920,"id":"o3iqcu6x93odz9z","previousEventId":"m41ovaovds4p2u3","operationId":"s9eid7026d56fd1","previousOperationId":"dw3bq1058bmpmns"}
{"type":"log","timestamp":1709664562920,"level":"debug","message":"Rendering engine handlebars","meta":{"rootId":"d5uc9bsmuowa9d2","id":"d5uc9bsmuowa9d2"},"id":"clddtboh88u6dns","previousOperationId":"s9eid7026d56fd1"}
{"type":"operationEnd","operationId":"s9eid7026d56fd1","timestamp":1709664562939,"id":"ga8d3kehiluj2ux","previousEventId":"o3iqcu6x93odz9z","previousOperationId":"s9eid7026d56fd1"}
{"type":"operationStart","subtype":"recipe","name":"chrome-pdf","timestamp":1709664562940,"id":"bliu8krk694clod","previousEventId":"ga8d3kehiluj2ux","operationId":"81luvwhexqqbk8w","previousOperationId":"s9eid7026d56fd1"}
{"type":"log","timestamp":1709664562940,"level":"debug","message":"Executing recipe chrome-pdf","meta":{"rootId":"d5uc9bsmuowa9d2","id":"d5uc9bsmuowa9d2"},"id":"zt8s91acqbu77kr","previousOperationId":"81luvwhexqqbk8w"}
{"type":"log","timestamp":1709664562942,"level":"debug","message":"Converting with chrome HeadlessChrome/117.0.5938.149 using chrome-pool strategy","meta":{"rootId":"d5uc9bsmuowa9d2","id":"d5uc9bsmuowa9d2"},"id":"1ur5c8yu7pdcd3v","previousOperationId":"81luvwhexqqbk8w"}
{"type":"log","timestamp":1709664563046,"level":"debug","message":"Page request: GET (document) file:///C:/Users/franc/AppData/Local/Temp/jsreport/autocleanup/75cdc82a-e73b-4bcf-8ab1-7cd723ea0385-chrome-pdf.html","meta":{"rootId":"d5uc9bsmuowa9d2","id":"d5uc9bsmuowa9d2"},"id":"wvfywscwskjerk1","previousOperationId":"81luvwhexqqbk8w"}
{"type":"log","timestamp":1709664563054,"level":"debug","message":"Page request finished: GET (document) 200 file:///C:/Users/franc/AppData/Local/Temp/jsreport/autocleanup/75cdc82a-e73b-4bcf-8ab1-7cd723ea0385-chrome-pdf.html","meta":{"rootId":"d5uc9bsmuowa9d2","id":"d5uc9bsmuowa9d2"},"id":"963z9l0ldstbev4","previousOperationId":"81luvwhexqqbk8w"}
{"type":"log","timestamp":1709664563056,"level":"debug","message":"Running chrome with params {\"printBackground\":true,\"marginTop\":\"1cm\",\"marginRight\":\"1cm\",\"marginBottom\":\"1cm\",\"marginLeft\":\"1cm\",\"timeout\":59948,\"margin\":{\"top\":\"1cm\",\"right\":\"1cm\",\"bottom\":\"1cm\",\"left\":\"1cm\"}}","meta":{"rootId":"d5uc9bsmuowa9d2","id":"d5uc9bsmuowa9d2"},"id":"xd4bocoo8epvqi7","previousOperationId":"81luvwhexqqbk8w"}
{"type":"operationEnd","operationId":"81luvwhexqqbk8w","timestamp":1709664563063,"id":"gql7amsxqep0lne","previousEventId":"bliu8krk694clod","previousOperationId":"81luvwhexqqbk8w"}
{"type":"log","timestamp":1709664563063,"level":"debug","message":"Skipping storing report.","meta":{"rootId":"d5uc9bsmuowa9d2","id":"d5uc9bsmuowa9d2"},"id":"hkngqk19see32y0","previousOperationId":"81luvwhexqqbk8w"}
{"type":"log","timestamp":1709664563063,"level":"info","message":"Rendering request 32 finished in 174 ms","meta":{"rootId":"d5uc9bsmuowa9d2","id":"d5uc9bsmuowa9d2"},"id":"wulaq0y2bjy0emj","previousOperationId":"81luvwhexqqbk8w"}
{"type":"operationEnd","subtype":"render","operationId":"dw3bq1058bmpmns","timestamp":1709664563063,"id":"90o4orx9wuqgy7i","previousEventId":"gql7amsxqep0lne","previousOperationId":"81luvwhexqqbk8w"}
{"type":"operationEnd","doDiffs":false,"previousEventId":"einuua5s6l42ck6","previousOperationId":"3xjd0frpkzsjw30","operationId":"3xjd0frpkzsjw30","timestamp":1709664563071,"id":"ruaksh2d72nu3yt"}
