{"type":"operationStart","subtype":"profile","data":{"_id":"g5xPYb5vG6KJzfR4","timestamp":"2024-03-05T18:46:59.552Z","state":"queued","mode":"standard","creationDate":"2024-03-05T18:46:59.554Z","modificationDate":"2024-03-05T18:46:59.554Z","shortid":"cnYZhVM","$entitySet":"profiles"},"doDiffs":false,"timestamp":1709664419553,"id":"tw0m7eqgnswnan6","previousOperationId":null,"operationId":"4nkcjcukr64m8ql"}
{"type":"log","level":"info","message":"Render request 27 queued for execution and waiting for available worker","previousOperationId":"4nkcjcukr64m8ql","timestamp":1709664419553,"id":"7b3chyu81h6ezma"}
{"type":"operationStart","subtype":"render","name":"invoice-main","previousOperationId":"4nkcjcukr64m8ql","timestamp":1709664419566,"id":"uq897r427snknf2","previousEventId":"tw0m7eqgnswnan6","operationId":"zk7fmljnrajqvxg"}
{"type":"log","timestamp":1709664419567,"level":"info","message":"Starting rendering request 27","meta":{"rootId":"e25qn4fc016muwc","id":"e25qn4fc016muwc"},"id":"zluj6i4263dxk9x","previousOperationId":"zk7fmljnrajqvxg"}
{"type":"log","timestamp":1709664419567,"level":"info","message":"Rendering template { name: invoice-main, recipe: chrome-pdf, engine: handlebars, preview: false }","meta":{"rootId":"e25qn4fc016muwc","id":"e25qn4fc016muwc"},"id":"eqg0kjh7dut63i5","previousOperationId":"zk7fmljnrajqvxg"}
{"type":"log","timestamp":1709664419569,"level":"debug","message":"Inline data specified.","meta":{"rootId":"e25qn4fc016muwc","id":"e25qn4fc016muwc"},"id":"f5lea5dba56nyxt","previousOperationId":"zk7fmljnrajqvxg"}
{"type":"log","timestamp":1709664419575,"level":"debug","message":"Base url not specified, skipping its injection.","meta":{"rootId":"e25qn4fc016muwc","id":"e25qn4fc016muwc"},"id":"y6u37hsexboy4lh","previousOperationId":"zk7fmljnrajqvxg"}
{"type":"operationStart","subtype":"engine","name":"handlebars","timestamp":1709664419575,"id":"2tu7iomzt0d6wgp","previousEventId":"uq897r427snknf2","operationId":"aqw90tpo0vr0ruv","previousOperationId":"zk7fmljnrajqvxg"}
{"type":"log","timestamp":1709664419575,"level":"debug","message":"Rendering engine handlebars","meta":{"rootId":"e25qn4fc016muwc","id":"e25qn4fc016muwc"},"id":"e619lr93s46bpwb","previousOperationId":"aqw90tpo0vr0ruv"}
{"type":"operationEnd","operationId":"aqw90tpo0vr0ruv","timestamp":1709664419597,"id":"9ij0owrjrfhl937","previousEventId":"2tu7iomzt0d6wgp","previousOperationId":"aqw90tpo0vr0ruv"}
{"type":"operationStart","subtype":"recipe","name":"chrome-pdf","timestamp":1709664419597,"id":"xxm04uvm0ehmtnc","previousEventId":"9ij0owrjrfhl937","operationId":"ur4gu8f5k890hln","previousOperationId":"aqw90tpo0vr0ruv"}
{"type":"log","timestamp":1709664419597,"level":"debug","message":"Executing recipe chrome-pdf","meta":{"rootId":"e25qn4fc016muwc","id":"e25qn4fc016muwc"},"id":"285xzo0lmtnimh6","previousOperationId":"ur4gu8f5k890hln"}
{"type":"log","timestamp":1709664419600,"level":"debug","message":"Converting with chrome HeadlessChrome/117.0.5938.149 using chrome-pool strategy","meta":{"rootId":"e25qn4fc016muwc","id":"e25qn4fc016muwc"},"id":"yrv4sjqg42ddaz1","previousOperationId":"ur4gu8f5k890hln"}
{"type":"log","timestamp":1709664420157,"level":"debug","message":"Page request: GET (document) file:///C:/Users/franc/AppData/Local/Temp/jsreport/autocleanup/bc56a488-6c72-4115-811e-2081e4a40277-chrome-pdf.html","meta":{"rootId":"e25qn4fc016muwc","id":"e25qn4fc016muwc"},"id":"191pzvpj4l97b7m","previousOperationId":"ur4gu8f5k890hln"}
{"type":"log","timestamp":1709664420171,"level":"debug","message":"Page request finished: GET (document) 200 file:///C:/Users/franc/AppData/Local/Temp/jsreport/autocleanup/bc56a488-6c72-4115-811e-2081e4a40277-chrome-pdf.html","meta":{"rootId":"e25qn4fc016muwc","id":"e25qn4fc016muwc"},"id":"qmegza7x47zae2f","previousOperationId":"ur4gu8f5k890hln"}
{"type":"log","timestamp":1709664420175,"level":"debug","message":"Running chrome with params {\"printBackground\":true,\"marginTop\":\"1cm\",\"marginRight\":\"1cm\",\"marginBottom\":\"1cm\",\"marginLeft\":\"1cm\",\"timeout\":59952,\"margin\":{\"top\":\"1cm\",\"right\":\"1cm\",\"bottom\":\"1cm\",\"left\":\"1cm\"}}","meta":{"rootId":"e25qn4fc016muwc","id":"e25qn4fc016muwc"},"id":"57vxhie4be9jiin","previousOperationId":"ur4gu8f5k890hln"}
{"type":"operationEnd","operationId":"ur4gu8f5k890hln","timestamp":1709664420188,"id":"jz7v1cym504s2jm","previousEventId":"xxm04uvm0ehmtnc","previousOperationId":"ur4gu8f5k890hln"}
{"type":"log","timestamp":1709664420188,"level":"debug","message":"Skipping storing report.","meta":{"rootId":"e25qn4fc016muwc","id":"e25qn4fc016muwc"},"id":"s364cntbafb67it","previousOperationId":"ur4gu8f5k890hln"}
{"type":"log","timestamp":1709664420188,"level":"info","message":"Rendering request 27 finished in 637 ms","meta":{"rootId":"e25qn4fc016muwc","id":"e25qn4fc016muwc"},"id":"gvzes4p96np1pa4","previousOperationId":"ur4gu8f5k890hln"}
{"type":"operationEnd","subtype":"render","operationId":"zk7fmljnrajqvxg","timestamp":1709664420188,"id":"5d0stc33l6buqch","previousEventId":"jz7v1cym504s2jm","previousOperationId":"ur4gu8f5k890hln"}
{"type":"operationEnd","doDiffs":false,"previousEventId":"tw0m7eqgnswnan6","previousOperationId":"4nkcjcukr64m8ql","operationId":"4nkcjcukr64m8ql","timestamp":1709664420200,"id":"b2d8x8s611vhyc2"}
