{"type":"operationStart","subtype":"profile","data":{"_id":"HZ7T8YlN3zc91Uqz","timestamp":"2024-03-02T16:49:13.874Z","state":"queued","mode":"standard","creationDate":"2024-03-02T16:49:13.882Z","modificationDate":"2024-03-02T16:49:13.882Z","shortid":"jJafnBh","$entitySet":"profiles"},"doDiffs":false,"timestamp":1709398153880,"id":"jv8o1klhphzm313","previousOperationId":null,"operationId":"hlvhw4pq67uz7cd"}
{"type":"log","level":"info","message":"Render request 3 queued for execution and waiting for available worker","previousOperationId":"hlvhw4pq67uz7cd","timestamp":1709398153880,"id":"6pd7ma144kgbc1x"}
{"type":"operationStart","subtype":"render","name":"invoice-main","previousOperationId":"hlvhw4pq67uz7cd","timestamp":1709398153914,"id":"o9n7pl7qshtizi9","previousEventId":"jv8o1klhphzm313","operationId":"61pabvf30bw4r44"}
{"type":"log","timestamp":1709398153914,"level":"info","message":"Starting rendering request 3","meta":{"rootId":"fc0fuux1tz8thu1","id":"fc0fuux1tz8thu1"},"id":"4ut7v286zdbqfek","previousOperationId":"61pabvf30bw4r44"}
{"type":"log","timestamp":1709398153915,"level":"info","message":"Rendering template { name: invoice-main, recipe: chrome-pdf, engine: handlebars, preview: true }","meta":{"rootId":"fc0fuux1tz8thu1","id":"fc0fuux1tz8thu1"},"id":"sooz41keup6fioi","previousOperationId":"61pabvf30bw4r44"}
{"type":"log","timestamp":1709398153918,"level":"debug","message":"Inline data specified.","meta":{"rootId":"fc0fuux1tz8thu1","id":"fc0fuux1tz8thu1"},"id":"9wfuo46v763n4wv","previousOperationId":"61pabvf30bw4r44"}
{"type":"log","timestamp":1709398153922,"level":"debug","message":"Base url not specified, skipping its injection.","meta":{"rootId":"fc0fuux1tz8thu1","id":"fc0fuux1tz8thu1"},"id":"t2qzzr0jez1q34y","previousOperationId":"61pabvf30bw4r44"}
{"type":"operationStart","subtype":"engine","name":"handlebars","timestamp":1709398153923,"id":"q284kug777555a2","previousEventId":"o9n7pl7qshtizi9","operationId":"23o3dq648mti3v2","previousOperationId":"61pabvf30bw4r44"}
{"type":"log","timestamp":1709398153923,"level":"debug","message":"Rendering engine handlebars","meta":{"rootId":"fc0fuux1tz8thu1","id":"fc0fuux1tz8thu1"},"id":"h15i1eeht91k5yu","previousOperationId":"23o3dq648mti3v2"}
{"type":"operationEnd","operationId":"23o3dq648mti3v2","timestamp":1709398153968,"id":"ikkn2ahqdpol3mc","previousEventId":"q284kug777555a2","previousOperationId":"23o3dq648mti3v2"}
{"type":"operationStart","subtype":"recipe","name":"chrome-pdf","timestamp":1709398153968,"id":"nya9u6ocyz6dkhh","previousEventId":"ikkn2ahqdpol3mc","operationId":"c5aw1z1fx0scskv","previousOperationId":"23o3dq648mti3v2"}
{"type":"log","timestamp":1709398153968,"level":"debug","message":"Executing recipe chrome-pdf","meta":{"rootId":"fc0fuux1tz8thu1","id":"fc0fuux1tz8thu1"},"id":"2kfqsbh30oe46u9","previousOperationId":"c5aw1z1fx0scskv"}
{"type":"log","timestamp":1709398153971,"level":"debug","message":"Converting with chrome HeadlessChrome/117.0.5938.149 using chrome-pool strategy","meta":{"rootId":"fc0fuux1tz8thu1","id":"fc0fuux1tz8thu1"},"id":"hzovq8w36wf2fgr","previousOperationId":"c5aw1z1fx0scskv"}
{"type":"log","timestamp":1709398154115,"level":"debug","message":"Page request: GET (document) file:///C:/Users/franc/AppData/Local/Temp/jsreport/autocleanup/fbd2e2b2-0232-42e7-b3b6-ea2509b54b08-chrome-pdf.html","meta":{"rootId":"fc0fuux1tz8thu1","id":"fc0fuux1tz8thu1"},"id":"i95xd6ofggcg2sj","previousOperationId":"c5aw1z1fx0scskv"}
{"type":"log","timestamp":1709398154122,"level":"debug","message":"Page request finished: GET (document) 200 file:///C:/Users/franc/AppData/Local/Temp/jsreport/autocleanup/fbd2e2b2-0232-42e7-b3b6-ea2509b54b08-chrome-pdf.html","meta":{"rootId":"fc0fuux1tz8thu1","id":"fc0fuux1tz8thu1"},"id":"phfisfv718c5ws5","previousOperationId":"c5aw1z1fx0scskv"}
{"type":"log","timestamp":1709398154124,"level":"debug","message":"Running chrome with params {\"printBackground\":true,\"marginTop\":\"1cm\",\"marginRight\":\"1cm\",\"marginBottom\":\"1cm\",\"marginLeft\":\"1cm\",\"timeout\":59904,\"margin\":{\"top\":\"1cm\",\"right\":\"1cm\",\"bottom\":\"1cm\",\"left\":\"1cm\"}}","meta":{"rootId":"fc0fuux1tz8thu1","id":"fc0fuux1tz8thu1"},"id":"ayw0i14nu3q2whu","previousOperationId":"c5aw1z1fx0scskv"}
{"type":"operationEnd","operationId":"c5aw1z1fx0scskv","timestamp":1709398154183,"id":"wtn11kbyiy3r30n","previousEventId":"nya9u6ocyz6dkhh","previousOperationId":"c5aw1z1fx0scskv"}
{"type":"log","timestamp":1709398154183,"level":"debug","message":"Skipping storing report.","meta":{"rootId":"fc0fuux1tz8thu1","id":"fc0fuux1tz8thu1"},"id":"vrjn9rdfd2pnux6","previousOperationId":"c5aw1z1fx0scskv"}
{"type":"log","timestamp":1709398154183,"level":"info","message":"Rendering request 3 finished in 309 ms","meta":{"rootId":"fc0fuux1tz8thu1","id":"fc0fuux1tz8thu1"},"id":"kd18psxyv4c5lry","previousOperationId":"c5aw1z1fx0scskv"}
{"type":"operationEnd","subtype":"render","operationId":"61pabvf30bw4r44","timestamp":1709398154183,"id":"hxteiph5tfnwe21","previousEventId":"wtn11kbyiy3r30n","previousOperationId":"c5aw1z1fx0scskv"}
{"type":"operationEnd","doDiffs":false,"previousEventId":"jv8o1klhphzm313","previousOperationId":"hlvhw4pq67uz7cd","operationId":"hlvhw4pq67uz7cd","timestamp":1709398154191,"id":"412dnysx9crc9h3"}
