{"type":"operationStart","subtype":"profile","data":{"_id":"QZvY12IQ17GGI76X","timestamp":"2024-03-05T18:40:41.953Z","state":"queued","mode":"standard","creationDate":"2024-03-05T18:40:41.956Z","modificationDate":"2024-03-05T18:40:41.956Z","shortid":"5K3lEtQ","$entitySet":"profiles"},"doDiffs":false,"timestamp":1709664041955,"id":"ykwiqri7f7x4ujk","previousOperationId":null,"operationId":"udkmcuyqmzavqfx"}
{"type":"log","level":"info","message":"Render request 19 queued for execution and waiting for available worker","previousOperationId":"udkmcuyqmzavqfx","timestamp":1709664041955,"id":"vcu6hr2wkoupyvb"}
{"type":"operationStart","subtype":"render","name":"invoice-main","previousOperationId":"udkmcuyqmzavqfx","timestamp":1709664041974,"id":"9jd8ads6nsjv9vo","previousEventId":"ykwiqri7f7x4ujk","operationId":"w65g8r4cj0sb5x0"}
{"type":"log","timestamp":1709664041974,"level":"info","message":"Starting rendering request 19","meta":{"rootId":"hhue0ia5955w6zz","id":"hhue0ia5955w6zz"},"id":"wr6o13kxhteuj3w","previousOperationId":"w65g8r4cj0sb5x0"}
{"type":"log","timestamp":1709664041975,"level":"info","message":"Rendering template { name: invoice-main, recipe: chrome-pdf, engine: handlebars, preview: false }","meta":{"rootId":"hhue0ia5955w6zz","id":"hhue0ia5955w6zz"},"id":"9ito22mpleus2wu","previousOperationId":"w65g8r4cj0sb5x0"}
{"type":"log","timestamp":1709664041979,"level":"debug","message":"Inline data specified.","meta":{"rootId":"hhue0ia5955w6zz","id":"hhue0ia5955w6zz"},"id":"hfybnf4e3f9uqzd","previousOperationId":"w65g8r4cj0sb5x0"}
{"type":"log","timestamp":1709664041987,"level":"debug","message":"Base url not specified, skipping its injection.","meta":{"rootId":"hhue0ia5955w6zz","id":"hhue0ia5955w6zz"},"id":"3unzccnarn60cmx","previousOperationId":"w65g8r4cj0sb5x0"}
{"type":"operationStart","subtype":"engine","name":"handlebars","timestamp":1709664041987,"id":"zmhgcdz5mw6zmzz","previousEventId":"9jd8ads6nsjv9vo","operationId":"teie80fg9jn2cv4","previousOperationId":"w65g8r4cj0sb5x0"}
{"type":"log","timestamp":1709664041987,"level":"debug","message":"Rendering engine handlebars","meta":{"rootId":"hhue0ia5955w6zz","id":"hhue0ia5955w6zz"},"id":"10e3qdgkc2qdog3","previousOperationId":"teie80fg9jn2cv4"}
{"type":"operationEnd","operationId":"teie80fg9jn2cv4","timestamp":1709664042005,"id":"66abaspbr2zz190","previousEventId":"zmhgcdz5mw6zmzz","previousOperationId":"teie80fg9jn2cv4"}
{"type":"operationStart","subtype":"recipe","name":"chrome-pdf","timestamp":1709664042006,"id":"r2gl8uf49aghfw5","previousEventId":"66abaspbr2zz190","operationId":"e8nc130huxw1xx5","previousOperationId":"teie80fg9jn2cv4"}
{"type":"log","timestamp":1709664042006,"level":"debug","message":"Executing recipe chrome-pdf","meta":{"rootId":"hhue0ia5955w6zz","id":"hhue0ia5955w6zz"},"id":"d7bt5922p29x5d4","previousOperationId":"e8nc130huxw1xx5"}
{"type":"log","timestamp":1709664042009,"level":"debug","message":"Converting with chrome HeadlessChrome/117.0.5938.149 using chrome-pool strategy","meta":{"rootId":"hhue0ia5955w6zz","id":"hhue0ia5955w6zz"},"id":"a84m8heqtx25qiv","previousOperationId":"e8nc130huxw1xx5"}
{"type":"log","timestamp":1709664042121,"level":"debug","message":"Page request: GET (document) file:///C:/Users/franc/AppData/Local/Temp/jsreport/autocleanup/5aeff2c4-b18d-4611-9d64-536cb9daaf79-chrome-pdf.html","meta":{"rootId":"hhue0ia5955w6zz","id":"hhue0ia5955w6zz"},"id":"hoa8u9vj343xjku","previousOperationId":"e8nc130huxw1xx5"}
{"type":"log","timestamp":1709664042131,"level":"debug","message":"Page request finished: GET (document) 200 file:///C:/Users/franc/AppData/Local/Temp/jsreport/autocleanup/5aeff2c4-b18d-4611-9d64-536cb9daaf79-chrome-pdf.html","meta":{"rootId":"hhue0ia5955w6zz","id":"hhue0ia5955w6zz"},"id":"jor48f7ojh8r5as","previousOperationId":"e8nc130huxw1xx5"}
{"type":"log","timestamp":1709664042132,"level":"debug","message":"Running chrome with params {\"printBackground\":true,\"marginTop\":\"1cm\",\"marginRight\":\"1cm\",\"marginBottom\":\"1cm\",\"marginLeft\":\"1cm\",\"timeout\":59946,\"margin\":{\"top\":\"1cm\",\"right\":\"1cm\",\"bottom\":\"1cm\",\"left\":\"1cm\"}}","meta":{"rootId":"hhue0ia5955w6zz","id":"hhue0ia5955w6zz"},"id":"c9byosjmu58anks","previousOperationId":"e8nc130huxw1xx5"}
{"type":"operationEnd","operationId":"e8nc130huxw1xx5","timestamp":1709664042139,"id":"ieu9c4q82meilhf","previousEventId":"r2gl8uf49aghfw5","previousOperationId":"e8nc130huxw1xx5"}
{"type":"log","timestamp":1709664042139,"level":"debug","message":"Skipping storing report.","meta":{"rootId":"hhue0ia5955w6zz","id":"hhue0ia5955w6zz"},"id":"ygaco6d3uuwnbgp","previousOperationId":"e8nc130huxw1xx5"}
{"type":"log","timestamp":1709664042140,"level":"info","message":"Rendering request 19 finished in 187 ms","meta":{"rootId":"hhue0ia5955w6zz","id":"hhue0ia5955w6zz"},"id":"kg71wtpy4ew6lf0","previousOperationId":"e8nc130huxw1xx5"}
{"type":"operationEnd","subtype":"render","operationId":"w65g8r4cj0sb5x0","timestamp":1709664042140,"id":"dys2sev57yupgsu","previousEventId":"ieu9c4q82meilhf","previousOperationId":"e8nc130huxw1xx5"}
{"type":"operationEnd","doDiffs":false,"previousEventId":"ykwiqri7f7x4ujk","previousOperationId":"udkmcuyqmzavqfx","operationId":"udkmcuyqmzavqfx","timestamp":1709664042144,"id":"bleyjmfrahmvym3"}
