{"type":"operationStart","subtype":"profile","data":{"_id":"DohVLK3OtJ5fdC4N","timestamp":"2024-03-05T18:41:23.418Z","state":"queued","mode":"standard","creationDate":"2024-03-05T18:41:23.420Z","modificationDate":"2024-03-05T18:41:23.420Z","shortid":"drZ8CP2","$entitySet":"profiles"},"doDiffs":false,"timestamp":1709664083419,"id":"6l7oqmsocuhzrzu","previousOperationId":null,"operationId":"0k0iqqn7j7b2xtw"}
{"type":"log","level":"info","message":"Render request 21 queued for execution and waiting for available worker","previousOperationId":"0k0iqqn7j7b2xtw","timestamp":1709664083419,"id":"jp0frarxwd53jv5"}
{"type":"operationStart","subtype":"render","name":"invoice-main","previousOperationId":"0k0iqqn7j7b2xtw","timestamp":1709664083437,"id":"xaqja0vsqbbv2cp","previousEventId":"6l7oqmsocuhzrzu","operationId":"181uzvg5ry013h7"}
{"type":"log","timestamp":1709664083438,"level":"info","message":"Starting rendering request 21","meta":{"rootId":"htxgmfn8be6j7v2","id":"htxgmfn8be6j7v2"},"id":"atic91vhcg4gvx1","previousOperationId":"181uzvg5ry013h7"}
{"type":"log","timestamp":1709664083438,"level":"info","message":"Rendering template { name: invoice-main, recipe: chrome-pdf, engine: handlebars, preview: false }","meta":{"rootId":"htxgmfn8be6j7v2","id":"htxgmfn8be6j7v2"},"id":"b2z9xpzhwljon6i","previousOperationId":"181uzvg5ry013h7"}
{"type":"log","timestamp":1709664083441,"level":"debug","message":"Inline data specified.","meta":{"rootId":"htxgmfn8be6j7v2","id":"htxgmfn8be6j7v2"},"id":"dvq119v46ookav6","previousOperationId":"181uzvg5ry013h7"}
{"type":"log","timestamp":1709664083443,"level":"debug","message":"Base url not specified, skipping its injection.","meta":{"rootId":"htxgmfn8be6j7v2","id":"htxgmfn8be6j7v2"},"id":"bpwxx6poyuaw3va","previousOperationId":"181uzvg5ry013h7"}
{"type":"operationStart","subtype":"engine","name":"handlebars","timestamp":1709664083444,"id":"vw0mouza1ybd6t9","previousEventId":"xaqja0vsqbbv2cp","operationId":"relmjwl1xorrqpo","previousOperationId":"181uzvg5ry013h7"}
{"type":"log","timestamp":1709664083444,"level":"debug","message":"Rendering engine handlebars","meta":{"rootId":"htxgmfn8be6j7v2","id":"htxgmfn8be6j7v2"},"id":"ygz7j9offb5bswm","previousOperationId":"relmjwl1xorrqpo"}
{"type":"operationEnd","operationId":"relmjwl1xorrqpo","timestamp":1709664083458,"id":"vxql9e7xge3bt7k","previousEventId":"vw0mouza1ybd6t9","previousOperationId":"relmjwl1xorrqpo"}
{"type":"operationStart","subtype":"recipe","name":"chrome-pdf","timestamp":1709664083458,"id":"8qa09s3rgu1wxfs","previousEventId":"vxql9e7xge3bt7k","operationId":"hv4o7in6i6e32ps","previousOperationId":"relmjwl1xorrqpo"}
{"type":"log","timestamp":1709664083458,"level":"debug","message":"Executing recipe chrome-pdf","meta":{"rootId":"htxgmfn8be6j7v2","id":"htxgmfn8be6j7v2"},"id":"xmsm2xc647hu8hm","previousOperationId":"hv4o7in6i6e32ps"}
{"type":"log","timestamp":1709664083461,"level":"debug","message":"Converting with chrome HeadlessChrome/117.0.5938.149 using chrome-pool strategy","meta":{"rootId":"htxgmfn8be6j7v2","id":"htxgmfn8be6j7v2"},"id":"e7cd1hl6ao94p4s","previousOperationId":"hv4o7in6i6e32ps"}
{"type":"log","timestamp":1709664083556,"level":"debug","message":"Page request: GET (document) file:///C:/Users/franc/AppData/Local/Temp/jsreport/autocleanup/d76e4c63-5d00-4d70-b54c-86d18cb7d2ee-chrome-pdf.html","meta":{"rootId":"htxgmfn8be6j7v2","id":"htxgmfn8be6j7v2"},"id":"clh8b1rzmzxrzcn","previousOperationId":"hv4o7in6i6e32ps"}
{"type":"log","timestamp":1709664083566,"level":"debug","message":"Page request finished: GET (document) 200 file:///C:/Users/franc/AppData/Local/Temp/jsreport/autocleanup/d76e4c63-5d00-4d70-b54c-86d18cb7d2ee-chrome-pdf.html","meta":{"rootId":"htxgmfn8be6j7v2","id":"htxgmfn8be6j7v2"},"id":"5sjj8io8supyc29","previousOperationId":"hv4o7in6i6e32ps"}
{"type":"log","timestamp":1709664083567,"level":"debug","message":"Running chrome with params {\"printBackground\":true,\"marginTop\":\"1cm\",\"marginRight\":\"1cm\",\"marginBottom\":\"1cm\",\"marginLeft\":\"1cm\",\"timeout\":59958,\"margin\":{\"top\":\"1cm\",\"right\":\"1cm\",\"bottom\":\"1cm\",\"left\":\"1cm\"}}","meta":{"rootId":"htxgmfn8be6j7v2","id":"htxgmfn8be6j7v2"},"id":"zf2r5ldnmas2zi1","previousOperationId":"hv4o7in6i6e32ps"}
{"type":"operationEnd","operationId":"hv4o7in6i6e32ps","timestamp":1709664083574,"id":"ftzjtqqh9ozeks9","previousEventId":"8qa09s3rgu1wxfs","previousOperationId":"hv4o7in6i6e32ps"}
{"type":"log","timestamp":1709664083574,"level":"debug","message":"Skipping storing report.","meta":{"rootId":"htxgmfn8be6j7v2","id":"htxgmfn8be6j7v2"},"id":"4w3pwzag4ugdmpc","previousOperationId":"hv4o7in6i6e32ps"}
{"type":"log","timestamp":1709664083575,"level":"info","message":"Rendering request 21 finished in 157 ms","meta":{"rootId":"htxgmfn8be6j7v2","id":"htxgmfn8be6j7v2"},"id":"dm9ee4vt6cuw2z0","previousOperationId":"hv4o7in6i6e32ps"}
{"type":"operationEnd","subtype":"render","operationId":"181uzvg5ry013h7","timestamp":1709664083575,"id":"6u286d65uip9yba","previousEventId":"ftzjtqqh9ozeks9","previousOperationId":"hv4o7in6i6e32ps"}
{"type":"operationEnd","doDiffs":false,"previousEventId":"6l7oqmsocuhzrzu","previousOperationId":"0k0iqqn7j7b2xtw","operationId":"0k0iqqn7j7b2xtw","timestamp":1709664083580,"id":"m7tiluv44t4k4ey"}
