{"type":"operationStart","subtype":"profile","data":{"_id":"Dyy5hLRE6R9wo6Jq","timestamp":"2024-03-05T18:39:21.646Z","state":"queued","mode":"standard","creationDate":"2024-03-05T18:39:21.649Z","modificationDate":"2024-03-05T18:39:21.649Z","shortid":"n7k0u5l","$entitySet":"profiles"},"doDiffs":false,"timestamp":1709663961648,"id":"lw4uloij5vsbe63","previousOperationId":null,"operationId":"m74gpdi4sbquzrh"}
{"type":"log","level":"info","message":"Render request 17 queued for execution and waiting for available worker","previousOperationId":"m74gpdi4sbquzrh","timestamp":1709663961648,"id":"u209tmz2szv1d95"}
{"type":"operationStart","subtype":"render","name":"invoice-main","previousOperationId":"m74gpdi4sbquzrh","timestamp":1709663961665,"id":"m88hnem8j03avaj","previousEventId":"lw4uloij5vsbe63","operationId":"l98zcjn072wrj96"}
{"type":"log","timestamp":1709663961666,"level":"info","message":"Starting rendering request 17","meta":{"rootId":"jx398p716pxeoeg","id":"jx398p716pxeoeg"},"id":"bfljd1qs931r4e7","previousOperationId":"l98zcjn072wrj96"}
{"type":"log","timestamp":1709663961666,"level":"info","message":"Rendering template { name: invoice-main, recipe: chrome-pdf, engine: handlebars, preview: false }","meta":{"rootId":"jx398p716pxeoeg","id":"jx398p716pxeoeg"},"id":"k0jud4q7qv89mq0","previousOperationId":"l98zcjn072wrj96"}
{"type":"log","timestamp":1709663961668,"level":"debug","message":"Inline data specified.","meta":{"rootId":"jx398p716pxeoeg","id":"jx398p716pxeoeg"},"id":"ru6yvxjykbq0uml","previousOperationId":"l98zcjn072wrj96"}
{"type":"log","timestamp":1709663961672,"level":"debug","message":"Base url not specified, skipping its injection.","meta":{"rootId":"jx398p716pxeoeg","id":"jx398p716pxeoeg"},"id":"0rdgmgxka0swd84","previousOperationId":"l98zcjn072wrj96"}
{"type":"operationStart","subtype":"engine","name":"handlebars","timestamp":1709663961673,"id":"h9myn0nfb586r9q","previousEventId":"m88hnem8j03avaj","operationId":"21vf9vyb5d7bvsb","previousOperationId":"l98zcjn072wrj96"}
{"type":"log","timestamp":1709663961673,"level":"debug","message":"Rendering engine handlebars","meta":{"rootId":"jx398p716pxeoeg","id":"jx398p716pxeoeg"},"id":"80nhnanc4tbt5pt","previousOperationId":"21vf9vyb5d7bvsb"}
{"type":"operationEnd","operationId":"21vf9vyb5d7bvsb","timestamp":1709663961686,"id":"daz9d6z69ca88fq","previousEventId":"h9myn0nfb586r9q","previousOperationId":"21vf9vyb5d7bvsb"}
{"type":"operationStart","subtype":"recipe","name":"chrome-pdf","timestamp":1709663961686,"id":"9q650jt17e5v1qw","previousEventId":"daz9d6z69ca88fq","operationId":"8i00s3w1f9o2u1v","previousOperationId":"21vf9vyb5d7bvsb"}
{"type":"log","timestamp":1709663961686,"level":"debug","message":"Executing recipe chrome-pdf","meta":{"rootId":"jx398p716pxeoeg","id":"jx398p716pxeoeg"},"id":"39rvwut26d33j43","previousOperationId":"8i00s3w1f9o2u1v"}
{"type":"log","timestamp":1709663961689,"level":"debug","message":"Converting with chrome HeadlessChrome/117.0.5938.149 using chrome-pool strategy","meta":{"rootId":"jx398p716pxeoeg","id":"jx398p716pxeoeg"},"id":"c9h4y0jsmi34i2m","previousOperationId":"8i00s3w1f9o2u1v"}
{"type":"log","timestamp":1709663961804,"level":"debug","message":"Page request: GET (document) file:///C:/Users/franc/AppData/Local/Temp/jsreport/autocleanup/4373f7f5-91f4-4c49-b93e-a33bb3d2e60f-chrome-pdf.html","meta":{"rootId":"jx398p716pxeoeg","id":"jx398p716pxeoeg"},"id":"ze1uhglor3l92lp","previousOperationId":"8i00s3w1f9o2u1v"}
{"type":"log","timestamp":1709663961815,"level":"debug","message":"Page request finished: GET (document) 200 file:///C:/Users/franc/AppData/Local/Temp/jsreport/autocleanup/4373f7f5-91f4-4c49-b93e-a33bb3d2e60f-chrome-pdf.html","meta":{"rootId":"jx398p716pxeoeg","id":"jx398p716pxeoeg"},"id":"8sw7tpy0c1uogok","previousOperationId":"8i00s3w1f9o2u1v"}
{"type":"log","timestamp":1709663961818,"level":"debug","message":"Running chrome with params {\"printBackground\":true,\"marginTop\":\"1cm\",\"marginRight\":\"1cm\",\"marginBottom\":\"1cm\",\"marginLeft\":\"1cm\",\"timeout\":59958,\"margin\":{\"top\":\"1cm\",\"right\":\"1cm\",\"bottom\":\"1cm\",\"left\":\"1cm\"}}","meta":{"rootId":"jx398p716pxeoeg","id":"jx398p716pxeoeg"},"id":"xq171aafxquf5eo","previousOperationId":"8i00s3w1f9o2u1v"}
{"type":"operationEnd","operationId":"8i00s3w1f9o2u1v","timestamp":1709663961830,"id":"dv2qvlbsla2r4e1","previousEventId":"9q650jt17e5v1qw","previousOperationId":"8i00s3w1f9o2u1v"}
{"type":"log","timestamp":1709663961830,"level":"debug","message":"Skipping storing report.","meta":{"rootId":"jx398p716pxeoeg","id":"jx398p716pxeoeg"},"id":"2grehewv5x0z8f3","previousOperationId":"8i00s3w1f9o2u1v"}
{"type":"log","timestamp":1709663961830,"level":"info","message":"Rendering request 17 finished in 184 ms","meta":{"rootId":"jx398p716pxeoeg","id":"jx398p716pxeoeg"},"id":"176vkzpfw0i83cm","previousOperationId":"8i00s3w1f9o2u1v"}
{"type":"operationEnd","subtype":"render","operationId":"l98zcjn072wrj96","timestamp":1709663961830,"id":"txan4katbfv9mjd","previousEventId":"dv2qvlbsla2r4e1","previousOperationId":"8i00s3w1f9o2u1v"}
{"type":"operationEnd","doDiffs":false,"previousEventId":"lw4uloij5vsbe63","previousOperationId":"m74gpdi4sbquzrh","operationId":"m74gpdi4sbquzrh","timestamp":1709663961835,"id":"c0714xmoxnh9qr2"}
