{"type":"operationStart","subtype":"profile","data":{"_id":"33nVxrQ7KQ0Cpa71","timestamp":"2024-03-05T18:41:51.821Z","state":"queued","mode":"standard","creationDate":"2024-03-05T18:41:51.824Z","modificationDate":"2024-03-05T18:41:51.824Z","shortid":"CGn7O_v","$entitySet":"profiles"},"doDiffs":false,"timestamp":1709664111823,"id":"uquxmus8reqjj44","previousOperationId":null,"operationId":"vvh6pphhvj0yvem"}
{"type":"log","level":"info","message":"Render request 22 queued for execution and waiting for available worker","previousOperationId":"vvh6pphhvj0yvem","timestamp":1709664111823,"id":"c4iwqx3jqkbhsxk"}
{"type":"operationStart","subtype":"render","name":"invoice-main","previousOperationId":"vvh6pphhvj0yvem","timestamp":1709664111837,"id":"ywl707l2j3o3gqe","previousEventId":"uquxmus8reqjj44","operationId":"pflbma3zyjzelhb"}
{"type":"log","timestamp":1709664111837,"level":"info","message":"Starting rendering request 22","meta":{"rootId":"o85twzh6t0pz0x6","id":"o85twzh6t0pz0x6"},"id":"xkutggytqaq92wu","previousOperationId":"pflbma3zyjzelhb"}
{"type":"log","timestamp":1709664111838,"level":"info","message":"Rendering template { name: invoice-main, recipe: chrome-pdf, engine: handlebars, preview: false }","meta":{"rootId":"o85twzh6t0pz0x6","id":"o85twzh6t0pz0x6"},"id":"hz0nn314taw78zr","previousOperationId":"pflbma3zyjzelhb"}
{"type":"log","timestamp":1709664111842,"level":"debug","message":"Inline data specified.","meta":{"rootId":"o85twzh6t0pz0x6","id":"o85twzh6t0pz0x6"},"id":"hw194bn7si73kbn","previousOperationId":"pflbma3zyjzelhb"}
{"type":"log","timestamp":1709664111847,"level":"debug","message":"Base url not specified, skipping its injection.","meta":{"rootId":"o85twzh6t0pz0x6","id":"o85twzh6t0pz0x6"},"id":"ta1tyvvppq4dqe4","previousOperationId":"pflbma3zyjzelhb"}
{"type":"operationStart","subtype":"engine","name":"handlebars","timestamp":1709664111847,"id":"a1xns7sqpx3qobt","previousEventId":"ywl707l2j3o3gqe","operationId":"37mfne5spbkkvjg","previousOperationId":"pflbma3zyjzelhb"}
{"type":"log","timestamp":1709664111847,"level":"debug","message":"Rendering engine handlebars","meta":{"rootId":"o85twzh6t0pz0x6","id":"o85twzh6t0pz0x6"},"id":"yylfnnr6bqt2sax","previousOperationId":"37mfne5spbkkvjg"}
{"type":"operationEnd","operationId":"37mfne5spbkkvjg","timestamp":1709664111864,"id":"zm8xou1frlofg5b","previousEventId":"a1xns7sqpx3qobt","previousOperationId":"37mfne5spbkkvjg"}
{"type":"operationStart","subtype":"recipe","name":"chrome-pdf","timestamp":1709664111864,"id":"891tpzggc1b4f2w","previousEventId":"zm8xou1frlofg5b","operationId":"ljzvchdng5a3wbv","previousOperationId":"37mfne5spbkkvjg"}
{"type":"log","timestamp":1709664111864,"level":"debug","message":"Executing recipe chrome-pdf","meta":{"rootId":"o85twzh6t0pz0x6","id":"o85twzh6t0pz0x6"},"id":"zy7s8ubiq3xdbdj","previousOperationId":"ljzvchdng5a3wbv"}
{"type":"log","timestamp":1709664111868,"level":"debug","message":"Converting with chrome HeadlessChrome/117.0.5938.149 using chrome-pool strategy","meta":{"rootId":"o85twzh6t0pz0x6","id":"o85twzh6t0pz0x6"},"id":"bj4zk1twarucjka","previousOperationId":"ljzvchdng5a3wbv"}
{"type":"log","timestamp":1709664112018,"level":"debug","message":"Page request: GET (document) file:///C:/Users/franc/AppData/Local/Temp/jsreport/autocleanup/479dcf0f-8002-4c4a-a452-deddc5ba15fd-chrome-pdf.html","meta":{"rootId":"o85twzh6t0pz0x6","id":"o85twzh6t0pz0x6"},"id":"goqnn4c67e5mnzd","previousOperationId":"ljzvchdng5a3wbv"}
{"type":"log","timestamp":1709664112029,"level":"debug","message":"Page request finished: GET (document) 200 file:///C:/Users/franc/AppData/Local/Temp/jsreport/autocleanup/479dcf0f-8002-4c4a-a452-deddc5ba15fd-chrome-pdf.html","meta":{"rootId":"o85twzh6t0pz0x6","id":"o85twzh6t0pz0x6"},"id":"ohfj5dsklvdd7b3","previousOperationId":"ljzvchdng5a3wbv"}
{"type":"log","timestamp":1709664112033,"level":"debug","message":"Running chrome with params {\"printBackground\":true,\"marginTop\":\"1cm\",\"marginRight\":\"1cm\",\"marginBottom\":\"1cm\",\"marginLeft\":\"1cm\",\"timeout\":59954,\"margin\":{\"top\":\"1cm\",\"right\":\"1cm\",\"bottom\":\"1cm\",\"left\":\"1cm\"}}","meta":{"rootId":"o85twzh6t0pz0x6","id":"o85twzh6t0pz0x6"},"id":"q91je3rpsxs9c46","previousOperationId":"ljzvchdng5a3wbv"}
{"type":"operationEnd","operationId":"ljzvchdng5a3wbv","timestamp":1709664112042,"id":"tr4rmb3w5o5vqfl","previousEventId":"891tpzggc1b4f2w","previousOperationId":"ljzvchdng5a3wbv"}
{"type":"log","timestamp":1709664112042,"level":"debug","message":"Skipping storing report.","meta":{"rootId":"o85twzh6t0pz0x6","id":"o85twzh6t0pz0x6"},"id":"1i5we9junfwm8u0","previousOperationId":"ljzvchdng5a3wbv"}
{"type":"log","timestamp":1709664112042,"level":"info","message":"Rendering request 22 finished in 221 ms","meta":{"rootId":"o85twzh6t0pz0x6","id":"o85twzh6t0pz0x6"},"id":"x5dkje99lrd0atj","previousOperationId":"ljzvchdng5a3wbv"}
{"type":"operationEnd","subtype":"render","operationId":"pflbma3zyjzelhb","timestamp":1709664112042,"id":"dspv18m5p352iby","previousEventId":"tr4rmb3w5o5vqfl","previousOperationId":"ljzvchdng5a3wbv"}
{"type":"operationEnd","doDiffs":false,"previousEventId":"uquxmus8reqjj44","previousOperationId":"vvh6pphhvj0yvem","operationId":"vvh6pphhvj0yvem","timestamp":1709664112050,"id":"i8ps3i7eq6po9vu"}
