{"type":"operationStart","subtype":"profile","data":{"_id":"ROKXSlDaCyk12dYT","timestamp":"2024-03-05T18:41:52.217Z","state":"queued","mode":"standard","creationDate":"2024-03-05T18:41:52.219Z","modificationDate":"2024-03-05T18:41:52.219Z","shortid":"h3yK5hi","$entitySet":"profiles"},"doDiffs":false,"timestamp":1709664112218,"id":"m821q9a1pr57ra5","previousOperationId":null,"operationId":"vocoz75iuk0hpmk"}
{"type":"log","level":"info","message":"Render request 23 queued for execution and waiting for available worker","previousOperationId":"vocoz75iuk0hpmk","timestamp":1709664112218,"id":"7x0cifarhag08xz"}
{"type":"operationStart","subtype":"render","name":"invoice-main","previousOperationId":"vocoz75iuk0hpmk","timestamp":1709664112270,"id":"71rsa1baoioukhu","previousEventId":"m821q9a1pr57ra5","operationId":"sotpxw3s9x87468"}
{"type":"log","timestamp":1709664112270,"level":"info","message":"Starting rendering request 23","meta":{"rootId":"rggqlcca5vibeec","id":"rggqlcca5vibeec"},"id":"7f40w9c56fqdd68","previousOperationId":"sotpxw3s9x87468"}
{"type":"log","timestamp":1709664112271,"level":"info","message":"Rendering template { name: invoice-main, recipe: chrome-pdf, engine: handlebars, preview: false }","meta":{"rootId":"rggqlcca5vibeec","id":"rggqlcca5vibeec"},"id":"cld5iuqkytlwwpv","previousOperationId":"sotpxw3s9x87468"}
{"type":"log","timestamp":1709664112274,"level":"debug","message":"Inline data specified.","meta":{"rootId":"rggqlcca5vibeec","id":"rggqlcca5vibeec"},"id":"ukym5xou0axqp4z","previousOperationId":"sotpxw3s9x87468"}
{"type":"log","timestamp":1709664112280,"level":"debug","message":"Base url not specified, skipping its injection.","meta":{"rootId":"rggqlcca5vibeec","id":"rggqlcca5vibeec"},"id":"pdiigm8awiq2f0u","previousOperationId":"sotpxw3s9x87468"}
{"type":"operationStart","subtype":"engine","name":"handlebars","timestamp":1709664112281,"id":"q60333ngme4xyzz","previousEventId":"71rsa1baoioukhu","operationId":"9p3mu3ptdk3yqp3","previousOperationId":"sotpxw3s9x87468"}
{"type":"log","timestamp":1709664112281,"level":"debug","message":"Rendering engine handlebars","meta":{"rootId":"rggqlcca5vibeec","id":"rggqlcca5vibeec"},"id":"4dv6wqhnqz8nt4v","previousOperationId":"9p3mu3ptdk3yqp3"}
{"type":"operationEnd","operationId":"9p3mu3ptdk3yqp3","timestamp":1709664112299,"id":"myqs6dpde7f7vb3","previousEventId":"q60333ngme4xyzz","previousOperationId":"9p3mu3ptdk3yqp3"}
{"type":"operationStart","subtype":"recipe","name":"chrome-pdf","timestamp":1709664112299,"id":"i4bfyh5tvnqmqhc","previousEventId":"myqs6dpde7f7vb3","operationId":"trm4a0qdgmxf2e8","previousOperationId":"9p3mu3ptdk3yqp3"}
{"type":"log","timestamp":1709664112299,"level":"debug","message":"Executing recipe chrome-pdf","meta":{"rootId":"rggqlcca5vibeec","id":"rggqlcca5vibeec"},"id":"9kk67lojbjpil7d","previousOperationId":"trm4a0qdgmxf2e8"}
{"type":"log","timestamp":1709664112301,"level":"debug","message":"Converting with chrome HeadlessChrome/117.0.5938.149 using chrome-pool strategy","meta":{"rootId":"rggqlcca5vibeec","id":"rggqlcca5vibeec"},"id":"w34mk32wlnvg8o3","previousOperationId":"trm4a0qdgmxf2e8"}
{"type":"log","timestamp":1709664112474,"level":"debug","message":"Page request: GET (document) file:///C:/Users/franc/AppData/Local/Temp/jsreport/autocleanup/71e60d79-eca4-4a8f-9dd0-b2c3792e3e4f-chrome-pdf.html","meta":{"rootId":"rggqlcca5vibeec","id":"rggqlcca5vibeec"},"id":"ryigyzso45x9cmo","previousOperationId":"trm4a0qdgmxf2e8"}
{"type":"log","timestamp":1709664112488,"level":"debug","message":"Page request finished: GET (document) 200 file:///C:/Users/franc/AppData/Local/Temp/jsreport/autocleanup/71e60d79-eca4-4a8f-9dd0-b2c3792e3e4f-chrome-pdf.html","meta":{"rootId":"rggqlcca5vibeec","id":"rggqlcca5vibeec"},"id":"ybru8siqgugzv7v","previousOperationId":"trm4a0qdgmxf2e8"}
{"type":"log","timestamp":1709664112491,"level":"debug","message":"Running chrome with params {\"printBackground\":true,\"marginTop\":\"1cm\",\"marginRight\":\"1cm\",\"marginBottom\":\"1cm\",\"marginLeft\":\"1cm\",\"timeout\":59916,\"margin\":{\"top\":\"1cm\",\"right\":\"1cm\",\"bottom\":\"1cm\",\"left\":\"1cm\"}}","meta":{"rootId":"rggqlcca5vibeec","id":"rggqlcca5vibeec"},"id":"tyinrcyuzmg0dyr","previousOperationId":"trm4a0qdgmxf2e8"}
{"type":"operationEnd","operationId":"trm4a0qdgmxf2e8","timestamp":1709664112500,"id":"je2b70olyoarrs2","previousEventId":"i4bfyh5tvnqmqhc","previousOperationId":"trm4a0qdgmxf2e8"}
{"type":"log","timestamp":1709664112501,"level":"debug","message":"Skipping storing report.","meta":{"rootId":"rggqlcca5vibeec","id":"rggqlcca5vibeec"},"id":"vto45qfv77ongh0","previousOperationId":"trm4a0qdgmxf2e8"}
{"type":"log","timestamp":1709664112501,"level":"info","message":"Rendering request 23 finished in 285 ms","meta":{"rootId":"rggqlcca5vibeec","id":"rggqlcca5vibeec"},"id":"mh8v1tio0xgfbvz","previousOperationId":"trm4a0qdgmxf2e8"}
{"type":"operationEnd","subtype":"render","operationId":"sotpxw3s9x87468","timestamp":1709664112501,"id":"kirarrj8yl0c5gl","previousEventId":"je2b70olyoarrs2","previousOperationId":"trm4a0qdgmxf2e8"}
{"type":"operationEnd","doDiffs":false,"previousEventId":"m821q9a1pr57ra5","previousOperationId":"vocoz75iuk0hpmk","operationId":"vocoz75iuk0hpmk","timestamp":1709664112509,"id":"bmmqpzdby1aic70"}
