{"type":"operationStart","subtype":"profile","data":{"_id":"vKU2rewlPfIMeB6e","timestamp":"2024-03-05T18:47:38.524Z","state":"queued","mode":"standard","creationDate":"2024-03-05T18:47:38.526Z","modificationDate":"2024-03-05T18:47:38.526Z","shortid":"iO2iytx","$entitySet":"profiles"},"doDiffs":false,"timestamp":1709664458525,"id":"f0pyi1szg0o8irr","previousOperationId":null,"operationId":"u1oga5ssjmfp408"}
{"type":"log","level":"info","message":"Render request 28 queued for execution and waiting for available worker","previousOperationId":"u1oga5ssjmfp408","timestamp":1709664458525,"id":"6q0vb72gh2c70fr"}
{"type":"operationStart","subtype":"render","name":"invoice-main","previousOperationId":"u1oga5ssjmfp408","timestamp":1709664458540,"id":"aro5o6kr8xvagvg","previousEventId":"f0pyi1szg0o8irr","operationId":"17ssl6lj75q7z1s"}
{"type":"log","timestamp":1709664458541,"level":"info","message":"Starting rendering request 28","meta":{"rootId":"t063z7plu5z8vce","id":"t063z7plu5z8vce"},"id":"bg8qsljp67shrtl","previousOperationId":"17ssl6lj75q7z1s"}
{"type":"log","timestamp":1709664458541,"level":"info","message":"Rendering template { name: invoice-main, recipe: chrome-pdf, engine: handlebars, preview: false }","meta":{"rootId":"t063z7plu5z8vce","id":"t063z7plu5z8vce"},"id":"vbqzmvgrsniyp5i","previousOperationId":"17ssl6lj75q7z1s"}
{"type":"log","timestamp":1709664458544,"level":"debug","message":"Inline data specified.","meta":{"rootId":"t063z7plu5z8vce","id":"t063z7plu5z8vce"},"id":"kiyuanlea3d3bai","previousOperationId":"17ssl6lj75q7z1s"}
{"type":"log","timestamp":1709664458549,"level":"debug","message":"Base url not specified, skipping its injection.","meta":{"rootId":"t063z7plu5z8vce","id":"t063z7plu5z8vce"},"id":"9xsqf4vo5faga29","previousOperationId":"17ssl6lj75q7z1s"}
{"type":"operationStart","subtype":"engine","name":"handlebars","timestamp":1709664458549,"id":"szn6hltynjr1hhj","previousEventId":"aro5o6kr8xvagvg","operationId":"gplh4avjihz32oe","previousOperationId":"17ssl6lj75q7z1s"}
{"type":"log","timestamp":1709664458549,"level":"debug","message":"Rendering engine handlebars","meta":{"rootId":"t063z7plu5z8vce","id":"t063z7plu5z8vce"},"id":"e3fgup6z4p9bxvx","previousOperationId":"gplh4avjihz32oe"}
{"type":"operationEnd","operationId":"gplh4avjihz32oe","timestamp":1709664458567,"id":"inxeno9lwgt6bpe","previousEventId":"szn6hltynjr1hhj","previousOperationId":"gplh4avjihz32oe"}
{"type":"operationStart","subtype":"recipe","name":"chrome-pdf","timestamp":1709664458567,"id":"rbb8ahn04kfxby0","previousEventId":"inxeno9lwgt6bpe","operationId":"9gmyya33w3bjjlr","previousOperationId":"gplh4avjihz32oe"}
{"type":"log","timestamp":1709664458567,"level":"debug","message":"Executing recipe chrome-pdf","meta":{"rootId":"t063z7plu5z8vce","id":"t063z7plu5z8vce"},"id":"v0fv1nf9yv2kbmb","previousOperationId":"9gmyya33w3bjjlr"}
{"type":"log","timestamp":1709664458569,"level":"debug","message":"Converting with chrome HeadlessChrome/117.0.5938.149 using chrome-pool strategy","meta":{"rootId":"t063z7plu5z8vce","id":"t063z7plu5z8vce"},"id":"73f87hz4zeddds0","previousOperationId":"9gmyya33w3bjjlr"}
{"type":"log","timestamp":1709664458674,"level":"debug","message":"Page request: GET (document) file:///C:/Users/franc/AppData/Local/Temp/jsreport/autocleanup/fd907ca2-e48a-489f-b969-a99b01182d7f-chrome-pdf.html","meta":{"rootId":"t063z7plu5z8vce","id":"t063z7plu5z8vce"},"id":"5uzzh93hwtg823u","previousOperationId":"9gmyya33w3bjjlr"}
{"type":"log","timestamp":1709664458685,"level":"debug","message":"Page request finished: GET (document) 200 file:///C:/Users/franc/AppData/Local/Temp/jsreport/autocleanup/fd907ca2-e48a-489f-b969-a99b01182d7f-chrome-pdf.html","meta":{"rootId":"t063z7plu5z8vce","id":"t063z7plu5z8vce"},"id":"ilpebo1iu73tts4","previousOperationId":"9gmyya33w3bjjlr"}
{"type":"log","timestamp":1709664458687,"level":"debug","message":"Running chrome with params {\"printBackground\":true,\"marginTop\":\"1cm\",\"marginRight\":\"1cm\",\"marginBottom\":\"1cm\",\"marginLeft\":\"1cm\",\"timeout\":59955,\"margin\":{\"top\":\"1cm\",\"right\":\"1cm\",\"bottom\":\"1cm\",\"left\":\"1cm\"}}","meta":{"rootId":"t063z7plu5z8vce","id":"t063z7plu5z8vce"},"id":"69sqhjagiawwfd1","previousOperationId":"9gmyya33w3bjjlr"}
{"type":"operationEnd","operationId":"9gmyya33w3bjjlr","timestamp":1709664458696,"id":"ayvmx5zsv8j850z","previousEventId":"rbb8ahn04kfxby0","previousOperationId":"9gmyya33w3bjjlr"}
{"type":"log","timestamp":1709664458696,"level":"debug","message":"Skipping storing report.","meta":{"rootId":"t063z7plu5z8vce","id":"t063z7plu5z8vce"},"id":"nr5hx4sxfb38e0p","previousOperationId":"9gmyya33w3bjjlr"}
{"type":"log","timestamp":1709664458696,"level":"info","message":"Rendering request 28 finished in 173 ms","meta":{"rootId":"t063z7plu5z8vce","id":"t063z7plu5z8vce"},"id":"h9fkw76mg7kgyjg","previousOperationId":"9gmyya33w3bjjlr"}
{"type":"operationEnd","subtype":"render","operationId":"17ssl6lj75q7z1s","timestamp":1709664458696,"id":"717ydoww2nda54f","previousEventId":"ayvmx5zsv8j850z","previousOperationId":"9gmyya33w3bjjlr"}
{"type":"operationEnd","doDiffs":false,"previousEventId":"f0pyi1szg0o8irr","previousOperationId":"u1oga5ssjmfp408","operationId":"u1oga5ssjmfp408","timestamp":1709664458702,"id":"imdlzwn6ptkn639"}
