{"type":"operationStart","subtype":"profile","data":{"_id":"W335oYi8bybtHaG7","timestamp":"2024-03-05T18:40:56.836Z","state":"queued","mode":"standard","creationDate":"2024-03-05T18:40:56.838Z","modificationDate":"2024-03-05T18:40:56.838Z","shortid":"eVbmQxu","$entitySet":"profiles"},"doDiffs":false,"timestamp":1709664056837,"id":"7wzs3ap2buaq129","previousOperationId":null,"operationId":"zgr133drdaf0mda"}
{"type":"log","level":"info","message":"Render request 20 queued for execution and waiting for available worker","previousOperationId":"zgr133drdaf0mda","timestamp":1709664056837,"id":"mfz8n35nso9dx1x"}
{"type":"operationStart","subtype":"render","name":"invoice-main","previousOperationId":"zgr133drdaf0mda","timestamp":1709664056854,"id":"rxdx3cpz4ja0puy","previousEventId":"7wzs3ap2buaq129","operationId":"3bnwjqnn6xco01l"}
{"type":"log","timestamp":1709664056854,"level":"info","message":"Starting rendering request 20","meta":{"rootId":"uvk273a3fywg989","id":"uvk273a3fywg989"},"id":"m99cv22t45lq146","previousOperationId":"3bnwjqnn6xco01l"}
{"type":"log","timestamp":1709664056854,"level":"info","message":"Rendering template { name: invoice-main, recipe: chrome-pdf, engine: handlebars, preview: false }","meta":{"rootId":"uvk273a3fywg989","id":"uvk273a3fywg989"},"id":"b94yftv6nilqjxk","previousOperationId":"3bnwjqnn6xco01l"}
{"type":"log","timestamp":1709664056859,"level":"debug","message":"Inline data specified.","meta":{"rootId":"uvk273a3fywg989","id":"uvk273a3fywg989"},"id":"jwy0ivs16bzpfx4","previousOperationId":"3bnwjqnn6xco01l"}
{"type":"log","timestamp":1709664056864,"level":"debug","message":"Base url not specified, skipping its injection.","meta":{"rootId":"uvk273a3fywg989","id":"uvk273a3fywg989"},"id":"66ihkgmk6pe0mlh","previousOperationId":"3bnwjqnn6xco01l"}
{"type":"operationStart","subtype":"engine","name":"handlebars","timestamp":1709664056864,"id":"r5wc8h1q6hxxuz5","previousEventId":"rxdx3cpz4ja0puy","operationId":"lyegu4xzu5exwpf","previousOperationId":"3bnwjqnn6xco01l"}
{"type":"log","timestamp":1709664056864,"level":"debug","message":"Rendering engine handlebars","meta":{"rootId":"uvk273a3fywg989","id":"uvk273a3fywg989"},"id":"36l687wgie9gngp","previousOperationId":"lyegu4xzu5exwpf"}
{"type":"operationEnd","operationId":"lyegu4xzu5exwpf","timestamp":1709664056883,"id":"gdy2kxqd9amsta8","previousEventId":"r5wc8h1q6hxxuz5","previousOperationId":"lyegu4xzu5exwpf"}
{"type":"operationStart","subtype":"recipe","name":"chrome-pdf","timestamp":1709664056884,"id":"wqpk5xj9a5iydkb","previousEventId":"gdy2kxqd9amsta8","operationId":"rbadc5srxa75fqi","previousOperationId":"lyegu4xzu5exwpf"}
{"type":"log","timestamp":1709664056884,"level":"debug","message":"Executing recipe chrome-pdf","meta":{"rootId":"uvk273a3fywg989","id":"uvk273a3fywg989"},"id":"lvob5t63l1du85n","previousOperationId":"rbadc5srxa75fqi"}
{"type":"log","timestamp":1709664056886,"level":"debug","message":"Converting with chrome HeadlessChrome/117.0.5938.149 using chrome-pool strategy","meta":{"rootId":"uvk273a3fywg989","id":"uvk273a3fywg989"},"id":"cnxr9hvcjcm45i8","previousOperationId":"rbadc5srxa75fqi"}
{"type":"log","timestamp":1709664056990,"level":"debug","message":"Page request: GET (document) file:///C:/Users/franc/AppData/Local/Temp/jsreport/autocleanup/faea11ef-d138-4cb0-899b-e408f4caaa19-chrome-pdf.html","meta":{"rootId":"uvk273a3fywg989","id":"uvk273a3fywg989"},"id":"wkvseruxxytlm9o","previousOperationId":"rbadc5srxa75fqi"}
{"type":"log","timestamp":1709664056999,"level":"debug","message":"Page request finished: GET (document) 200 file:///C:/Users/franc/AppData/Local/Temp/jsreport/autocleanup/faea11ef-d138-4cb0-899b-e408f4caaa19-chrome-pdf.html","meta":{"rootId":"uvk273a3fywg989","id":"uvk273a3fywg989"},"id":"trj5cy9jee6qu4q","previousOperationId":"rbadc5srxa75fqi"}
{"type":"log","timestamp":1709664057001,"level":"debug","message":"Running chrome with params {\"printBackground\":true,\"marginTop\":\"1cm\",\"marginRight\":\"1cm\",\"marginBottom\":\"1cm\",\"marginLeft\":\"1cm\",\"timeout\":59950,\"margin\":{\"top\":\"1cm\",\"right\":\"1cm\",\"bottom\":\"1cm\",\"left\":\"1cm\"}}","meta":{"rootId":"uvk273a3fywg989","id":"uvk273a3fywg989"},"id":"345d5k0qrji09fj","previousOperationId":"rbadc5srxa75fqi"}
{"type":"operationEnd","operationId":"rbadc5srxa75fqi","timestamp":1709664057012,"id":"n6x8pkdgegtalcs","previousEventId":"wqpk5xj9a5iydkb","previousOperationId":"rbadc5srxa75fqi"}
{"type":"log","timestamp":1709664057012,"level":"debug","message":"Skipping storing report.","meta":{"rootId":"uvk273a3fywg989","id":"uvk273a3fywg989"},"id":"w3srl3xmp8cu50n","previousOperationId":"rbadc5srxa75fqi"}
{"type":"log","timestamp":1709664057012,"level":"info","message":"Rendering request 20 finished in 177 ms","meta":{"rootId":"uvk273a3fywg989","id":"uvk273a3fywg989"},"id":"5kkt0ym6r41yrjz","previousOperationId":"rbadc5srxa75fqi"}
{"type":"operationEnd","subtype":"render","operationId":"3bnwjqnn6xco01l","timestamp":1709664057012,"id":"wg6m3i4b07hlwm6","previousEventId":"n6x8pkdgegtalcs","previousOperationId":"rbadc5srxa75fqi"}
{"type":"operationEnd","doDiffs":false,"previousEventId":"7wzs3ap2buaq129","previousOperationId":"zgr133drdaf0mda","operationId":"zgr133drdaf0mda","timestamp":1709664057017,"id":"r3pr3qgbaatrt07"}
