{"type":"operationStart","subtype":"profile","data":{"_id":"zK5WyuaKPfECvso2","timestamp":"2024-03-05T18:42:03.222Z","state":"queued","mode":"standard","creationDate":"2024-03-05T18:42:03.225Z","modificationDate":"2024-03-05T18:42:03.225Z","shortid":"R4yLpiK","$entitySet":"profiles"},"doDiffs":false,"timestamp":1709664123223,"id":"r1ua0526fvk09sa","previousOperationId":null,"operationId":"ic5frh3iuypmct9"}
{"type":"log","level":"info","message":"Render request 24 queued for execution and waiting for available worker","previousOperationId":"ic5frh3iuypmct9","timestamp":1709664123223,"id":"bo0nlu6rftfrd9m"}
{"type":"operationStart","subtype":"render","name":"invoice-main","previousOperationId":"ic5frh3iuypmct9","timestamp":1709664123242,"id":"hj3p9aog57qsjw5","previousEventId":"r1ua0526fvk09sa","operationId":"8z6dak01rrzh9hm"}
{"type":"log","timestamp":1709664123242,"level":"info","message":"Starting rendering request 24","meta":{"rootId":"xf9gfyih9gbhoor","id":"xf9gfyih9gbhoor"},"id":"0dmi9m7bi1b15d4","previousOperationId":"8z6dak01rrzh9hm"}
{"type":"log","timestamp":1709664123243,"level":"info","message":"Rendering template { name: invoice-main, recipe: chrome-pdf, engine: handlebars, preview: false }","meta":{"rootId":"xf9gfyih9gbhoor","id":"xf9gfyih9gbhoor"},"id":"4ocdjo8ehfq0n3s","previousOperationId":"8z6dak01rrzh9hm"}
{"type":"log","timestamp":1709664123244,"level":"debug","message":"Inline data specified.","meta":{"rootId":"xf9gfyih9gbhoor","id":"xf9gfyih9gbhoor"},"id":"o12x66ctn24b27m","previousOperationId":"8z6dak01rrzh9hm"}
{"type":"log","timestamp":1709664123252,"level":"debug","message":"Base url not specified, skipping its injection.","meta":{"rootId":"xf9gfyih9gbhoor","id":"xf9gfyih9gbhoor"},"id":"zrvxarli56rm18c","previousOperationId":"8z6dak01rrzh9hm"}
{"type":"operationStart","subtype":"engine","name":"handlebars","timestamp":1709664123252,"id":"j50bamw6se7o019","previousEventId":"hj3p9aog57qsjw5","operationId":"08zoiat65hiceof","previousOperationId":"8z6dak01rrzh9hm"}
{"type":"log","timestamp":1709664123252,"level":"debug","message":"Rendering engine handlebars","meta":{"rootId":"xf9gfyih9gbhoor","id":"xf9gfyih9gbhoor"},"id":"lx4njtol9vw0x4o","previousOperationId":"08zoiat65hiceof"}
{"type":"operationEnd","operationId":"08zoiat65hiceof","timestamp":1709664123270,"id":"bn4erc58dv3fiox","previousEventId":"j50bamw6se7o019","previousOperationId":"08zoiat65hiceof"}
{"type":"operationStart","subtype":"recipe","name":"chrome-pdf","timestamp":1709664123270,"id":"c92nh15o9s8wfr3","previousEventId":"bn4erc58dv3fiox","operationId":"0ia6zytjm9kv9oc","previousOperationId":"08zoiat65hiceof"}
{"type":"log","timestamp":1709664123270,"level":"debug","message":"Executing recipe chrome-pdf","meta":{"rootId":"xf9gfyih9gbhoor","id":"xf9gfyih9gbhoor"},"id":"fa22wifzwj322a8","previousOperationId":"0ia6zytjm9kv9oc"}
{"type":"log","timestamp":1709664123273,"level":"debug","message":"Converting with chrome HeadlessChrome/117.0.5938.149 using chrome-pool strategy","meta":{"rootId":"xf9gfyih9gbhoor","id":"xf9gfyih9gbhoor"},"id":"n4g5gbwmsbgmy2s","previousOperationId":"0ia6zytjm9kv9oc"}
{"type":"log","timestamp":1709664123383,"level":"debug","message":"Page request: GET (document) file:///C:/Users/franc/AppData/Local/Temp/jsreport/autocleanup/54a5adda-1363-48fe-92b0-d7b78c520f1f-chrome-pdf.html","meta":{"rootId":"xf9gfyih9gbhoor","id":"xf9gfyih9gbhoor"},"id":"3xpy6p1ca3r2gwa","previousOperationId":"0ia6zytjm9kv9oc"}
{"type":"log","timestamp":1709664123396,"level":"debug","message":"Page request finished: GET (document) 200 file:///C:/Users/franc/AppData/Local/Temp/jsreport/autocleanup/54a5adda-1363-48fe-92b0-d7b78c520f1f-chrome-pdf.html","meta":{"rootId":"xf9gfyih9gbhoor","id":"xf9gfyih9gbhoor"},"id":"vox0mn9wkk5hlsz","previousOperationId":"0ia6zytjm9kv9oc"}
{"type":"log","timestamp":1709664123398,"level":"debug","message":"Running chrome with params {\"printBackground\":true,\"marginTop\":\"1cm\",\"marginRight\":\"1cm\",\"marginBottom\":\"1cm\",\"marginLeft\":\"1cm\",\"timeout\":59948,\"margin\":{\"top\":\"1cm\",\"right\":\"1cm\",\"bottom\":\"1cm\",\"left\":\"1cm\"}}","meta":{"rootId":"xf9gfyih9gbhoor","id":"xf9gfyih9gbhoor"},"id":"ip46xorlahqra2p","previousOperationId":"0ia6zytjm9kv9oc"}
{"type":"operationEnd","operationId":"0ia6zytjm9kv9oc","timestamp":1709664123409,"id":"3q4n55dpd65ej6f","previousEventId":"c92nh15o9s8wfr3","previousOperationId":"0ia6zytjm9kv9oc"}
{"type":"log","timestamp":1709664123409,"level":"debug","message":"Skipping storing report.","meta":{"rootId":"xf9gfyih9gbhoor","id":"xf9gfyih9gbhoor"},"id":"uali3y56rlltr7p","previousOperationId":"0ia6zytjm9kv9oc"}
{"type":"log","timestamp":1709664123409,"level":"info","message":"Rendering request 24 finished in 189 ms","meta":{"rootId":"xf9gfyih9gbhoor","id":"xf9gfyih9gbhoor"},"id":"8y9m29emcuxauit","previousOperationId":"0ia6zytjm9kv9oc"}
{"type":"operationEnd","subtype":"render","operationId":"8z6dak01rrzh9hm","timestamp":1709664123409,"id":"mflgp8ljp4uigox","previousEventId":"3q4n55dpd65ej6f","previousOperationId":"0ia6zytjm9kv9oc"}
{"type":"operationEnd","doDiffs":false,"previousEventId":"r1ua0526fvk09sa","previousOperationId":"ic5frh3iuypmct9","operationId":"ic5frh3iuypmct9","timestamp":1709664123414,"id":"q9nypmpu8cm0qlj"}
