{"type":"operationStart","subtype":"profile","data":{"_id":"tEAHuLNOp4Hwzm3I","timestamp":"2024-03-02T16:46:32.925Z","state":"queued","mode":"standard","creationDate":"2024-03-02T16:46:32.929Z","modificationDate":"2024-03-02T16:46:32.929Z","shortid":"cb1eazX","$entitySet":"profiles"},"doDiffs":false,"timestamp":1709397992927,"id":"vfpmtcpwdoxuylw","previousOperationId":null,"operationId":"9yt5g1xejwjgt5q"}
{"type":"log","level":"info","message":"Render request 1 queued for execution and waiting for available worker","previousOperationId":"9yt5g1xejwjgt5q","timestamp":1709397992927,"id":"iy6tsk2w1tiktet"}
{"type":"operationStart","subtype":"render","name":"invoice-main","previousOperationId":"9yt5g1xejwjgt5q","timestamp":1709397992961,"id":"myspsdblw4z51un","previousEventId":"vfpmtcpwdoxuylw","operationId":"6jptzwdjntozisk"}
{"type":"log","timestamp":1709397992962,"level":"info","message":"Starting rendering request 1","meta":{"rootId":"xjosby0b8d2awml","id":"xjosby0b8d2awml"},"id":"qdhc2f3ur2z4qsc","previousOperationId":"6jptzwdjntozisk"}
{"type":"log","timestamp":1709397992963,"level":"info","message":"Rendering template { name: invoice-main, recipe: chrome-pdf, engine: handlebars, preview: false }","meta":{"rootId":"xjosby0b8d2awml","id":"xjosby0b8d2awml"},"id":"85jgrftu57l0udt","previousOperationId":"6jptzwdjntozisk"}
{"type":"log","timestamp":1709397992967,"level":"debug","message":"Inline data specified.","meta":{"rootId":"xjosby0b8d2awml","id":"xjosby0b8d2awml"},"id":"4wlyc4wgoxfyy2l","previousOperationId":"6jptzwdjntozisk"}
{"type":"log","timestamp":1709397992975,"level":"debug","message":"Base url not specified, skipping its injection.","meta":{"rootId":"xjosby0b8d2awml","id":"xjosby0b8d2awml"},"id":"31pkzjdi7jy0pm2","previousOperationId":"6jptzwdjntozisk"}
{"type":"operationStart","subtype":"engine","name":"handlebars","timestamp":1709397992976,"id":"sc4oucau4ei18q0","previousEventId":"myspsdblw4z51un","operationId":"pfvojz20fw9f23j","previousOperationId":"6jptzwdjntozisk"}
{"type":"log","timestamp":1709397992976,"level":"debug","message":"Rendering engine handlebars","meta":{"rootId":"xjosby0b8d2awml","id":"xjosby0b8d2awml"},"id":"97hjjot4xcnsz1k","previousOperationId":"pfvojz20fw9f23j"}
{"type":"operationEnd","operationId":"pfvojz20fw9f23j","timestamp":1709397993712,"id":"cv9amifdqz0p8l3","previousEventId":"sc4oucau4ei18q0","previousOperationId":"pfvojz20fw9f23j"}
{"type":"operationStart","subtype":"recipe","name":"chrome-pdf","timestamp":1709397993713,"id":"gwaxohplputbty5","previousEventId":"cv9amifdqz0p8l3","operationId":"pgztmziaajdn4d3","previousOperationId":"pfvojz20fw9f23j"}
{"type":"log","timestamp":1709397993713,"level":"debug","message":"Executing recipe chrome-pdf","meta":{"rootId":"xjosby0b8d2awml","id":"xjosby0b8d2awml"},"id":"2ugnet2p21pevsd","previousOperationId":"pgztmziaajdn4d3"}
{"type":"log","timestamp":1709397994998,"level":"debug","message":"Converting with chrome HeadlessChrome/117.0.5938.149 using chrome-pool strategy","meta":{"rootId":"xjosby0b8d2awml","id":"xjosby0b8d2awml"},"id":"wefceamhfij87xz","previousOperationId":"pgztmziaajdn4d3"}
{"type":"log","timestamp":1709397996164,"level":"debug","message":"Page request: GET (document) file:///C:/Users/franc/AppData/Local/Temp/jsreport/autocleanup/01221107-182d-464a-b07f-c1c5798577e0-chrome-pdf.html","meta":{"rootId":"xjosby0b8d2awml","id":"xjosby0b8d2awml"},"id":"izsbzilrwe48dc3","previousOperationId":"pgztmziaajdn4d3"}
{"type":"log","timestamp":1709397996187,"level":"debug","message":"Page request finished: GET (document) 200 file:///C:/Users/franc/AppData/Local/Temp/jsreport/autocleanup/01221107-182d-464a-b07f-c1c5798577e0-chrome-pdf.html","meta":{"rootId":"xjosby0b8d2awml","id":"xjosby0b8d2awml"},"id":"7z5u071tv43nfv8","previousOperationId":"pgztmziaajdn4d3"}
{"type":"log","timestamp":1709397996190,"level":"debug","message":"Running chrome with params {\"printBackground\":true,\"marginTop\":\"1cm\",\"marginRight\":\"1cm\",\"marginBottom\":\"1cm\",\"marginLeft\":\"1cm\",\"timeout\":58501,\"margin\":{\"top\":\"1cm\",\"right\":\"1cm\",\"bottom\":\"1cm\",\"left\":\"1cm\"}}","meta":{"rootId":"xjosby0b8d2awml","id":"xjosby0b8d2awml"},"id":"wpfqy2tcplhcplu","previousOperationId":"pgztmziaajdn4d3"}
{"type":"operationEnd","operationId":"pgztmziaajdn4d3","timestamp":1709397996408,"id":"tkzbt0qjro286p5","previousEventId":"gwaxohplputbty5","previousOperationId":"pgztmziaajdn4d3"}
{"type":"log","timestamp":1709397996409,"level":"debug","message":"Skipping storing report.","meta":{"rootId":"xjosby0b8d2awml","id":"xjosby0b8d2awml"},"id":"6jvakwe3ha21dm4","previousOperationId":"pgztmziaajdn4d3"}
{"type":"log","timestamp":1709397996409,"level":"info","message":"Rendering request 1 finished in 3485 ms","meta":{"rootId":"xjosby0b8d2awml","id":"xjosby0b8d2awml"},"id":"pshqglzogldnbbp","previousOperationId":"pgztmziaajdn4d3"}
{"type":"operationEnd","subtype":"render","operationId":"6jptzwdjntozisk","timestamp":1709397996410,"id":"kshakk0it0mc7o4","previousEventId":"tkzbt0qjro286p5","previousOperationId":"pgztmziaajdn4d3"}
{"type":"operationEnd","doDiffs":false,"previousEventId":"vfpmtcpwdoxuylw","previousOperationId":"9yt5g1xejwjgt5q","operationId":"9yt5g1xejwjgt5q","timestamp":1709397996423,"id":"zbvcph32zq2wee1"}
