{"type":"operationStart","subtype":"profile","data":{"_id":"bi40Hn9p3P8y9hsj","timestamp":"2024-03-05T18:47:55.362Z","state":"queued","mode":"standard","creationDate":"2024-03-05T18:47:55.365Z","modificationDate":"2024-03-05T18:47:55.365Z","shortid":"JIkxFXh","$entitySet":"profiles"},"doDiffs":false,"timestamp":1709664475363,"id":"cxpife6unhuqgq0","previousOperationId":null,"operationId":"0iuvy8v2sfnjxx6"}
{"type":"log","level":"info","message":"Render request 29 queued for execution and waiting for available worker","previousOperationId":"0iuvy8v2sfnjxx6","timestamp":1709664475363,"id":"cuph6yyxxizmas9"}
{"type":"operationStart","subtype":"render","name":"invoice-main","previousOperationId":"0iuvy8v2sfnjxx6","timestamp":1709664475383,"id":"hpifjnb7rcxk2p5","previousEventId":"cxpife6unhuqgq0","operationId":"sewbfa8l43ue4rn"}
{"type":"log","timestamp":1709664475383,"level":"info","message":"Starting rendering request 29","meta":{"rootId":"y9yf4bpidzair34","id":"y9yf4bpidzair34"},"id":"q09pvg2uhrq0va1","previousOperationId":"sewbfa8l43ue4rn"}
{"type":"log","timestamp":1709664475384,"level":"info","message":"Rendering template { name: invoice-main, recipe: chrome-pdf, engine: handlebars, preview: false }","meta":{"rootId":"y9yf4bpidzair34","id":"y9yf4bpidzair34"},"id":"7j4sybr1ttj23qz","previousOperationId":"sewbfa8l43ue4rn"}
{"type":"log","timestamp":1709664475388,"level":"debug","message":"Inline data specified.","meta":{"rootId":"y9yf4bpidzair34","id":"y9yf4bpidzair34"},"id":"iacgdyex2137q08","previousOperationId":"sewbfa8l43ue4rn"}
{"type":"log","timestamp":1709664475396,"level":"debug","message":"Base url not specified, skipping its injection.","meta":{"rootId":"y9yf4bpidzair34","id":"y9yf4bpidzair34"},"id":"e5io7iwwlmu0dpo","previousOperationId":"sewbfa8l43ue4rn"}
{"type":"operationStart","subtype":"engine","name":"handlebars","timestamp":1709664475396,"id":"tqzk9ymnqr300dc","previousEventId":"hpifjnb7rcxk2p5","operationId":"v2lyddhiw1t24gq","previousOperationId":"sewbfa8l43ue4rn"}
{"type":"log","timestamp":1709664475396,"level":"debug","message":"Rendering engine handlebars","meta":{"rootId":"y9yf4bpidzair34","id":"y9yf4bpidzair34"},"id":"087k87n2cyxe8rx","previousOperationId":"v2lyddhiw1t24gq"}
{"type":"operationEnd","operationId":"v2lyddhiw1t24gq","timestamp":1709664475419,"id":"yv6epe1ccmcvxnz","previousEventId":"tqzk9ymnqr300dc","previousOperationId":"v2lyddhiw1t24gq"}
{"type":"operationStart","subtype":"recipe","name":"chrome-pdf","timestamp":1709664475420,"id":"t1meuhd8uumkuz2","previousEventId":"yv6epe1ccmcvxnz","operationId":"3io7zrnit0aumvk","previousOperationId":"v2lyddhiw1t24gq"}
{"type":"log","timestamp":1709664475420,"level":"debug","message":"Executing recipe chrome-pdf","meta":{"rootId":"y9yf4bpidzair34","id":"y9yf4bpidzair34"},"id":"oa69xgoahqam251","previousOperationId":"3io7zrnit0aumvk"}
{"type":"log","timestamp":1709664475422,"level":"debug","message":"Converting with chrome HeadlessChrome/117.0.5938.149 using chrome-pool strategy","meta":{"rootId":"y9yf4bpidzair34","id":"y9yf4bpidzair34"},"id":"g7o0c73ypz0mw6j","previousOperationId":"3io7zrnit0aumvk"}
{"type":"log","timestamp":1709664475528,"level":"debug","message":"Page request: GET (document) file:///C:/Users/franc/AppData/Local/Temp/jsreport/autocleanup/e3028e84-d930-4a4d-823f-77daa7e30b19-chrome-pdf.html","meta":{"rootId":"y9yf4bpidzair34","id":"y9yf4bpidzair34"},"id":"q32o45fu5x0ru79","previousOperationId":"3io7zrnit0aumvk"}
{"type":"log","timestamp":1709664475536,"level":"debug","message":"Page request finished: GET (document) 200 file:///C:/Users/franc/AppData/Local/Temp/jsreport/autocleanup/e3028e84-d930-4a4d-823f-77daa7e30b19-chrome-pdf.html","meta":{"rootId":"y9yf4bpidzair34","id":"y9yf4bpidzair34"},"id":"lnbd67tfeo58zso","previousOperationId":"3io7zrnit0aumvk"}
{"type":"log","timestamp":1709664475538,"level":"debug","message":"Running chrome with params {\"printBackground\":true,\"marginTop\":\"1cm\",\"marginRight\":\"1cm\",\"marginBottom\":\"1cm\",\"marginLeft\":\"1cm\",\"timeout\":59940,\"margin\":{\"top\":\"1cm\",\"right\":\"1cm\",\"bottom\":\"1cm\",\"left\":\"1cm\"}}","meta":{"rootId":"y9yf4bpidzair34","id":"y9yf4bpidzair34"},"id":"2l0cqurxtdr69qy","previousOperationId":"3io7zrnit0aumvk"}
{"type":"operationEnd","operationId":"3io7zrnit0aumvk","timestamp":1709664475545,"id":"9hlbowhplk418a5","previousEventId":"t1meuhd8uumkuz2","previousOperationId":"3io7zrnit0aumvk"}
{"type":"log","timestamp":1709664475545,"level":"debug","message":"Skipping storing report.","meta":{"rootId":"y9yf4bpidzair34","id":"y9yf4bpidzair34"},"id":"ucbjh299hec9eok","previousOperationId":"3io7zrnit0aumvk"}
{"type":"log","timestamp":1709664475545,"level":"info","message":"Rendering request 29 finished in 184 ms","meta":{"rootId":"y9yf4bpidzair34","id":"y9yf4bpidzair34"},"id":"2w244b9zqm6jbxd","previousOperationId":"3io7zrnit0aumvk"}
{"type":"operationEnd","subtype":"render","operationId":"sewbfa8l43ue4rn","timestamp":1709664475545,"id":"lnk2u705fcquf26","previousEventId":"9hlbowhplk418a5","previousOperationId":"3io7zrnit0aumvk"}
{"type":"operationEnd","doDiffs":false,"previousEventId":"cxpife6unhuqgq0","previousOperationId":"0iuvy8v2sfnjxx6","operationId":"0iuvy8v2sfnjxx6","timestamp":1709664475550,"id":"2waf8obhdl1qrwi"}
